{"C:\\Users\\roymichaels\\Desktop\\dev\\thecongress\\thecongress\\services\\adminGrantStore.ts": {"path":"C:\\Users\\roymichaels\\Desktop\\dev\\thecongress\\thecongress\\services\\adminGrantStore.ts","statementMap":{"0":{"start":{"line":33,"column":0},"end":{"line":33,"column":7}},"1":{"start":{"line":43,"column":0},"end":{"line":43,"column":7}},"2":{"start":{"line":56,"column":0},"end":{"line":56,"column":7}},"3":{"start":{"line":74,"column":0},"end":{"line":74,"column":7}},"4":{"start":{"line":2,"column":0},"end":{"line":2,"column":null}},"5":{"start":{"line":3,"column":0},"end":{"line":3,"column":null}},"6":{"start":{"line":5,"column":19},"end":{"line":5,"column":33}},"7":{"start":{"line":6,"column":21},"end":{"line":6,"column":35}},"8":{"start":{"line":7,"column":21},"end":{"line":7,"column":28}},"9":{"start":{"line":8,"column":26},"end":{"line":8,"column":40}},"10":{"start":{"line":11,"column":2},"end":{"line":11,"column":null}},"11":{"start":{"line":15,"column":2},"end":{"line":15,"column":null}},"12":{"start":{"line":18,"column":24},"end":{"line":18,"column":25}},"13":{"start":{"line":18,"column":24},"end":{"line":27,"column":null}},"14":{"start":{"line":19,"column":11},"end":{"line":19,"column":60}},"15":{"start":{"line":20,"column":2},"end":{"line":20,"column":null}},"16":{"start":{"line":20,"column":12},"end":{"line":20,"column":null}},"17":{"start":{"line":21,"column":2},"end":{"line":26,"column":null}},"18":{"start":{"line":22,"column":19},"end":{"line":22,"column":46}},"19":{"start":{"line":23,"column":4},"end":{"line":23,"column":null}},"20":{"start":{"line":25,"column":4},"end":{"line":25,"column":null}},"21":{"start":{"line":27,"column":1},"end":{"line":27,"column":null}},"22":{"start":{"line":29,"column":25},"end":{"line":29,"column":26}},"23":{"start":{"line":29,"column":25},"end":{"line":31,"column":null}},"24":{"start":{"line":30,"column":2},"end":{"line":30,"column":null}},"25":{"start":{"line":31,"column":1},"end":{"line":31,"column":null}},"26":{"start":{"line":33,"column":30},"end":{"line":33,"column":31}},"27":{"start":{"line":33,"column":30},"end":{"line":41,"column":null}},"28":{"start":{"line":34,"column":18},"end":{"line":34,"column":38}},"29":{"start":{"line":35,"column":2},"end":{"line":35,"column":null}},"30":{"start":{"line":36,"column":13},"end":{"line":36,"column":47}},"31":{"start":{"line":37,"column":2},"end":{"line":40,"column":null}},"32":{"start":{"line":38,"column":4},"end":{"line":38,"column":null}},"33":{"start":{"line":39,"column":4},"end":{"line":39,"column":null}},"34":{"start":{"line":41,"column":1},"end":{"line":41,"column":null}},"35":{"start":{"line":43,"column":30},"end":{"line":43,"column":null}},"36":{"start":{"line":43,"column":30},"end":{"line":54,"column":null}},"37":{"start":{"line":47,"column":11},"end":{"line":47,"column":69}},"38":{"start":{"line":48,"column":2},"end":{"line":48,"column":null}},"39":{"start":{"line":48,"column":12},"end":{"line":48,"column":null}},"40":{"start":{"line":49,"column":2},"end":{"line":53,"column":null}},"41":{"start":{"line":50,"column":4},"end":{"line":50,"column":null}},"42":{"start":{"line":52,"column":4},"end":{"line":52,"column":null}},"43":{"start":{"line":54,"column":1},"end":{"line":54,"column":null}},"44":{"start":{"line":56,"column":35},"end":{"line":56,"column":null}},"45":{"start":{"line":56,"column":35},"end":{"line":72,"column":null}},"46":{"start":{"line":59,"column":2},"end":{"line":59,"column":49}},"47":{"start":{"line":61,"column":13},"end":{"line":61,"column":49}},"48":{"start":{"line":62,"column":2},"end":{"line":62,"column":null}},"49":{"start":{"line":62,"column":14},"end":{"line":62,"column":null}},"50":{"start":{"line":63,"column":2},"end":{"line":63,"column":null}},"51":{"start":{"line":63,"column":18},"end":{"line":63,"column":null}},"52":{"start":{"line":64,"column":12},"end":{"line":68,"column":null}},"53":{"start":{"line":70,"column":2},"end":{"line":70,"column":null}},"54":{"start":{"line":71,"column":2},"end":{"line":71,"column":null}},"55":{"start":{"line":72,"column":1},"end":{"line":72,"column":null}},"56":{"start":{"line":74,"column":34},"end":{"line":74,"column":null}},"57":{"start":{"line":74,"column":34},"end":{"line":94,"column":null}},"58":{"start":{"line":76,"column":5},"end":{"line":76,"column":18}},"59":{"start":{"line":78,"column":13},"end":{"line":78,"column":41}},"60":{"start":{"line":79,"column":2},"end":{"line":79,"column":null}},"61":{"start":{"line":79,"column":26},"end":{"line":79,"column":null}},"62":{"start":{"line":80,"column":25},"end":{"line":80,"column":27}},"63":{"start":{"line":81,"column":2},"end":{"line":92,"column":null}},"64":{"start":{"line":82,"column":15},"end":{"line":82,"column":46}},"65":{"start":{"line":83,"column":4},"end":{"line":83,"column":null}},"66":{"start":{"line":83,"column":16},"end":{"line":83,"column":null}},"67":{"start":{"line":84,"column":20},"end":{"line":84,"column":42}},"68":{"start":{"line":85,"column":26},"end":{"line":85,"column":108}},"69":{"start":{"line":86,"column":24},"end":{"line":86,"column":97}},"70":{"start":{"line":87,"column":4},"end":{"line":90,"column":null}},"71":{"start":{"line":88,"column":6},"end":{"line":88,"column":null}},"72":{"start":{"line":89,"column":6},"end":{"line":89,"column":null}},"73":{"start":{"line":91,"column":4},"end":{"line":91,"column":null}},"74":{"start":{"line":93,"column":2},"end":{"line":93,"column":null}},"75":{"start":{"line":94,"column":1},"end":{"line":94,"column":null}}},"fnMap":{"0":{"name":"grantKey","decl":{"start":{"line":10,"column":9},"end":{"line":10,"column":17}},"loc":{"start":{"line":10,"column":51},"end":{"line":12,"column":null}}},"1":{"name":"indexKey","decl":{"start":{"line":14,"column":9},"end":{"line":14,"column":17}},"loc":{"start":{"line":14,"column":34},"end":{"line":16,"column":1}}},"2":{"name":"readIndex","decl":{"start":{"line":18,"column":15},"end":{"line":18,"column":24}},"loc":{"start":{"line":18,"column":24},"end":{"line":18,"column":25}}},"3":{"name":"_readIndex","decl":{"start":{"line":18,"column":24},"end":{"line":18,"column":25}},"loc":{"start":{"line":18,"column":24},"end":{"line":27,"column":null}}},"4":{"name":"(anonymous_4)","decl":{"start":{"line":18,"column":0},"end":{"line":18,"column":15}},"loc":{"start":{"line":18,"column":41},"end":{"line":27,"column":1}}},"5":{"name":"writeIndex","decl":{"start":{"line":29,"column":15},"end":{"line":29,"column":25}},"loc":{"start":{"line":29,"column":25},"end":{"line":29,"column":26}}},"6":{"name":"_writeIndex","decl":{"start":{"line":29,"column":25},"end":{"line":29,"column":26}},"loc":{"start":{"line":29,"column":25},"end":{"line":31,"column":null}}},"7":{"name":"(anonymous_7)","decl":{"start":{"line":29,"column":0},"end":{"line":29,"column":15}},"loc":{"start":{"line":29,"column":57},"end":{"line":31,"column":1}}},"8":{"name":"putGrant","decl":{"start":{"line":33,"column":22},"end":{"line":33,"column":30}},"loc":{"start":{"line":33,"column":30},"end":{"line":33,"column":31}}},"9":{"name":"_putGrant","decl":{"start":{"line":33,"column":30},"end":{"line":33,"column":31}},"loc":{"start":{"line":33,"column":30},"end":{"line":41,"column":null}}},"10":{"name":"(anonymous_10)","decl":{"start":{"line":33,"column":7},"end":{"line":33,"column":22}},"loc":{"start":{"line":33,"column":48},"end":{"line":41,"column":1}}},"11":{"name":"getGrant","decl":{"start":{"line":43,"column":22},"end":{"line":43,"column":30}},"loc":{"start":{"line":43,"column":30},"end":{"line":43,"column":null}}},"12":{"name":"_getGrant","decl":{"start":{"line":43,"column":30},"end":{"line":43,"column":null}},"loc":{"start":{"line":43,"column":30},"end":{"line":54,"column":null}}},"13":{"name":"(anonymous_13)","decl":{"start":{"line":43,"column":7},"end":{"line":43,"column":22}},"loc":{"start":{"line":45,"column":17},"end":{"line":54,"column":1}}},"14":{"name":"markGrantUsed","decl":{"start":{"line":56,"column":22},"end":{"line":56,"column":35}},"loc":{"start":{"line":56,"column":35},"end":{"line":56,"column":null}}},"15":{"name":"_markGrantUsed","decl":{"start":{"line":56,"column":35},"end":{"line":56,"column":null}},"loc":{"start":{"line":56,"column":35},"end":{"line":72,"column":null}}},"16":{"name":"(anonymous_16)","decl":{"start":{"line":56,"column":7},"end":{"line":56,"column":22}},"loc":{"start":{"line":59,"column":49},"end":{"line":72,"column":1}}},"17":{"name":"purgeExpired","decl":{"start":{"line":74,"column":22},"end":{"line":74,"column":34}},"loc":{"start":{"line":74,"column":34},"end":{"line":74,"column":null}}},"18":{"name":"_purgeExpired","decl":{"start":{"line":74,"column":34},"end":{"line":74,"column":null}},"loc":{"start":{"line":74,"column":34},"end":{"line":94,"column":null}}},"19":{"name":"(anonymous_19)","decl":{"start":{"line":74,"column":7},"end":{"line":74,"column":22}},"loc":{"start":{"line":76,"column":18},"end":{"line":94,"column":1}}}},"branchMap":{"0":{"loc":{"start":{"line":20,"column":2},"end":{"line":20,"column":null}},"type":"if","locations":[{"start":{"line":20,"column":2},"end":{"line":20,"column":null}}]},"1":{"loc":{"start":{"line":23,"column":11},"end":{"line":23,"column":46}},"type":"cond-expr","locations":[{"start":{"line":23,"column":35},"end":{"line":23,"column":41}},{"start":{"line":23,"column":44},"end":{"line":23,"column":46}}]},"2":{"loc":{"start":{"line":37,"column":2},"end":{"line":40,"column":null}},"type":"if","locations":[{"start":{"line":37,"column":2},"end":{"line":40,"column":null}}]},"3":{"loc":{"start":{"line":48,"column":2},"end":{"line":48,"column":null}},"type":"if","locations":[{"start":{"line":48,"column":2},"end":{"line":48,"column":null}}]},"4":{"loc":{"start":{"line":59,"column":2},"end":{"line":59,"column":49}},"type":"cond-expr","locations":[{"start":{"line":59,"column":2},"end":{"line":59,"column":47}},{"start":{"line":59,"column":47},"end":{"line":59,"column":49}}]},"5":{"loc":{"start":{"line":59,"column":2},"end":{"line":59,"column":47}},"type":"binary-expr","locations":[{"start":{"line":59,"column":2},"end":{"line":59,"column":47}},{"start":{"line":59,"column":2},"end":{"line":59,"column":47}}]},"6":{"loc":{"start":{"line":62,"column":2},"end":{"line":62,"column":null}},"type":"if","locations":[{"start":{"line":62,"column":2},"end":{"line":62,"column":null}}]},"7":{"loc":{"start":{"line":63,"column":2},"end":{"line":63,"column":null}},"type":"if","locations":[{"start":{"line":63,"column":2},"end":{"line":63,"column":null}}]},"8":{"loc":{"start":{"line":67,"column":10},"end":{"line":67,"column":37}},"type":"cond-expr","locations":[{"start":{"line":67,"column":23},"end":{"line":67,"column":27}},{"start":{"line":67,"column":27},"end":{"line":67,"column":37}}]},"9":{"loc":{"start":{"line":68,"column":10},"end":{"line":68,"column":39}},"type":"cond-expr","locations":[{"start":{"line":68,"column":23},"end":{"line":68,"column":27}},{"start":{"line":68,"column":27},"end":{"line":68,"column":39}}]},"10":{"loc":{"start":{"line":76,"column":5},"end":{"line":76,"column":18}},"type":"cond-expr","locations":[{"start":{"line":76,"column":5},"end":{"line":76,"column":8}},{"start":{"line":76,"column":8},"end":{"line":76,"column":18}}]},"11":{"loc":{"start":{"line":76,"column":5},"end":{"line":76,"column":8}},"type":"binary-expr","locations":[{"start":{"line":76,"column":5},"end":{"line":76,"column":8}},{"start":{"line":76,"column":5},"end":{"line":76,"column":8}}]},"12":{"loc":{"start":{"line":79,"column":2},"end":{"line":79,"column":null}},"type":"if","locations":[{"start":{"line":79,"column":2},"end":{"line":79,"column":null}}]},"13":{"loc":{"start":{"line":83,"column":4},"end":{"line":83,"column":null}},"type":"if","locations":[{"start":{"line":83,"column":4},"end":{"line":83,"column":null}}]},"14":{"loc":{"start":{"line":85,"column":26},"end":{"line":85,"column":108}},"type":"binary-expr","locations":[{"start":{"line":85,"column":26},"end":{"line":85,"column":39}},{"start":{"line":85,"column":44},"end":{"line":85,"column":61}},{"start":{"line":85,"column":65},"end":{"line":85,"column":108}}]},"15":{"loc":{"start":{"line":86,"column":24},"end":{"line":86,"column":97}},"type":"binary-expr","locations":[{"start":{"line":86,"column":24},"end":{"line":86,"column":34}},{"start":{"line":86,"column":39},"end":{"line":86,"column":53}},{"start":{"line":86,"column":57},"end":{"line":86,"column":97}}]},"16":{"loc":{"start":{"line":87,"column":4},"end":{"line":90,"column":null}},"type":"if","locations":[{"start":{"line":87,"column":4},"end":{"line":90,"column":null}}]},"17":{"loc":{"start":{"line":87,"column":8},"end":{"line":87,"column":47}},"type":"binary-expr","locations":[{"start":{"line":87,"column":8},"end":{"line":87,"column":15}},{"start":{"line":87,"column":19},"end":{"line":87,"column":32}},{"start":{"line":87,"column":36},"end":{"line":87,"column":47}}]}},"s":{"0":1,"1":1,"2":1,"3":1,"4":1,"5":1,"6":1,"7":1,"8":1,"9":1,"10":0,"11":0,"12":0,"13":0,"14":0,"15":0,"16":0,"17":0,"18":0,"19":0,"20":0,"21":0,"22":0,"23":0,"24":0,"25":0,"26":0,"27":0,"28":0,"29":0,"30":0,"31":0,"32":0,"33":0,"34":0,"35":0,"36":0,"37":0,"38":0,"39":0,"40":0,"41":0,"42":0,"43":0,"44":0,"45":0,"46":0,"47":0,"48":0,"49":0,"50":0,"51":0,"52":0,"53":0,"54":0,"55":0,"56":0,"57":0,"58":0,"59":0,"60":0,"61":0,"62":0,"63":0,"64":0,"65":0,"66":0,"67":0,"68":0,"69":0,"70":0,"71":0,"72":0,"73":0,"74":0,"75":0},"f":{"0":0,"1":0,"2":0,"3":0,"4":0,"5":0,"6":0,"7":0,"8":0,"9":0,"10":0,"11":0,"12":0,"13":0,"14":0,"15":0,"16":0,"17":0,"18":0,"19":0},"b":{"0":[0],"1":[0,0],"2":[0],"3":[0],"4":[0,0],"5":[0,0],"6":[0],"7":[0],"8":[0,0],"9":[0,0],"10":[0,0],"11":[0,0],"12":[0],"13":[0],"14":[0,0,0],"15":[0,0,0],"16":[0],"17":[0,0,0]}}
,"C:\\Users\\roymichaels\\Desktop\\dev\\thecongress\\thecongress\\services\\chain.ts": {"path":"C:\\Users\\roymichaels\\Desktop\\dev\\thecongress\\thecongress\\services\\chain.ts","statementMap":{"0":{"start":{"line":1,"column":14},"end":{"line":1,"column":20}},"1":{"start":{"line":3,"column":28},"end":{"line":16,"column":null}},"2":{"start":{"line":4,"column":12},"end":{"line":4,"column":null}},"3":{"start":{"line":4,"column":17},"end":{"line":4,"column":55}},"4":{"start":{"line":4,"column":12},"end":{"line":4,"column":17}},"5":{"start":{"line":5,"column":17},"end":{"line":5,"column":null}},"6":{"start":{"line":5,"column":22},"end":{"line":5,"column":60}},"7":{"start":{"line":5,"column":17},"end":{"line":5,"column":22}},"8":{"start":{"line":6,"column":17},"end":{"line":6,"column":30}},"9":{"start":{"line":7,"column":19},"end":{"line":7,"column":32}},"10":{"start":{"line":8,"column":19},"end":{"line":8,"column":32}},"11":{"start":{"line":9,"column":19},"end":{"line":9,"column":32}},"12":{"start":{"line":10,"column":18},"end":{"line":10,"column":31}},"13":{"start":{"line":11,"column":18},"end":{"line":11,"column":null}},"14":{"start":{"line":11,"column":23},"end":{"line":11,"column":35}},"15":{"start":{"line":11,"column":18},"end":{"line":11,"column":23}},"16":{"start":{"line":12,"column":19},"end":{"line":12,"column":null}},"17":{"start":{"line":12,"column":24},"end":{"line":12,"column":62}},"18":{"start":{"line":12,"column":19},"end":{"line":12,"column":24}},"19":{"start":{"line":13,"column":26},"end":{"line":13,"column":null}},"20":{"start":{"line":13,"column":31},"end":{"line":13,"column":69}},"21":{"start":{"line":13,"column":26},"end":{"line":13,"column":31}},"22":{"start":{"line":14,"column":25},"end":{"line":14,"column":null}},"23":{"start":{"line":14,"column":30},"end":{"line":14,"column":68}},"24":{"start":{"line":14,"column":25},"end":{"line":14,"column":30}},"25":{"start":{"line":15,"column":20},"end":{"line":15,"column":null}},"26":{"start":{"line":15,"column":25},"end":{"line":15,"column":63}},"27":{"start":{"line":15,"column":20},"end":{"line":15,"column":25}},"28":{"start":{"line":19,"column":2},"end":{"line":21,"column":null}},"29":{"start":{"line":20,"column":4},"end":{"line":20,"column":null}}},"fnMap":{"0":{"name":"(anonymous_0)","decl":{"start":{"line":4,"column":12},"end":{"line":4,"column":17}},"loc":{"start":{"line":4,"column":12},"end":{"line":4,"column":17}}},"1":{"name":"init","decl":{"start":{"line":4,"column":8},"end":{"line":4,"column":12}},"loc":{"start":{"line":4,"column":12},"end":{"line":4,"column":17}}},"2":{"name":"(anonymous_3)","decl":{"start":{"line":5,"column":17},"end":{"line":5,"column":22}},"loc":{"start":{"line":5,"column":17},"end":{"line":5,"column":22}}},"3":{"name":"openModal","decl":{"start":{"line":5,"column":8},"end":{"line":5,"column":17}},"loc":{"start":{"line":5,"column":17},"end":{"line":5,"column":22}}},"4":{"name":"useAccount","decl":{"start":{"line":6,"column":2},"end":{"line":6,"column":12}},"loc":{"start":{"line":6,"column":12},"end":{"line":6,"column":31}}},"5":{"name":"useAccountId","decl":{"start":{"line":7,"column":2},"end":{"line":7,"column":14}},"loc":{"start":{"line":7,"column":14},"end":{"line":7,"column":33}}},"6":{"name":"getAccountId","decl":{"start":{"line":8,"column":2},"end":{"line":8,"column":14}},"loc":{"start":{"line":8,"column":14},"end":{"line":8,"column":33}}},"7":{"name":"getPublicKey","decl":{"start":{"line":9,"column":2},"end":{"line":9,"column":14}},"loc":{"start":{"line":9,"column":14},"end":{"line":9,"column":33}}},"8":{"name":"getSelector","decl":{"start":{"line":10,"column":2},"end":{"line":10,"column":13}},"loc":{"start":{"line":10,"column":13},"end":{"line":10,"column":32}}},"9":{"name":"(anonymous_11)","decl":{"start":{"line":11,"column":18},"end":{"line":11,"column":23}},"loc":{"start":{"line":11,"column":18},"end":{"line":11,"column":23}}},"10":{"name":"getBalance","decl":{"start":{"line":11,"column":8},"end":{"line":11,"column":18}},"loc":{"start":{"line":11,"column":18},"end":{"line":11,"column":23}}},"11":{"name":"(anonymous_14)","decl":{"start":{"line":12,"column":19},"end":{"line":12,"column":24}},"loc":{"start":{"line":12,"column":19},"end":{"line":12,"column":24}}},"12":{"name":"signMessage","decl":{"start":{"line":12,"column":8},"end":{"line":12,"column":19}},"loc":{"start":{"line":12,"column":19},"end":{"line":12,"column":24}}},"13":{"name":"(anonymous_17)","decl":{"start":{"line":13,"column":26},"end":{"line":13,"column":31}},"loc":{"start":{"line":13,"column":26},"end":{"line":13,"column":31}}},"14":{"name":"listOrdersBySeller","decl":{"start":{"line":13,"column":8},"end":{"line":13,"column":26}},"loc":{"start":{"line":13,"column":26},"end":{"line":13,"column":31}}},"15":{"name":"(anonymous_20)","decl":{"start":{"line":14,"column":25},"end":{"line":14,"column":30}},"loc":{"start":{"line":14,"column":25},"end":{"line":14,"column":30}}},"16":{"name":"listOrdersByBuyer","decl":{"start":{"line":14,"column":8},"end":{"line":14,"column":25}},"loc":{"start":{"line":14,"column":25},"end":{"line":14,"column":30}}},"17":{"name":"(anonymous_23)","decl":{"start":{"line":15,"column":20},"end":{"line":15,"column":25}},"loc":{"start":{"line":15,"column":20},"end":{"line":15,"column":25}}},"18":{"name":"payPrivately","decl":{"start":{"line":15,"column":8},"end":{"line":15,"column":20}},"loc":{"start":{"line":15,"column":20},"end":{"line":15,"column":25}}},"19":{"name":"assertNearChain","decl":{"start":{"line":18,"column":16},"end":{"line":18,"column":31}},"loc":{"start":{"line":18,"column":31},"end":{"line":22,"column":null}}}},"branchMap":{"0":{"loc":{"start":{"line":19,"column":2},"end":{"line":21,"column":null}},"type":"if","locations":[{"start":{"line":19,"column":2},"end":{"line":21,"column":null}}]}},"s":{"0":0,"1":0,"2":0,"3":0,"4":0,"5":0,"6":0,"7":0,"8":0,"9":0,"10":0,"11":0,"12":0,"13":0,"14":0,"15":0,"16":0,"17":0,"18":0,"19":0,"20":0,"21":0,"22":0,"23":0,"24":0,"25":0,"26":0,"27":0,"28":0,"29":0},"f":{"0":0,"1":0,"2":0,"3":0,"4":0,"5":0,"6":0,"7":0,"8":0,"9":0,"10":0,"11":0,"12":0,"13":0,"14":0,"15":0,"16":0,"17":0,"18":0,"19":0},"b":{"0":[0]}}
,"C:\\Users\\roymichaels\\Desktop\\dev\\thecongress\\thecongress\\services\\chatConfig.ts": {"path":"C:\\Users\\roymichaels\\Desktop\\dev\\thecongress\\thecongress\\services\\chatConfig.ts","statementMap":{"0":{"start":{"line":5,"column":0},"end":{"line":7,"column":null}},"1":{"start":{"line":6,"column":19},"end":{"line":6,"column":44}},"2":{"start":{"line":6,"column":5},"end":{"line":6,"column":19}},"3":{"start":{"line":9,"column":38},"end":{"line":9,"column":null}},"4":{"start":{"line":13,"column":1},"end":{"line":13,"column":null}},"5":{"start":{"line":10,"column":2},"end":{"line":10,"column":null}},"6":{"start":{"line":10,"column":18},"end":{"line":10,"column":null}},"7":{"start":{"line":11,"column":14},"end":{"line":11,"column":34}},"8":{"start":{"line":12,"column":2},"end":{"line":12,"column":null}}},"fnMap":{"0":{"name":"isChatConfigured","decl":{"start":{"line":9,"column":22},"end":{"line":9,"column":38}},"loc":{"start":{"line":9,"column":38},"end":{"line":9,"column":null}}},"1":{"name":"_isChatConfigured","decl":{"start":{"line":13,"column":1},"end":{"line":13,"column":null}},"loc":{"start":{"line":13,"column":1},"end":{"line":13,"column":null}}},"2":{"name":"(anonymous_2)","decl":{"start":{"line":9,"column":7},"end":{"line":9,"column":22}},"loc":{"start":{"line":9,"column":38},"end":{"line":13,"column":1}}}},"branchMap":{"0":{"loc":{"start":{"line":5,"column":0},"end":{"line":7,"column":null}},"type":"if","locations":[{"start":{"line":5,"column":0},"end":{"line":7,"column":null}}]},"1":{"loc":{"start":{"line":10,"column":2},"end":{"line":10,"column":null}},"type":"if","locations":[{"start":{"line":10,"column":2},"end":{"line":10,"column":null}}]}},"s":{"0":0,"1":0,"2":0,"3":0,"4":0,"5":0,"6":0,"7":0,"8":0},"f":{"0":0,"1":0,"2":0},"b":{"0":[0],"1":[0]}}
,"C:\\Users\\roymichaels\\Desktop\\dev\\thecongress\\thecongress\\services\\consent.ts": {"path":"C:\\Users\\roymichaels\\Desktop\\dev\\thecongress\\thecongress\\services\\consent.ts","statementMap":{"0":{"start":{"line":1,"column":36},"end":{"line":1,"column":37}},"1":{"start":{"line":11,"column":1},"end":{"line":11,"column":null}},"2":{"start":{"line":2,"column":16},"end":{"line":2,"column":83}},"3":{"start":{"line":3,"column":17},"end":{"line":3,"column":69}},"4":{"start":{"line":4,"column":10},"end":{"line":4,"column":33}},"5":{"start":{"line":5,"column":14},"end":{"line":5,"column":81}},"6":{"start":{"line":6,"column":14},"end":{"line":6,"column":25}},"7":{"start":{"line":7,"column":2},"end":{"line":9,"column":null}},"8":{"start":{"line":8,"column":4},"end":{"line":8,"column":null}},"9":{"start":{"line":10,"column":2},"end":{"line":10,"column":null}}},"fnMap":{"0":{"name":"requestConsent","decl":{"start":{"line":1,"column":22},"end":{"line":1,"column":36}},"loc":{"start":{"line":1,"column":36},"end":{"line":1,"column":37}}},"1":{"name":"_requestConsent","decl":{"start":{"line":11,"column":1},"end":{"line":11,"column":null}},"loc":{"start":{"line":11,"column":1},"end":{"line":11,"column":null}}},"2":{"name":"(anonymous_2)","decl":{"start":{"line":1,"column":7},"end":{"line":1,"column":22}},"loc":{"start":{"line":1,"column":53},"end":{"line":11,"column":1}}}},"branchMap":{"0":{"loc":{"start":{"line":2,"column":16},"end":{"line":2,"column":83}},"type":"cond-expr","locations":[{"start":{"line":2,"column":53},"end":{"line":2,"column":70}},{"start":{"line":2,"column":73},"end":{"line":2,"column":83}}]},"1":{"loc":{"start":{"line":5,"column":14},"end":{"line":5,"column":81}},"type":"cond-expr","locations":[{"start":{"line":5,"column":51},"end":{"line":5,"column":68}},{"start":{"line":5,"column":71},"end":{"line":5,"column":81}}]},"2":{"loc":{"start":{"line":7,"column":2},"end":{"line":9,"column":null}},"type":"if","locations":[{"start":{"line":7,"column":2},"end":{"line":9,"column":null}}]}},"s":{"0":0,"1":0,"2":0,"3":0,"4":0,"5":0,"6":0,"7":0,"8":0,"9":0},"f":{"0":0,"1":0,"2":0},"b":{"0":[0,0],"1":[0,0],"2":[0]}}
,"C:\\Users\\roymichaels\\Desktop\\dev\\thecongress\\thecongress\\services\\database.ts": {"path":"C:\\Users\\roymichaels\\Desktop\\dev\\thecongress\\thecongress\\services\\database.ts","statementMap":{"0":{"start":{"line":25,"column":0},"end":{"line":27,"column":null}},"1":{"start":{"line":26,"column":24},"end":{"line":26,"column":74}},"2":{"start":{"line":26,"column":5},"end":{"line":26,"column":24}},"3":{"start":{"line":47,"column":27},"end":{"line":47,"column":30}},"4":{"start":{"line":48,"column":28},"end":{"line":48,"column":44}},"5":{"start":{"line":49,"column":32},"end":{"line":49,"column":43}},"6":{"start":{"line":51,"column":21},"end":{"line":148,"column":null}},"7":{"start":{"line":72,"column":2},"end":{"line":72,"column":25}},"8":{"start":{"line":72,"column":2},"end":{"line":54,"column":null}},"9":{"start":{"line":54,"column":78},"end":{"line":58,"column":null}},"10":{"start":{"line":58,"column":5},"end":{"line":59,"column":null}},"11":{"start":{"line":59,"column":72},"end":{"line":60,"column":null}},"12":{"start":{"line":60,"column":66},"end":{"line":61,"column":null}},"13":{"start":{"line":61,"column":72},"end":{"line":65,"column":null}},"14":{"start":{"line":65,"column":5},"end":{"line":66,"column":null}},"15":{"start":{"line":66,"column":55},"end":{"line":70,"column":null}},"16":{"start":{"line":72,"column":26},"end":{"line":148,"column":null}},"17":{"start":{"line":72,"column":26},"end":{"line":92,"column":null}},"18":{"start":{"line":80,"column":14},"end":{"line":80,"column":38}},"19":{"start":{"line":81,"column":17},"end":{"line":81,"column":63}},"20":{"start":{"line":82,"column":21},"end":{"line":83,"column":null}},"21":{"start":{"line":85,"column":4},"end":{"line":91,"column":null}},"22":{"start":{"line":79,"column":32},"end":{"line":79,"column":33}},"23":{"start":{"line":79,"column":32},"end":{"line":112,"column":null}},"24":{"start":{"line":95,"column":4},"end":{"line":110,"column":null}},"25":{"start":{"line":96,"column":6},"end":{"line":109,"column":null}},"26":{"start":{"line":97,"column":17},"end":{"line":98,"column":null}},"27":{"start":{"line":100,"column":8},"end":{"line":106,"column":null}},"28":{"start":{"line":101,"column":19},"end":{"line":101,"column":57}},"29":{"start":{"line":102,"column":19},"end":{"line":102,"column":48}},"30":{"start":{"line":103,"column":10},"end":{"line":103,"column":null}},"31":{"start":{"line":105,"column":10},"end":{"line":105,"column":null}},"32":{"start":{"line":108,"column":8},"end":{"line":108,"column":null}},"33":{"start":{"line":111,"column":4},"end":{"line":111,"column":null}},"34":{"start":{"line":94,"column":28},"end":{"line":94,"column":29}},"35":{"start":{"line":94,"column":28},"end":{"line":126,"column":null}},"36":{"start":{"line":115,"column":17},"end":{"line":115,"column":44}},"37":{"start":{"line":116,"column":4},"end":{"line":125,"column":null}},"38":{"start":{"line":117,"column":15},"end":{"line":117,"column":53}},"39":{"start":{"line":118,"column":15},"end":{"line":118,"column":61}},"40":{"start":{"line":119,"column":6},"end":{"line":122,"column":null}},"41":{"start":{"line":124,"column":6},"end":{"line":124,"column":null}},"42":{"start":{"line":114,"column":31},"end":{"line":114,"column":32}},"43":{"start":{"line":114,"column":31},"end":{"line":141,"column":null}},"44":{"start":{"line":132,"column":20},"end":{"line":132,"column":51}},"45":{"start":{"line":133,"column":4},"end":{"line":133,"column":null}},"46":{"start":{"line":134,"column":4},"end":{"line":140,"column":null}},"47":{"start":{"line":135,"column":15},"end":{"line":135,"column":47}},"48":{"start":{"line":136,"column":19},"end":{"line":136,"column":68}},"49":{"start":{"line":137,"column":6},"end":{"line":137,"column":null}},"50":{"start":{"line":139,"column":6},"end":{"line":139,"column":null}},"51":{"start":{"line":128,"column":33},"end":{"line":128,"column":null}},"52":{"start":{"line":128,"column":33},"end":{"line":152,"column":null}},"53":{"start":{"line":151,"column":4},"end":{"line":151,"column":null}},"54":{"start":{"line":150,"column":22},"end":{"line":150,"column":23}},"55":{"start":{"line":150,"column":22},"end":{"line":162,"column":null}},"56":{"start":{"line":158,"column":14},"end":{"line":158,"column":50}},"57":{"start":{"line":159,"column":4},"end":{"line":159,"column":null}},"58":{"start":{"line":159,"column":15},"end":{"line":159,"column":null}},"59":{"start":{"line":160,"column":4},"end":{"line":160,"column":null}},"60":{"start":{"line":161,"column":4},"end":{"line":161,"column":null}},"61":{"start":{"line":154,"column":22},"end":{"line":154,"column":null}},"62":{"start":{"line":154,"column":22},"end":{"line":166,"column":null}},"63":{"start":{"line":165,"column":4},"end":{"line":165,"column":null}},"64":{"start":{"line":164,"column":21},"end":{"line":164,"column":null}},"65":{"start":{"line":164,"column":21},"end":{"line":177,"column":null}},"66":{"start":{"line":173,"column":4},"end":{"line":176,"column":null}},"67":{"start":{"line":168,"column":19},"end":{"line":168,"column":null}},"68":{"start":{"line":168,"column":19},"end":{"line":183,"column":null}},"69":{"start":{"line":180,"column":18},"end":{"line":180,"column":44}},"70":{"start":{"line":181,"column":4},"end":{"line":181,"column":null}},"71":{"start":{"line":181,"column":19},"end":{"line":181,"column":null}},"72":{"start":{"line":182,"column":4},"end":{"line":182,"column":null}},"73":{"start":{"line":179,"column":22},"end":{"line":179,"column":23}},"74":{"start":{"line":179,"column":22},"end":{"line":187,"column":null}},"75":{"start":{"line":186,"column":4},"end":{"line":186,"column":null}},"76":{"start":{"line":185,"column":22},"end":{"line":185,"column":23}},"77":{"start":{"line":185,"column":22},"end":{"line":192,"column":null}},"78":{"start":{"line":190,"column":17},"end":{"line":190,"column":53}},"79":{"start":{"line":191,"column":4},"end":{"line":191,"column":null}},"80":{"start":{"line":189,"column":18},"end":{"line":189,"column":19}},"81":{"start":{"line":189,"column":18},"end":{"line":196,"column":null}},"82":{"start":{"line":195,"column":4},"end":{"line":195,"column":null}},"83":{"start":{"line":194,"column":21},"end":{"line":194,"column":22}},"84":{"start":{"line":194,"column":21},"end":{"line":201,"column":null}},"85":{"start":{"line":200,"column":4},"end":{"line":200,"column":null}},"86":{"start":{"line":199,"column":19},"end":{"line":199,"column":null}},"87":{"start":{"line":199,"column":19},"end":{"line":205,"column":null}},"88":{"start":{"line":204,"column":4},"end":{"line":204,"column":null}},"89":{"start":{"line":203,"column":18},"end":{"line":203,"column":19}},"90":{"start":{"line":203,"column":18},"end":{"line":217,"column":null}},"91":{"start":{"line":208,"column":15},"end":{"line":208,"column":35}},"92":{"start":{"line":209,"column":14},"end":{"line":209,"column":44}},"93":{"start":{"line":210,"column":4},"end":{"line":210,"column":null}},"94":{"start":{"line":211,"column":4},"end":{"line":215,"column":null}},"95":{"start":{"line":212,"column":6},"end":{"line":212,"column":null}},"96":{"start":{"line":214,"column":6},"end":{"line":214,"column":null}},"97":{"start":{"line":216,"column":4},"end":{"line":216,"column":null}},"98":{"start":{"line":207,"column":18},"end":{"line":207,"column":19}},"99":{"start":{"line":207,"column":18},"end":{"line":228,"column":null}},"100":{"start":{"line":220,"column":18},"end":{"line":220,"column":43}},"101":{"start":{"line":221,"column":4},"end":{"line":221,"column":null}},"102":{"start":{"line":221,"column":19},"end":{"line":221,"column":null}},"103":{"start":{"line":222,"column":4},"end":{"line":222,"column":null}},"104":{"start":{"line":223,"column":4},"end":{"line":227,"column":null}},"105":{"start":{"line":224,"column":6},"end":{"line":224,"column":null}},"106":{"start":{"line":226,"column":6},"end":{"line":226,"column":null}},"107":{"start":{"line":219,"column":21},"end":{"line":219,"column":22}},"108":{"start":{"line":219,"column":21},"end":{"line":240,"column":null}},"109":{"start":{"line":231,"column":18},"end":{"line":231,"column":43}},"110":{"start":{"line":232,"column":4},"end":{"line":232,"column":null}},"111":{"start":{"line":233,"column":4},"end":{"line":239,"column":null}},"112":{"start":{"line":234,"column":6},"end":{"line":238,"column":null}},"113":{"start":{"line":235,"column":8},"end":{"line":235,"column":null}},"114":{"start":{"line":237,"column":8},"end":{"line":237,"column":null}},"115":{"start":{"line":230,"column":21},"end":{"line":230,"column":22}},"116":{"start":{"line":230,"column":21},"end":{"line":249,"column":null}},"117":{"start":{"line":244,"column":13},"end":{"line":244,"column":51}},"118":{"start":{"line":245,"column":4},"end":{"line":245,"column":null}},"119":{"start":{"line":245,"column":14},"end":{"line":245,"column":null}},"120":{"start":{"line":246,"column":4},"end":{"line":246,"column":null}},"121":{"start":{"line":247,"column":4},"end":{"line":247,"column":null}},"122":{"start":{"line":248,"column":4},"end":{"line":248,"column":null}},"123":{"start":{"line":243,"column":22},"end":{"line":243,"column":23}},"124":{"start":{"line":243,"column":22},"end":{"line":264,"column":null}},"125":{"start":{"line":255,"column":14},"end":{"line":255,"column":40}},"126":{"start":{"line":256,"column":4},"end":{"line":263,"column":null}},"127":{"start":{"line":257,"column":15},"end":{"line":257,"column":72}},"128":{"start":{"line":257,"column":49},"end":{"line":257,"column":66}},"129":{"start":{"line":258,"column":6},"end":{"line":262,"column":null}},"130":{"start":{"line":259,"column":8},"end":{"line":259,"column":null}},"131":{"start":{"line":260,"column":8},"end":{"line":260,"column":null}},"132":{"start":{"line":261,"column":8},"end":{"line":261,"column":null}},"133":{"start":{"line":251,"column":25},"end":{"line":251,"column":null}},"134":{"start":{"line":251,"column":25},"end":{"line":276,"column":null}},"135":{"start":{"line":267,"column":14},"end":{"line":267,"column":40}},"136":{"start":{"line":268,"column":4},"end":{"line":275,"column":null}},"137":{"start":{"line":269,"column":21},"end":{"line":269,"column":51}},"138":{"start":{"line":270,"column":6},"end":{"line":270,"column":null}},"139":{"start":{"line":270,"column":54},"end":{"line":270,"column":71}},"140":{"start":{"line":271,"column":6},"end":{"line":274,"column":null}},"141":{"start":{"line":272,"column":8},"end":{"line":272,"column":null}},"142":{"start":{"line":273,"column":8},"end":{"line":273,"column":null}},"143":{"start":{"line":266,"column":25},"end":{"line":266,"column":26}},"144":{"start":{"line":266,"column":25},"end":{"line":281,"column":null}},"145":{"start":{"line":280,"column":4},"end":{"line":280,"column":null}},"146":{"start":{"line":279,"column":23},"end":{"line":279,"column":null}},"147":{"start":{"line":279,"column":23},"end":{"line":285,"column":null}},"148":{"start":{"line":284,"column":4},"end":{"line":284,"column":null}},"149":{"start":{"line":283,"column":22},"end":{"line":283,"column":23}},"150":{"start":{"line":283,"column":22},"end":{"line":289,"column":null}},"151":{"start":{"line":288,"column":4},"end":{"line":288,"column":null}},"152":{"start":{"line":287,"column":22},"end":{"line":287,"column":23}},"153":{"start":{"line":287,"column":22},"end":{"line":298,"column":null}},"154":{"start":{"line":295,"column":21},"end":{"line":295,"column":46}},"155":{"start":{"line":296,"column":4},"end":{"line":296,"column":null}},"156":{"start":{"line":296,"column":19},"end":{"line":296,"column":null}},"157":{"start":{"line":297,"column":4},"end":{"line":297,"column":null}},"158":{"start":{"line":291,"column":25},"end":{"line":291,"column":null}},"159":{"start":{"line":291,"column":25},"end":{"line":302,"column":null}},"160":{"start":{"line":301,"column":4},"end":{"line":301,"column":null}},"161":{"start":{"line":300,"column":25},"end":{"line":300,"column":26}},"162":{"start":{"line":300,"column":25},"end":{"line":306,"column":null}},"163":{"start":{"line":305,"column":4},"end":{"line":305,"column":null}},"164":{"start":{"line":304,"column":19},"end":{"line":304,"column":20}},"165":{"start":{"line":304,"column":19},"end":{"line":311,"column":null}},"166":{"start":{"line":310,"column":4},"end":{"line":310,"column":null}},"167":{"start":{"line":309,"column":22},"end":{"line":309,"column":null}},"168":{"start":{"line":309,"column":22},"end":{"line":321,"column":null}},"169":{"start":{"line":316,"column":15},"end":{"line":316,"column":37}},"170":{"start":{"line":317,"column":16},"end":{"line":317,"column":40}},"171":{"start":{"line":318,"column":14},"end":{"line":318,"column":78}},"172":{"start":{"line":319,"column":4},"end":{"line":319,"column":null}},"173":{"start":{"line":320,"column":4},"end":{"line":320,"column":null}},"174":{"start":{"line":313,"column":21},"end":{"line":313,"column":null}},"175":{"start":{"line":313,"column":21},"end":{"line":331,"column":null}},"176":{"start":{"line":324,"column":21},"end":{"line":324,"column":45}},"177":{"start":{"line":325,"column":4},"end":{"line":325,"column":null}},"178":{"start":{"line":325,"column":19},"end":{"line":325,"column":null}},"179":{"start":{"line":326,"column":4},"end":{"line":330,"column":null}},"180":{"start":{"line":323,"column":24},"end":{"line":323,"column":25}},"181":{"start":{"line":323,"column":24},"end":{"line":335,"column":null}},"182":{"start":{"line":334,"column":4},"end":{"line":334,"column":null}},"183":{"start":{"line":333,"column":24},"end":{"line":333,"column":25}},"184":{"start":{"line":333,"column":24},"end":{"line":344,"column":null}},"185":{"start":{"line":338,"column":18},"end":{"line":338,"column":null}},"186":{"start":{"line":339,"column":4},"end":{"line":342,"column":null}},"187":{"start":{"line":340,"column":15},"end":{"line":340,"column":40}},"188":{"start":{"line":341,"column":6},"end":{"line":341,"column":null}},"189":{"start":{"line":341,"column":20},"end":{"line":341,"column":51}},"190":{"start":{"line":343,"column":4},"end":{"line":343,"column":null}},"191":{"start":{"line":338,"column":18},"end":{"line":349,"column":null}},"192":{"start":{"line":347,"column":4},"end":{"line":347,"column":null}},"193":{"start":{"line":348,"column":4},"end":{"line":348,"column":null}},"194":{"start":{"line":346,"column":17},"end":{"line":346,"column":18}},"195":{"start":{"line":346,"column":17},"end":{"line":355,"column":null}},"196":{"start":{"line":352,"column":21},"end":{"line":352,"column":41}},"197":{"start":{"line":353,"column":4},"end":{"line":353,"column":null}},"198":{"start":{"line":353,"column":19},"end":{"line":353,"column":null}},"199":{"start":{"line":354,"column":4},"end":{"line":354,"column":null}},"200":{"start":{"line":351,"column":20},"end":{"line":351,"column":21}},"201":{"start":{"line":351,"column":20},"end":{"line":359,"column":null}},"202":{"start":{"line":358,"column":4},"end":{"line":358,"column":null}},"203":{"start":{"line":357,"column":20},"end":{"line":357,"column":21}},"204":{"start":{"line":357,"column":20},"end":{"line":364,"column":null}},"205":{"start":{"line":363,"column":4},"end":{"line":363,"column":null}},"206":{"start":{"line":363,"column":41},"end":{"line":363,"column":66}},"207":{"start":{"line":362,"column":21},"end":{"line":362,"column":22}},"208":{"start":{"line":362,"column":21},"end":{"line":368,"column":null}},"209":{"start":{"line":367,"column":4},"end":{"line":367,"column":null}},"210":{"start":{"line":366,"column":26},"end":{"line":366,"column":null}},"211":{"start":{"line":366,"column":26},"end":{"line":384,"column":null}},"212":{"start":{"line":373,"column":4},"end":{"line":383,"column":null}},"213":{"start":{"line":375,"column":16},"end":{"line":376,"column":null}},"214":{"start":{"line":378,"column":13},"end":{"line":383,"column":8}},"215":{"start":{"line":370,"column":26},"end":{"line":370,"column":null}},"216":{"start":{"line":370,"column":26},"end":{"line":394,"column":null}},"217":{"start":{"line":390,"column":17},"end":{"line":390,"column":39}},"218":{"start":{"line":391,"column":4},"end":{"line":391,"column":null}},"219":{"start":{"line":391,"column":15},"end":{"line":391,"column":null}},"220":{"start":{"line":392,"column":4},"end":{"line":392,"column":null}},"221":{"start":{"line":393,"column":4},"end":{"line":393,"column":null}},"222":{"start":{"line":386,"column":30},"end":{"line":386,"column":null}},"223":{"start":{"line":386,"column":30},"end":{"line":407,"column":null}},"224":{"start":{"line":401,"column":17},"end":{"line":401,"column":39}},"225":{"start":{"line":402,"column":4},"end":{"line":402,"column":null}},"226":{"start":{"line":402,"column":15},"end":{"line":402,"column":null}},"227":{"start":{"line":403,"column":4},"end":{"line":403,"column":null}},"228":{"start":{"line":404,"column":4},"end":{"line":404,"column":null}},"229":{"start":{"line":405,"column":4},"end":{"line":405,"column":null}},"230":{"start":{"line":406,"column":4},"end":{"line":406,"column":null}},"231":{"start":{"line":396,"column":27},"end":{"line":396,"column":null}},"232":{"start":{"line":396,"column":27},"end":{"line":411,"column":null}},"233":{"start":{"line":410,"column":4},"end":{"line":410,"column":null}},"234":{"start":{"line":410,"column":40},"end":{"line":410,"column":71}},"235":{"start":{"line":409,"column":29},"end":{"line":409,"column":null}},"236":{"start":{"line":409,"column":29},"end":{"line":416,"column":null}},"237":{"start":{"line":415,"column":4},"end":{"line":415,"column":null}},"238":{"start":{"line":414,"column":20},"end":{"line":414,"column":null}},"239":{"start":{"line":414,"column":20},"end":{"line":444,"column":null}},"240":{"start":{"line":424,"column":4},"end":{"line":432,"column":null}},"241":{"start":{"line":425,"column":6},"end":{"line":431,"column":null}},"242":{"start":{"line":429,"column":8},"end":{"line":429,"column":null}},"243":{"start":{"line":429,"column":27},"end":{"line":429,"column":null}},"244":{"start":{"line":430,"column":8},"end":{"line":430,"column":null}},"245":{"start":{"line":433,"column":15},"end":{"line":433,"column":45}},"246":{"start":{"line":434,"column":4},"end":{"line":442,"column":null}},"247":{"start":{"line":443,"column":4},"end":{"line":443,"column":null}},"248":{"start":{"line":418,"column":27},"end":{"line":418,"column":null}},"249":{"start":{"line":418,"column":27},"end":{"line":452,"column":null}},"250":{"start":{"line":447,"column":17},"end":{"line":447,"column":39}},"251":{"start":{"line":448,"column":4},"end":{"line":451,"column":null}},"252":{"start":{"line":449,"column":6},"end":{"line":449,"column":null}},"253":{"start":{"line":450,"column":6},"end":{"line":450,"column":null}},"254":{"start":{"line":446,"column":24},"end":{"line":446,"column":25}},"255":{"start":{"line":446,"column":24},"end":{"line":472,"column":null}},"256":{"start":{"line":455,"column":15},"end":{"line":455,"column":44}},"257":{"start":{"line":456,"column":4},"end":{"line":470,"column":null}},"258":{"start":{"line":457,"column":6},"end":{"line":468,"column":null}},"259":{"start":{"line":458,"column":17},"end":{"line":458,"column":81}},"260":{"start":{"line":459,"column":8},"end":{"line":465,"column":null}},"261":{"start":{"line":460,"column":19},"end":{"line":460,"column":51}},"262":{"start":{"line":461,"column":19},"end":{"line":461,"column":48}},"263":{"start":{"line":462,"column":10},"end":{"line":462,"column":null}},"264":{"start":{"line":464,"column":10},"end":{"line":464,"column":null}},"265":{"start":{"line":467,"column":8},"end":{"line":467,"column":null}},"266":{"start":{"line":469,"column":6},"end":{"line":469,"column":null}},"267":{"start":{"line":471,"column":4},"end":{"line":471,"column":null}},"268":{"start":{"line":454,"column":23},"end":{"line":454,"column":24}},"269":{"start":{"line":454,"column":23},"end":{"line":485,"column":null}},"270":{"start":{"line":475,"column":17},"end":{"line":475,"column":52}},"271":{"start":{"line":476,"column":4},"end":{"line":476,"column":null}},"272":{"start":{"line":477,"column":4},"end":{"line":477,"column":null}},"273":{"start":{"line":478,"column":17},"end":{"line":478,"column":43}},"274":{"start":{"line":479,"column":4},"end":{"line":484,"column":null}},"275":{"start":{"line":480,"column":6},"end":{"line":480,"column":null}},"276":{"start":{"line":481,"column":6},"end":{"line":481,"column":null}},"277":{"start":{"line":482,"column":6},"end":{"line":482,"column":null}},"278":{"start":{"line":483,"column":6},"end":{"line":483,"column":null}},"279":{"start":{"line":474,"column":23},"end":{"line":474,"column":24}},"280":{"start":{"line":474,"column":23},"end":{"line":499,"column":null}},"281":{"start":{"line":491,"column":4},"end":{"line":498,"column":null}},"282":{"start":{"line":491,"column":52},"end":{"line":491,"column":null}},"283":{"start":{"line":491,"column":22},"end":{"line":491,"column":24}},"284":{"start":{"line":491,"column":28},"end":{"line":491,"column":33}},"285":{"start":{"line":492,"column":18},"end":{"line":492,"column":52}},"286":{"start":{"line":492,"column":35},"end":{"line":492,"column":52}},"287":{"start":{"line":493,"column":6},"end":{"line":497,"column":null}},"288":{"start":{"line":494,"column":8},"end":{"line":494,"column":null}},"289":{"start":{"line":495,"column":8},"end":{"line":495,"column":null}},"290":{"start":{"line":496,"column":8},"end":{"line":496,"column":null}},"291":{"start":{"line":487,"column":30},"end":{"line":487,"column":null}},"292":{"start":{"line":487,"column":30},"end":{"line":504,"column":null}},"293":{"start":{"line":503,"column":4},"end":{"line":503,"column":null}},"294":{"start":{"line":502,"column":24},"end":{"line":502,"column":25}},"295":{"start":{"line":502,"column":24},"end":{"line":519,"column":null}},"296":{"start":{"line":507,"column":14},"end":{"line":507,"column":48}},"297":{"start":{"line":508,"column":4},"end":{"line":508,"column":null}},"298":{"start":{"line":508,"column":20},"end":{"line":508,"column":51}},"299":{"start":{"line":508,"column":53},"end":{"line":508,"column":null}},"300":{"start":{"line":509,"column":17},"end":{"line":509,"column":49}},"301":{"start":{"line":510,"column":4},"end":{"line":510,"column":null}},"302":{"start":{"line":510,"column":18},"end":{"line":510,"column":null}},"303":{"start":{"line":511,"column":4},"end":{"line":516,"column":null}},"304":{"start":{"line":517,"column":4},"end":{"line":517,"column":null}},"305":{"start":{"line":518,"column":4},"end":{"line":518,"column":null}},"306":{"start":{"line":506,"column":23},"end":{"line":506,"column":24}},"307":{"start":{"line":506,"column":23},"end":{"line":525,"column":null}},"308":{"start":{"line":522,"column":14},"end":{"line":522,"column":48}},"309":{"start":{"line":523,"column":4},"end":{"line":523,"column":null}},"310":{"start":{"line":523,"column":42},"end":{"line":523,"column":73}},"311":{"start":{"line":524,"column":4},"end":{"line":524,"column":null}},"312":{"start":{"line":521,"column":26},"end":{"line":521,"column":27}},"313":{"start":{"line":521,"column":26},"end":{"line":530,"column":null}},"314":{"start":{"line":529,"column":4},"end":{"line":529,"column":null}},"315":{"start":{"line":528,"column":26},"end":{"line":528,"column":null}},"316":{"start":{"line":528,"column":26},"end":{"line":536,"column":null}},"317":{"start":{"line":533,"column":4},"end":{"line":535,"column":null}},"318":{"start":{"line":534,"column":8},"end":{"line":534,"column":null}},"319":{"start":{"line":532,"column":32},"end":{"line":532,"column":33}},"320":{"start":{"line":532,"column":32},"end":{"line":559,"column":null}},"321":{"start":{"line":539,"column":15},"end":{"line":539,"column":34}},"322":{"start":{"line":540,"column":16},"end":{"line":540,"column":40}},"323":{"start":{"line":541,"column":4},"end":{"line":548,"column":null}},"324":{"start":{"line":549,"column":15},"end":{"line":549,"column":48}},"325":{"start":{"line":550,"column":20},"end":{"line":550,"column":55}},"326":{"start":{"line":551,"column":4},"end":{"line":557,"column":null}},"327":{"start":{"line":558,"column":4},"end":{"line":558,"column":null}},"328":{"start":{"line":538,"column":25},"end":{"line":538,"column":26}},"329":{"start":{"line":538,"column":25},"end":{"line":579,"column":null}},"330":{"start":{"line":565,"column":16},"end":{"line":565,"column":41}},"331":{"start":{"line":566,"column":4},"end":{"line":566,"column":null}},"332":{"start":{"line":566,"column":14},"end":{"line":566,"column":null}},"333":{"start":{"line":567,"column":4},"end":{"line":567,"column":null}},"334":{"start":{"line":568,"column":4},"end":{"line":568,"column":null}},"335":{"start":{"line":569,"column":4},"end":{"line":569,"column":null}},"336":{"start":{"line":570,"column":15},"end":{"line":570,"column":52}},"337":{"start":{"line":571,"column":20},"end":{"line":571,"column":55}},"338":{"start":{"line":572,"column":4},"end":{"line":578,"column":null}},"339":{"start":{"line":561,"column":31},"end":{"line":561,"column":null}},"340":{"start":{"line":561,"column":31},"end":{"line":587,"column":null}},"341":{"start":{"line":582,"column":16},"end":{"line":582,"column":41}},"342":{"start":{"line":583,"column":4},"end":{"line":583,"column":null}},"343":{"start":{"line":583,"column":14},"end":{"line":583,"column":null}},"344":{"start":{"line":584,"column":4},"end":{"line":584,"column":null}},"345":{"start":{"line":585,"column":4},"end":{"line":585,"column":null}},"346":{"start":{"line":586,"column":4},"end":{"line":586,"column":null}},"347":{"start":{"line":581,"column":30},"end":{"line":581,"column":31}},"348":{"start":{"line":144,"column":4},"end":{"line":146,"column":null}},"349":{"start":{"line":145,"column":6},"end":{"line":145,"column":null}},"350":{"start":{"line":147,"column":4},"end":{"line":147,"column":null}}},"fnMap":{"0":{"name":"(anonymous_0)","decl":{"start":{"line":51,"column":21},"end":{"line":51,"column":null}},"loc":{"start":{"line":51,"column":21},"end":{"line":148,"column":null}}},"1":{"name":"DatabaseService","decl":{"start":{"line":72,"column":2},"end":{"line":72,"column":25}},"loc":{"start":{"line":72,"column":2},"end":{"line":72,"column":26}}},"2":{"name":"(anonymous_2)","decl":{"start":{"line":72,"column":26},"end":{"line":72,"column":null}},"loc":{"start":{"line":72,"column":26},"end":{"line":79,"column":33}}},"3":{"name":"(anonymous_3)","decl":{"start":{"line":79,"column":10},"end":{"line":79,"column":16}},"loc":{"start":{"line":79,"column":47},"end":{"line":92,"column":3}}},"4":{"name":"getEncryptionKey","decl":{"start":{"line":79,"column":16},"end":{"line":79,"column":32}},"loc":{"start":{"line":79,"column":32},"end":{"line":79,"column":33}}},"5":{"name":"(anonymous_5)","decl":{"start":{"line":79,"column":32},"end":{"line":79,"column":33}},"loc":{"start":{"line":79,"column":32},"end":{"line":94,"column":29}}},"6":{"name":"(anonymous_6)","decl":{"start":{"line":94,"column":10},"end":{"line":94,"column":16}},"loc":{"start":{"line":94,"column":43},"end":{"line":112,"column":3}}},"7":{"name":"loadWishlist","decl":{"start":{"line":94,"column":16},"end":{"line":94,"column":28}},"loc":{"start":{"line":94,"column":28},"end":{"line":94,"column":29}}},"8":{"name":"(anonymous_8)","decl":{"start":{"line":94,"column":28},"end":{"line":94,"column":29}},"loc":{"start":{"line":94,"column":28},"end":{"line":114,"column":32}}},"9":{"name":"(anonymous_9)","decl":{"start":{"line":114,"column":10},"end":{"line":114,"column":16}},"loc":{"start":{"line":114,"column":46},"end":{"line":126,"column":3}}},"10":{"name":"persistWishlist","decl":{"start":{"line":114,"column":16},"end":{"line":114,"column":31}},"loc":{"start":{"line":114,"column":31},"end":{"line":114,"column":32}}},"11":{"name":"(anonymous_11)","decl":{"start":{"line":114,"column":31},"end":{"line":114,"column":32}},"loc":{"start":{"line":114,"column":31},"end":{"line":128,"column":null}}},"12":{"name":"(anonymous_12)","decl":{"start":{"line":128,"column":10},"end":{"line":128,"column":16}},"loc":{"start":{"line":130,"column":23},"end":{"line":141,"column":3}}},"13":{"name":"cacheChatMessages","decl":{"start":{"line":128,"column":16},"end":{"line":128,"column":33}},"loc":{"start":{"line":128,"column":33},"end":{"line":128,"column":null}}},"14":{"name":"(anonymous_14)","decl":{"start":{"line":128,"column":33},"end":{"line":128,"column":null}},"loc":{"start":{"line":128,"column":33},"end":{"line":150,"column":23}}},"15":{"name":"(anonymous_15)","decl":{"start":{"line":150,"column":2},"end":{"line":150,"column":8}},"loc":{"start":{"line":150,"column":33},"end":{"line":152,"column":3}}},"16":{"name":"getUserProfile","decl":{"start":{"line":150,"column":8},"end":{"line":150,"column":22}},"loc":{"start":{"line":150,"column":22},"end":{"line":150,"column":23}}},"17":{"name":"(anonymous_17)","decl":{"start":{"line":150,"column":22},"end":{"line":150,"column":23}},"loc":{"start":{"line":150,"column":22},"end":{"line":154,"column":null}}},"18":{"name":"(anonymous_18)","decl":{"start":{"line":154,"column":2},"end":{"line":154,"column":8}},"loc":{"start":{"line":156,"column":18},"end":{"line":162,"column":3}}},"19":{"name":"updateUserRole","decl":{"start":{"line":154,"column":8},"end":{"line":154,"column":22}},"loc":{"start":{"line":154,"column":22},"end":{"line":154,"column":null}}},"20":{"name":"(anonymous_20)","decl":{"start":{"line":154,"column":22},"end":{"line":154,"column":null}},"loc":{"start":{"line":154,"column":22},"end":{"line":164,"column":null}}},"21":{"name":"(anonymous_21)","decl":{"start":{"line":164,"column":2},"end":{"line":164,"column":8}},"loc":{"start":{"line":164,"column":21},"end":{"line":166,"column":3}}},"22":{"name":"getCategories","decl":{"start":{"line":164,"column":8},"end":{"line":164,"column":21}},"loc":{"start":{"line":164,"column":21},"end":{"line":164,"column":null}}},"23":{"name":"(anonymous_23)","decl":{"start":{"line":164,"column":21},"end":{"line":164,"column":null}},"loc":{"start":{"line":164,"column":21},"end":{"line":168,"column":null}}},"24":{"name":"(anonymous_24)","decl":{"start":{"line":168,"column":2},"end":{"line":168,"column":8}},"loc":{"start":{"line":171,"column":5},"end":{"line":177,"column":3}}},"25":{"name":"addCategory","decl":{"start":{"line":168,"column":8},"end":{"line":168,"column":19}},"loc":{"start":{"line":168,"column":19},"end":{"line":168,"column":null}}},"26":{"name":"(anonymous_26)","decl":{"start":{"line":168,"column":19},"end":{"line":168,"column":null}},"loc":{"start":{"line":168,"column":19},"end":{"line":179,"column":23}}},"27":{"name":"(anonymous_27)","decl":{"start":{"line":179,"column":2},"end":{"line":179,"column":8}},"loc":{"start":{"line":179,"column":58},"end":{"line":183,"column":3}}},"28":{"name":"updateCategory","decl":{"start":{"line":179,"column":8},"end":{"line":179,"column":22}},"loc":{"start":{"line":179,"column":22},"end":{"line":179,"column":23}}},"29":{"name":"(anonymous_29)","decl":{"start":{"line":179,"column":22},"end":{"line":179,"column":23}},"loc":{"start":{"line":179,"column":22},"end":{"line":185,"column":23}}},"30":{"name":"(anonymous_30)","decl":{"start":{"line":185,"column":2},"end":{"line":185,"column":8}},"loc":{"start":{"line":185,"column":33},"end":{"line":187,"column":3}}},"31":{"name":"deleteCategory","decl":{"start":{"line":185,"column":8},"end":{"line":185,"column":22}},"loc":{"start":{"line":185,"column":22},"end":{"line":185,"column":23}}},"32":{"name":"(anonymous_32)","decl":{"start":{"line":185,"column":22},"end":{"line":185,"column":23}},"loc":{"start":{"line":185,"column":22},"end":{"line":189,"column":19}}},"33":{"name":"(anonymous_33)","decl":{"start":{"line":189,"column":2},"end":{"line":189,"column":8}},"loc":{"start":{"line":189,"column":30},"end":{"line":192,"column":3}}},"34":{"name":"getSetting","decl":{"start":{"line":189,"column":8},"end":{"line":189,"column":18}},"loc":{"start":{"line":189,"column":18},"end":{"line":189,"column":19}}},"35":{"name":"(anonymous_35)","decl":{"start":{"line":189,"column":18},"end":{"line":189,"column":19}},"loc":{"start":{"line":189,"column":18},"end":{"line":194,"column":22}}},"36":{"name":"(anonymous_36)","decl":{"start":{"line":194,"column":2},"end":{"line":194,"column":8}},"loc":{"start":{"line":194,"column":48},"end":{"line":196,"column":3}}},"37":{"name":"updateSetting","decl":{"start":{"line":194,"column":8},"end":{"line":194,"column":21}},"loc":{"start":{"line":194,"column":21},"end":{"line":194,"column":22}}},"38":{"name":"(anonymous_38)","decl":{"start":{"line":194,"column":21},"end":{"line":194,"column":22}},"loc":{"start":{"line":194,"column":21},"end":{"line":199,"column":null}}},"39":{"name":"(anonymous_39)","decl":{"start":{"line":199,"column":2},"end":{"line":199,"column":8}},"loc":{"start":{"line":199,"column":19},"end":{"line":201,"column":3}}},"40":{"name":"getProducts","decl":{"start":{"line":199,"column":8},"end":{"line":199,"column":19}},"loc":{"start":{"line":199,"column":19},"end":{"line":199,"column":null}}},"41":{"name":"(anonymous_41)","decl":{"start":{"line":199,"column":19},"end":{"line":199,"column":null}},"loc":{"start":{"line":199,"column":19},"end":{"line":203,"column":19}}},"42":{"name":"(anonymous_42)","decl":{"start":{"line":203,"column":2},"end":{"line":203,"column":8}},"loc":{"start":{"line":203,"column":29},"end":{"line":205,"column":3}}},"43":{"name":"getProduct","decl":{"start":{"line":203,"column":8},"end":{"line":203,"column":18}},"loc":{"start":{"line":203,"column":18},"end":{"line":203,"column":19}}},"44":{"name":"(anonymous_44)","decl":{"start":{"line":203,"column":18},"end":{"line":203,"column":19}},"loc":{"start":{"line":203,"column":18},"end":{"line":207,"column":19}}},"45":{"name":"(anonymous_45)","decl":{"start":{"line":207,"column":2},"end":{"line":207,"column":8}},"loc":{"start":{"line":207,"column":47},"end":{"line":217,"column":3}}},"46":{"name":"addProduct","decl":{"start":{"line":207,"column":8},"end":{"line":207,"column":18}},"loc":{"start":{"line":207,"column":18},"end":{"line":207,"column":19}}},"47":{"name":"(anonymous_47)","decl":{"start":{"line":207,"column":18},"end":{"line":207,"column":19}},"loc":{"start":{"line":207,"column":18},"end":{"line":219,"column":22}}},"48":{"name":"(anonymous_48)","decl":{"start":{"line":219,"column":2},"end":{"line":219,"column":8}},"loc":{"start":{"line":219,"column":56},"end":{"line":228,"column":3}}},"49":{"name":"updateProduct","decl":{"start":{"line":219,"column":8},"end":{"line":219,"column":21}},"loc":{"start":{"line":219,"column":21},"end":{"line":219,"column":22}}},"50":{"name":"(anonymous_50)","decl":{"start":{"line":219,"column":21},"end":{"line":219,"column":22}},"loc":{"start":{"line":219,"column":21},"end":{"line":230,"column":22}}},"51":{"name":"(anonymous_51)","decl":{"start":{"line":230,"column":2},"end":{"line":230,"column":8}},"loc":{"start":{"line":230,"column":32},"end":{"line":240,"column":3}}},"52":{"name":"deleteProduct","decl":{"start":{"line":230,"column":8},"end":{"line":230,"column":21}},"loc":{"start":{"line":230,"column":21},"end":{"line":230,"column":22}}},"53":{"name":"(anonymous_53)","decl":{"start":{"line":230,"column":21},"end":{"line":230,"column":22}},"loc":{"start":{"line":230,"column":21},"end":{"line":243,"column":23}}},"54":{"name":"(anonymous_54)","decl":{"start":{"line":243,"column":2},"end":{"line":243,"column":8}},"loc":{"start":{"line":243,"column":39},"end":{"line":249,"column":3}}},"55":{"name":"addSubcategory","decl":{"start":{"line":243,"column":8},"end":{"line":243,"column":22}},"loc":{"start":{"line":243,"column":22},"end":{"line":243,"column":23}}},"56":{"name":"(anonymous_56)","decl":{"start":{"line":243,"column":22},"end":{"line":243,"column":23}},"loc":{"start":{"line":243,"column":22},"end":{"line":251,"column":null}}},"57":{"name":"(anonymous_57)","decl":{"start":{"line":251,"column":2},"end":{"line":251,"column":8}},"loc":{"start":{"line":253,"column":30},"end":{"line":264,"column":3}}},"58":{"name":"(anonymous_58)","decl":{"start":{"line":257,"column":47},"end":{"line":257,"column":48}},"loc":{"start":{"line":257,"column":49},"end":{"line":257,"column":66}}},"59":{"name":"updateSubcategory","decl":{"start":{"line":251,"column":8},"end":{"line":251,"column":25}},"loc":{"start":{"line":251,"column":25},"end":{"line":251,"column":null}}},"60":{"name":"(anonymous_60)","decl":{"start":{"line":251,"column":25},"end":{"line":251,"column":null}},"loc":{"start":{"line":251,"column":25},"end":{"line":266,"column":26}}},"61":{"name":"(anonymous_61)","decl":{"start":{"line":266,"column":2},"end":{"line":266,"column":8}},"loc":{"start":{"line":266,"column":36},"end":{"line":276,"column":3}}},"62":{"name":"(anonymous_62)","decl":{"start":{"line":270,"column":52},"end":{"line":270,"column":53}},"loc":{"start":{"line":270,"column":54},"end":{"line":270,"column":71}}},"63":{"name":"deleteSubcategory","decl":{"start":{"line":266,"column":8},"end":{"line":266,"column":25}},"loc":{"start":{"line":266,"column":25},"end":{"line":266,"column":26}}},"64":{"name":"(anonymous_64)","decl":{"start":{"line":266,"column":25},"end":{"line":266,"column":26}},"loc":{"start":{"line":266,"column":25},"end":{"line":279,"column":null}}},"65":{"name":"(anonymous_65)","decl":{"start":{"line":279,"column":2},"end":{"line":279,"column":8}},"loc":{"start":{"line":279,"column":23},"end":{"line":281,"column":3}}},"66":{"name":"getPricingTiers","decl":{"start":{"line":279,"column":8},"end":{"line":279,"column":23}},"loc":{"start":{"line":279,"column":23},"end":{"line":279,"column":null}}},"67":{"name":"(anonymous_67)","decl":{"start":{"line":279,"column":23},"end":{"line":279,"column":null}},"loc":{"start":{"line":279,"column":23},"end":{"line":283,"column":23}}},"68":{"name":"(anonymous_68)","decl":{"start":{"line":283,"column":2},"end":{"line":283,"column":8}},"loc":{"start":{"line":283,"column":33},"end":{"line":285,"column":3}}},"69":{"name":"getPricingTier","decl":{"start":{"line":283,"column":8},"end":{"line":283,"column":22}},"loc":{"start":{"line":283,"column":22},"end":{"line":283,"column":23}}},"70":{"name":"(anonymous_70)","decl":{"start":{"line":283,"column":22},"end":{"line":283,"column":23}},"loc":{"start":{"line":283,"column":22},"end":{"line":287,"column":23}}},"71":{"name":"(anonymous_71)","decl":{"start":{"line":287,"column":2},"end":{"line":287,"column":8}},"loc":{"start":{"line":287,"column":40},"end":{"line":289,"column":3}}},"72":{"name":"addPricingTier","decl":{"start":{"line":287,"column":8},"end":{"line":287,"column":22}},"loc":{"start":{"line":287,"column":22},"end":{"line":287,"column":23}}},"73":{"name":"(anonymous_73)","decl":{"start":{"line":287,"column":22},"end":{"line":287,"column":23}},"loc":{"start":{"line":287,"column":22},"end":{"line":291,"column":null}}},"74":{"name":"(anonymous_74)","decl":{"start":{"line":291,"column":2},"end":{"line":291,"column":8}},"loc":{"start":{"line":293,"column":30},"end":{"line":298,"column":3}}},"75":{"name":"updatePricingTier","decl":{"start":{"line":291,"column":8},"end":{"line":291,"column":25}},"loc":{"start":{"line":291,"column":25},"end":{"line":291,"column":null}}},"76":{"name":"(anonymous_76)","decl":{"start":{"line":291,"column":25},"end":{"line":291,"column":null}},"loc":{"start":{"line":291,"column":25},"end":{"line":300,"column":26}}},"77":{"name":"(anonymous_77)","decl":{"start":{"line":300,"column":2},"end":{"line":300,"column":8}},"loc":{"start":{"line":300,"column":36},"end":{"line":302,"column":3}}},"78":{"name":"deletePricingTier","decl":{"start":{"line":300,"column":8},"end":{"line":300,"column":25}},"loc":{"start":{"line":300,"column":25},"end":{"line":300,"column":26}}},"79":{"name":"(anonymous_79)","decl":{"start":{"line":300,"column":25},"end":{"line":300,"column":26}},"loc":{"start":{"line":300,"column":25},"end":{"line":304,"column":20}}},"80":{"name":"(anonymous_80)","decl":{"start":{"line":304,"column":2},"end":{"line":304,"column":8}},"loc":{"start":{"line":304,"column":30},"end":{"line":306,"column":3}}},"81":{"name":"getMixGroup","decl":{"start":{"line":304,"column":8},"end":{"line":304,"column":19}},"loc":{"start":{"line":304,"column":19},"end":{"line":304,"column":20}}},"82":{"name":"(anonymous_82)","decl":{"start":{"line":304,"column":19},"end":{"line":304,"column":20}},"loc":{"start":{"line":304,"column":19},"end":{"line":309,"column":null}}},"83":{"name":"(anonymous_83)","decl":{"start":{"line":309,"column":2},"end":{"line":309,"column":8}},"loc":{"start":{"line":309,"column":22},"end":{"line":311,"column":3}}},"84":{"name":"getHeroBanners","decl":{"start":{"line":309,"column":8},"end":{"line":309,"column":22}},"loc":{"start":{"line":309,"column":22},"end":{"line":309,"column":null}}},"85":{"name":"(anonymous_85)","decl":{"start":{"line":309,"column":22},"end":{"line":309,"column":null}},"loc":{"start":{"line":309,"column":22},"end":{"line":313,"column":null}}},"86":{"name":"(anonymous_86)","decl":{"start":{"line":313,"column":2},"end":{"line":313,"column":8}},"loc":{"start":{"line":314,"column":62},"end":{"line":321,"column":3}}},"87":{"name":"addHeroBanner","decl":{"start":{"line":313,"column":8},"end":{"line":313,"column":21}},"loc":{"start":{"line":313,"column":21},"end":{"line":313,"column":null}}},"88":{"name":"(anonymous_88)","decl":{"start":{"line":313,"column":21},"end":{"line":313,"column":null}},"loc":{"start":{"line":313,"column":21},"end":{"line":323,"column":25}}},"89":{"name":"(anonymous_89)","decl":{"start":{"line":323,"column":2},"end":{"line":323,"column":8}},"loc":{"start":{"line":323,"column":62},"end":{"line":331,"column":3}}},"90":{"name":"updateHeroBanner","decl":{"start":{"line":323,"column":8},"end":{"line":323,"column":24}},"loc":{"start":{"line":323,"column":24},"end":{"line":323,"column":25}}},"91":{"name":"(anonymous_91)","decl":{"start":{"line":323,"column":24},"end":{"line":323,"column":25}},"loc":{"start":{"line":323,"column":24},"end":{"line":333,"column":25}}},"92":{"name":"(anonymous_92)","decl":{"start":{"line":333,"column":2},"end":{"line":333,"column":8}},"loc":{"start":{"line":333,"column":35},"end":{"line":335,"column":3}}},"93":{"name":"deleteHeroBanner","decl":{"start":{"line":333,"column":8},"end":{"line":333,"column":24}},"loc":{"start":{"line":333,"column":24},"end":{"line":333,"column":25}}},"94":{"name":"(anonymous_94)","decl":{"start":{"line":333,"column":24},"end":{"line":333,"column":25}},"loc":{"start":{"line":333,"column":24},"end":{"line":338,"column":null}}},"95":{"name":"(anonymous_95)","decl":{"start":{"line":338,"column":2},"end":{"line":338,"column":8}},"loc":{"start":{"line":338,"column":18},"end":{"line":344,"column":3}}},"96":{"name":"(anonymous_96)","decl":{"start":{"line":341,"column":18},"end":{"line":341,"column":19}},"loc":{"start":{"line":341,"column":20},"end":{"line":341,"column":51}}},"97":{"name":"getReviews","decl":{"start":{"line":338,"column":8},"end":{"line":338,"column":18}},"loc":{"start":{"line":338,"column":18},"end":{"line":338,"column":null}}},"98":{"name":"(anonymous_98)","decl":{"start":{"line":338,"column":18},"end":{"line":338,"column":null}},"loc":{"start":{"line":338,"column":18},"end":{"line":346,"column":18}}},"99":{"name":"(anonymous_99)","decl":{"start":{"line":346,"column":2},"end":{"line":346,"column":8}},"loc":{"start":{"line":346,"column":32},"end":{"line":349,"column":3}}},"100":{"name":"addReview","decl":{"start":{"line":346,"column":8},"end":{"line":346,"column":17}},"loc":{"start":{"line":346,"column":17},"end":{"line":346,"column":18}}},"101":{"name":"(anonymous_101)","decl":{"start":{"line":346,"column":17},"end":{"line":346,"column":18}},"loc":{"start":{"line":346,"column":17},"end":{"line":351,"column":21}}},"102":{"name":"(anonymous_102)","decl":{"start":{"line":351,"column":2},"end":{"line":351,"column":8}},"loc":{"start":{"line":351,"column":54},"end":{"line":355,"column":3}}},"103":{"name":"updateReview","decl":{"start":{"line":351,"column":8},"end":{"line":351,"column":20}},"loc":{"start":{"line":351,"column":20},"end":{"line":351,"column":21}}},"104":{"name":"(anonymous_104)","decl":{"start":{"line":351,"column":20},"end":{"line":351,"column":21}},"loc":{"start":{"line":351,"column":20},"end":{"line":357,"column":21}}},"105":{"name":"(anonymous_105)","decl":{"start":{"line":357,"column":2},"end":{"line":357,"column":8}},"loc":{"start":{"line":357,"column":31},"end":{"line":359,"column":3}}},"106":{"name":"deleteReview","decl":{"start":{"line":357,"column":8},"end":{"line":357,"column":20}},"loc":{"start":{"line":357,"column":20},"end":{"line":357,"column":21}}},"107":{"name":"(anonymous_107)","decl":{"start":{"line":357,"column":20},"end":{"line":357,"column":21}},"loc":{"start":{"line":357,"column":20},"end":{"line":362,"column":22}}},"108":{"name":"(anonymous_108)","decl":{"start":{"line":362,"column":2},"end":{"line":362,"column":8}},"loc":{"start":{"line":362,"column":36},"end":{"line":364,"column":3}}},"109":{"name":"(anonymous_109)","decl":{"start":{"line":363,"column":39},"end":{"line":363,"column":40}},"loc":{"start":{"line":363,"column":41},"end":{"line":363,"column":66}}},"110":{"name":"getUserOrders","decl":{"start":{"line":362,"column":8},"end":{"line":362,"column":21}},"loc":{"start":{"line":362,"column":21},"end":{"line":362,"column":22}}},"111":{"name":"(anonymous_111)","decl":{"start":{"line":362,"column":21},"end":{"line":362,"column":22}},"loc":{"start":{"line":362,"column":21},"end":{"line":366,"column":null}}},"112":{"name":"(anonymous_112)","decl":{"start":{"line":366,"column":2},"end":{"line":366,"column":8}},"loc":{"start":{"line":366,"column":26},"end":{"line":368,"column":3}}},"113":{"name":"getAllUserProfiles","decl":{"start":{"line":366,"column":8},"end":{"line":366,"column":26}},"loc":{"start":{"line":366,"column":26},"end":{"line":366,"column":null}}},"114":{"name":"(anonymous_114)","decl":{"start":{"line":366,"column":26},"end":{"line":366,"column":null}},"loc":{"start":{"line":366,"column":26},"end":{"line":370,"column":null}}},"115":{"name":"(anonymous_115)","decl":{"start":{"line":370,"column":2},"end":{"line":370,"column":8}},"loc":{"start":{"line":371,"column":17},"end":{"line":384,"column":3}}},"116":{"name":"(anonymous_116)","decl":{"start":{"line":375,"column":14},"end":{"line":375,"column":15}},"loc":{"start":{"line":375,"column":16},"end":{"line":376,"column":null}}},"117":{"name":"(anonymous_117)","decl":{"start":{"line":378,"column":11},"end":{"line":378,"column":12}},"loc":{"start":{"line":378,"column":13},"end":{"line":383,"column":8}}},"118":{"name":"searchUserProfiles","decl":{"start":{"line":370,"column":8},"end":{"line":370,"column":26}},"loc":{"start":{"line":370,"column":26},"end":{"line":370,"column":null}}},"119":{"name":"(anonymous_119)","decl":{"start":{"line":370,"column":26},"end":{"line":370,"column":null}},"loc":{"start":{"line":370,"column":26},"end":{"line":386,"column":null}}},"120":{"name":"(anonymous_120)","decl":{"start":{"line":386,"column":2},"end":{"line":386,"column":8}},"loc":{"start":{"line":388,"column":22},"end":{"line":394,"column":3}}},"121":{"name":"updateUserCustomerTier","decl":{"start":{"line":386,"column":8},"end":{"line":386,"column":30}},"loc":{"start":{"line":386,"column":30},"end":{"line":386,"column":null}}},"122":{"name":"(anonymous_122)","decl":{"start":{"line":386,"column":30},"end":{"line":386,"column":null}},"loc":{"start":{"line":386,"column":30},"end":{"line":396,"column":null}}},"123":{"name":"(anonymous_123)","decl":{"start":{"line":396,"column":2},"end":{"line":396,"column":8}},"loc":{"start":{"line":399,"column":20},"end":{"line":407,"column":3}}},"124":{"name":"updateUserKycStatus","decl":{"start":{"line":396,"column":8},"end":{"line":396,"column":27}},"loc":{"start":{"line":396,"column":27},"end":{"line":396,"column":null}}},"125":{"name":"(anonymous_125)","decl":{"start":{"line":396,"column":27},"end":{"line":396,"column":null}},"loc":{"start":{"line":396,"column":27},"end":{"line":409,"column":null}}},"126":{"name":"(anonymous_126)","decl":{"start":{"line":409,"column":2},"end":{"line":409,"column":8}},"loc":{"start":{"line":409,"column":29},"end":{"line":411,"column":3}}},"127":{"name":"(anonymous_127)","decl":{"start":{"line":410,"column":38},"end":{"line":410,"column":39}},"loc":{"start":{"line":410,"column":40},"end":{"line":410,"column":71}}},"128":{"name":"getPendingKycRequests","decl":{"start":{"line":409,"column":8},"end":{"line":409,"column":29}},"loc":{"start":{"line":409,"column":29},"end":{"line":409,"column":null}}},"129":{"name":"(anonymous_129)","decl":{"start":{"line":409,"column":29},"end":{"line":409,"column":null}},"loc":{"start":{"line":409,"column":29},"end":{"line":414,"column":null}}},"130":{"name":"(anonymous_130)","decl":{"start":{"line":414,"column":2},"end":{"line":414,"column":8}},"loc":{"start":{"line":414,"column":20},"end":{"line":416,"column":3}}},"131":{"name":"getChatRooms","decl":{"start":{"line":414,"column":8},"end":{"line":414,"column":20}},"loc":{"start":{"line":414,"column":20},"end":{"line":414,"column":null}}},"132":{"name":"(anonymous_132)","decl":{"start":{"line":414,"column":20},"end":{"line":414,"column":null}},"loc":{"start":{"line":414,"column":20},"end":{"line":418,"column":null}}},"133":{"name":"(anonymous_133)","decl":{"start":{"line":418,"column":2},"end":{"line":418,"column":8}},"loc":{"start":{"line":422,"column":19},"end":{"line":444,"column":3}}},"134":{"name":"getOrCreateChatRoom","decl":{"start":{"line":418,"column":8},"end":{"line":418,"column":27}},"loc":{"start":{"line":418,"column":27},"end":{"line":418,"column":null}}},"135":{"name":"(anonymous_135)","decl":{"start":{"line":418,"column":27},"end":{"line":418,"column":null}},"loc":{"start":{"line":418,"column":27},"end":{"line":446,"column":25}}},"136":{"name":"(anonymous_136)","decl":{"start":{"line":446,"column":2},"end":{"line":446,"column":8}},"loc":{"start":{"line":446,"column":35},"end":{"line":452,"column":3}}},"137":{"name":"markChatRoomRead","decl":{"start":{"line":446,"column":8},"end":{"line":446,"column":24}},"loc":{"start":{"line":446,"column":24},"end":{"line":446,"column":25}}},"138":{"name":"(anonymous_138)","decl":{"start":{"line":446,"column":24},"end":{"line":446,"column":25}},"loc":{"start":{"line":446,"column":24},"end":{"line":454,"column":24}}},"139":{"name":"(anonymous_139)","decl":{"start":{"line":454,"column":2},"end":{"line":454,"column":8}},"loc":{"start":{"line":454,"column":38},"end":{"line":472,"column":3}}},"140":{"name":"getChatMessages","decl":{"start":{"line":454,"column":8},"end":{"line":454,"column":23}},"loc":{"start":{"line":454,"column":23},"end":{"line":454,"column":24}}},"141":{"name":"(anonymous_141)","decl":{"start":{"line":454,"column":23},"end":{"line":454,"column":24}},"loc":{"start":{"line":454,"column":23},"end":{"line":474,"column":24}}},"142":{"name":"(anonymous_142)","decl":{"start":{"line":474,"column":2},"end":{"line":474,"column":8}},"loc":{"start":{"line":474,"column":56},"end":{"line":485,"column":3}}},"143":{"name":"sendChatMessage","decl":{"start":{"line":474,"column":8},"end":{"line":474,"column":23}},"loc":{"start":{"line":474,"column":23},"end":{"line":474,"column":24}}},"144":{"name":"(anonymous_144)","decl":{"start":{"line":474,"column":23},"end":{"line":474,"column":24}},"loc":{"start":{"line":474,"column":23},"end":{"line":487,"column":null}}},"145":{"name":"(anonymous_145)","decl":{"start":{"line":487,"column":2},"end":{"line":487,"column":8}},"loc":{"start":{"line":489,"column":39},"end":{"line":499,"column":3}}},"146":{"name":"(anonymous_146)","decl":{"start":{"line":492,"column":33},"end":{"line":492,"column":34}},"loc":{"start":{"line":492,"column":35},"end":{"line":492,"column":52}}},"147":{"name":"updateMessageReactions","decl":{"start":{"line":487,"column":8},"end":{"line":487,"column":30}},"loc":{"start":{"line":487,"column":30},"end":{"line":487,"column":null}}},"148":{"name":"(anonymous_148)","decl":{"start":{"line":487,"column":30},"end":{"line":487,"column":null}},"loc":{"start":{"line":487,"column":30},"end":{"line":502,"column":25}}},"149":{"name":"(anonymous_149)","decl":{"start":{"line":502,"column":2},"end":{"line":502,"column":8}},"loc":{"start":{"line":502,"column":39},"end":{"line":504,"column":3}}},"150":{"name":"getWishlistItems","decl":{"start":{"line":502,"column":8},"end":{"line":502,"column":24}},"loc":{"start":{"line":502,"column":24},"end":{"line":502,"column":25}}},"151":{"name":"(anonymous_151)","decl":{"start":{"line":502,"column":24},"end":{"line":502,"column":25}},"loc":{"start":{"line":502,"column":24},"end":{"line":506,"column":24}}},"152":{"name":"(anonymous_152)","decl":{"start":{"line":506,"column":2},"end":{"line":506,"column":8}},"loc":{"start":{"line":506,"column":57},"end":{"line":519,"column":3}}},"153":{"name":"(anonymous_153)","decl":{"start":{"line":508,"column":18},"end":{"line":508,"column":19}},"loc":{"start":{"line":508,"column":20},"end":{"line":508,"column":51}}},"154":{"name":"addWishlistItem","decl":{"start":{"line":506,"column":8},"end":{"line":506,"column":23}},"loc":{"start":{"line":506,"column":23},"end":{"line":506,"column":24}}},"155":{"name":"(anonymous_155)","decl":{"start":{"line":506,"column":23},"end":{"line":506,"column":24}},"loc":{"start":{"line":506,"column":23},"end":{"line":521,"column":27}}},"156":{"name":"(anonymous_156)","decl":{"start":{"line":521,"column":2},"end":{"line":521,"column":8}},"loc":{"start":{"line":521,"column":60},"end":{"line":525,"column":3}}},"157":{"name":"(anonymous_157)","decl":{"start":{"line":523,"column":40},"end":{"line":523,"column":41}},"loc":{"start":{"line":523,"column":42},"end":{"line":523,"column":73}}},"158":{"name":"removeWishlistItem","decl":{"start":{"line":521,"column":8},"end":{"line":521,"column":26}},"loc":{"start":{"line":521,"column":26},"end":{"line":521,"column":27}}},"159":{"name":"(anonymous_159)","decl":{"start":{"line":521,"column":26},"end":{"line":521,"column":27}},"loc":{"start":{"line":521,"column":26},"end":{"line":528,"column":null}}},"160":{"name":"(anonymous_160)","decl":{"start":{"line":528,"column":2},"end":{"line":528,"column":8}},"loc":{"start":{"line":528,"column":26},"end":{"line":530,"column":3}}},"161":{"name":"getAllDeliveryJobs","decl":{"start":{"line":528,"column":8},"end":{"line":528,"column":26}},"loc":{"start":{"line":528,"column":26},"end":{"line":528,"column":null}}},"162":{"name":"(anonymous_162)","decl":{"start":{"line":528,"column":26},"end":{"line":528,"column":null}},"loc":{"start":{"line":528,"column":26},"end":{"line":532,"column":33}}},"163":{"name":"(anonymous_163)","decl":{"start":{"line":532,"column":2},"end":{"line":532,"column":8}},"loc":{"start":{"line":532,"column":49},"end":{"line":536,"column":3}}},"164":{"name":"(anonymous_164)","decl":{"start":{"line":534,"column":6},"end":{"line":534,"column":7}},"loc":{"start":{"line":534,"column":8},"end":{"line":534,"column":null}}},"165":{"name":"getDeliveryJobsForDriver","decl":{"start":{"line":532,"column":8},"end":{"line":532,"column":32}},"loc":{"start":{"line":532,"column":32},"end":{"line":532,"column":33}}},"166":{"name":"(anonymous_166)","decl":{"start":{"line":532,"column":32},"end":{"line":532,"column":33}},"loc":{"start":{"line":532,"column":32},"end":{"line":538,"column":26}}},"167":{"name":"(anonymous_167)","decl":{"start":{"line":538,"column":2},"end":{"line":538,"column":8}},"loc":{"start":{"line":538,"column":59},"end":{"line":559,"column":3}}},"168":{"name":"createDeliveryJob","decl":{"start":{"line":538,"column":8},"end":{"line":538,"column":25}},"loc":{"start":{"line":538,"column":25},"end":{"line":538,"column":26}}},"169":{"name":"(anonymous_169)","decl":{"start":{"line":538,"column":25},"end":{"line":538,"column":26}},"loc":{"start":{"line":538,"column":25},"end":{"line":561,"column":null}}},"170":{"name":"(anonymous_170)","decl":{"start":{"line":561,"column":2},"end":{"line":561,"column":8}},"loc":{"start":{"line":563,"column":33},"end":{"line":579,"column":3}}},"171":{"name":"updateDeliveryJobStatus","decl":{"start":{"line":561,"column":8},"end":{"line":561,"column":31}},"loc":{"start":{"line":561,"column":31},"end":{"line":561,"column":null}}},"172":{"name":"(anonymous_172)","decl":{"start":{"line":561,"column":31},"end":{"line":561,"column":null}},"loc":{"start":{"line":561,"column":31},"end":{"line":581,"column":31}}},"173":{"name":"(anonymous_173)","decl":{"start":{"lin
[...]
,"C:\\Users\\roymichaels\\Desktop\\dev\\thecongress\\thecongress\\src\\ui\\primitives\\Menu.tsx": {"path":"C:\\Users\\roymichaels\\Desktop\\dev\\thecongress\\thecongress\\src\\ui\\primitives\\Menu.tsx","statementMap":{"0":{"start":{"line":22,"column":38},"end":{"line":22,"column":37}},"1":{"start":{"line":22,"column":44},"end":{"line":22,"column":43}},"2":{"start":{"line":22,"column":58},"end":{"line":22,"column":57}},"3":{"start":{"line":22,"column":65},"end":{"line":22,"column":64}},"4":{"start":{"line":23,"column":21},"end":{"line":23,"column":31}},"5":{"start":{"line":23,"column":16},"end":{"line":23,"column":15}},"6":{"start":{"line":24,"column":23},"end":{"line":24,"column":36}},"7":{"start":{"line":24,"column":11},"end":{"line":24,"column":10}},"8":{"start":{"line":24,"column":18},"end":{"line":24,"column":17}},"9":{"start":{"line":25,"column":42},"end":{"line":25,"column":71}},"10":{"start":{"line":25,"column":71},"end":{"line":25,"column":null}},"11":{"start":{"line":25,"column":21},"end":{"line":25,"column":23}},"12":{"start":{"line":25,"column":38},"end":{"line":25,"column":42}},"13":{"start":{"line":26,"column":18},"end":{"line":26,"column":36}},"14":{"start":{"line":28,"column":2},"end":{"line":49,"column":null}},"15":{"start":{"line":29,"column":4},"end":{"line":29,"column":null}},"16":{"start":{"line":29,"column":40},"end":{"line":29,"column":null}},"17":{"start":{"line":31,"column":26},"end":{"line":33,"column":5}},"18":{"start":{"line":32,"column":6},"end":{"line":32,"column":null}},"19":{"start":{"line":32,"column":30},"end":{"line":32,"column":null}},"20":{"start":{"line":35,"column":24},"end":{"line":40,"column":5}},"21":{"start":{"line":36,"column":22},"end":{"line":36,"column":44}},"22":{"start":{"line":37,"column":6},"end":{"line":39,"column":null}},"23":{"start":{"line":38,"column":8},"end":{"line":38,"column":null}},"24":{"start":{"line":42,"column":4},"end":{"line":42,"column":null}},"25":{"start":{"line":43,"column":4},"end":{"line":43,"column":null}},"26":{"start":{"line":45,"column":4},"end":{"line":48,"column":null}},"27":{"start":{"line":46,"column":6},"end":{"line":46,"column":null}},"28":{"start":{"line":47,"column":6},"end":{"line":47,"column":null}},"29":{"start":{"line":51,"column":2},"end":{"line":120,"column":null}},"30":{"start":{"line":63,"column":21},"end":{"line":63,"column":null}},"31":{"start":{"line":79,"column":37},"end":{"line":114,"column":null}},"32":{"start":{"line":85,"column":25},"end":{"line":85,"column":null}},"33":{"start":{"line":86,"column":24},"end":{"line":86,"column":null}},"34":{"start":{"line":96,"column":20},"end":{"line":96,"column":null}},"35":{"start":{"line":97,"column":20},"end":{"line":97,"column":null}},"36":{"start":{"line":124,"column":15},"end":{"line":149,"column":2}}},"fnMap":{"0":{"name":"Menu","decl":{"start":{"line":22,"column":24},"end":{"line":22,"column":28}},"loc":{"start":{"line":22,"column":78},"end":{"line":122,"column":null}}},"1":{"name":"(anonymous_1)","decl":{"start":{"line":28,"column":12},"end":{"line":28,"column":17}},"loc":{"start":{"line":28,"column":17},"end":{"line":49,"column":3}}},"2":{"name":"handleKeyDown","decl":{"start":{"line":31,"column":10},"end":{"line":31,"column":23}},"loc":{"start":{"line":31,"column":47},"end":{"line":33,"column":5}}},"3":{"name":"handleFocus","decl":{"start":{"line":35,"column":10},"end":{"line":35,"column":21}},"loc":{"start":{"line":35,"column":42},"end":{"line":40,"column":5}}},"4":{"name":"(anonymous_4)","decl":{"start":{"line":45,"column":11},"end":{"line":45,"column":16}},"loc":{"start":{"line":45,"column":16},"end":{"line":48,"column":5}}},"5":{"name":"onPress","decl":{"start":{"line":63,"column":14},"end":{"line":63,"column":21}},"loc":{"start":{"line":63,"column":21},"end":{"line":63,"column":null}}},"6":{"name":"(anonymous_6)","decl":{"start":{"line":79,"column":25},"end":{"line":79,"column":26}},"loc":{"start":{"line":79,"column":37},"end":{"line":114,"column":null}}},"7":{"name":"onFocus","decl":{"start":{"line":85,"column":18},"end":{"line":85,"column":25}},"loc":{"start":{"line":85,"column":25},"end":{"line":85,"column":null}}},"8":{"name":"onBlur","decl":{"start":{"line":86,"column":18},"end":{"line":86,"column":24}},"loc":{"start":{"line":86,"column":24},"end":{"line":86,"column":null}}},"9":{"name":"onPress","decl":{"start":{"line":95,"column":18},"end":{"line":95,"column":25}},"loc":{"start":{"line":95,"column":32},"end":{"line":98,"column":19}}}},"branchMap":{"0":{"loc":{"start":{"line":29,"column":4},"end":{"line":29,"column":null}},"type":"if","locations":[{"start":{"line":29,"column":4},"end":{"line":29,"column":null}}]},"1":{"loc":{"start":{"line":29,"column":8},"end":{"line":29,"column":38}},"type":"binary-expr","locations":[{"start":{"line":29,"column":8},"end":{"line":29,"column":13}},{"start":{"line":29,"column":17},"end":{"line":29,"column":38}}]},"2":{"loc":{"start":{"line":32,"column":6},"end":{"line":32,"column":null}},"type":"if","locations":[{"start":{"line":32,"column":6},"end":{"line":32,"column":null}}]},"3":{"loc":{"start":{"line":37,"column":6},"end":{"line":39,"column":null}},"type":"if","locations":[{"start":{"line":37,"column":6},"end":{"line":39,"column":null}}]},"4":{"loc":{"start":{"line":37,"column":10},"end":{"line":37,"column":56}},"type":"binary-expr","locations":[{"start":{"line":37,"column":10},"end":{"line":37,"column":17}},{"start":{"line":37,"column":21},"end":{"line":37,"column":56}}]},"5":{"loc":{"start":{"line":54,"column":7},"end":{"line":117,"column":null}},"type":"binary-expr","locations":[{"start":{"line":54,"column":7},"end":{"line":54,"column":11}},{"start":{"line":55,"column":8},"end":{"line":117,"column":null}}]},"6":{"loc":{"start":{"line":59,"column":16},"end":{"line":61,"column":80}},"type":"cond-expr","locations":[{"start":{"line":60,"column":20},"end":{"line":60,"column":82}},{"start":{"line":61,"column":20},"end":{"line":61,"column":80}}]},"7":{"loc":{"start":{"line":76,"column":16},"end":{"line":76,"column":79}},"type":"cond-expr","locations":[{"start":{"line":76,"column":24},"end":{"line":76,"column":51}},{"start":{"line":76,"column":54},"end":{"line":76,"column":79}}]},"8":{"loc":{"start":{"line":89,"column":20},"end":{"line":89,"column":67}},"type":"cond-expr","locations":[{"start":{"line":89,"column":28},"end":{"line":89,"column":60}},{"start":{"line":89,"column":63},"end":{"line":89,"column":67}}]},"9":{"loc":{"start":{"line":90,"column":20},"end":{"line":93,"column":null}},"type":"binary-expr","locations":[{"start":{"line":90,"column":20},"end":{"line":90,"column":42}},{"start":{"line":90,"column":46},"end":{"line":93,"column":null}}]},"10":{"loc":{"start":{"line":105,"column":31},"end":{"line":107,"column":null}},"type":"cond-expr","locations":[{"start":{"line":106,"column":28},"end":{"line":106,"column":47}},{"start":{"line":107,"column":28},"end":{"line":107,"column":null}}]},"11":{"loc":{"start":{"line":109,"column":22},"end":{"line":109,"column":85}},"type":"cond-expr","locations":[{"start":{"line":109,"column":30},"end":{"line":109,"column":78}},{"start":{"line":109,"column":81},"end":{"line":109,"column":85}}]}},"s":{"0":0,"1":0,"2":0,"3":0,"4":0,"5":0,"6":0,"7":0,"8":0,"9":0,"10":0,"11":0,"12":0,"13":0,"14":0,"15":0,"16":0,"17":0,"18":0,"19":0,"20":0,"21":0,"22":0,"23":0,"24":0,"25":0,"26":0,"27":0,"28":0,"29":0,"30":0,"31":0,"32":0,"33":0,"34":0,"35":0,"36":0},"f":{"0":0,"1":0,"2":0,"3":0,"4":0,"5":0,"6":0,"7":0,"8":0,"9":0},"b":{"0":[0],"1":[0,0],"2":[0],"3":[0],"4":[0,0],"5":[0,0],"6":[0,0],"7":[0,0],"8":[0,0],"9":[0,0],"10":[0,0],"11":[0,0]}}
,"C:\\Users\\roymichaels\\Desktop\\dev\\thecongress\\thecongress\\src\\ui\\primitives\\Overlay.tsx": {"path":"C:\\Users\\roymichaels\\Desktop\\dev\\thecongress\\thecongress\\src\\ui\\primitives\\Overlay.tsx","statementMap":{"0":{"start":{"line":8,"column":39},"end":{"line":8,"column":38}},"1":{"start":{"line":9,"column":2},"end":{"line":9,"column":null}}},"fnMap":{"0":{"name":"Overlay","decl":{"start":{"line":8,"column":24},"end":{"line":8,"column":31}},"loc":{"start":{"line":8,"column":55},"end":{"line":10,"column":null}}}},"branchMap":{},"s":{"0":0,"1":0},"f":{"0":0},"b":{}}
,"C:\\Users\\roymichaels\\Desktop\\dev\\thecongress\\thecongress\\src\\ui\\primitives\\Portal.tsx": {"path":"C:\\Users\\roymichaels\\Desktop\\dev\\thecongress\\thecongress\\src\\ui\\primitives\\Portal.tsx","statementMap":{"0":{"start":{"line":9,"column":41},"end":{"line":9,"column":40}},"1":{"start":{"line":10,"column":2},"end":{"line":21,"column":null}},"2":{"start":{"line":15,"column":4},"end":{"line":20,"column":null}},"3":{"start":{"line":23,"column":2},"end":{"line":29,"column":null}}},"fnMap":{"0":{"name":"Portal","decl":{"start":{"line":9,"column":24},"end":{"line":9,"column":30}},"loc":{"start":{"line":9,"column":56},"end":{"line":31,"column":null}}}},"branchMap":{"0":{"loc":{"start":{"line":10,"column":2},"end":{"line":21,"column":null}},"type":"if","locations":[{"start":{"line":10,"column":2},"end":{"line":21,"column":null}}]}},"s":{"0":0,"1":0,"2":0,"3":0},"f":{"0":0},"b":{"0":[0]}}
,"C:\\Users\\roymichaels\\Desktop\\dev\\thecongress\\thecongress\\src\\ui\\primitives\\Skeleton.tsx": {"path":"C:\\Users\\roymichaels\\Desktop\\dev\\thecongress\\thecongress\\src\\ui\\primitives\\Skeleton.tsx","statementMap":{"0":{"start":{"line":29,"column":16},"end":{"line":24,"column":7}},"1":{"start":{"line":24,"column":7},"end":{"line":24,"column":null}},"2":{"start":{"line":24,"column":16},"end":{"line":25,"column":8}},"3":{"start":{"line":25,"column":8},"end":{"line":25,"column":null}},"4":{"start":{"line":26,"column":7},"end":{"line":26,"column":6}},"5":{"start":{"line":26,"column":7},"end":{"line":27,"column":14}},"6":{"start":{"line":27,"column":14},"end":{"line":27,"column":null}},"7":{"start":{"line":28,"column":9},"end":{"line":28,"column":null}},"8":{"start":{"line":30,"column":21},"end":{"line":30,"column":31}},"9":{"start":{"line":30,"column":16},"end":{"line":30,"column":15}},"10":{"start":{"line":31,"column":18},"end":{"line":31,"column":55}},"11":{"start":{"line":32,"column":23},"end":{"line":32,"column":41}},"12":{"start":{"line":34,"column":2},"end":{"line":45,"column":null}},"13":{"start":{"line":35,"column":4},"end":{"line":35,"column":null}},"14":{"start":{"line":35,"column":22},"end":{"line":35,"column":null}},"15":{"start":{"line":36,"column":22},"end":{"line":41,"column":null}},"16":{"start":{"line":43,"column":4},"end":{"line":43,"column":null}},"17":{"start":{"line":44,"column":4},"end":{"line":44,"column":null}},"18":{"start":{"line":44,"column":11},"end":{"line":44,"column":null}},"19":{"start":{"line":47,"column":21},"end":{"line":52,"column":8}},"20":{"start":{"line":54,"column":2},"end":{"line":84,"column":null}}},"fnMap":{"0":{"name":"Skeleton","decl":{"start":{"line":23,"column":24},"end":{"line":23,"column":32}},"loc":{"start":{"line":29,"column":16},"end":{"line":86,"column":null}}},"1":{"name":"(anonymous_1)","decl":{"start":{"line":34,"column":12},"end":{"line":34,"column":17}},"loc":{"start":{"line":34,"column":17},"end":{"line":45,"column":3}}},"2":{"name":"(anonymous_2)","decl":{"start":{"line":44,"column":11},"end":{"line":44,"column":17}},"loc":{"start":{"line":44,"column":11},"end":{"line":44,"column":null}}}},"branchMap":{"0":{"loc":{"start":{"line":24,"column":7},"end":{"line":24,"column":null}},"type":"cond-expr","locations":[{"start":{"line":24,"column":10},"end":{"line":24,"column":16}},{"start":{"line":24,"column":16},"end":{"line":24,"column":null}}]},"1":{"loc":{"start":{"line":25,"column":8},"end":{"line":25,"column":null}},"type":"cond-expr","locations":[{"start":{"line":25,"column":11},"end":{"line":25,"column":13}},{"start":{"line":25,"column":13},"end":{"line":25,"column":null}}]},"2":{"loc":{"start":{"line":27,"column":14},"end":{"line":27,"column":null}},"type":"cond-expr","locations":[{"start":{"line":27,"column":17},"end":{"line":27,"column":26}},{"start":{"line":27,"column":26},"end":{"line":27,"column":null}}]},"3":{"loc":{"start":{"line":35,"column":4},"end":{"line":35,"column":null}},"type":"if","locations":[{"start":{"line":35,"column":4},"end":{"line":35,"column":null}}]},"4":{"loc":{"start":{"line":47,"column":21},"end":{"line":52,"column":8}},"type":"cond-expr","locations":[{"start":{"line":48,"column":6},"end":{"line":48,"column":7}},{"start":{"line":49,"column":6},"end":{"line":52,"column":8}}]},"5":{"loc":{"start":{"line":68,"column":7},"end":{"line":81,"column":null}},"type":"cond-expr","locations":[{"start":{"line":69,"column":8},"end":{"line":69,"column":36}},{"start":{"line":71,"column":8},"end":{"line":81,"column":null}}]}},"s":{"0":0,"1":0,"2":0,"3":0,"4":0,"5":0,"6":0,"7":0,"8":0,"9":0,"10":0,"11":0,"12":0,"13":0,"14":0,"15":0,"16":0,"17":0,"18":0,"19":0,"20":0},"f":{"0":0,"1":0,"2":0},"b":{"0":[0,0],"1":[0,0],"2":[0,0],"3":[0],"4":[0,0],"5":[0,0]}}
,"C:\\Users\\roymichaels\\Desktop\\dev\\thecongress\\thecongress\\src\\ui\\primitives\\Spinner.tsx": {"path":"C:\\Users\\roymichaels\\Desktop\\dev\\thecongress\\thecongress\\src\\ui\\primitives\\Spinner.tsx","statementMap":{"0":{"start":{"line":5,"column":39},"end":{"line":5,"column":38}},"1":{"start":{"line":5,"column":49},"end":{"line":5,"column":75}},"2":{"start":{"line":6,"column":21},"end":{"line":6,"column":31}},"3":{"start":{"line":6,"column":16},"end":{"line":6,"column":15}},"4":{"start":{"line":7,"column":2},"end":{"line":7,"column":null}}},"fnMap":{"0":{"name":"Spinner","decl":{"start":{"line":5,"column":24},"end":{"line":5,"column":31}},"loc":{"start":{"line":5,"column":75},"end":{"line":8,"column":null}}}},"branchMap":{"0":{"loc":{"start":{"line":7,"column":35},"end":{"line":7,"column":55}},"type":"binary-expr","locations":[{"start":{"line":7,"column":35},"end":{"line":7,"column":40}},{"start":{"line":7,"column":44},"end":{"line":7,"column":55}}]}},"s":{"0":0,"1":0,"2":0,"3":0,"4":0},"f":{"0":0},"b":{"0":[0,0]}}
,"C:\\Users\\roymichaels\\Desktop\\dev\\thecongress\\thecongress\\src\\ui\\primitives\\Text.tsx": {"path":"C:\\Users\\roymichaels\\Desktop\\dev\\thecongress\\thecongress\\src\\ui\\primitives\\Text.tsx","statementMap":{"0":{"start":{"line":18,"column":8},"end":{"line":14,"column":9}},"1":{"start":{"line":14,"column":9},"end":{"line":14,"column":null}},"2":{"start":{"line":14,"column":16},"end":{"line":15,"column":8}},"3":{"start":{"line":15,"column":8},"end":{"line":15,"column":null}},"4":{"start":{"line":16,"column":7},"end":{"line":16,"column":6}},"5":{"start":{"line":17,"column":9},"end":{"line":17,"column":null}},"6":{"start":{"line":19,"column":21},"end":{"line":19,"column":38}},"7":{"start":{"line":20,"column":50},"end":{"line":20,"column":69}},"8":{"start":{"line":20,"column":18},"end":{"line":20,"column":17}},"9":{"start":{"line":20,"column":30},"end":{"line":20,"column":29}},"10":{"start":{"line":20,"column":45},"end":{"line":20,"column":44}},"11":{"start":{"line":22,"column":4},"end":{"line":24,"column":47}},"12":{"start":{"line":26,"column":2},"end":{"line":39,"column":null}}},"fnMap":{"0":{"name":"Text","decl":{"start":{"line":13,"column":24},"end":{"line":13,"column":28}},"loc":{"start":{"line":18,"column":8},"end":{"line":41,"column":null}}}},"branchMap":{"0":{"loc":{"start":{"line":14,"column":9},"end":{"line":14,"column":null}},"type":"cond-expr","locations":[{"start":{"line":14,"column":12},"end":{"line":14,"column":16}},{"start":{"line":14,"column":16},"end":{"line":14,"column":null}}]},"1":{"loc":{"start":{"line":15,"column":8},"end":{"line":15,"column":null}},"type":"cond-expr","locations":[{"start":{"line":15,"column":11},"end":{"line":15,"column":16}},{"start":{"line":15,"column":16},"end":{"line":15,"column":null}}]},"2":{"loc":{"start":{"line":22,"column":4},"end":{"line":24,"column":47}},"type":"binary-expr","locations":[{"start":{"line":22,"column":5},"end":{"line":24,"column":36}},{"start":{"line":24,"column":41},"end":{"line":24,"column":47}}]},"3":{"loc":{"start":{"line":22,"column":5},"end":{"line":24,"column":36}},"type":"cond-expr","locations":[{"start":{"line":23,"column":8},"end":{"line":23,"column":38}},{"start":{"line":24,"column":8},"end":{"line":24,"column":36}}]},"4":{"loc":{"start":{"line":24,"column":8},"end":{"line":24,"column":36}},"type":"cond-expr","locations":[{"start":{"line":24,"column":27},"end":{"line":24,"column":29}},{"start":{"line":24,"column":8},"end":{"line":24,"column":36}}]},"5":{"loc":{"start":{"line":24,"column":8},"end":{"line":24,"column":29}},"type":"binary-expr","locations":[{"start":{"line":24,"column":8},"end":{"line":24,"column":15}},{"start":{"line":24,"column":13},"end":{"line":24,"column":23}},{"start":{"line":24,"column":21},"end":{"line":24,"column":29}}]}},"s":{"0":0,"1":0,"2":0,"3":0,"4":0,"5":0,"6":0,"7":0,"8":0,"9":0,"10":0,"11":0,"12":0},"f":{"0":0},"b":{"0":[0,0],"1":[0,0],"2":[0,0],"3":[0,0],"4":[0,0],"5":[0,0,0]}}
,"C:\\Users\\roymichaels\\Desktop\\dev\\thecongress\\thecongress\\src\\ui\\primitives\\TextField.tsx": {"path":"C:\\Users\\roymichaels\\Desktop\\dev\\thecongress\\thecongress\\src\\ui\\primitives\\TextField.tsx","statementMap":{"0":{"start":{"line":12,"column":7},"end":{"line":12,"column":6}},"1":{"start":{"line":13,"column":14},"end":{"line":13,"column":13}},"2":{"start":{"line":14,"column":13},"end":{"line":14,"column":12}},"3":{"start":{"line":15,"column":7},"end":{"line":15,"column":6}},"4":{"start":{"line":16,"column":17},"end":{"line":16,"column":16}},"5":{"start":{"line":17,"column":14},"end":{"line":17,"column":13}},"6":{"start":{"line":18,"column":11},"end":{"line":18,"column":10}},"7":{"start":{"line":18,"column":11},"end":{"line":19,"column":9}},"8":{"start":{"line":19,"column":9},"end":{"line":19,"column":null}},"9":{"start":{"line":20,"column":9},"end":{"line":20,"column":null}},"10":{"start":{"line":22,"column":21},"end":{"line":22,"column":31}},"11":{"start":{"line":22,"column":16},"end":{"line":22,"column":15}},"12":{"start":{"line":25,"column":4},"end":{"line":30,"column":17}},"13":{"start":{"line":32,"column":2},"end":{"line":54,"column":null}}},"fnMap":{"0":{"name":"TextField","decl":{"start":{"line":11,"column":24},"end":{"line":11,"column":33}},"loc":{"start":{"line":21,"column":17},"end":{"line":56,"column":null}}}},"branchMap":{"0":{"loc":{"start":{"line":19,"column":9},"end":{"line":19,"column":null}},"type":"cond-expr","locations":[{"start":{"line":19,"column":12},"end":{"line":19,"column":21}},{"start":{"line":19,"column":21},"end":{"line":19,"column":null}}]},"1":{"loc":{"start":{"line":25,"column":4},"end":{"line":30,"column":17}},"type":"cond-expr","locations":[{"start":{"line":26,"column":8},"end":{"line":29,"column":null}},{"start":{"line":30,"column":8},"end":{"line":30,"column":17}}]}},"s":{"0":0,"1":0,"2":0,"3":0,"4":0,"5":0,"6":0,"7":0,"8":0,"9":0,"10":0,"11":0,"12":0,"13":0},"f":{"0":0},"b":{"0":[0,0],"1":[0,0]}}
}
