{"C:\\Users\\roymichaels\\Desktop\\dev\\thecongress\\thecongress\\services\\chain.ts": {"path":"C:\\Users\\roymichaels\\Desktop\\dev\\thecongress\\thecongress\\services\\chain.ts","statementMap":{"0":{"start":{"line":3,"column":0},"end":{"line":3,"column":16}},"1":{"start":{"line":1,"column":14},"end":{"line":1,"column":20}},"2":{"start":{"line":4,"column":2},"end":{"line":6,"column":null}},"3":{"start":{"line":5,"column":4},"end":{"line":5,"column":null}},"4":{"start":{"line":9,"column":0},"end":{"line":9,"column":null}}},"fnMap":{"0":{"name":"assertNearChain","decl":{"start":{"line":3,"column":16},"end":{"line":3,"column":31}},"loc":{"start":{"line":3,"column":31},"end":{"line":7,"column":null}}}},"branchMap":{"0":{"loc":{"start":{"line":4,"column":2},"end":{"line":6,"column":null}},"type":"if","locations":[{"start":{"line":4,"column":2},"end":{"line":6,"column":null}}]}},"s":{"0":9,"1":9,"2":17,"3":0,"4":9},"f":{"0":17},"b":{"0":[0]}}
,"C:\\Users\\roymichaels\\Desktop\\dev\\thecongress\\thecongress\\services\\chatConfig.ts": {"path":"C:\\Users\\roymichaels\\Desktop\\dev\\thecongress\\thecongress\\services\\chatConfig.ts","statementMap":{"0":{"start":{"line":5,"column":0},"end":{"line":7,"column":null}},"1":{"start":{"line":6,"column":19},"end":{"line":6,"column":44}},"2":{"start":{"line":6,"column":5},"end":{"line":6,"column":19}},"3":{"start":{"line":9,"column":38},"end":{"line":9,"column":null}},"4":{"start":{"line":13,"column":1},"end":{"line":13,"column":null}},"5":{"start":{"line":10,"column":2},"end":{"line":10,"column":null}},"6":{"start":{"line":10,"column":18},"end":{"line":10,"column":null}},"7":{"start":{"line":11,"column":14},"end":{"line":11,"column":34}},"8":{"start":{"line":12,"column":2},"end":{"line":12,"column":null}}},"fnMap":{"0":{"name":"isChatConfigured","decl":{"start":{"line":9,"column":22},"end":{"line":9,"column":38}},"loc":{"start":{"line":9,"column":38},"end":{"line":9,"column":null}}},"1":{"name":"_isChatConfigured","decl":{"start":{"line":13,"column":1},"end":{"line":13,"column":null}},"loc":{"start":{"line":13,"column":1},"end":{"line":13,"column":null}}},"2":{"name":"(anonymous_2)","decl":{"start":{"line":9,"column":7},"end":{"line":9,"column":22}},"loc":{"start":{"line":9,"column":38},"end":{"line":13,"column":1}}}},"branchMap":{"0":{"loc":{"start":{"line":5,"column":0},"end":{"line":7,"column":null}},"type":"if","locations":[{"start":{"line":5,"column":0},"end":{"line":7,"column":null}}]},"1":{"loc":{"start":{"line":10,"column":2},"end":{"line":10,"column":null}},"type":"if","locations":[{"start":{"line":10,"column":2},"end":{"line":10,"column":null}}]}},"s":{"0":0,"1":0,"2":0,"3":0,"4":0,"5":0,"6":0,"7":0,"8":0},"f":{"0":0,"1":0,"2":0},"b":{"0":[0],"1":[0]}}
,"C:\\Users\\roymichaels\\Desktop\\dev\\thecongress\\thecongress\\services\\database.ts": {"path":"C:\\Users\\roymichaels\\Desktop\\dev\\thecongress\\thecongress\\services\\database.ts","statementMap":{"0":{"start":{"line":2,"column":0},"end":{"line":2,"column":null}},"1":{"start":{"line":3,"column":0},"end":{"line":3,"column":null}},"2":{"start":{"line":4,"column":0},"end":{"line":4,"column":null}},"3":{"start":{"line":5,"column":0},"end":{"line":5,"column":null}},"4":{"start":{"line":9,"column":0},"end":{"line":9,"column":null}},"5":{"start":{"line":13,"column":0},"end":{"line":13,"column":null}},"6":{"start":{"line":14,"column":0},"end":{"line":14,"column":null}},"7":{"start":{"line":15,"column":0},"end":{"line":15,"column":null}},"8":{"start":{"line":16,"column":0},"end":{"line":16,"column":null}},"9":{"start":{"line":17,"column":0},"end":{"line":17,"column":null}},"10":{"start":{"line":18,"column":0},"end":{"line":18,"column":null}},"11":{"start":{"line":19,"column":0},"end":{"line":19,"column":null}},"12":{"start":{"line":20,"column":0},"end":{"line":20,"column":null}},"13":{"start":{"line":23,"column":0},"end":{"line":25,"column":null}},"14":{"start":{"line":24,"column":24},"end":{"line":24,"column":74}},"15":{"start":{"line":24,"column":5},"end":{"line":24,"column":24}},"16":{"start":{"line":45,"column":27},"end":{"line":45,"column":29}},"17":{"start":{"line":46,"column":28},"end":{"line":46,"column":44}},"18":{"start":{"line":47,"column":32},"end":{"line":47,"column":43}},"19":{"start":{"line":49,"column":21},"end":{"line":146,"column":null}},"20":{"start":{"line":70,"column":2},"end":{"line":70,"column":25}},"21":{"start":{"line":70,"column":2},"end":{"line":52,"column":null}},"22":{"start":{"line":52,"column":78},"end":{"line":56,"column":null}},"23":{"start":{"line":56,"column":5},"end":{"line":57,"column":null}},"24":{"start":{"line":57,"column":72},"end":{"line":58,"column":null}},"25":{"start":{"line":58,"column":66},"end":{"line":59,"column":null}},"26":{"start":{"line":59,"column":72},"end":{"line":63,"column":null}},"27":{"start":{"line":63,"column":5},"end":{"line":64,"column":null}},"28":{"start":{"line":64,"column":55},"end":{"line":68,"column":null}},"29":{"start":{"line":70,"column":26},"end":{"line":146,"column":null}},"30":{"start":{"line":70,"column":26},"end":{"line":90,"column":null}},"31":{"start":{"line":78,"column":14},"end":{"line":78,"column":38}},"32":{"start":{"line":79,"column":17},"end":{"line":79,"column":63}},"33":{"start":{"line":80,"column":21},"end":{"line":81,"column":null}},"34":{"start":{"line":83,"column":4},"end":{"line":89,"column":null}},"35":{"start":{"line":77,"column":32},"end":{"line":77,"column":33}},"36":{"start":{"line":77,"column":32},"end":{"line":110,"column":null}},"37":{"start":{"line":93,"column":4},"end":{"line":108,"column":null}},"38":{"start":{"line":94,"column":6},"end":{"line":107,"column":null}},"39":{"start":{"line":95,"column":17},"end":{"line":96,"column":null}},"40":{"start":{"line":98,"column":8},"end":{"line":104,"column":null}},"41":{"start":{"line":99,"column":19},"end":{"line":99,"column":57}},"42":{"start":{"line":100,"column":19},"end":{"line":100,"column":48}},"43":{"start":{"line":101,"column":10},"end":{"line":101,"column":null}},"44":{"start":{"line":103,"column":10},"end":{"line":103,"column":null}},"45":{"start":{"line":106,"column":8},"end":{"line":106,"column":null}},"46":{"start":{"line":109,"column":4},"end":{"line":109,"column":null}},"47":{"start":{"line":92,"column":28},"end":{"line":92,"column":29}},"48":{"start":{"line":92,"column":28},"end":{"line":124,"column":null}},"49":{"start":{"line":113,"column":17},"end":{"line":113,"column":44}},"50":{"start":{"line":114,"column":4},"end":{"line":123,"column":null}},"51":{"start":{"line":115,"column":15},"end":{"line":115,"column":53}},"52":{"start":{"line":116,"column":15},"end":{"line":116,"column":61}},"53":{"start":{"line":117,"column":6},"end":{"line":120,"column":null}},"54":{"start":{"line":122,"column":6},"end":{"line":122,"column":null}},"55":{"start":{"line":112,"column":31},"end":{"line":112,"column":32}},"56":{"start":{"line":112,"column":31},"end":{"line":139,"column":null}},"57":{"start":{"line":130,"column":20},"end":{"line":130,"column":51}},"58":{"start":{"line":131,"column":4},"end":{"line":131,"column":null}},"59":{"start":{"line":132,"column":4},"end":{"line":138,"column":null}},"60":{"start":{"line":133,"column":15},"end":{"line":133,"column":47}},"61":{"start":{"line":134,"column":19},"end":{"line":134,"column":68}},"62":{"start":{"line":135,"column":6},"end":{"line":135,"column":null}},"63":{"start":{"line":137,"column":6},"end":{"line":137,"column":null}},"64":{"start":{"line":126,"column":33},"end":{"line":126,"column":null}},"65":{"start":{"line":126,"column":33},"end":{"line":150,"column":null}},"66":{"start":{"line":149,"column":4},"end":{"line":149,"column":null}},"67":{"start":{"line":148,"column":22},"end":{"line":148,"column":23}},"68":{"start":{"line":148,"column":22},"end":{"line":160,"column":null}},"69":{"start":{"line":156,"column":14},"end":{"line":156,"column":50}},"70":{"start":{"line":157,"column":4},"end":{"line":157,"column":null}},"71":{"start":{"line":157,"column":15},"end":{"line":157,"column":null}},"72":{"start":{"line":158,"column":4},"end":{"line":158,"column":null}},"73":{"start":{"line":159,"column":4},"end":{"line":159,"column":null}},"74":{"start":{"line":152,"column":22},"end":{"line":152,"column":null}},"75":{"start":{"line":152,"column":22},"end":{"line":164,"column":null}},"76":{"start":{"line":163,"column":4},"end":{"line":163,"column":null}},"77":{"start":{"line":162,"column":21},"end":{"line":162,"column":null}},"78":{"start":{"line":162,"column":21},"end":{"line":175,"column":null}},"79":{"start":{"line":171,"column":4},"end":{"line":174,"column":null}},"80":{"start":{"line":166,"column":19},"end":{"line":166,"column":null}},"81":{"start":{"line":166,"column":19},"end":{"line":181,"column":null}},"82":{"start":{"line":178,"column":18},"end":{"line":178,"column":44}},"83":{"start":{"line":179,"column":4},"end":{"line":179,"column":null}},"84":{"start":{"line":179,"column":19},"end":{"line":179,"column":null}},"85":{"start":{"line":180,"column":4},"end":{"line":180,"column":null}},"86":{"start":{"line":177,"column":22},"end":{"line":177,"column":23}},"87":{"start":{"line":177,"column":22},"end":{"line":185,"column":null}},"88":{"start":{"line":184,"column":4},"end":{"line":184,"column":null}},"89":{"start":{"line":183,"column":22},"end":{"line":183,"column":23}},"90":{"start":{"line":183,"column":22},"end":{"line":190,"column":null}},"91":{"start":{"line":188,"column":17},"end":{"line":188,"column":53}},"92":{"start":{"line":189,"column":4},"end":{"line":189,"column":null}},"93":{"start":{"line":187,"column":18},"end":{"line":187,"column":19}},"94":{"start":{"line":187,"column":18},"end":{"line":194,"column":null}},"95":{"start":{"line":193,"column":4},"end":{"line":193,"column":null}},"96":{"start":{"line":192,"column":21},"end":{"line":192,"column":22}},"97":{"start":{"line":192,"column":21},"end":{"line":199,"column":null}},"98":{"start":{"line":198,"column":4},"end":{"line":198,"column":null}},"99":{"start":{"line":197,"column":19},"end":{"line":197,"column":null}},"100":{"start":{"line":197,"column":19},"end":{"line":203,"column":null}},"101":{"start":{"line":202,"column":4},"end":{"line":202,"column":null}},"102":{"start":{"line":201,"column":18},"end":{"line":201,"column":19}},"103":{"start":{"line":201,"column":18},"end":{"line":210,"column":null}},"104":{"start":{"line":206,"column":15},"end":{"line":206,"column":35}},"105":{"start":{"line":207,"column":14},"end":{"line":207,"column":44}},"106":{"start":{"line":208,"column":4},"end":{"line":208,"column":null}},"107":{"start":{"line":209,"column":4},"end":{"line":209,"column":null}},"108":{"start":{"line":205,"column":18},"end":{"line":205,"column":19}},"109":{"start":{"line":205,"column":18},"end":{"line":216,"column":null}},"110":{"start":{"line":213,"column":18},"end":{"line":213,"column":43}},"111":{"start":{"line":214,"column":4},"end":{"line":214,"column":null}},"112":{"start":{"line":214,"column":19},"end":{"line":214,"column":null}},"113":{"start":{"line":215,"column":4},"end":{"line":215,"column":null}},"114":{"start":{"line":212,"column":21},"end":{"line":212,"column":22}},"115":{"start":{"line":212,"column":21},"end":{"line":220,"column":null}},"116":{"start":{"line":219,"column":4},"end":{"line":219,"column":null}},"117":{"start":{"line":218,"column":21},"end":{"line":218,"column":22}},"118":{"start":{"line":218,"column":21},"end":{"line":229,"column":null}},"119":{"start":{"line":224,"column":13},"end":{"line":224,"column":51}},"120":{"start":{"line":225,"column":4},"end":{"line":225,"column":null}},"121":{"start":{"line":225,"column":14},"end":{"line":225,"column":null}},"122":{"start":{"line":226,"column":4},"end":{"line":226,"column":null}},"123":{"start":{"line":227,"column":4},"end":{"line":227,"column":null}},"124":{"start":{"line":228,"column":4},"end":{"line":228,"column":null}},"125":{"start":{"line":223,"column":22},"end":{"line":223,"column":23}},"126":{"start":{"line":223,"column":22},"end":{"line":244,"column":null}},"127":{"start":{"line":235,"column":14},"end":{"line":235,"column":40}},"128":{"start":{"line":236,"column":4},"end":{"line":243,"column":null}},"129":{"start":{"line":237,"column":15},"end":{"line":237,"column":72}},"130":{"start":{"line":237,"column":49},"end":{"line":237,"column":66}},"131":{"start":{"line":238,"column":6},"end":{"line":242,"column":null}},"132":{"start":{"line":239,"column":8},"end":{"line":239,"column":null}},"133":{"start":{"line":240,"column":8},"end":{"line":240,"column":null}},"134":{"start":{"line":241,"column":8},"end":{"line":241,"column":null}},"135":{"start":{"line":231,"column":25},"end":{"line":231,"column":null}},"136":{"start":{"line":231,"column":25},"end":{"line":256,"column":null}},"137":{"start":{"line":247,"column":14},"end":{"line":247,"column":40}},"138":{"start":{"line":248,"column":4},"end":{"line":255,"column":null}},"139":{"start":{"line":249,"column":21},"end":{"line":249,"column":51}},"140":{"start":{"line":250,"column":6},"end":{"line":250,"column":null}},"141":{"start":{"line":250,"column":54},"end":{"line":250,"column":71}},"142":{"start":{"line":251,"column":6},"end":{"line":254,"column":null}},"143":{"start":{"line":252,"column":8},"end":{"line":252,"column":null}},"144":{"start":{"line":253,"column":8},"end":{"line":253,"column":null}},"145":{"start":{"line":246,"column":25},"end":{"line":246,"column":26}},"146":{"start":{"line":246,"column":25},"end":{"line":261,"column":null}},"147":{"start":{"line":260,"column":4},"end":{"line":260,"column":null}},"148":{"start":{"line":259,"column":23},"end":{"line":259,"column":null}},"149":{"start":{"line":259,"column":23},"end":{"line":265,"column":null}},"150":{"start":{"line":264,"column":4},"end":{"line":264,"column":null}},"151":{"start":{"line":263,"column":22},"end":{"line":263,"column":23}},"152":{"start":{"line":263,"column":22},"end":{"line":269,"column":null}},"153":{"start":{"line":268,"column":4},"end":{"line":268,"column":null}},"154":{"start":{"line":267,"column":22},"end":{"line":267,"column":23}},"155":{"start":{"line":267,"column":22},"end":{"line":278,"column":null}},"156":{"start":{"line":275,"column":21},"end":{"line":275,"column":46}},"157":{"start":{"line":276,"column":4},"end":{"line":276,"column":null}},"158":{"start":{"line":276,"column":19},"end":{"line":276,"column":null}},"159":{"start":{"line":277,"column":4},"end":{"line":277,"column":null}},"160":{"start":{"line":271,"column":25},"end":{"line":271,"column":null}},"161":{"start":{"line":271,"column":25},"end":{"line":282,"column":null}},"162":{"start":{"line":281,"column":4},"end":{"line":281,"column":null}},"163":{"start":{"line":280,"column":25},"end":{"line":280,"column":26}},"164":{"start":{"line":280,"column":25},"end":{"line":286,"column":null}},"165":{"start":{"line":285,"column":4},"end":{"line":285,"column":null}},"166":{"start":{"line":284,"column":19},"end":{"line":284,"column":20}},"167":{"start":{"line":284,"column":19},"end":{"line":291,"column":null}},"168":{"start":{"line":290,"column":4},"end":{"line":290,"column":null}},"169":{"start":{"line":289,"column":22},"end":{"line":289,"column":null}},"170":{"start":{"line":289,"column":22},"end":{"line":301,"column":null}},"171":{"start":{"line":296,"column":15},"end":{"line":296,"column":37}},"172":{"start":{"line":297,"column":16},"end":{"line":297,"column":40}},"173":{"start":{"line":298,"column":14},"end":{"line":298,"column":78}},"174":{"start":{"line":299,"column":4},"end":{"line":299,"column":null}},"175":{"start":{"line":300,"column":4},"end":{"line":300,"column":null}},"176":{"start":{"line":293,"column":21},"end":{"line":293,"column":null}},"177":{"start":{"line":293,"column":21},"end":{"line":311,"column":null}},"178":{"start":{"line":304,"column":21},"end":{"line":304,"column":45}},"179":{"start":{"line":305,"column":4},"end":{"line":305,"column":null}},"180":{"start":{"line":305,"column":19},"end":{"line":305,"column":null}},"181":{"start":{"line":306,"column":4},"end":{"line":310,"column":null}},"182":{"start":{"line":303,"column":24},"end":{"line":303,"column":25}},"183":{"start":{"line":303,"column":24},"end":{"line":315,"column":null}},"184":{"start":{"line":314,"column":4},"end":{"line":314,"column":null}},"185":{"start":{"line":313,"column":24},"end":{"line":313,"column":25}},"186":{"start":{"line":313,"column":24},"end":{"line":324,"column":null}},"187":{"start":{"line":318,"column":18},"end":{"line":318,"column":null}},"188":{"start":{"line":319,"column":4},"end":{"line":322,"column":null}},"189":{"start":{"line":320,"column":15},"end":{"line":320,"column":40}},"190":{"start":{"line":321,"column":6},"end":{"line":321,"column":null}},"191":{"start":{"line":321,"column":20},"end":{"line":321,"column":51}},"192":{"start":{"line":323,"column":4},"end":{"line":323,"column":null}},"193":{"start":{"line":318,"column":18},"end":{"line":329,"column":null}},"194":{"start":{"line":327,"column":4},"end":{"line":327,"column":null}},"195":{"start":{"line":328,"column":4},"end":{"line":328,"column":null}},"196":{"start":{"line":326,"column":17},"end":{"line":326,"column":18}},"197":{"start":{"line":326,"column":17},"end":{"line":335,"column":null}},"198":{"start":{"line":332,"column":21},"end":{"line":332,"column":41}},"199":{"start":{"line":333,"column":4},"end":{"line":333,"column":null}},"200":{"start":{"line":333,"column":19},"end":{"line":333,"column":null}},"201":{"start":{"line":334,"column":4},"end":{"line":334,"column":null}},"202":{"start":{"line":331,"column":20},"end":{"line":331,"column":21}},"203":{"start":{"line":331,"column":20},"end":{"line":339,"column":null}},"204":{"start":{"line":338,"column":4},"end":{"line":338,"column":null}},"205":{"start":{"line":337,"column":20},"end":{"line":337,"column":21}},"206":{"start":{"line":337,"column":20},"end":{"line":344,"column":null}},"207":{"start":{"line":343,"column":4},"end":{"line":343,"column":null}},"208":{"start":{"line":343,"column":41},"end":{"line":343,"column":66}},"209":{"start":{"line":342,"column":21},"end":{"line":342,"column":22}},"210":{"start":{"line":342,"column":21},"end":{"line":348,"column":null}},"211":{"start":{"line":347,"column":4},"end":{"line":347,"column":null}},"212":{"start":{"line":346,"column":26},"end":{"line":346,"column":null}},"213":{"start":{"line":346,"column":26},"end":{"line":364,"column":null}},"214":{"start":{"line":353,"column":4},"end":{"line":363,"column":null}},"215":{"start":{"line":355,"column":16},"end":{"line":356,"column":null}},"216":{"start":{"line":358,"column":13},"end":{"line":363,"column":8}},"217":{"start":{"line":350,"column":26},"end":{"line":350,"column":null}},"218":{"start":{"line":350,"column":26},"end":{"line":374,"column":null}},"219":{"start":{"line":370,"column":17},"end":{"line":370,"column":39}},"220":{"start":{"line":371,"column":4},"end":{"line":371,"column":null}},"221":{"start":{"line":371,"column":15},"end":{"line":371,"column":null}},"222":{"start":{"line":372,"column":4},"end":{"line":372,"column":null}},"223":{"start":{"line":373,"column":4},"end":{"line":373,"column":null}},"224":{"start":{"line":366,"column":30},"end":{"line":366,"column":null}},"225":{"start":{"line":366,"column":30},"end":{"line":387,"column":null}},"226":{"start":{"line":381,"column":17},"end":{"line":381,"column":39}},"227":{"start":{"line":382,"column":4},"end":{"line":382,"column":null}},"228":{"start":{"line":382,"column":15},"end":{"line":382,"column":null}},"229":{"start":{"line":383,"column":4},"end":{"line":383,"column":null}},"230":{"start":{"line":384,"column":4},"end":{"line":384,"column":null}},"231":{"start":{"line":385,"column":4},"end":{"line":385,"column":null}},"232":{"start":{"line":386,"column":4},"end":{"line":386,"column":null}},"233":{"start":{"line":376,"column":27},"end":{"line":376,"column":null}},"234":{"start":{"line":376,"column":27},"end":{"line":391,"column":null}},"235":{"start":{"line":390,"column":4},"end":{"line":390,"column":null}},"236":{"start":{"line":390,"column":40},"end":{"line":390,"column":71}},"237":{"start":{"line":389,"column":29},"end":{"line":389,"column":null}},"238":{"start":{"line":389,"column":29},"end":{"line":396,"column":null}},"239":{"start":{"line":395,"column":4},"end":{"line":395,"column":null}},"240":{"start":{"line":394,"column":20},"end":{"line":394,"column":null}},"241":{"start":{"line":394,"column":20},"end":{"line":424,"column":null}},"242":{"start":{"line":404,"column":4},"end":{"line":412,"column":null}},"243":{"start":{"line":405,"column":6},"end":{"line":411,"column":null}},"244":{"start":{"line":409,"column":8},"end":{"line":409,"column":null}},"245":{"start":{"line":409,"column":27},"end":{"line":409,"column":null}},"246":{"start":{"line":410,"column":8},"end":{"line":410,"column":null}},"247":{"start":{"line":413,"column":15},"end":{"line":413,"column":45}},"248":{"start":{"line":414,"column":4},"end":{"line":422,"column":null}},"249":{"start":{"line":423,"column":4},"end":{"line":423,"column":null}},"250":{"start":{"line":398,"column":27},"end":{"line":398,"column":null}},"251":{"start":{"line":398,"column":27},"end":{"line":432,"column":null}},"252":{"start":{"line":427,"column":17},"end":{"line":427,"column":39}},"253":{"start":{"line":428,"column":4},"end":{"line":431,"column":null}},"254":{"start":{"line":429,"column":6},"end":{"line":429,"column":null}},"255":{"start":{"line":430,"column":6},"end":{"line":430,"column":null}},"256":{"start":{"line":426,"column":24},"end":{"line":426,"column":25}},"257":{"start":{"line":426,"column":24},"end":{"line":452,"column":null}},"258":{"start":{"line":435,"column":15},"end":{"line":435,"column":44}},"259":{"start":{"line":436,"column":4},"end":{"line":450,"column":null}},"260":{"start":{"line":437,"column":6},"end":{"line":448,"column":null}},"261":{"start":{"line":438,"column":17},"end":{"line":438,"column":81}},"262":{"start":{"line":439,"column":8},"end":{"line":445,"column":null}},"263":{"start":{"line":440,"column":19},"end":{"line":440,"column":51}},"264":{"start":{"line":441,"column":19},"end":{"line":441,"column":48}},"265":{"start":{"line":442,"column":10},"end":{"line":442,"column":null}},"266":{"start":{"line":444,"column":10},"end":{"line":444,"column":null}},"267":{"start":{"line":447,"column":8},"end":{"line":447,"column":null}},"268":{"start":{"line":449,"column":6},"end":{"line":449,"column":null}},"269":{"start":{"line":451,"column":4},"end":{"line":451,"column":null}},"270":{"start":{"line":434,"column":23},"end":{"line":434,"column":24}},"271":{"start":{"line":434,"column":23},"end":{"line":465,"column":null}},"272":{"start":{"line":455,"column":17},"end":{"line":455,"column":52}},"273":{"start":{"line":456,"column":4},"end":{"line":456,"column":null}},"274":{"start":{"line":457,"column":4},"end":{"line":457,"column":null}},"275":{"start":{"line":458,"column":17},"end":{"line":458,"column":43}},"276":{"start":{"line":459,"column":4},"end":{"line":464,"column":null}},"277":{"start":{"line":460,"column":6},"end":{"line":460,"column":null}},"278":{"start":{"line":461,"column":6},"end":{"line":461,"column":null}},"279":{"start":{"line":462,"column":6},"end":{"line":462,"column":null}},"280":{"start":{"line":463,"column":6},"end":{"line":463,"column":null}},"281":{"start":{"line":454,"column":23},"end":{"line":454,"column":24}},"282":{"start":{"line":454,"column":23},"end":{"line":479,"column":null}},"283":{"start":{"line":471,"column":4},"end":{"line":478,"column":null}},"284":{"start":{"line":471,"column":52},"end":{"line":471,"column":null}},"285":{"start":{"line":471,"column":22},"end":{"line":471,"column":24}},"286":{"start":{"line":471,"column":28},"end":{"line":471,"column":33}},"287":{"start":{"line":472,"column":18},"end":{"line":472,"column":52}},"288":{"start":{"line":472,"column":35},"end":{"line":472,"column":52}},"289":{"start":{"line":473,"column":6},"end":{"line":477,"column":null}},"290":{"start":{"line":474,"column":8},"end":{"line":474,"column":null}},"291":{"start":{"line":475,"column":8},"end":{"line":475,"column":null}},"292":{"start":{"line":476,"column":8},"end":{"line":476,"column":null}},"293":{"start":{"line":467,"column":30},"end":{"line":467,"column":null}},"294":{"start":{"line":467,"column":30},"end":{"line":484,"column":null}},"295":{"start":{"line":483,"column":4},"end":{"line":483,"column":null}},"296":{"start":{"line":482,"column":24},"end":{"line":482,"column":25}},"297":{"start":{"line":482,"column":24},"end":{"line":499,"column":null}},"298":{"start":{"line":487,"column":14},"end":{"line":487,"column":48}},"299":{"start":{"line":488,"column":4},"end":{"line":488,"column":null}},"300":{"start":{"line":488,"column":20},"end":{"line":488,"column":51}},"301":{"start":{"line":488,"column":53},"end":{"line":488,"column":null}},"302":{"start":{"line":489,"column":17},"end":{"line":489,"column":49}},"303":{"start":{"line":490,"column":4},"end":{"line":490,"column":null}},"304":{"start":{"line":490,"column":18},"end":{"line":490,"column":null}},"305":{"start":{"line":491,"column":4},"end":{"line":496,"column":null}},"306":{"start":{"line":497,"column":4},"end":{"line":497,"column":null}},"307":{"start":{"line":498,"column":4},"end":{"line":498,"column":null}},"308":{"start":{"line":486,"column":23},"end":{"line":486,"column":24}},"309":{"start":{"line":486,"column":23},"end":{"line":505,"column":null}},"310":{"start":{"line":502,"column":14},"end":{"line":502,"column":48}},"311":{"start":{"line":503,"column":4},"end":{"line":503,"column":null}},"312":{"start":{"line":503,"column":42},"end":{"line":503,"column":73}},"313":{"start":{"line":504,"column":4},"end":{"line":504,"column":null}},"314":{"start":{"line":501,"column":26},"end":{"line":501,"column":27}},"315":{"start":{"line":501,"column":26},"end":{"line":510,"column":null}},"316":{"start":{"line":509,"column":4},"end":{"line":509,"column":null}},"317":{"start":{"line":508,"column":26},"end":{"line":508,"column":null}},"318":{"start":{"line":508,"column":26},"end":{"line":516,"column":null}},"319":{"start":{"line":513,"column":4},"end":{"line":515,"column":null}},"320":{"start":{"line":514,"column":8},"end":{"line":514,"column":null}},"321":{"start":{"line":512,"column":32},"end":{"line":512,"column":33}},"322":{"start":{"line":512,"column":32},"end":{"line":530,"column":null}},"323":{"start":{"line":519,"column":15},"end":{"line":519,"column":34}},"324":{"start":{"line":520,"column":16},"end":{"line":520,"column":40}},"325":{"start":{"line":521,"column":4},"end":{"line":528,"column":null}},"326":{"start":{"line":529,"column":4},"end":{"line":529,"column":null}},"327":{"start":{"line":518,"column":25},"end":{"line":518,"column":26}},"328":{"start":{"line":518,"column":25},"end":{"line":541,"column":null}},"329":{"start":{"line":536,"column":16},"end":{"line":536,"column":41}},"330":{"start":{"line":537,"column":4},"end":{"line":537,"column":null}},"331":{"start":{"line":537,"column":14},"end":{"line":537,"column":null}},"332":{"start":{"line":538,"column":4},"end":{"line":538,"column":null}},"333":{"start":{"line":539,"column":4},"end":{"line":539,"column":null}},"334":{"start":{"line":540,"column":4},"end":{"line":540,"column":null}},"335":{"start":{"line":532,"column":31},"end":{"line":532,"column":null}},"336":{"start":{"line":532,"column":31},"end":{"line":549,"column":null}},"337":{"start":{"line":544,"column":16},"end":{"line":544,"column":41}},"338":{"start":{"line":545,"column":4},"end":{"line":545,"column":null}},"339":{"start":{"line":545,"column":14},"end":{"line":545,"column":null}},"340":{"start":{"line":546,"column":4},"end":{"line":546,"column":null}},"341":{"start":{"line":547,"column":4},"end":{"line":547,"column":null}},"342":{"start":{"line":548,"column":4},"end":{"line":548,"column":null}},"343":{"start":{"line":543,"column":30},"end":{"line":543,"column":31}},"344":{"start":{"line":142,"column":4},"end":{"line":144,"column":null}},"345":{"start":{"line":143,"column":6},"end":{"line":143,"column":null}},"346":{"start":{"line":145,"column":4},"end":{"line":145,"column":null}},"347":{"start":{"line":552,"column":0},"end":{"line":552,"column":null}}},"fnMap":{"0":{"name":"(anonymous_10)","decl":{"start":{"line":49,"column":21},"end":{"line":49,"column":null}},"loc":{"start":{"line":49,"column":21},"end":{"line":146,"column":null}}},"1":{"name":"DatabaseService","decl":{"start":{"line":70,"column":2},"end":{"line":70,"column":25}},"loc":{"start":{"line":70,"column":2},"end":{"line":70,"column":26}}},"2":{"name":"(anonymous_12)","decl":{"start":{"line":70,"column":26},"end":{"line":70,"column":null}},"loc":{"start":{"line":70,"column":26},"end":{"line":77,"column":33}}},"3":{"name":"(anonymous_13)","decl":{"start":{"line":77,"column":10},"end":{"line":77,"column":16}},"loc":{"start":{"line":77,"column":47},"end":{"line":90,"column":3}}},"4":{"name":"getEncryptionKey","decl":{"start":{"line":77,"column":16},"end":{"line":77,"column":32}},"loc":{"start":{"line":77,"column":32},"end":{"line":77,"column":33}}},"5":{"name":"(anonymous_15)","decl":{"start":{"line":77,"column":32},"end":{"line":77,"column":33}},"loc":{"start":{"line":77,"column":32},"end":{"line":92,"column":29}}},"6":{"name":"(anonymous_16)","decl":{"start":{"line":92,"column":10},"end":{"line":92,"column":16}},"loc":{"start":{"line":92,"column":43},"end":{"line":110,"column":3}}},"7":{"name":"loadWishlist","decl":{"start":{"line":92,"column":16},"end":{"line":92,"column":28}},"loc":{"start":{"line":92,"column":28},"end":{"line":92,"column":29}}},"8":{"name":"(anonymous_18)","decl":{"start":{"line":92,"column":28},"end":{"line":92,"column":29}},"loc":{"start":{"line":92,"column":28},"end":{"line":112,"column":32}}},"9":{"name":"(anonymous_19)","decl":{"start":{"line":112,"column":10},"end":{"line":112,"column":16}},"loc":{"start":{"line":112,"column":46},"end":{"line":124,"column":3}}},"10":{"name":"persistWishlist","decl":{"start":{"line":112,"column":16},"end":{"line":112,"column":31}},"loc":{"start":{"line":112,"column":31},"end":{"line":112,"column":32}}},"11":{"name":"(anonymous_21)","decl":{"start":{"line":112,"column":31},"end":{"line":112,"column":32}},"loc":{"start":{"line":112,"column":31},"end":{"line":126,"column":null}}},"12":{"name":"(anonymous_22)","decl":{"start":{"line":126,"column":10},"end":{"line":126,"column":16}},"loc":{"start":{"line":128,"column":23},"end":{"line":139,"column":3}}},"13":{"name":"cacheChatMessages","decl":{"start":{"line":126,"column":16},"end":{"line":126,"column":33}},"loc":{"start":{"line":126,"column":33},"end":{"line":126,"column":null}}},"14":{"name":"(anonymous_24)","decl":{"start":{"line":126,"column":33},"end":{"line":126,"column":null}},"loc":{"start":{"line":126,"column":33},"end":{"line":148,"column":23}}},"15":{"name":"(anonymous_25)","decl":{"start":{"line":148,"column":2},"end":{"line":148,"column":8}},"loc":{"start":{"line":148,"column":33},"end":{"line":150,"column":3}}},"16":{"name":"getUserProfile","decl":{"start":{"line":148,"column":8},"end":{"line":148,"column":22}},"loc":{"start":{"line":148,"column":22},"end":{"line":148,"column":23}}},"17":{"name":"(anonymous_27)","decl":{"start":{"line":148,"column":22},"end":{"line":148,"column":23}},"loc":{"start":{"line":148,"column":22},"end":{"line":152,"column":null}}},"18":{"name":"(anonymous_28)","decl":{"start":{"line":152,"column":2},"end":{"line":152,"column":8}},"loc":{"start":{"line":154,"column":18},"end":{"line":160,"column":3}}},"19":{"name":"updateUserRole","decl":{"start":{"line":152,"column":8},"end":{"line":152,"column":22}},"loc":{"start":{"line":152,"column":22},"end":{"line":152,"column":null}}},"20":{"name":"(anonymous_30)","decl":{"start":{"line":152,"column":22},"end":{"line":152,"column":null}},"loc":{"start":{"line":152,"column":22},"end":{"line":162,"column":null}}},"21":{"name":"(anonymous_31)","decl":{"start":{"line":162,"column":2},"end":{"line":162,"column":8}},"loc":{"start":{"line":162,"column":21},"end":{"line":164,"column":3}}},"22":{"name":"getCategories","decl":{"start":{"line":162,"column":8},"end":{"line":162,"column":21}},"loc":{"start":{"line":162,"column":21},"end":{"line":162,"column":null}}},"23":{"name":"(anonymous_33)","decl":{"start":{"line":162,"column":21},"end":{"line":162,"column":null}},"loc":{"start":{"line":162,"column":21},"end":{"line":166,"column":null}}},"24":{"name":"(anonymous_34)","decl":{"start":{"line":166,"column":2},"end":{"line":166,"column":8}},"loc":{"start":{"line":169,"column":5},"end":{"line":175,"column":3}}},"25":{"name":"addCategory","decl":{"start":{"line":166,"column":8},"end":{"line":166,"column":19}},"loc":{"start":{"line":166,"column":19},"end":{"line":166,"column":null}}},"26":{"name":"(anonymous_36)","decl":{"start":{"line":166,"column":19},"end":{"line":166,"column":null}},"loc":{"start":{"line":166,"column":19},"end":{"line":177,"column":23}}},"27":{"name":"(anonymous_37)","decl":{"start":{"line":177,"column":2},"end":{"line":177,"column":8}},"loc":{"start":{"line":177,"column":58},"end":{"line":181,"column":3}}},"28":{"name":"updateCategory","decl":{"start":{"line":177,"column":8},"end":{"line":177,"column":22}},"loc":{"start":{"line":177,"column":22},"end":{"line":177,"column":23}}},"29":{"name":"(anonymous_39)","decl":{"start":{"line":177,"column":22},"end":{"line":177,"column":23}},"loc":{"start":{"line":177,"column":22},"end":{"line":183,"column":23}}},"30":{"name":"(anonymous_40)","decl":{"start":{"line":183,"column":2},"end":{"line":183,"column":8}},"loc":{"start":{"line":183,"column":33},"end":{"line":185,"column":3}}},"31":{"name":"deleteCategory","decl":{"start":{"line":183,"column":8},"end":{"line":183,"column":22}},"loc":{"start":{"line":183,"column":22},"end":{"line":183,"column":23}}},"32":{"name":"(anonymous_42)","decl":{"start":{"line":183,"column":22},"end":{"line":183,"column":23}},"loc":{"start":{"line":183,"column":22},"end":{"line":187,"column":19}}},"33":{"name":"(anonymous_43)","decl":{"start":{"line":187,"column":2},"end":{"line":187,"column":8}},"loc":{"start":{"line":187,"column":30},"end":{"line":190,"column":3}}},"34":{"name":"getSetting","decl":{"start":{"line":187,"column":8},"end":{"line":187,"column":18}},"loc":{"start":{"line":187,"column":18},"end":{"line":187,"column":19}}},"35":{"name":"(anonymous_45)","decl":{"start":{"line":187,"column":18},"end":{"line":187,"column":19}},"loc":{"start":{"line":187,"column":18},"end":{"line":192,"column":22}}},"36":{"name":"(anonymous_46)","decl":{"start":{"line":192,"column":2},"end":{"line":192,"column":8}},"loc":{"start":{"line":192,"column":48},"end":{"line":194,"column":3}}},"37":{"name":"updateSetting","decl":{"start":{"line":192,"column":8},"end":{"line":192,"column":21}},"loc":{"start":{"line":192,"column":21},"end":{"line":192,"column":22}}},"38":{"name":"(anonymous_48)","decl":{"start":{"line":192,"column":21},"end":{"line":192,"column":22}},"loc":{"start":{"line":192,"column":21},"end":{"line":197,"column":null}}},"39":{"name":"(anonymous_49)","decl":{"start":{"line":197,"column":2},"end":{"line":197,"column":8}},"loc":{"start":{"line":197,"column":19},"end":{"line":199,"column":3}}},"40":{"name":"getProducts","decl":{"start":{"line":197,"column":8},"end":{"line":197,"column":19}},"loc":{"start":{"line":197,"column":19},"end":{"line":197,"column":null}}},"41":{"name":"(anonymous_51)","decl":{"start":{"line":197,"column":19},"end":{"line":197,"column":null}},"loc":{"start":{"line":197,"column":19},"end":{"line":201,"column":19}}},"42":{"name":"(anonymous_52)","decl":{"start":{"line":201,"column":2},"end":{"line":201,"column":8}},"loc":{"start":{"line":201,"column":29},"end":{"line":203,"column":3}}},"43":{"name":"getProduct","decl":{"start":{"line":201,"column":8},"end":{"line":201,"column":18}},"loc":{"start":{"line":201,"column":18},"end":{"line":201,"column":19}}},"44":{"name":"(anonymous_54)","decl":{"start":{"line":201,"column":18},"end":{"line":201,"column":19}},"loc":{"start":{"line":201,"column":18},"end":{"line":205,"column":19}}},"45":{"name":"(anonymous_55)","decl":{"start":{"line":205,"column":2},"end":{"line":205,"column":8}},"loc":{"start":{"line":205,"column":47},"end":{"line":210,"column":3}}},"46":{"name":"addProduct","decl":{"start":{"line":205,"column":8},"end":{"line":205,"column":18}},"loc":{"start":{"line":205,"column":18},"end":{"line":205,"column":19}}},"47":{"name":"(anonymous_57)","decl":{"start":{"line":205,"column":18},"end":{"line":205,"column":19}},"loc":{"start":{"line":205,"column":18},"end":{"line":212,"column":22}}},"48":{"name":"(anonymous_58)","decl":{"start":{"line":212,"column":2},"end":{"line":212,"column":8}},"loc":{"start":{"line":212,"column":56},"end":{"line":216,"column":3}}},"49":{"name":"updateProduct","decl":{"start":{"line":212,"column":8},"end":{"line":212,"column":21}},"loc":{"start":{"line":212,"column":21},"end":{"line":212,"column":22}}},"50":{"name":"(anonymous_60)","decl":{"start":{"line":212,"column":21},"end":{"line":212,"column":22}},"loc":{"start":{"line":212,"column":21},"end":{"line":218,"column":22}}},"51":{"name":"(anonymous_61)","decl":{"start":{"line":218,"column":2},"end":{"line":218,"column":8}},"loc":{"start":{"line":218,"column":32},"end":{"line":220,"column":3}}},"52":{"name":"deleteProduct","decl":{"start":{"line":218,"column":8},"end":{"line":218,"column":21}},"loc":{"start":{"line":218,"column":21},"end":{"line":218,"column":22}}},"53":{"name":"(anonymous_63)","decl":{"start":{"line":218,"column":21},"end":{"line":218,"column":22}},"loc":{"start":{"line":218,"column":21},"end":{"line":223,"column":23}}},"54":{"name":"(anonymous_64)","decl":{"start":{"line":223,"column":2},"end":{"line":223,"column":8}},"loc":{"start":{"line":223,"column":39},"end":{"line":229,"column":3}}},"55":{"name":"addSubcategory","decl":{"start":{"line":223,"column":8},"end":{"line":223,"column":22}},"loc":{"start":{"line":223,"column":22},"end":{"line":223,"column":23}}},"56":{"name":"(anonymous_66)","decl":{"start":{"line":223,"column":22},"end":{"line":223,"column":23}},"loc":{"start":{"line":223,"column":22},"end":{"line":231,"column":null}}},"57":{"name":"(anonymous_67)","decl":{"start":{"line":231,"column":2},"end":{"line":231,"column":8}},"loc":{"start":{"line":233,"column":30},"end":{"line":244,"column":3}}},"58":{"name":"(anonymous_68)","decl":{"start":{"line":237,"column":47},"end":{"line":237,"column":48}},"loc":{"start":{"line":237,"column":49},"end":{"line":237,"column":66}}},"59":{"name":"updateSubcategory","decl":{"start":{"line":231,"column":8},"end":{"line":231,"column":25}},"loc":{"start":{"line":231,"column":25},"end":{"line":231,"column":null}}},"60":{"name":"(anonymous_70)","decl":{"start":{"line":231,"column":25},"end":{"line":231,"column":null}},"loc":{"start":{"line":231,"column":25},"end":{"line":246,"column":26}}},"61":{"name":"(anonymous_71)","decl":{"start":{"line":246,"column":2},"end":{"line":246,"column":8}},"loc":{"start":{"line":246,"column":36},"end":{"line":256,"column":3}}},"62":{"name":"(anonymous_72)","decl":{"start":{"line":250,"column":52},"end":{"line":250,"column":53}},"loc":{"start":{"line":250,"column":54},"end":{"line":250,"column":71}}},"63":{"name":"deleteSubcategory","decl":{"start":{"line":246,"column":8},"end":{"line":246,"column":25}},"loc":{"start":{"line":246,"column":25},"end":{"line":246,"column":26}}},"64":{"name":"(anonymous_74)","decl":{"start":{"line":246,"column":25},"end":{"line":246,"column":26}},"loc":{"start":{"line":246,"column":25},"end":{"line":259,"column":null}}},"65":{"name":"(anonymous_75)","decl":{"start":{"line":259,"column":2},"end":{"line":259,"column":8}},"loc":{"start":{"line":259,"column":23},"end":{"line":261,"column":3}}},"66":{"name":"getPricingTiers","decl":{"start":{"line":259,"column":8},"end":{"line":259,"column":23}},"loc":{"start":{"line":259,"column":23},"end":{"line":259,"column":null}}},"67":{"name":"(anonymous_77)","decl":{"start":{"line":259,"column":23},"end":{"line":259,"column":null}},"loc":{"start":{"line":259,"column":23},"end":{"line":263,"column":23}}},"68":{"name":"(anonymous_78)","decl":{"start":{"line":263,"column":2},"end":{"line":263,"column":8}},"loc":{"start":{"line":263,"column":33},"end":{"line":265,"column":3}}},"69":{"name":"getPricingTier","decl":{"start":{"line":263,"column":8},"end":{"line":263,"column":22}},"loc":{"start":{"line":263,"column":22},"end":{"line":263,"column":23}}},"70":{"name":"(anonymous_80)","decl":{"start":{"line":263,"column":22},"end":{"line":263,"column":23}},"loc":{"start":{"line":263,"column":22},"end":{"line":267,"column":23}}},"71":{"name":"(anonymous_81)","decl":{"start":{"line":267,"column":2},"end":{"line":267,"column":8}},"loc":{"start":{"line":267,"column":40},"end":{"line":269,"column":3}}},"72":{"name":"addPricingTier","decl":{"start":{"line":267,"column":8},"end":{"line":267,"column":22}},"loc":{"start":{"line":267,"column":22},"end":{"line":267,"column":23}}},"73":{"name":"(anonymous_83)","decl":{"start":{"line":267,"column":22},"end":{"line":267,"column":23}},"loc":{"start":{"line":267,"column":22},"end":{"line":271,"column":null}}},"74":{"name":"(anonymous_84)","decl":{"start":{"line":271,"column":2},"end":{"line":271,"column":8}},"loc":{"start":{"line":273,"column":30},"end":{"line":278,"column":3}}},"75":{"name":"updatePricingTier","decl":{"start":{"line":271,"column":8},"end":{"line":271,"column":25}},"loc":{"start":{"line":271,"column":25},"end":{"line":271,"column":null}}},"76":{"name":"(anonymous_86)","decl":{"start":{"line":271,"column":25},"end":{"line":271,"column":null}},"loc":{"start":{"line":271,"column":25},"end":{"line":280,"column":26}}},"77":{"name":"(anonymous_87)","decl":{"start":{"line":280,"column":2},"end":{"line":280,"column":8}},"loc":{"start":{"line":280,"column":36},"end":{"line":282,"column":3}}},"78":{"name":"deletePricingTier","decl":{"start":{"line":280,"column":8},"end":{"line":280,"column":25}},"loc":{"start":{"line":280,"column":25},"end":{"line":280,"column":26}}},"79":{"name":"(anonymous_89)","decl":{"start":{"line":280,"column":25},"end":{"line":280,"column":26}},"loc":{"start":{"line":280,"column":25},"end":{"line":284,"column":20}}},"80":{"name":"(anonymous_90)","decl":{"start":{"line":284,"column":2},"end":{"line":284,"column":8}},"loc":{"start":{"line":284,"column":30},"end":{"line":286,"column":3}}},"81":{"name":"getMixGroup","decl":{"start":{"line":284,"column":8},"end":{"line":284,"column":19}},"loc":{"start":{"line":284,"column":19},"end":{"line":284,"column":20}}},"82":{"name":"(anonymous_92)","decl":{"start":{"line":284,"column":19},"end":{"line":284,"column":20}},"loc":{"start":{"line":284,"column":19},"end":{"line":289,"column":null}}},"83":{"name":"(anonymous_93)","decl":{"start":{"line":289,"column":2},"end":{"line":289,"column":8}},"loc":{"start":{"line":289,"column":22},"end":{"line":291,"column":3}}},"84":{"name":"getHeroBanners","decl":{"start":{"line":289,"column":8},"end":{"line":289,"column":22}},"loc":{"start":{"line":289,"column":22},"end":{"line":289,"column":null}}},"85":{"name":"(anonymous_95)","decl":{"start":{"line":289,"column":22},"end":{"line":289,"column":null}},"loc":{"start":{"line":289,"column":22},"end":{"line":293,"column":null}}},"86":{"name":"(anonymous_96)","decl":{"start":{"line":293,"column":2},"end":{"line":293,"column":8}},"loc":{"start":{"line":294,"column":62},"end":{"line":301,"column":3}}},"87":{"name":"addHeroBanner","decl":{"start":{"line":293,"column":8},"end":{"line":293,"column":21}},"loc":{"start":{"line":293,"column":21},"end":{"line":293,"column":null}}},"88":{"name":"(anonymous_98)","decl":{"start":{"line":293,"column":21},"end":{"line":293,"column":null}},"loc":{"start":{"line":293,"column":21},"end":{"line":303,"column":25}}},"89":{"name":"(anonymous_99)","decl":{"start":{"line":303,"column":2},"end":{"line":303,"column":8}},"loc":{"start":{"line":303,"column":62},"end":{"line":311,"column":3}}},"90":{"name":"updateHeroBanner","decl":{"start":{"line":303,"column":8},"end":{"line":303,"column":24}},"loc":{"start":{"line":303,"column":24},"end":{"line":303,"column":25}}},"91":{"name":"(anonymous_101)","decl":{"start":{"line":303,"column":24},"end":{"line":303,"column":25}},"loc":{"start":{"line":303,"column":24},"end":{"line":313,"column":25}}},"92":{"name":"(anonymous_102)","decl":{"start":{"line":313,"column":2},"end":{"line":313,"column":8}},"loc":{"start":{"line":313,"column":35},"end":{"line":315,"column":3}}},"93":{"name":"deleteHeroBanner","decl":{"start":{"line":313,"column":8},"end":{"line":313,"column":24}},"loc":{"start":{"line":313,"column":24},"end":{"line":313,"column":25}}},"94":{"name":"(anonymous_104)","decl":{"start":{"line":313,"column":24},"end":{"line":313,"column":25}},"loc":{"start":{"line":313,"column":24},"end":{"line":318,"column":null}}},"95":{"name":"(anonymous_105)","decl":{"start":{"line":318,"column":2},"end":{"line":318,"column":8}},"loc":{"start":{"line":318,"column":18},"end":{"line":324,"column":3}}},"96":{"name":"(anonymous_106)","decl":{"start":{"line":321,"column":18},"end":{"line":321,"column":19}},"loc":{"start":{"line":321,"column":20},"end":{"line":321,"column":51}}},"97":{"name":"getReviews","decl":{"start":{"line":318,"column":8},"end":{"line":318,"column":18}},"loc":{"start":{"line":318,"column":18},"end":{"line":318,"column":null}}},"98":{"name":"(anonymous_108)","decl":{"start":{"line":318,"column":18},"end":{"line":318,"column":null}},"loc":{"start":{"line":318,"column":18},"end":{"line":326,"column":18}}},"99":{"name":"(anonymous_109)","decl":{"start":{"line":326,"column":2},"end":{"line":326,"column":8}},"loc":{"start":{"line":326,"column":32},"end":{"line":329,"column":3}}},"100":{"name":"addReview","decl":{"start":{"line":326,"column":8},"end":{"line":326,"column":17}},"loc":{"start":{"line":326,"column":17},"end":{"line":326,"column":18}}},"101":{"name":"(anonymous_111)","decl":{"start":{"line":326,"column":17},"end":{"line":326,"column":18}},"loc":{"start":{"line":326,"column":17},"end":{"line":331,"column":21}}},"102":{"name":"(anonymous_112)","decl":{"start":{"line":331,"column":2},"end":{"line":331,"column":8}},"loc":{"start":{"line":331,"column":54},"end":{"line":335,"column":3}}},"103":{"name":"updateReview","decl":{"start":{"line":331,"column":8},"end":{"line":331,"column":20}},"loc":{"start":{"line":331,"column":20},"end":{"line":331,"column":21}}},"104":{"name":"(anonymous_114)","decl":{"start":{"line":331,"column":20},"end":{"line":331,"column":21}},"loc":{"start":{"line":331,"column":20},"end":{"line":337,"column":21}}},"105":{"name":"(anonymous_115)","decl":{"start":{"line":337,"column":2},"end":{"line":337,"column":8}},"loc":{"start":{"line":337,"column":31},"end":{"line":339,"column":3}}},"106":{"name":"deleteReview","decl":{"start":{"line":337,"column":8},"end":{"line":337,"column":20}},"loc":{"start":{"line":337,"column":20},"end":{"line":337,"column":21}}},"107":{"name":"(anonymous_117)","decl":{"start":{"line":337,"column":20},"end":{"line":337,"column":21}},"loc":{"start":{"line":337,"column":20},"end":{"line":342,"column":22}}},"108":{"name":"(anonymous_118)","decl":{"start":{"line":342,"column":2},"end":{"line":342,"column":8}},"loc":{"start":{"line":342,"column":36},"end":{"line":344,"column":3}}},"109":{"name":"(anonymous_119)","decl":{"start":{"line":343,"column":39},"end":{"line":343,"column":40}},"loc":{"start":{"line":343,"column":41},"end":{"line":343,"column":66}}},"110":{"name":"getUserOrders","decl":{"start":{"line":342,"column":8},"end":{"line":342,"column":21}},"loc":{"start":{"line":342,"column":21},"end":{"line":342,"column":22}}},"111":{"name":"(anonymous_121)","decl":{"start":{"line":342,"column":21},"end":{"line":342,"column":22}},"loc":{"start":{"line":342,"column":21},"end":{"line":346,"column":null}}},"112":{"name":"(anonymous_122)","decl":{"start":{"line":346,"column":2},"end":{"line":346,"column":8}},"loc":{"start":{"line":346,"column":26},"end":{"line":348,"column":3}}},"113":{"name":"getAllUserProfiles","decl":{"start":{"line":346,"column":8},"end":{"line":346,"column":26}},"loc":{"start":{"line":346,"column":26},"end":{"line":346,"column":null}}},"114":{"name":"(anonymous_124)","decl":{"start":{"line":346,"column":26},"end":{"line":346,"column":null}},"loc":{"start":{"line":346,"column":26},"end":{"line":350,"column":null}}},"115":{"name":"(anonymous_125)","decl":{"start":{"line":350,"column":2},"end":{"line":350,"column":8}},"loc":{"start":{"line":351,"column":17},"end":{"line":364,"column":3}}},"116":{"name":"(anonymous_126)","decl":{"start":{"line":355,"column":14},"end":{"line":355,"column":15}},"loc":{"start":{"line":355,"column":16},"end":{"line":356,"column":null}}},"117":{"name":"(anonymous_127)","decl":{"start":{"line":358,"column":11},"end":{"line":358,"column":12}},"loc":{"start":{"line":358,"column":13},"end":{"line":363,"column":8}}},"118":{"name":"searchUserProfiles","decl":{"start":{"line":350,"column":8},"end":{"line":350,"column":26}},"loc":{"start":{"line":350,"column":26},"end":{"line":350,"column":null}}},"119":{"name":"(anonymous_129)","decl":{"start":{"line":350,"column":26},"end":{"line":350,"column":null}},"loc":{"start":{"line":350,"column":26},"end":{"line":366,"column":null}}},"120":{"name":"(anonymous_130)","decl":{"start":{"line":366,"column":2},"end":{"line":366,"column":8}},"loc":{"start":{"line":368,"column":22},"end":{"line":374,"column":3}}},"121":{"name":"updateUserCustomerTier","decl":{"start":{"line":366,"column":8},"end":{"line":366,"column":30}},"loc":{"start":{"line":366,"column":30},"end":{"line":366,"column":null}}},"122":{"name":"(anonymous_132)","decl":{"start":{"line":366,"column":30},"end":{"line":366,"column":null}},"loc":{"start":{"line":366,"column":30},"end":{"line":376,"column":null}}},"123":{"name":"(anonymous_133)","decl":{"start":{"line":376,"column":2},"end":{"line":376,"column":8}},"loc":{"start":{"line":379,"column":20},"end":{"line":387,"column":3}}},"124":{"name":"updateUserKycStatus","decl":{"start":{"line":376,"column":8},"end":{"line":376,"column":27}},"loc":{"start":{"line":376,"column":27},"end":{"line":376,"column":null}}},"125":{"name":"(anonymous_135)","decl":{"start":{"line":376,"column":27},"end":{"line":376,"column":null}},"loc":{"start":{"line":376,"column":27},"end":{"line":389,"column":null}}},"126":{"name":"(anonymous_136)","decl":{"start":{"line":389,"column":2},"end":{"line":389,"column":8}},"loc":{"start":{"line":389,"column":29},"end":{"line":391,"column":3}}},"127":{"name":"(anonymous_137)","decl":{"start":{"line":390,"column":38},"end":{"line":390,"column":39}},"loc":{"start":{"line":390,"column":40},"end":{"line":390,"column":71}}},"128":{"name":"getPendingKycRequests","decl":{"start":{"line":389,"column":8},"end":{"line":389,"column":29}},"loc":{"start":{"line":389,"column":29},"end":{"line":389,"column":null}}},"129":{"name":"(anonymous_139)","decl":{"start":{"line":389,"column":29},"end":{"line":389,"column":null}},"loc":{"start":{"line":389,"column":29},"end":{"line":394,"column":null}}},"130":{"name":"(anonymous_140)","decl":{"start":{"line":394,"column":2},"end":{"line":394,"column":8}},"loc":{"start":{"line":394,"column":20},"end":{"line":396,"column":3}}},"131":{"name":"getChatRooms","decl":{"start":{"line":394,"column":8},"end":{"line":394,"column":20}},"loc":{"start":{"line":394,"column":20},"end":{"line":394,"column":null}}},"132":{"name":"(anonymous_142)","decl":{"start":{"line":394,"column":20},"end":{"line":394,"column":null}},"loc":{"start":{"line":394,"column":20},"end":{"line":398,"column":null}}},"133":{"name":"(anonymous_143)","decl":{"start":{"line":398,"column":2},"end":{"line":398,"column":8}},"loc":{"start":{"line":402,"column":19},"end":{"line":424,"column":3}}},"134":{"name":"getOrCreateChatRoom","decl":{"start":{"line":398,"column":8},"end":{"line":398,"column":27}},"loc":{"start":{"line":398,"column":27},"end":{"line":398,"column":null}}},"135":{"name":"(anonymous_145)","decl":{"start":{"line":398,"column":27},"end":{"line":398,"column":null}},"loc":{"start":{"line":398,"column":27},"end":{"line":426,"column":25}}},"136":{"name":"(anonymous_146)","decl":{"start":{"line":426,"column":2},"end":{"line":426,"column":8}},"loc":{"start":{"line":426,"column":35},"end":{"line":432,"column":3}}},"137":{"name":"markChatRoomRead","decl":{"start":{"line":426,"column":8},"end":{"line":426,"column":24}},"loc":{"start":{"line":426,"column":24},"end":{"line":426,"column":25}}},"138":{"name":"(anonymous_148)","decl":{"start":{"line":426,"column":24},"end":{"line":426,"column":25}},"loc":{"start":{"line":426,"column":24},"end":{"line":434,"column":24}}},"139":{"name":"(anonymous_149)","decl":{"start":{"line":434,"column":2},"end":{"line":434,"column":8}},"loc":{"start":{"line":434,"column":38},"end":{"line":452,"column":3}}},"140":{"name":"getChatMessages","decl":{"start":{"line":434,"column":8},"end":{"line":434,"column":23}},"loc":{"start":{"line":434,"column":23},"end":{"line":434,"column":24}}},"141":{"name":"(anonymous_151)","decl":{"start":{"line":434,"column":23},"end":{"line":434,"column":24}},"loc":{"start":{"line":434,"column":23},"end":{"line":454,"column":24}}},"142":{"name":"(anonymous_152)","decl":{"start":{"line":454,"column":2},"end":{"line":454,"column":8}},"loc":{"start":{"line":454,"column":56},"end":{"line":465,"column":3}}},"143":{"name":"sendChatMessage","decl":{"start":{"line":454,"column":8},"end":{"line":454,"column":23}},"loc":{"start":{"line":454,"column":23},"end":{"line":454,"column":24}}},"144":{"name":"(anonymous_154)","decl":{"start":{"line":454,"column":23},"end":{"line":454,"column":24}},"loc":{"start":{"line":454,"column":23},"end":{"line":467,"column":null}}},"145":{"name":"(anonymous_155)","decl":{"start":{"line":467,"column":2},"end":{"line":467,"column":8}},"loc":{"start":{"line":469,"column":39},"end":{"line":479,"column":3}}},"146":{"name":"(anonymous_156)","decl":{"start":{"line":472,"column":33},"end":{"line":472,"column":34}},"loc":{"start":{"line":472,"column":35},"end":{"line":472,"column":52}}},"147":{"name":"updateMessageReactions","decl":{"start":{"line":467,"column":8},"end":{"line":467,"column":30}},"loc":{"start":{"line":467,"column":30},"end":{"line":467,"column":null}}},"148":{"name":"(anonymous_158)","decl":{"start":{"line":467,"column":30},"end":{"line":467,"column":null}},"loc":{"start":{"line":467,"column":30},"end":{"line":482,"column":25}}},"149":{"name":"(anonymous_159)","decl":{"start":{"line":482,"column":2},"end":{"line":482,"column":8}},"loc":{"start":{"line":482,"column":39},"end":{"line":484,"column":3}}},"150":{"name":"getWishlistItems","decl":{"start":{"line":482,"column":8},"end":{"line":482,"column":24}},"loc":{"start":{"line":482,"column":24},"end":{"line":482,"column":25}}},"151":{"name":"(anonymous_161)","decl":{"start":{"line":482,"column":24},"end":{"line":482,"column":25}},"loc":{"start":{"line":482,"column":24},"end":{"line":486,"column":24}}},"152":{"name":"(anonymous_162)","decl":{"start":{"line":486,"column":2},"end":{"line":486,"column":8}},"loc":{"start":{"line":486,"column":57},"end":{"line":499,"column":3}}},"153":{"name":"(anonymous_163)","decl":{"start":{"line":488,"column":18},"end":{"line":488,"column":19}},"loc":{"start":{"line":488,"column":20},"end":{"line":488,"column":51}}},"154":{"name":"addWishlistItem","decl":{"start":{"line":486,"column":8},"end":{"line":486,"column":23}},"loc":{"start":{"line":486,"column":23},"end":{"line":486,"column":24}}},"155":{"name":"(anonymous_165)","decl":{"start":{"line":486,"column":23},"end":{"line":486,"column":24}},"loc":{"start":{"line":486,"column":23},"end":{"line":501,"column":27}}},"156":{"name":"(anonymous_166)","decl":{"start":{"line":501,"column":2},"end":{"line":501,"column":8}},"loc":{"start":{"line":501,"column":60},"end":{"line":505,"column":3}}},"157":{"name":"(anonymous_167)","decl":{"start":{"line":503,"column":40},"end":{"line":503,"column":41}},"loc":{"start":{"line":503,"column":42},"end":{"line":503,"column":73}}},"158":{"name":"removeWishlistItem","decl":{"start":{"line":501,"column":8},"end":{"line":501,"column":26}},"loc":{"start":{"line":501,"column":26},"end":{"line":501,"column":27}}},"159":{"name":"(anonymous_169)","decl":{"start":{"line":501,"column":26},"end":{"line":501,"column":27}},"loc":{"start":{"line":501,"column":26},"end":{"line":508,"column":null}}},"160":{"name":"(anonymous_170)","decl":{"start":{"line":508,"column":2},"end":{"line":508,"column":8}},"loc":{"start":{"line":508,"column":26},"end":{"line":510,"column":3}}},"161":{"name":"getAllDeliveryJobs","decl":{"start":{"line":508,"column":8},"end":{"line":508,"column":26}},"loc":{"start":{"line":508,"column":26},"end":{"line":508,"column":null}}},"162":{"name":"(anonymous_172)","decl":{"start":{"line":508,"column":26},"end":{"line":508,"column":null}},"loc":{"start":{"line":508,"column":26},"end":{"line":512,"column":33}}},"163":{"name":"(anonymous_173)","decl":{"start":{"line":512,"column":2},"end":{"line":512,"column":8}},"loc":{"start":{"line":512,"column":49},"end":{"line":516,"column":3}}},"164":{"name":"(anonymous_174)","decl":{"start":{"line":514,"column":6},"end":{"line":514,"column":7}},"loc":{"start":{"line":514,"column":8},"end":{"line":514,"column":null}}},"165":{"name":"getDeliveryJobsForDriver","decl":{"start":{"line":512,"column":8},"end":{"line":512,"column":32}},"loc":{"start":{"line":512,"column":32},"end":{"line":512,"column":33}}},"166":{"name":"(anonymous_176)","decl":{"start":{"line":512,"column":32},"end":{"line":512,"column":33}},"loc":{"start":{"line":512,"column":32},"end":{"line":518,"column":26}}},"167":{"name":"(anonymous_177)","decl":{"start":{"line":518,"column":2},"end":{"line":518,"column":8}},"loc":{"start":{"line":518,"column":59},"end":{"line":530,"column":3}}},"168":{"name":"createDeliveryJob","decl":{"start":{"line":518,"column":8},"end":{"line":518,"column":25}},"loc":{"start":{"line":518,"column":25},"end":{"line":518,"column":26}}},"169":{"name":"(anonymous_179)","decl":{"start":{"line":518,"column":25},"end":{"line":518,"column":26}},"loc":{"start":{"line":518,"column":25},"end":{"line":532,"column":null}}},"170":{"name":"(anonymous_180)","decl":{"start":{"line":532,"column":2},"end":{"line":532,"column":8}},"loc":{"start":{"line":534,"column":33},"end":{"line":541,"column":3}}},"171":{"name":"updateDeliveryJobStatus","decl":{"start":{"line":532,"column":8},"end":{"line":532,"column":31}},"loc":{"start":{"line":532,"column":31},"end":{"line":532,"column":null}}},"172":{"name":"(anonymous_182)","decl":{"start":{"line":532,"column":31},"end":{"line":532,"column":null}},"loc":{"start":{"line":532,"column":31},"end":{"line":543,"column":31}}},"173":{"name":"(anonymous_183)","decl":{"start":{"line":543,"column":2},"end":{"line":543,"column":8}},"loc":{"start":{"line":543,"column":54},"end":{"line":549,"column":3}}},"174":{"name":"updateDeliveryJobProof","decl":{"start":{"line":543,"column":8},"end":{"line":543,"column":30}},"loc":{"start":{"line":543,"column":30},"end":{"line":543,"column":31}}},"175":{"name":"getInstance","decl":{"start":{"line":141,"column":16},"end":{"line":141,"column":27}},"loc":{"start":{"line":141,"column":27},"end":{"line":146,"column":3}}}},"branchMap":{"0":{"loc":{"start":{"line":23,"column":0},"end":{"line":25,"column":null}},"type":"if","locations":[{"start":{"line":23,"column":0},"end":{"line":25,"column":null}}]},"1":{"loc":{"start":{"line":79,"column":17},"end":{"line":79,"column":63}},"type":"binary-expr","locations":[{"start":{"line":79,"column":17},"end":{"line":79,"column":22}},{"start":{"line":79,"column":26},"end":{"line":79,"column":53}},{"start":{"line":79,"column":57},"end":{"line":79,"column":63}}]},"2":{"loc":{"start":{"line":93,"column":4},"end":{"line":108,"column":null}},"type":"if","locations":[{"start":{"line":93,"column":4},"end":{"line":108,"column":null}}]},"3":{"loc":{"start":{"line":98,"column":8},"end":{"line":104,"column":null}},"type":"if","locations":[{"start":{"line":98,"column":8},"end":{"line":104,"column":null}},{"start":{"line":102,"column":15},"end":{"line":104,"column":null}}]},"4":{"loc":{"start":{"line":113,"column":17},"end":{"line":113,"column":44}},"type":"binary-expr","locations":[{"start":{"line":113,"column":17},"end":{"line":113,"column":38}},{"start":{"line":113,"column":42},"end":{"line":113,"column":44}}]},"5":{"loc":{"start":{"line":149,"column":11},"end":{"line":149,"column":37}},"type":"binary-expr","locations":[{"start":{"line":149,"column":11},"end":{"line":149,"column":29}},{"start":{"line":149,"column":33},"end":{"line":149,"column":37}}]},"6":{"loc":{"start":{"line":157,"column":4},"end":{"line":157,"column":null}},"type":"if","locations":[{"start":{"line":157,"column":4},"end":{"line":157,"column":null}}]},"7":{"loc":{"start":{"line":179,"column":4},"end":{"line":179,"column":null}},"type":"if","locations":[{"start":{"line":179,"column":4},"end":{"line":179,"column":null}}]},"8":{"loc":{"start":{"line":189,"column":11},"end":{"line":189,"column":35}},"type":"cond-expr","locations":[{"start":{"line":189,"column":18},"end":{"line":189,"column":28}},{"start":{"line":189,"column":31},"end":{"line":189,"column":35}}]},"9":{"loc":{"start":{"line":214,"column":4},"end":{"line":214,"column":null}},"type":"if","locations":[{"start":{"line":214,"column":4},"end":{"line":214,"column":null}}]},"10":{"loc":{"start":{"line":225,"column":4},"end":{"line":225,"column":null}},"type":"if","locations":[{"start":{"line":225,"column":4},"end":{"line":225,"column":null}}]},"11":{"loc":{"start":{"line":226,"column":24},"end":{"line":226,"column":47}},"type":"binary-expr","locations":[{"start":{"line":226,"column":24},"end":{"line":226,"column":41}},{"start":{"line":226,"column":45},"end":{"line":226,"column":47}}]},"12":{"loc":{"start":{"line":237,"column":15},"end":{"line":237,"column":72}},"type":"cond-expr","locations":[{"start":{"line":237,"column":66},"end":{"line":237,"column":70}},{"start":{"line":237,"column":70},"end":{"line":237,"column":72}}]},"13":{"loc":{"start":{"line":237,"column":15},"end":{"line":237,"column":66}},"type":"cond-expr","locations":[{"start":{"line":237,"column":35},"end":{"line":237,"column":37}},{"start":{"line":237,"column":18},"end":{"line":237,"column":66}}]},"14":{"loc":{"start":{"line":238,"column":6},"end":{"line":242,"column":null}},"type":"if","locations":[{"start":{"line":238,"column":6},"end":{"line":242,"column":null}}]},"15":{"loc":{"start":{"line":238,"column":10},"end":{"line":238,"column":39}},"type":"binary-expr","locations":[{"start":{"line":238,"column":10},"end":{"line":238,"column":18}},{"start":{"line":238,"column":22},"end":{"line":238,"column":39}}]},"16":{"loc":{"start":{"line":249,"column":21},"end":{"line":249,"column":51}},"type":"binary-expr","locations":[{"start":{"line":249,"column":21},"end":{"line":249,"column":46}},{"start":{"line":249,"column":50},"end":{"line":249,"column":51}}]},"17":{"loc":{"start":{"line":249,"column":21},"end":{"line":249,"column":46}},"type":"cond-expr","locations":[{"start":{"line":249,"column":38},"end":{"line":249,"column":40}},{"start":{"line":249,"column":21},"end":{"line":249,"column":46}}]},"18":{"loc":{"start":{"line":250,"column":23},"end":{"line":250,"column":71}},"type":"cond-expr","locations":[{"start":{"line":250,"column":43},"end":{"line":250,"column":45}},{"start":{"line":250,"column":26},"end":{"line":250,"column":71}}]},"19":{"loc":{"start":{"line":251,"column":6},"end":{"line":254,"column":null}},"type":"if","locations":[{"start":{"line":251,"column":6},"end":{"line":254,"column":null}}]},"20":{"loc":{"start":{"line":251,"column":11},"end":{"line":251,"column":41}},"type":"binary-expr","locations":[{"start":{"line":251,"column":11},"end":{"line":251,"column":36}},{"start":{"line":251,"column":40},"end":{"line":251,"column":41}}]},"21":{"loc":{"start":{"line":251,"column":11},"end":{"line":251,"column":36}},"type":"cond-expr","locations":[{"start":{"line":251,"column":28},"end":{"line":251,"column":30}},{"start":{"line":251,"column":11},"end":{"line":251,"column":36}}]},"22":{"loc":{"start":{"line":264,"column":11},"end":{"line":264,"column":44}},"type":"binary-expr","locations":[{"start":{"line":264,"column":11},"end":{"line":264,"column":36}},{"start":{"line":264,"column":40},"end":{"line":264,"column":44}}]},"23":{"loc":{"start":{"line":276,"column":4},"end":{"line":276,"column":null}},"type":"if","locations":[{"start":{"line":276,"column":4},"end":{"line":276,"column":null}}]},"24":{"loc":{"start":{"line":285,"column":11},"end":{"line":285,"column":41}},"type":"binary-expr","locations":[{"start":{"line":285,"column":11},"end":{"line":285,"column":33}},{"start":{"line":285,"column":37},"end":{"line":285,"column":41}}]},"25":{"loc":{"start":{"line":305,"column":4},"end":{"line":305,"column":null}},"type":"if","locations":[{"start":{"line":305,"column":4},"end":{"line":305,"column":null}}]},"26":{"loc":{"start":{"line":319,"column":4},"end":{"line":322,"column":null}},"type":"if","locations":[{"start":{"line":319,"column":4},"end":{"line":322,"column":null}}]},"27":{"loc":{"start":{"line":319,"column":8},"end":{"line":319,"column":49}},"type":"binary-expr","locations":[{"start":{"line":319,"column":8},"end":{"line":319,"column":31}},{"start":{"line":319,"column":35},"end":{"line":319,"column":49}}]},"28":{"loc":{"start":{"line":333,"column":4},"end":{"line":333,"column":null}},"type":"if","locations":[{"start":{"line":333,"column":4},"end":{"line":333,"column":null}}]},"29":{"loc":{"start":{"line":355,"column":16},"end":{"line":356,"column":66}},"type":"cond-expr","locations":[{"start":{"line":356,"column":21},"end":{"line":356,"column":23}},{"start":{"line":356,"column":8},"end":{"line":356,"column":66}}]},"30":{"loc":{"start":{"line":371,"column":4},"end":{"line":371,"column":null}},"type":"if","locations":[{"start":{"line":371,"column":4},"end":{"line":371,"column":null}}]},"31":{"loc":{"start":{"line":382,"column":4},"end":{"line":382,"column":null}},"type":"if","locations":[{"start":{"line":382,"column":4},"end":{"line":382,"column":null}}]},"32":{"loc":{"start":{"line":405,"column":6},"end":{"line":411,"column":null}},"type":"if","locations":[{"start":{"line":405,"column":6},"end":{"line":411,"column":null}}]},"33":{"loc":{"start":{"line":406,"column":9},"end":{"line":407,"column":43}},"type":"binary-expr","locations":[{"start":{"line":406,"column":9},"end":{"line":406,"column":15}},{"start":{"line":406,"column":19},"end":{"line":406,"column":37}},{"start":{"line":407,"column":9},"end":{"line":407,"column":16}},{"start":{"line":407,"column":20},"end":{"line":407,"column":43}}]},"34":{"loc":{"start":{"line":409,"column":8},"end":{"line":409,"column":null}},"type":"if","locations":[{"start":{"line":409,"column":8},"end":{"line":409,"column":null}}]},"35":{"loc":{"start":{"line":413,"column":15},"end":{"line":413,"column":45}},"type":"binary-expr","locations":[{"start":{"line":413,"column":15},"end":{"line":413,"column":21}},{"start":{"line":413,"column":25},"end":{"line":413,"column":45}}]},"36":{"loc":{"start":{"line":428,"column":4},"end":{"line":431,"column":null}},"type":"if","locations":[{"start":{"line":428,"column":4},"end":{"line":431,"column":null}}]},"37":{"loc":{"start":{"line":436,"column":4},"end":{"line":450,"column":null}},"type":"if","locations":[{"start":{"line":436,"column":4},"end":{"line":450,"column":null}}]},"38":{"loc":{"start":{"line":439,"column":8},"end":{"line":445,"column":null}},"type":"if","locations":[{"start":{"line":439,"column":8},"end":{"line":445,"column":null}},{"start":{"line":443,"column":15},"end":{"line":445,"column":null}}]},"39":{"loc":{"start":{"line":455,"column":17},"end":{"line":455,"column":52}},"type":"binary-expr","locations":[{"start":{"line":455,"column":17},"end":{"line":455,"column":46}},{"start":{"line":455,"column":50},"end":{"line":455,"column":52}}]},"40":{"loc":{"start":{"line":459,"column":4},"end":{"line":464,"column":null}},"type":"if","locations":[{"start":{"line":459,"column":4},"end":{"line":464,"column":null}}]},"41":{"loc":{"start":{"line":473,"column":6},"end":{"line":477,"column":null}},"type":"if","locations":[{"start":{"line":473,"column":6},"end":{"line":477,"column":null}}]},"42":{"loc":{"start":{"line":488,"column":4},"end":{"line":488,"column":null}},"type":"if","locations":[{"start":{"line":488,"column":4},"end":{"line":488,"column":null}}]},"43":{"loc":{"start":{"line":490,"column":4},"end":{"line":490,"column":null}},"type":"if","locations":[{"start":{"line":490,"column":4},"end":{"line":490,"column":null}}]},"44":{"loc":{"start":{"line":537,"column":4},"end":{"line":537,"column":null}},"type":"if","locations":[{"start":{"line":537,"column":4},"end":{"line":537,"column":null}}]},"45":{"loc":{"start":{"line":545,"column":4},"end":{"line":545,"column":null}},"type":"if","locations":[{"start":{"line":545,"column":4},"end":{"line":545,"column":null}}]},"46":{"loc":{"start":{"line":142,"column":4},"end":{"line":144,"column":null}},"type":"if","locations":[{"start":{"line":142,"column":4},"end":{"line":144,"column":null}}]}},"s":{"0":4,"1":4,"2":4,"3":4,"4":4,"5":4,"6":4,"7":4,"8":4,"9":4,"10":4,"11":4,"12":4,"13":4,"14":4,"15":4,"16":4,"17":4,"18":4,"19":4,"20":0,"21":0,"22":0,"23":0,"24":0,"25":0,"26":0,"27":0,"28":0,"29":4,"30":4,"31":0,"32":0,"33":0,"34":0,"35":4,"36":4,"37":0,"38":0,"39":0,"40":0,"41":0,"42":0,"43":0,"44":0,"45":0,"46":0,"47":4,"48":4,"49":0,"50":0,"51":0,"52":0,"53":0,"54":0,"55":4,"56":4,"57":0,"58":0,"59":0,"60":0,"61":0,"62":0,"63":0,"64":4,"65":4,"66":0,"67":4,"68":4,"69":0,"70":0,"71":0,"72":0,"73":0,"74":4,"75":4,"76":0,"77":4,"78":4,"79":0,"80":4,"81":4,"82":0,"83":0,"84":0,"85":0,"86":4,"87":4,"88":0,"89":4,"90":4,"91":0,"92":0,"93":4,"94":4,"95":0,"96":4,"97":4,"98":0,"99":4,"100":4,"101":0,"102":4,"103":4,"104":0,"105":0,"106":0,"107":0,"108":4,"109":4,"110":0,"111":0,"112":0,"113":0,"114":4,"115":4,"116":0,"117":4,"118":4,"119":0,"120":0,"121":0,"122":0,"123":0,"124":0,"125":4,"126":4,"127":0,"128":0,"129":0,"130":0,"131":0,"132":0,"133":0,"134":0,"135":4,"136":4,"137":0,"138":0,"139":0,"140":0,"141":0,"142":0,"143":0,"144":0,"145":4,"146":4,"147":0,"148":4,"149":4,"150":0,"151":4,"152":4,"153":0,"154":4,"155":4,"156":0,"157":0,"158":0,"159":0,"160":4,"161":4,"162":0,"163":4,"164":4,"165":0,"166":4,"167":4,"168":0,"169":4,"170":4,"171":0,"172":0,"173":0,"174":0,"175":0,"176":4,"177":4,"178":0,"179":0,"180":0,"181":0,"182":4,"183":4,"184":0,"185":4,"186":4,"187":4,"188":0,"189":0,"190":0,"191":0,"192":0,"193":4,"194":0,"195":0,"196":4,"197":4,"198":0,"199":0,"200":0,"201":0,"202":4,"203":4,"204":0,"205":4,"206":4,"207":0,"208":0,"209":4,"210":4,"211":0,"212":4,"213":4,"214":0,"215":0,"216":0,"217":4,"218":4,"219":0,"220":0,"221":0,"222":0,"223":0,"224":4,"225":4,"226":0,"227":0,"228":0,"229":0,"230":0,"231":0,"232":0,"233":4,"234":4,"235":0,"236":0,"237":4,"238":4,"239":0,"240":4,"241":4,"242":0,"243":0,"244":0,"245":0,"246":0,"247":0,"248":0,"249":0,"250":4,"251":4,"252":0,"253":0,"254":0,"255":0,"256":4,"257":4,"258":0,"259":0,"260":0,"261":0,"262":0,"263":0,"264":0,"265":0,"266":0,"267":0,"268":0,"269":0,"270":4,"271":4,"272":0,"273":0,"274":0,"275":0,"276":0,"277":0,"278":0,"279":0,"280":0,"281":4,"282":4,"283":0,"284":0,"285":0,"286":0,"287":0,"288":0,"289":0,"290":0,"291":0,"292":0,"293":4,"294":4,"295":0,"296":4,"297":4,"298":0,"299":0,"300":0,"301":0,"302":0,"303":0,"304":0,"305":0,"306":0,"307":0,"308":4,"309":4,"310":0,"311":0,"312":0,"313":0,"314":4,"315":4,"316":0,"317":4,"318":4,"319":0,"320":0,"321":4,"322":4,"323":0,"324":0,"325":0,"326":0,"327":4,"328":4,"329":0,"330":0,"331":0,"332":0,"333":0,"334":0,"335":4,"336":4,"337":0,"338":0,"339":0,"340":0,"341":0,"342":0,"343":4,"344":0,"345":0,"346":0,"347":4},"f":{"0":4,"1":0,"2":4,"3":0,"4":0,"5":4,"6":0,"7":0,"8":4,"9":0,"10":0,"11":4,"12":0,"13":0,"14":4,"15":0,"16":0,"17":4,"18":0,"19":0,"20":4,"21":0,"22":0,"23":4,"24":0,"25":0,"26":4,"27":0,"28":0,"29":4,"30":0,"31":0,"32":4,"33":0,"34":0,"35":4,"36":0,"37":0,"38":4,"39":0,"40":0,"41":4,"42":0,"43":0,"44":4,"45":0,"46":0,"47":4,"48":0,"49":0,"50":4,"51":0,"52":0,"53":4,"54":0,"55":0,"56":4,"57":0,"58":0,"59":0,"60":4,"61":0,"62":0,"63":0,"64":4,"65":0,"66":0,"67":4,"68":0,"69":0,"70":4,"71":0,"72":0,"73":4,"74":0,"75":0,"76":4,"77":0,"78":0,"79":4,"80":0,"81":0,"82":4,"83":0,"84":0,"85":4,"86":0,"87":0,"88":4,"89":0,"90":0,"91":4,"92":0,"93":0,"94":4,"95":0,"96":0,"97":0,"98":4,"99":0,"100":0,"101":4,"102":0,"103":0,"104":4,"105":0,"106":0,"107":4,"108":0,"109":0,"110":0,"111":4,"112":0,"113":0,"114":4,"115":0,"116":0,"117":0,"118":0,"119":4,"120":0,"121":0,"122":4,"123":0,"124":0,"125":4,"126":0,"127":0,"128":0,"129":4,"130":0,"131":0,"132":4,"133":0,"134":0,"135":4,"136":0,"137":0,"138":4,"139":0,"140":0,"141":4,"142":0,"143":0,"144":4,"145":0,"146":0,"147":0,"148":4,"149":0,"150":0,"151":4,"152":0,"153":0,"154":0,"155":4,"156":0,"157":0,"158":0,"159":4,"160":0,"161":0,"162":4,"163":0,"164":0,"165":0,"166":4,"167":0,"168":0,"169":4,"170":0,"171":0,"172":4,"173":0,"174":0,"175":0},"b":{"0":[4],"1":[0,0,0],"2":[0],"3":[0,0],"4":[0,0],"5":[0,0],"6":[0],"7":[0],"8":[0,0],"9":[0],"10":[0],"11":[0,0],"12":[0,0],"13":[0,0],"14":[0],"15":[0,0],"16":[0,0],"17":[0,0],"18":[0,0],"19":[0],"20":[0,0],"21":[0,0],"22":[0,0],"23":[0],"24":[0,0],"25":[0],"26":[0],"27":[0,0],"28":[0],"29":[0,0],"30":[0],"31":[0],"32":[0],"33":[0,0,0,0],"34":[0],"35":[0,0],"36":[0],"37":[0],"38":[0,0],"39":[0,0],"40":[0],"41":[0],"42":[0],"43":[0],"44":[0],"45":[0],"46":[0]}}
,"C:\\Users\\roymichaels\\Desktop\\dev\\thecongress\\thecongress\\services\\eventBus.ts": {"path":"C:\\Users\\roymichaels\\Desktop\\dev\\thecongress\\thecongress\\services\\eventBus.ts","statementMap":{"0":{"start":{"line":45,"column":0},"end":{"line":45,"column":7}},"1":{"start":{"line":74,"column":0},"end":{"line":74,"column":7}},"2":{"start":{"line":1,"column":0},"end":{"line":1,"column":null}},"3":{"start":{"line":2,"column":0},"end":{"line":2,"column":null}},"4":{"start":{"line":4,"column":0},"end":{"line":4,"column":null}},"5":{"start":{"line":5,"column":0},"end":{"line":5,"column":null}},"6":{"start":{"line":6,"column":0},"end":{"line":6,"column":null}},"7":{"start":{"line":7,"column":0},"end":{"line":7,"column":null}},"8":{"start":{"line":8,"column":0},"end":{"line":8,"column":null}},"9":{"start":{"line":9,"column":0},"end":{"line":9,"column":null}},"10":{"start":{"line":10,"column":0},"end":{"line":10,"column":null}},"11":{"start":{"line":12,"column":25},"end":{"line":15,"column":null}},"12":{"start":{"line":17,"column":24},"end":{"line":17,"column":49}},"13":{"start":{"line":18,"column":18},"end":{"line":18,"column":24}},"14":{"start":{"line":20,"column":29},"end":{"line":20,"column":33}},"15":{"start":{"line":22,"column":25},"end":{"line":22,"column":null}},"16":{"start":{"line":22,"column":25},"end":{"line":43,"column":null}},"17":{"start":{"line":23,"column":2},"end":{"line":23,"column":null}},"18":{"start":{"line":23,"column":12},"end":{"line":23,"column":null}},"19":{"start":{"line":24,"column":2},"end":{"line":42,"column":null}},"20":{"start":{"line":25,"column":4},"end":{"line":28,"column":null}},"21":{"start":{"line":27,"column":6},"end":{"line":27,"column":null}},"22":{"start":{"line":29,"column":20},"end":{"line":29,"column":43}},"23":{"start":{"line":30,"column":4},"end":{"line":30,"column":null}},"24":{"start":{"line":30,"column":32},"end":{"line":30,"column":null}},"25":{"start":{"line":31,"column":4},"end":{"line":31,"column":null}},"26":{"start":{"line":31,"column":32},"end":{"line":31,"column":null}},"27":{"start":{"line":32,"column":4},"end":{"line":32,"column":79}},"28":{"start":{"line":32,"column":27},"end":{"line":32,"column":26}},"29":{"start":{"line":32,"column":46},"end":{"line":32,"column":45}},"30":{"start":{"line":32,"column":57},"end":{"line":32,"column":56}},"31":{"start":{"line":33,"column":4},"end":{"line":33,"column":null}},"32":{"start":{"line":34,"column":4},"end":{"line":34,"column":null}},"33":{"start":{"line":34,"column":15},"end":{"line":34,"column":null}},"34":{"start":{"line":35,"column":4},"end":{"line":35,"column":null}},"35":{"start":{"line":36,"column":4},"end":{"line":36,"column":null}},"36":{"start":{"line":37,"column":4},"end":{"line":37,"column":null}},"37":{"start":{"line":39,"column":4},"end":{"line":39,"column":null}},"38":{"start":{"line":40,"column":4},"end":{"line":40,"column":null}},"39":{"start":{"line":41,"column":4},"end":{"line":41,"column":null}},"40":{"start":{"line":43,"column":1},"end":{"line":43,"column":null}},"41":{"start":{"line":45,"column":29},"end":{"line":45,"column":null}},"42":{"start":{"line":45,"column":29},"end":{"line":72,"column":null}},"43":{"start":{"line":48,"column":2},"end":{"line":48,"column":39}},"44":{"start":{"line":50,"column":2},"end":{"line":71,"column":null}},"45":{"start":{"line":51,"column":11},"end":{"line":51,"column":32}},"46":{"start":{"line":52,"column":4},"end":{"line":52,"column":null}},"47":{"start":{"line":52,"column":12},"end":{"line":52,"column":null}},"48":{"start":{"line":53,"column":4},"end":{"line":70,"column":null}},"49":{"start":{"line":54,"column":18},"end":{"line":54,"column":38}},"50":{"start":{"line":55,"column":22},"end":{"line":55,"column":60}},"51":{"start":{"line":56,"column":19},"end":{"line":56,"column":46}},"52":{"start":{"line":57,"column":17},"end":{"line":63,"column":null}},"53":{"start":{"line":65,"column":6},"end":{"line":67,"column":null}},"54":{"start":{"line":69,"column":6},"end":{"line":69,"column":null}},"55":{"start":{"line":72,"column":1},"end":{"line":72,"column":null}},"56":{"start":{"line":74,"column":27},"end":{"line":74,"column":null}},"57":{"start":{"line":74,"column":27},"end":{"line":79,"column":null}},"58":{"start":{"line":76,"column":2},"end":{"line":76,"column":39}},"59":{"start":{"line":78,"column":2},"end":{"line":78,"column":null}},"60":{"start":{"line":79,"column":1},"end":{"line":79,"column":null}},"61":{"start":{"line":81,"column":0},"end":{"line":81,"column":null}}},"fnMap":{"0":{"name":"ensureNode","decl":{"start":{"line":22,"column":15},"end":{"line":22,"column":25}},"loc":{"start":{"line":22,"column":25},"end":{"line":22,"column":null}}},"1":{"name":"_ensureNode","decl":{"start":{"line":22,"column":25},"end":{"line":22,"column":null}},"loc":{"start":{"line":22,"column":25},"end":{"line":43,"column":null}}},"2":{"name":"(anonymous_3)","decl":{"start":{"line":22,"column":0},"end":{"line":22,"column":15}},"loc":{"start":{"line":22,"column":25},"end":{"line":43,"column":1}}},"3":{"name":"publish","decl":{"start":{"line":45,"column":22},"end":{"line":45,"column":29}},"loc":{"start":{"line":45,"column":29},"end":{"line":45,"column":null}}},"4":{"name":"_publish","decl":{"start":{"line":45,"column":29},"end":{"line":45,"column":null}},"loc":{"start":{"line":45,"column":29},"end":{"line":72,"column":null}}},"5":{"name":"(anonymous_6)","decl":{"start":{"line":45,"column":7},"end":{"line":45,"column":22}},"loc":{"start":{"line":48,"column":39},"end":{"line":72,"column":1}}},"6":{"name":"(anonymous_7)","decl":{"start":{"line":50,"column":43},"end":{"line":50,"column":54}},"loc":{"start":{"line":50,"column":54},"end":{"line":71,"column":3}}},"7":{"name":"track","decl":{"start":{"line":74,"column":22},"end":{"line":74,"column":27}},"loc":{"start":{"line":74,"column":27},"end":{"line":74,"column":null}}},"8":{"name":"_track","decl":{"start":{"line":74,"column":27},"end":{"line":74,"column":null}},"loc":{"start":{"line":74,"column":27},"end":{"line":79,"column":null}}},"9":{"name":"(anonymous_10)","decl":{"start":{"line":74,"column":7},"end":{"line":74,"column":22}},"loc":{"start":{"line":76,"column":39},"end":{"line":79,"column":1}}}},"branchMap":{"0":{"loc":{"start":{"line":23,"column":2},"end":{"line":23,"column":null}},"type":"if","locations":[{"start":{"line":23,"column":2},"end":{"line":23,"column":null}}]},"1":{"loc":{"start":{"line":25,"column":4},"end":{"li
[...]
":21},"end":{"line":58,"column":49}}},"6":{"name":"(anonymous_16)","decl":{"start":{"line":73,"column":25},"end":{"line":73,"column":26}},"loc":{"start":{"line":73,"column":37},"end":{"line":106,"column":null}}},"7":{"name":"onFocus","decl":{"start":{"line":79,"column":18},"end":{"line":79,"column":25}},"loc":{"start":{"line":79,"column":25},"end":{"line":79,"column":56}}},"8":{"name":"onBlur","decl":{"start":{"line":80,"column":18},"end":{"line":80,"column":24}},"loc":{"start":{"line":80,"column":24},"end":{"line":80,"column":54}}},"9":{"name":"onPress","decl":{"start":{"line":88,"column":18},"end":{"line":88,"column":25}},"loc":{"start":{"line":88,"column":32},"end":{"line":91,"column":20}}}},"branchMap":{"0":{"loc":{"start":{"line":29,"column":4},"end":{"line":29,"column":null}},"type":"if","locations":[{"start":{"line":29,"column":4},"end":{"line":29,"column":null}}]},"1":{"loc":{"start":{"line":29,"column":8},"end":{"line":29,"column":38}},"type":"binary-expr","locations":[{"start":{"line":29,"column":8},"end":{"line":29,"column":13}},{"start":{"line":29,"column":17},"end":{"line":29,"column":38}}]},"2":{"loc":{"start":{"line":32,"column":6},"end":{"line":32,"column":null}},"type":"if","locations":[{"start":{"line":32,"column":6},"end":{"line":32,"column":null}}]},"3":{"loc":{"start":{"line":37,"column":6},"end":{"line":39,"column":null}},"type":"if","locations":[{"start":{"line":37,"column":6},"end":{"line":39,"column":null}}]},"4":{"loc":{"start":{"line":37,"column":10},"end":{"line":37,"column":56}},"type":"binary-expr","locations":[{"start":{"line":37,"column":10},"end":{"line":37,"column":17}},{"start":{"line":37,"column":21},"end":{"line":37,"column":56}}]},"5":{"loc":{"start":{"line":54,"column":7},"end":{"line":110,"column":null}},"type":"binary-expr","locations":[{"start":{"line":54,"column":7},"end":{"line":54,"column":11}},{"start":{"line":55,"column":8},"end":{"line":110,"column":null}}]},"6":{"loc":{"start":{"line":83,"column":20},"end":{"line":86,"column":null}},"type":"binary-expr","locations":[{"start":{"line":83,"column":20},"end":{"line":83,"column":42}},{"start":{"line":83,"column":46},"end":{"line":86,"column":null}}]},"7":{"loc":{"start":{"line":98,"column":31},"end":{"line":100,"column":null}},"type":"cond-expr","locations":[{"start":{"line":99,"column":28},"end":{"line":99,"column":47}},{"start":{"line":100,"column":28},"end":{"line":100,"column":null}}]}},"s":{"0":8,"1":8,"2":8,"3":8,"4":8,"5":8,"6":8,"7":0,"8":0,"9":0,"10":0,"11":0,"12":0,"13":0,"14":0,"15":0,"16":0,"17":0,"18":0,"19":0,"20":0,"21":0,"22":0,"23":0,"24":0,"25":0,"26":0,"27":0,"28":0,"29":0,"30":0,"31":0,"32":0,"33":0,"34":0,"35":0,"36":0,"37":0,"38":0,"39":0,"40":0,"41":0,"42":8},"f":{"0":0,"1":0,"2":0,"3":0,"4":0,"5":0,"6":0,"7":0,"8":0,"9":0},"b":{"0":[0],"1":[0,0],"2":[0],"3":[0],"4":[0,0],"5":[0,0],"6":[0,0],"7":[0,0]}}
,"C:\\Users\\roymichaels\\Desktop\\dev\\thecongress\\thecongress\\src\\ui\\primitives\\Overlay.tsx": {"path":"C:\\Users\\roymichaels\\Desktop\\dev\\thecongress\\thecongress\\src\\ui\\primitives\\Overlay.tsx","statementMap":{"0":{"start":{"line":8,"column":0},"end":{"line":8,"column":24}},"1":{"start":{"line":1,"column":0},"end":{"line":1,"column":null}},"2":{"start":{"line":2,"column":0},"end":{"line":2,"column":null}},"3":{"start":{"line":8,"column":39},"end":{"line":8,"column":38}},"4":{"start":{"line":9,"column":2},"end":{"line":9,"column":null}}},"fnMap":{"0":{"name":"Overlay","decl":{"start":{"line":8,"column":24},"end":{"line":8,"column":31}},"loc":{"start":{"line":8,"column":55},"end":{"line":10,"column":null}}}},"branchMap":{},"s":{"0":8,"1":8,"2":8,"3":0,"4":0},"f":{"0":0},"b":{}}
,"C:\\Users\\roymichaels\\Desktop\\dev\\thecongress\\thecongress\\src\\ui\\primitives\\Portal.tsx": {"path":"C:\\Users\\roymichaels\\Desktop\\dev\\thecongress\\thecongress\\src\\ui\\primitives\\Portal.tsx","statementMap":{"0":{"start":{"line":9,"column":0},"end":{"line":9,"column":24}},"1":{"start":{"line":1,"column":0},"end":{"line":1,"column":null}},"2":{"start":{"line":2,"column":0},"end":{"line":2,"column":null}},"3":{"start":{"line":3,"column":0},"end":{"line":3,"column":null}},"4":{"start":{"line":9,"column":41},"end":{"line":9,"column":40}},"5":{"start":{"line":10,"column":2},"end":{"line":17,"column":null}},"6":{"start":{"line":11,"column":4},"end":{"line":16,"column":null}},"7":{"start":{"line":19,"column":2},"end":{"line":24,"column":null}}},"fnMap":{"0":{"name":"Portal","decl":{"start":{"line":9,"column":24},"end":{"line":9,"column":30}},"loc":{"start":{"line":9,"column":56},"end":{"line":26,"column":null}}}},"branchMap":{"0":{"loc":{"start":{"line":10,"column":2},"end":{"line":17,"column":null}},"type":"if","locations":[{"start":{"line":10,"column":2},"end":{"line":17,"column":null}}]}},"s":{"0":8,"1":8,"2":8,"3":8,"4":0,"5":0,"6":0,"7":0},"f":{"0":0},"b":{"0":[0]}}
,"C:\\Users\\roymichaels\\Desktop\\dev\\thecongress\\thecongress\\src\\ui\\primitives\\Skeleton.tsx": {"path":"C:\\Users\\roymichaels\\Desktop\\dev\\thecongress\\thecongress\\src\\ui\\primitives\\Skeleton.tsx","statementMap":{"0":{"start":{"line":15,"column":0},"end":{"line":15,"column":24}},"1":{"start":{"line":1,"column":0},"end":{"line":1,"column":null}},"2":{"start":{"line":2,"column":0},"end":{"line":2,"column":null}},"3":{"start":{"line":3,"column":0},"end":{"line":3,"column":null}},"4":{"start":{"line":4,"column":0},"end":{"line":4,"column":null}},"5":{"start":{"line":5,"column":0},"end":{"line":5,"column":null}},"6":{"start":{"line":6,"column":0},"end":{"line":6,"column":null}},"7":{"start":{"line":20,"column":16},"end":{"line":16,"column":7}},"8":{"start":{"line":16,"column":7},"end":{"line":16,"column":null}},"9":{"start":{"line":16,"column":16},"end":{"line":17,"column":8}},"10":{"start":{"line":17,"column":8},"end":{"line":17,"column":null}},"11":{"start":{"line":18,"column":7},"end":{"line":18,"column":6}},"12":{"start":{"line":18,"column":7},"end":{"line":19,"column":14}},"13":{"start":{"line":19,"column":14},"end":{"line":19,"column":null}},"14":{"start":{"line":21,"column":21},"end":{"line":21,"column":31}},"15":{"start":{"line":21,"column":16},"end":{"line":21,"column":15}},"16":{"start":{"line":22,"column":18},"end":{"line":22,"column":55}},"17":{"start":{"line":23,"column":23},"end":{"line":23,"column":41}},"18":{"start":{"line":25,"column":2},"end":{"line":36,"column":null}},"19":{"start":{"line":26,"column":4},"end":{"line":26,"column":null}},"20":{"start":{"line":26,"column":22},"end":{"line":26,"column":null}},"21":{"start":{"line":27,"column":22},"end":{"line":32,"column":null}},"22":{"start":{"line":34,"column":4},"end":{"line":34,"column":null}},"23":{"start":{"line":35,"column":4},"end":{"line":35,"column":null}},"24":{"start":{"line":35,"column":11},"end":{"line":35,"column":null}},"25":{"start":{"line":38,"column":21},"end":{"line":43,"column":8}},"26":{"start":{"line":45,"column":2},"end":{"line":74,"column":null}}},"fnMap":{"0":{"name":"Skeleton","decl":{"start":{"line":15,"column":24},"end":{"line":15,"column":32}},"loc":{"start":{"line":20,"column":16},"end":{"line":76,"column":null}}},"1":{"name":"(anonymous_11)","decl":{"start":{"line":25,"column":12},"end":{"line":25,"column":17}},"loc":{"start":{"line":25,"column":17},"end":{"line":36,"column":3}}},"2":{"name":"(anonymous_12)","decl":{"start":{"line":35,"column":11},"end":{"line":35,"column":17}},"loc":{"start":{"line":35,"column":11},"end":{"line":35,"column":null}}}},"branchMap":{"0":{"loc":{"start":{"line":16,"column":7},"end":{"line":16,"column":null}},"type":"cond-expr","locations":[{"start":{"line":16,"column":10},"end":{"line":16,"column":16}},{"start":{"line":16,"column":16},"end":{"line":16,"column":null}}]},"1":{"loc":{"start":{"line":17,"column":8},"end":{"line":17,"column":null}},"type":"cond-expr","locations":[{"start":{"line":17,"column":11},"end":{"line":17,"column":13}},{"start":{"line":17,"column":13},"end":{"line":17,"column":null}}]},"2":{"loc":{"start":{"line":19,"column":14},"end":{"line":19,"column":null}},"type":"cond-expr","locations":[{"start":{"line":19,"column":17},"end":{"line":19,"column":26}},{"start":{"line":19,"column":26},"end":{"line":19,"column":null}}]},"3":{"loc":{"start":{"line":26,"column":4},"end":{"line":26,"column":null}},"type":"if","locations":[{"start":{"line":26,"column":4},"end":{"line":26,"column":null}}]},"4":{"loc":{"start":{"line":38,"column":21},"end":{"line":43,"column":8}},"type":"cond-expr","locations":[{"start":{"line":39,"column":6},"end":{"line":39,"column":7}},{"start":{"line":40,"column":6},"end":{"line":43,"column":8}}]},"5":{"loc":{"start":{"line":58,"column":7},"end":{"line":72,"column":null}},"type":"cond-expr","locations":[{"start":{"line":59,"column":8},"end":{"line":59,"column":36}},{"start":{"line":61,"column":8},"end":{"line":72,"column":null}}]}},"s":{"0":8,"1":8,"2":8,"3":8,"4":8,"5":8,"6":8,"7":0,"8":0,"9":0,"10":0,"11":0,"12":0,"13":0,"14":0,"15":0,"16":0,"17":0,"18":0,"19":0,"20":0,"21":0,"22":0,"23":0,"24":0,"25":0,"26":0},"f":{"0":0,"1":0,"2":0},"b":{"0":[0,0],"1":[0,0],"2":[0,0],"3":[0],"4":[0,0],"5":[0,0]}}
,"C:\\Users\\roymichaels\\Desktop\\dev\\thecongress\\thecongress\\src\\ui\\primitives\\Spinner.tsx": {"path":"C:\\Users\\roymichaels\\Desktop\\dev\\thecongress\\thecongress\\src\\ui\\primitives\\Spinner.tsx","statementMap":{"0":{"start":{"line":5,"column":0},"end":{"line":5,"column":24}},"1":{"start":{"line":1,"column":0},"end":{"line":1,"column":null}},"2":{"start":{"line":2,"column":0},"end":{"line":2,"column":null}},"3":{"start":{"line":3,"column":0},"end":{"line":3,"column":null}},"4":{"start":{"line":5,"column":39},"end":{"line":5,"column":38}},"5":{"start":{"line":5,"column":49},"end":{"line":5,"column":75}},"6":{"start":{"line":6,"column":21},"end":{"line":6,"column":31}},"7":{"start":{"line":6,"column":16},"end":{"line":6,"column":15}},"8":{"start":{"line":7,"column":2},"end":{"line":7,"column":null}}},"fnMap":{"0":{"name":"Spinner","decl":{"start":{"line":5,"column":24},"end":{"line":5,"column":31}},"loc":{"start":{"line":5,"column":75},"end":{"line":8,"column":null}}}},"branchMap":{"0":{"loc":{"start":{"line":7,"column":35},"end":{"line":7,"column":56}},"type":"binary-expr","locations":[{"start":{"line":7,"column":35},"end":{"line":7,"column":40}},{"start":{"line":7,"column":44},"end":{"line":7,"column":56}}]}},"s":{"0":8,"1":8,"2":8,"3":8,"4":10,"5":10,"6":10,"7":10,"8":10},"f":{"0":10},"b":{"0":[10,10]}}
,"C:\\Users\\roymichaels\\Desktop\\dev\\thecongress\\thecongress\\src\\ui\\primitives\\Text.tsx": {"path":"C:\\Users\\roymichaels\\Desktop\\dev\\thecongress\\thecongress\\src\\ui\\primitives\\Text.tsx","statementMap":{"0":{"start":{"line":13,"column":0},"end":{"line":13,"column":24}},"1":{"start":{"line":1,"column":0},"end":{"line":1,"column":null}},"2":{"start":{"line":2,"column":0},"end":{"line":2,"column":null}},"3":{"start":{"line":3,"column":0},"end":{"line":3,"column":null}},"4":{"start":{"line":4,"column":0},"end":{"line":4,"column":null}},"5":{"start":{"line":18,"column":8},"end":{"line":14,"column":9}},"6":{"start":{"line":14,"column":9},"end":{"line":14,"column":null}},"7":{"start":{"line":14,"column":16},"end":{"line":15,"column":8}},"8":{"start":{"line":15,"column":8},"end":{"line":15,"column":null}},"9":{"start":{"line":16,"column":7},"end":{"line":16,"column":6}},"10":{"start":{"line":17,"column":9},"end":{"line":17,"column":null}},"11":{"start":{"line":19,"column":21},"end":{"line":19,"column":38}},"12":{"start":{"line":20,"column":50},"end":{"line":20,"column":69}},"13":{"start":{"line":20,"column":18},"end":{"line":20,"column":17}},"14":{"start":{"line":20,"column":30},"end":{"line":20,"column":29}},"15":{"start":{"line":20,"column":45},"end":{"line":20,"column":44}},"16":{"start":{"line":22,"column":4},"end":{"line":24,"column":47}},"17":{"start":{"line":26,"column":2},"end":{"line":39,"column":null}}},"fnMap":{"0":{"name":"Text","decl":{"start":{"line":13,"column":24},"end":{"line":13,"column":28}},"loc":{"start":{"line":18,"column":8},"end":{"line":41,"column":null}}}},"branchMap":{"0":{"loc":{"start":{"line":14,"column":9},"end":{"line":14,"column":null}},"type":"cond-expr","locations":[{"start":{"line":14,"column":12},"end":{"line":14,"column":16}},{"start":{"line":14,"column":16},"end":{"line":14,"column":null}}]},"1":{"loc":{"start":{"line":15,"column":8},"end":{"line":15,"column":null}},"type":"cond-expr","locations":[{"start":{"line":15,"column":11},"end":{"line":15,"column":16}},{"start":{"line":15,"column":16},"end":{"line":15,"column":null}}]},"2":{"loc":{"start":{"line":22,"column":4},"end":{"line":24,"column":47}},"type":"binary-expr","locations":[{"start":{"line":22,"column":5},"end":{"line":24,"column":36}},{"start":{"line":24,"column":41},"end":{"line":24,"column":47}}]},"3":{"loc":{"start":{"line":22,"column":5},"end":{"line":24,"column":36}},"type":"cond-expr","locations":[{"start":{"line":23,"column":8},"end":{"line":23,"column":38}},{"start":{"line":24,"column":8},"end":{"line":24,"column":36}}]},"4":{"loc":{"start":{"line":24,"column":8},"end":{"line":24,"column":36}},"type":"cond-expr","locations":[{"start":{"line":24,"column":27},"end":{"line":24,"column":29}},{"start":{"line":24,"column":8},"end":{"line":24,"column":36}}]},"5":{"loc":{"start":{"line":24,"column":8},"end":{"line":24,"column":29}},"type":"binary-expr","locations":[{"start":{"line":24,"column":8},"end":{"line":24,"column":15}},{"start":{"line":24,"column":13},"end":{"line":24,"column":23}},{"start":{"line":24,"column":21},"end":{"line":24,"column":29}}]}},"s":{"0":8,"1":8,"2":8,"3":8,"4":8,"5":41,"6":41,"7":41,"8":41,"9":41,"10":41,"11":41,"12":41,"13":41,"14":41,"15":41,"16":41,"17":41},"f":{"0":41},"b":{"0":[35,6],"1":[35,6],"2":[41,0],"3":[41,0],"4":[0,0],"5":[0,0,0]}}
,"C:\\Users\\roymichaels\\Desktop\\dev\\thecongress\\thecongress\\src\\ui\\primitives\\TextField.tsx": {"path":"C:\\Users\\roymichaels\\Desktop\\dev\\thecongress\\thecongress\\src\\ui\\primitives\\TextField.tsx","statementMap":{"0":{"start":{"line":16,"column":0},"end":{"line":16,"column":24}},"1":{"start":{"line":1,"column":0},"end":{"line":1,"column":null}},"2":{"start":{"line":2,"column":0},"end":{"line":2,"column":null}},"3":{"start":{"line":3,"column":0},"end":{"line":3,"column":null}},"4":{"start":{"line":4,"column":0},"end":{"line":4,"column":null}},"5":{"start":{"line":16,"column":41},"end":{"line":16,"column":40}},"6":{"start":{"line":16,"column":55},"end":{"line":16,"column":54}},"7":{"start":{"line":16,"column":68},"end":{"line":16,"column":67}},"8":{"start":{"line":16,"column":75},"end":{"line":16,"column":74}},"9":{"start":{"line":16,"column":92},"end":{"line":16,"column":91}},"10":{"start":{"line":16,"column":106},"end":{"line":16,"column":105}},"11":{"start":{"line":16,"column":117},"end":{"line":16,"column":116}},"12":{"start":{"line":17,"column":21},"end":{"line":17,"column":31}},"13":{"start":{"line":17,"column":16},"end":{"line":17,"column":15}},"14":{"start":{"line":18,"column":2},"end":{"line":38,"column":null}}},"fnMap":{"0":{"name":"TextField","decl":{"start":{"line":16,"column":24},"end":{"line":16,"column":33}},"loc":{"start":{"line":16,"column":135},"end":{"line":40,"column":null}}}},"branchMap":{},"s":{"0":8,"1":8,"2":8,"3":8,"4":8,"5":8,"6":8,"7":8,"8":8,"9":8,"10":8,"11":8,"12":8,"13":8,"14":8},"f":{"0":8},"b":{}}
,"C:\\Users\\roymichaels\\Desktop\\dev\\thecongress\\thecongress\\src\\ui\\primitives\\index.ts": {"path":"C:\\Users\\roymichaels\\Desktop\\dev\\thecongress\\thecongress\\src\\ui\\primitives\\index.ts","statementMap":{"0":{"start":{"line":1,"column":0},"end":{"line":1,"column":9}},"1":{"start":{"line":1,"column":9},"end":{"line":1,"column":null}},"2":{"start":{"line":2,"column":0},"end":{"line":2,"column":9}},"3":{"start":{"line":2,"column":9},"end":{"line":2,"column":null}},"4":{"start":{"line":3,"column":0},"end":{"line":3,"column":9}},"5":{"start":{"line":3,"column":9},"end":{"line":3,"column":null}},"6":{"start":{"line":4,"column":0},"end":{"line":4,"column":9}},"7":{"start":{"line":4,"column":9},"end":{"line":4,"column":null}},"8":{"start":{"line":5,"column":0},"end":{"line":5,"column":9}},"9":{"start":{"line":5,"column":9},"end":{"line":5,"column":null}},"10":{"start":{"line":6,"column":0},"end":{"line":6,"column":9}},"11":{"start":{"line":6,"column":9},"end":{"line":6,"column":null}},"12":{"start":{"line":7,"column":0},"end":{"line":7,"column":9}},"13":{"start":{"line":7,"column":9},"end":{"line":7,"column":null}},"14":{"start":{"line":8,"column":0},"end":{"line":8,"column":9}},"15":{"start":{"line":8,"column":9},"end":{"line":8,"column":null}},"16":{"start":{"line":10,"column":0},"end":{"line":10,"column":9}},"17":{"start":{"line":10,"column":9},"end":{"line":10,"column":null}},"18":{"start":{"line":11,"column":0},"end":{"line":11,"column":9}},"19":{"start":{"line":11,"column":9},"end":{"line":11,"column":null}},"20":{"start":{"line":12,"column":0},"end":{"line":12,"column":9}},"21":{"start":{"line":12,"column":9},"end":{"line":12,"column":null}},"22":{"start":{"line":13,"column":0},"end":{"line":13,"column":9}},"23":{"start":{"line":13,"column":9},"end":{"line":13,"column":null}},"24":{"start":{"line":14,"column":0},"end":{"line":14,"column":9}},"25":{"start":{"line":14,"column":9},"end":{"line":14,"column":null}},"26":{"start":{"line":15,"column":0},"end":{"line":15,"column":9}},"27":{"start":{"line":15,"column":9},"end":{"line":15,"column":null}}},"fnMap":{"0":{"name":"get","decl":{"start":{"line":1,"column":9},"end":{"line":1,"column":16}},"loc":{"start":{"line":1,"column":9},"end":{"line":1,"column":null}}},"1":{"name":"get","decl":{"start":{"line":2,"column":9},"end":{"line":2,"column":16}},"loc":{"start":{"line":2,"column":9},"end":{"line":2,"column":null}}},"2":{"name":"get","decl":{"start":{"line":3,"column":9},"end":{"line":3,"column":16}},"loc":{"start":{"line":3,"column":9},"end":{"line":3,"column":null}}},"3":{"name":"get","decl":{"start":{"line":4,"column":9},"end":{"line":4,"column":16}},"loc":{"start":{"line":4,"column":9},"end":{"line":4,"column":null}}},"4":{"name":"get","decl":{"start":{"line":5,"column":9},"end":{"line":5,"column":16}},"loc":{"start":{"line":5,"column":9},"end":{"line":5,"column":null}}},"5":{"name":"get","decl":{"start":{"line":6,"column":9},"end":{"line":6,"column":16}},"loc":{"start":{"line":6,"column":9},"end":{"line":6,"column":null}}},"6":{"name":"get","decl":{"start":{"line":7,"column":9},"end":{"line":7,"column":16}},"loc":{"start":{"line":7,"column":9},"end":{"line":7,"column":null}}},"7":{"name":"get","decl":{"start":{"line":8,"column":9},"end":{"line":8,"column":16}},"loc":{"start":{"line":8,"column":9},"end":{"line":8,"column":null}}},"8":{"name":"get","decl":{"start":{"line":10,"column":9},"end":{"line":10,"column":16}},"loc":{"start":{"line":10,"column":9},"end":{"line":10,"column":null}}},"9":{"name":"get","decl":{"start":{"line":11,"column":9},"end":{"line":11,"column":16}},"loc":{"start":{"line":11,"column":9},"end":{"line":11,"column":null}}},"10":{"name":"get","decl":{"start":{"line":12,"column":9},"end":{"line":12,"column":16}},"loc":{"start":{"line":12,"column":9},"end":{"line":12,"column":null}}},"11":{"name":"get","decl":{"start":{"line":13,"column":9},"end":{"line":13,"column":16}},"loc":{"start":{"line":13,"column":9},"end":{"line":13,"column":null}}},"12":{"name":"get","decl":{"start":{"line":14,"column":9},"end":{"line":14,"column":16}},"loc":{"start":{"line":14,"column":9},"end":{"line":14,"column":null}}},"13":{"name":"get","decl":{"start":{"line":15,"column":9},"end":{"line":15,"column":16}},"loc":{"start":{"line":15,"column":9},"end":{"line":15,"column":null}}}},"branchMap":{},"s":{"0":8,"1":8,"2":8,"3":8,"4":8,"5":13,"6":8,"7":17,"8":8,"9":8,"10":8,"11":8,"12":8,"13":13,"14":8,"15":8,"16":8,"17":8,"18":8,"19":8,"20":8,"21":8,"22":8,"23":29,"24":8,"25":42,"26":8,"27":18},"f":{"0":0,"1":0,"2":5,"3":9,"4":0,"5":0,"6":5,"7":0,"8":0,"9":0,"10":0,"11":21,"12":34,"13":10},"b":{}}
}
