TN:
SF:services\adminGrantStore.ts
FN:10,grantKey
FN:14,indexKey
FN:18,readIndex
FN:18,_readIndex
FN:18,(anonymous_4)
FN:29,writeIndex
FN:29,_writeIndex
FN:29,(anonymous_7)
FN:33,putGrant
FN:33,_putGrant
FN:33,(anonymous_10)
FN:43,getGrant
FN:43,_getGrant
FN:43,(anonymous_13)
FN:56,markGrantUsed
FN:56,_markGrantUsed
FN:56,(anonymous_16)
FN:74,purgeExpired
FN:74,_purgeExpired
FN:74,(anonymous_19)
FNF:20
FNH:0
FNDA:0,grantKey
FNDA:0,indexKey
FNDA:0,readIndex
FNDA:0,_readIndex
FNDA:0,(anonymous_4)
FNDA:0,writeIndex
FNDA:0,_writeIndex
FNDA:0,(anonymous_7)
FNDA:0,putGrant
FNDA:0,_putGrant
FNDA:0,(anonymous_10)
FNDA:0,getGrant
FNDA:0,_getGrant
FNDA:0,(anonymous_13)
FNDA:0,markGrantUsed
FNDA:0,_markGrantUsed
FNDA:0,(anonymous_16)
FNDA:0,purgeExpired
FNDA:0,_purgeExpired
FNDA:0,(anonymous_19)
DA:2,1
DA:3,1
DA:5,1
DA:6,1
DA:7,1
DA:8,1
DA:11,0
DA:15,0
DA:18,0
DA:19,0
DA:20,0
DA:21,0
DA:22,0
DA:23,0
DA:25,0
DA:27,0
DA:29,0
DA:30,0
DA:31,0
DA:33,1
DA:34,0
DA:35,0
DA:36,0
DA:37,0
DA:38,0
DA:39,0
DA:41,0
DA:43,1
DA:47,0
DA:48,0
DA:49,0
DA:50,0
DA:52,0
DA:54,0
DA:56,1
DA:59,0
DA:61,0
DA:62,0
DA:63,0
DA:64,0
DA:70,0
DA:71,0
DA:72,0
DA:74,1
DA:76,0
DA:78,0
DA:79,0
DA:80,0
DA:81,0
DA:82,0
DA:83,0
DA:84,0
DA:85,0
DA:86,0
DA:87,0
DA:88,0
DA:89,0
DA:91,0
DA:93,0
DA:94,0
LF:60
LH:10
BRDA:20,0,0,0
BRDA:23,1,0,0
BRDA:23,1,1,0
BRDA:37,2,0,0
BRDA:48,3,0,0
BRDA:59,4,0,0
BRDA:59,4,1,0
BRDA:59,5,0,0
BRDA:59,5,1,0
BRDA:62,6,0,0
BRDA:63,7,0,0
BRDA:67,8,0,0
BRDA:67,8,1,0
BRDA:68,9,0,0
BRDA:68,9,1,0
BRDA:76,10,0,0
BRDA:76,10,1,0
BRDA:76,11,0,0
BRDA:76,11,1,0
BRDA:79,12,0,0
BRDA:83,13,0,0
BRDA:85,14,0,0
BRDA:85,14,1,0
BRDA:85,14,2,0
BRDA:86,15,0,0
BRDA:86,15,1,0
BRDA:86,15,2,0
BRDA:87,16,0,0
BRDA:87,17,0,0
BRDA:87,17,1,0
BRDA:87,17,2,0
BRF:31
BRH:0
end_of_record
TN:
SF:services\chain.ts
FN:4,(anonymous_0)
FN:4,init
FN:5,(anonymous_3)
FN:5,openModal
FN:6,useAccount
FN:7,useAccountId
FN:8,getAccountId
FN:9,getPublicKey
FN:10,getSelector
FN:11,(anonymous_11)
FN:11,getBalance
FN:12,(anonymous_14)
FN:12,signMessage
FN:13,(anonymous_17)
FN:13,listOrdersBySeller
FN:14,(anonymous_20)
FN:14,listOrdersByBuyer
FN:15,(anonymous_23)
FN:15,payPrivately
FN:18,assertNearChain
FNF:20
FNH:0
FNDA:0,(anonymous_0)
FNDA:0,init
FNDA:0,(anonymous_3)
FNDA:0,openModal
FNDA:0,useAccount
FNDA:0,useAccountId
FNDA:0,getAccountId
FNDA:0,getPublicKey
FNDA:0,getSelector
FNDA:0,(anonymous_11)
FNDA:0,getBalance
FNDA:0,(anonymous_14)
FNDA:0,signMessage
FNDA:0,(anonymous_17)
FNDA:0,listOrdersBySeller
FNDA:0,(anonymous_20)
FNDA:0,listOrdersByBuyer
FNDA:0,(anonymous_23)
FNDA:0,payPrivately
FNDA:0,assertNearChain
DA:1,0
DA:3,0
DA:4,0
DA:5,0
DA:6,0
DA:7,0
DA:8,0
DA:9,0
DA:10,0
DA:11,0
DA:12,0
DA:13,0
DA:14,0
DA:15,0
DA:19,0
DA:20,0
LF:16
LH:0
BRDA:19,0,0,0
BRF:1
BRH:0
end_of_record
TN:
SF:services\chatConfig.ts
FN:9,isChatConfigured
FN:13,_isChatConfigured
FN:9,(anonymous_2)
FNF:3
FNH:0
FNDA:0,isChatConfigured
FNDA:0,_isChatConfigured
FNDA:0,(anonymous_2)
DA:5,0
DA:6,0
DA:9,0
DA:10,0
DA:11,0
DA:12,0
DA:13,0
LF:7
LH:0
BRDA:5,0,0,0
BRDA:10,1,0,0
BRF:2
BRH:0
end_of_record
TN:
SF:services\consent.ts
FN:1,requestConsent
FN:11,_requestConsent
FN:1,(anonymous_2)
FNF:3
FNH:0
FNDA:0,requestConsent
FNDA:0,_requestConsent
FNDA:0,(anonymous_2)
DA:1,0
DA:2,0
DA:3,0
DA:4,0
DA:5,0
DA:6,0
DA:7,0
DA:8,0
DA:10,0
DA:11,0
LF:10
LH:0
BRDA:2,0,0,0
BRDA:2,0,1,0
BRDA:5,1,0,0
BRDA:5,1,1,0
BRDA:7,2,0,0
BRF:5
BRH:0
end_of_record
TN:
SF:services\database.ts
FN:51,(anonymous_0)
FN:72,DatabaseService
FN:72,(anonymous_2)
FN:79,(anonymous_3)
FN:79,getEncryptionKey
FN:79,(anonymous_5)
FN:94,(anonymous_6)
FN:94,loadWishlist
FN:94,(anonymous_8)
FN:114,(anonymous_9)
FN:114,persistWishlist
FN:114,(anonymous_11)
FN:128,(anonymous_12)
FN:128,cacheChatMessages
FN:128,(anonymous_14)
FN:150,(anonymous_15)
FN:150,getUserProfile
FN:150,(anonymous_17)
FN:154,(anonymous_18)
FN:154,updateUserRole
FN:154,(anonymous_20)
FN:164,(anonymous_21)
FN:164,getCategories
FN:164,(anonymous_23)
FN:168,(anonymous_24)
FN:168,addCategory
FN:168,(anonymous_26)
FN:179,(anonymous_27)
FN:179,updateCategory
FN:179,(anonymous_29)
FN:185,(anonymous_30)
FN:185,deleteCategory
FN:185,(anonymous_32)
FN:189,(anonymous_33)
FN:189,getSetting
FN:189,(anonymous_35)
FN:194,(anonymous_36)
FN:194,updateSetting
FN:194,(anonymous_38)
FN:199,(anonymous_39)
FN:199,getProducts
FN:199,(anonymous_41)
FN:203,(anonymous_42)
FN:203,getProduct
FN:203,(anonymous_44)
FN:207,(anonymous_45)
FN:207,addProduct
FN:207,(anonymous_47)
FN:219,(anonymous_48)
FN:219,updateProduct
FN:219,(anonymous_50)
FN:230,(anonymous_51)
FN:230,deleteProduct
FN:230,(anonymous_53)
FN:243,(anonymous_54)
FN:243,addSubcategory
FN:243,(anonymous_56)
FN:251,(anonymous_57)
FN:257,(anonymous_58)
FN:251,updateSubcategory
FN:251,(anonymous_60)
FN:266,(anonymous_61)
FN:270,(anonymous_62)
FN:266,deleteSubcategory
FN:266,(anonymous_64)
FN:279,(anonymous_65)
FN:279,getPricingTiers
FN:279,(anonymous_67)
FN:283,(anonymous_68)
FN:283,getPricingTier
FN:283,(anonymous_70)
FN:287,(anonymous_71)
FN:287,addPricingTier
FN:287,(anonymous_73)
FN:291,(anonymous_74)
FN:291,updatePricingTier
FN:291,(anonymous_76)
FN:300,(anonymous_77)
FN:300,deletePricingTier
FN:300,(anonymous_79)
FN:304,(anonymous_80)
FN:304,getMixGroup
FN:304,(anonymous_82)
FN:309,(anonymous_83)
FN:309,getHeroBanners
FN:309,(anonymous_85)
FN:313,(anonymous_86)
FN:313,addHeroBanner
FN:313,(anonymous_88)
FN:323,(anonymous_89)
FN:323,updateHeroBanner
FN:323,(anonymous_91)
FN:333,(anonymous_92)
FN:333,deleteHeroBanner
FN:333,(anonymous_94)
FN:338,(anonymous_95)
FN:341,(anonymous_96)
FN:338,getReviews
FN:338,(anonymous_98)
FN:346,(anonymous_99)
FN:346,addReview
FN:346,(anonymous_101)
FN:351,(anonymous_102)
FN:351,updateReview
FN:351,(anonymous_104)
FN:357,(anonymous_105)
FN:357,deleteReview
FN:357,(anonymous_107)
FN:362,(anonymous_108)
FN:363,(anonymous_109)
FN:362,getUserOrders
FN:362,(anonymous_111)
FN:366,(anonymous_112)
FN:366,getAllUserProfiles
FN:366,(anonymous_114)
FN:370,(anonymous_115)
FN:375,(anonymous_116)
FN:378,(anonymous_117)
FN:370,searchUserProfiles
FN:370,(anonymous_119)
FN:386,(anonymous_120)
FN:386,updateUserCustomerTier
FN:386,(anonymous_122)
FN:396,(anonymous_123)
FN:396,updateUserKycStatus
FN:396,(anonymous_125)
FN:409,(anonymous_126)
FN:410,(anonymous_127)
FN:409,getPendingKycRequests
FN:409,(anonymous_129)
FN:414,(anonymous_130)
FN:414,getChatRooms
FN:414,(anonymous_132)
FN:418,(anonymous_133)
FN:418,getOrCreateChatRoom
FN:418,(anonymous_135)
FN:446,(anonymous_136)
FN:446,markChatRoomRead
FN:446,(anonymous_138)
FN:454,(anonymous_139)
FN:454,getChatMessages
FN:454,(anonymous_141)
FN:474,(anonymous_142)
FN:474,sendChatMessage
FN:474,(anonymous_144)
FN:487,(anonymous_145)
FN:492,(anonymous_146)
FN:487,updateMessageReactions
FN:487,(anonymous_148)
FN:502,(anonymous_149)
FN:502,getWishlistItems
FN:502,(anonymous_151)
FN:506,(anonymous_152)
FN:508,(anonymous_153)
FN:506,addWishlistItem
FN:506,(anonymous_155)
FN:521,(anonymous_156)
FN:523,(anonymous_157)
FN:521,removeWishlistItem
FN:521,(anonymous_159)
FN:528,(anonymous_160)
FN:528,getAllDeliveryJobs
FN:528,(anonymous_162)
FN:532,(anonymous_163)
FN:534,(anonymous_164)
FN:532,getDeliveryJobsForDriver
FN:532,(anonymous_166)
FN:538,(anonymous_167)
FN:538,createDeliveryJob
FN:538,(anonymous_169)
FN:561,(anonymous_170)
FN:561,updateDeliveryJobStatus
FN:561,(anonymous_172)
FN:581,(anonymous_173)
FN:581,updateDeliveryJobProof
FN:143,getInstance
FNF:176
FNH:0
FNDA:0,(anonymous_0)
FNDA:0,DatabaseService
FNDA:0,(anonymous_2)
FNDA:0,(anonymous_3)
FNDA:0,getEncryptionKey
FNDA:0,(anonymous_5)
FNDA:0,(anonymous_6)
FNDA:0,loadWishlist
FNDA:0,(anonymous_8)
FNDA:0,(anonymous_9)
FNDA:0,persistWishlist
FNDA:0,(anonymous_11)
FNDA:0,(anonymous_12)
FNDA:0,cacheChatMessages
FNDA:0,(anonymous_14)
FNDA:0,(anonymous_15)
FNDA:0,getUserProfile
FNDA:0,(anonymous_17)
FNDA:0,(anonymous_18)
FNDA:0,updateUserRole
FNDA:0,(anonymous_20)
FNDA:0,(anonymous_21)
FNDA:0,getCategories
FNDA:0,(anonymous_23)
FNDA:0,(anonymous_24)
FNDA:0,addCategory
FNDA:0,(anonymous_26)
FNDA:0,(anonymous_27)
FNDA:0,updateCategory
FNDA:0,(anonymous_29)
FNDA:0,(anonymous_30)
FNDA:0,deleteCategory
FNDA:0,(anonymous_32)
FNDA:0,(anonymous_33)
FNDA:0,getSetting
FNDA:0,(anonymous_35)
FNDA:0,(anonymous_36)
FNDA:0,updateSetting
FNDA:0,(anonymous_38)
FNDA:0,(anonymous_39)
FNDA:0,getProducts
FNDA:0,(anonymous_41)
FNDA:0,(anonymous_42)
FNDA:0,getProduct
FNDA:0,(anonymous_44)
FNDA:0,(anonymous_45)
FNDA:0,addProduct
FNDA:0,(anonymous_47)
FNDA:0,(anonymous_48)
FNDA:0,updateProduct
FNDA:0,(anonymous_50)
FNDA:0,(anonymous_51)
FNDA:0,deleteProduct
FNDA:0,(anonymous_53)
FNDA:0,(anonymous_54)
FNDA:0,addSubcategory
FNDA:0,(anonymous_56)
FNDA:0,(anonymous_57)
FNDA:0,(anonymous_58)
FNDA:0,updateSubcategory
FNDA:0,(anonymous_60)
FNDA:0,(anonymous_61)
FNDA:0,(anonymous_62)
FNDA:0,deleteSubcategory
FNDA:0,(anonymous_64)
FNDA:0,(anonymous_65)
FNDA:0,getPricingTiers
FNDA:0,(anonymous_67)
FNDA:0,(anonymous_68)
FNDA:0,getPricingTier
FNDA:0,(anonymous_70)
FNDA:0,(anonymous_71)
FNDA:0,addPricingTier
FNDA:0,(anonymous_73)
FNDA:0,(anonymous_74)
FNDA:0,updatePricingTier
FNDA:0,(anonymous_76)
FNDA:0,(anonymous_77)
FNDA:0,deletePricingTier
FNDA:0,(anonymous_79)
FNDA:0,(anonymous_80)
FNDA:0,getMixGroup
FNDA:0,(anonymous_82)
FNDA:0,(anonymous_83)
FNDA:0,getHeroBanners
FNDA:0,(anonymous_85)
FNDA:0,(anonymous_86)
FNDA:0,addHeroBanner
FNDA:0,(anonymous_88)
FNDA:0,(anonymous_89)
FNDA:0,updateHeroBanner
FNDA:0,(anonymous_91)
FNDA:0,(anonymous_92)
FNDA:0,deleteHeroBanner
FNDA:0,(anonymous_94)
FNDA:0,(anonymous_95)
FNDA:0,(anonymous_96)
FNDA:0,getReviews
FNDA:0,(anonymous_98)
FNDA:0,(anonymous_99)
FNDA:0,addReview
FNDA:0,(anonymous_101)
FNDA:0,(anonymous_102)
FNDA:0,updateReview
FNDA:0,(anonymous_104)
FNDA:0,(anonymous_105)
FNDA:0,deleteReview
FNDA:0,(anonymous_107)
FNDA:0,(anonymous_108)
FNDA:0,(anonymous_109)
FNDA:0,getUserOrders
FNDA:0,(anonymous_111)
FNDA:0,(anonymous_112)
FNDA:0,getAllUserProfiles
FNDA:0,(anonymous_114)
FNDA:0,(anonymous_115)
FNDA:0,(anonymous_116)
FNDA:0,(anonymous_117)
FNDA:0,searchUserProfiles
FNDA:0,(anonymous_119)
FNDA:0,(anonymous_120)
FNDA:0,updateUserCustomerTier
FNDA:0,(anonymous_122)
FNDA:0,(anonymous_123)
FNDA:0,updateUserKycStatus
FNDA:0,(anonymous_125)
FNDA:0,(anonymous_126)
FNDA:0,(anonymous_127)
FNDA:0,getPendingKycRequests
FNDA:0,(anonymous_129)
FNDA:0,(anonymous_130)
FNDA:0,getChatRooms
FNDA:0,(anonymous_132)
FNDA:0,(anonymous_133)
FNDA:0,getOrCreateChatRoom
FNDA:0,(anonymous_135)
FNDA:0,(anonymous_136)
FNDA:0,markChatRoomRead
FNDA:0,(anonymous_138)
FNDA:0,(anonymous_139)
FNDA:0,getChatMessages
FNDA:0,(anonymous_141)
FNDA:0,(anonymous_142)
FNDA:0,sendChatMessage
FNDA:0,(anonymous_144)
FNDA:0,(anonymous_145)
FNDA:0,(anonymous_146)
FNDA:0,updateMessageReactions
FNDA:0,(anonymous_148)
FNDA:0,(anonymous_149)
FNDA:0,getWishlistItems
FNDA:0,(anonymous_151)
FNDA:0,(anonymous_152)
FNDA:0,(anonymous_153)
FNDA:0,addWishlistItem
FNDA:0,(anonymous_155)
FNDA:0,(anonymous_156)
FNDA:0,(anonymous_157)
FNDA:0,removeWishlistItem
FNDA:0,(anonymous_159)
FNDA:0,(anonymous_160)
FNDA:0,getAllDeliveryJobs
FNDA:0,(anonymous_162)
FNDA:0,(anonymous_163)
FNDA:0,(anonymous_164)
FNDA:0,getDeliveryJobsForDriver
FNDA:0,(anonymous_166)
FNDA:0,(anonymous_167)
FNDA:0,createDeliveryJob
FNDA:0,(anonymous_169)
FNDA:0,(anonymous_170)
FNDA:0,updateDeliveryJobStatus
FNDA:0,(anonymous_172)
FNDA:0,(anonymous_173)
FNDA:0,updateDeliveryJobProof
FNDA:0,getInstance
DA:25,0
DA:26,0
DA:47,0
DA:48,0
DA:49,0
DA:51,0
DA:54,0
DA:58,0
DA:59,0
DA:60,0
DA:61,0
DA:65,0
DA:66,0
DA:72,0
DA:79,0
DA:80,0
DA:81,0
DA:82,0
DA:85,0
DA:94,0
DA:95,0
DA:96,0
DA:97,0
DA:100,0
DA:101,0
DA:102,0
DA:103,0
DA:105,0
DA:108,0
DA:111,0
DA:114,0
DA:115,0
DA:116,0
DA:117,0
DA:118,0
DA:119,0
DA:124,0
DA:128,0
DA:132,0
DA:133,0
DA:134,0
DA:135,0
DA:136,0
DA:137,0
DA:139,0
DA:144,0
DA:145,0
DA:147,0
DA:150,0
DA:151,0
DA:154,0
DA:158,0
DA:159,0
DA:160,0
DA:161,0
DA:164,0
DA:165,0
DA:168,0
DA:173,0
DA:179,0
DA:180,0
DA:181,0
DA:182,0
DA:185,0
DA:186,0
DA:189,0
DA:190,0
DA:191,0
DA:194,0
DA:195,0
DA:199,0
DA:200,0
DA:203,0
DA:204,0
DA:207,0
DA:208,0
DA:209,0
DA:210,0
DA:211,0
DA:212,0
DA:214,0
DA:216,0
DA:219,0
DA:220,0
DA:221,0
DA:222,0
DA:223,0
DA:224,0
DA:226,0
DA:230,0
DA:231,0
DA:232,0
DA:233,0
DA:234,0
DA:235,0
DA:237,0
DA:243,0
DA:244,0
DA:245,0
DA:246,0
DA:247,0
DA:248,0
DA:251,0
DA:255,0
DA:256,0
DA:257,0
DA:258,0
DA:259,0
DA:260,0
DA:261,0
DA:266,0
DA:267,0
DA:268,0
DA:269,0
DA:270,0
DA:271,0
DA:272,0
DA:273,0
DA:279,0
DA:280,0
DA:283,0
DA:284,0
DA:287,0
DA:288,0
DA:291,0
DA:295,0
DA:296,0
DA:297,0
DA:300,0
DA:301,0
DA:304,0
DA:305,0
DA:309,0
DA:310,0
DA:313,0
DA:316,0
DA:317,0
DA:318,0
DA:319,0
DA:320,0
DA:323,0
DA:324,0
DA:325,0
DA:326,0
DA:333,0
DA:334,0
DA:338,0
DA:339,0
DA:340,0
DA:341,0
DA:343,0
DA:346,0
DA:347,0
DA:348,0
DA:351,0
DA:352,0
DA:353,0
DA:354,0
DA:357,0
DA:358,0
DA:362,0
DA:363,0
DA:366,0
DA:367,0
DA:370,0
DA:373,0
DA:375,0
DA:378,0
DA:386,0
DA:390,0
DA:391,0
DA:392,0
DA:393,0
DA:396,0
DA:401,0
DA:402,0
DA:403,0
DA:404,0
DA:405,0
DA:406,0
DA:409,0
DA:410,0
DA:414,0
DA:415,0
DA:418,0
DA:424,0
DA:425,0
DA:429,0
DA:430,0
DA:433,0
DA:434,0
DA:443,0
DA:446,0
DA:447,0
DA:448,0
DA:449,0
DA:450,0
DA:454,0
DA:455,0
DA:456,0
DA:457,0
DA:458,0
DA:459,0
DA:460,0
DA:461,0
DA:462,0
DA:464,0
DA:467,0
DA:469,0
DA:471,0
DA:474,0
DA:475,0
DA:476,0
DA:477,0
DA:478,0
DA:479,0
DA:480,0
DA:481,0
DA:482,0
DA:483,0
DA:487,0
DA:491,0
DA:492,0
DA:493,0
DA:494,0
DA:495,0
DA:496,0
DA:502,0
DA:503,0
DA:506,0
DA:507,0
DA:508,0
DA:509,0
DA:510,0
DA:511,0
DA:517,0
DA:518,0
DA:521,0
DA:522,0
DA:523,0
DA:524,0
DA:528,0
DA:529,0
DA:532,0
DA:533,0
DA:534,0
DA:538,0
DA:539,0
DA:540,0
DA:541,0
DA:549,0
DA:550,0
DA:551,0
DA:558,0
DA:561,0
DA:565,0
DA:566,0
DA:567,0
DA:568,0
DA:569,0
DA:570,0
DA:571,0
DA:572,0
DA:581,0
DA:582,0
DA:583,0
DA:584,0
DA:585,0
DA:586,0
LF:269
LH:0
BRDA:25,0,0,0
BRDA:81,1,0,0
BRDA:81,1,1,0
BRDA:81,1,2,0
BRDA:95,2,0,0
BRDA:100,3,0,0
BRDA:100,3,1,0
BRDA:115,4,0,0
BRDA:115,4,1,0
BRDA:151,5,0,0
BRDA:151,5,1,0
BRDA:159,6,0,0
BRDA:181,7,0,0
BRDA:191,8,0,0
BRDA:191,8,1,0
BRDA:221,9,0,0
BRDA:233,10,0,0
BRDA:245,11,0,0
BRDA:246,12,0,0
BRDA:246,12,1,0
BRDA:257,13,0,0
BRDA:257,13,1,0
BRDA:257,14,0,0
BRDA:257,14,1,0
BRDA:258,15,0,0
BRDA:258,16,0,0
BRDA:258,16,1,0
BRDA:269,17,0,0
BRDA:269,17,1,0
BRDA:269,18,0,0
BRDA:269,18,1,0
BRDA:270,19,0,0
BRDA:270,19,1,0
BRDA:271,20,0,0
BRDA:271,21,0,0
BRDA:271,21,1,0
BRDA:271,22,0,0
BRDA:271,22,1,0
BRDA:284,23,0,0
BRDA:284,23,1,0
BRDA:296,24,0,0
BRDA:305,25,0,0
BRDA:305,25,1,0
BRDA:325,26,0,0
BRDA:339,27,0,0
BRDA:339,28,0,0
BRDA:339,28,1,0
BRDA:353,29,0,0
BRDA:375,30,0,0
BRDA:375,30,1,0
BRDA:391,31,0,0
BRDA:402,32,0,0
BRDA:425,33,0,0
BRDA:426,34,0,0
BRDA:426,34,1,0
BRDA:426,34,2,0
BRDA:426,34,3,0
BRDA:429,35,0,0
BRDA:433,36,0,0
BRDA:433,36,1,0
BRDA:448,37,0,0
BRDA:456,38,0,0
BRDA:459,39,0,0
BRDA:459,39,1,0
BRDA:475,40,0,0
BRDA:475,40,1,0
BRDA:479,41,0,0
BRDA:493,42,0,0
BRDA:508,43,0,0
BRDA:510,44,0,0
BRDA:550,45,0,0
BRDA:550,45,1,0
BRDA:550,46,0,0
BRDA:550,46,1,0
BRDA:550,46,2,0
BRDA:550,46,3,0
BRDA:566,47,0,0
BRDA:571,48,0,0
BRDA:571,48,1,0
BRDA:571,49,0,0
BRDA:571,49,1,0
BRDA:571,49,2,0
BRDA:571,49,3,0
BRDA:583,50,0,0
BRDA:144,51,0,0
BRF:85
BRH:0
end_of_record
TN:
SF:services\dm.ts
FN:14,dmTopic
FN:18,sendDM
FN:30,_sendDM
FN:18,(anonymous_3)
FNF:4
FNH:0
FNDA:0,dmTopic
FNDA:0,sendDM
FNDA:0,_sendDM
FNDA:0,(anonymous_3)
DA:10,0
DA:15,0
DA:18,0
DA:22,0
DA:24,0
DA:25,0
DA:27,0
DA:28,0
DA:29,0
DA:30,0
LF:10
LH:0
BRDA:22,0,0,0
BRDA:22,0,1,0
BRDA:22,1,0,0
BRDA:22,1,1,0
BRDA:24,2,0,0
BRF:5
BRH:0
end_of_record
TN:
SF:services\errorReporter.ts
FN:33,(anonymous_0)
FN:51,truncate
FN:56,safeSerialize
FN:65,normalizeError
FN:91,buildFingerprint
FN:98,registerOccurrence
FN:110,reportError
FN:156,_reportError
FN:110,(anonymous_8)
FN:158,initErrorReporter
FN:163,handleError
FN:182,globalHandler
FN:195,(anonymous_12)
FN:207,onWindowError
FN:211,onUnhandledRejection
FN:218,(anonymous_15)
FN:224,(anonymous_16)
FNF:17
FNH:0
FNDA:0,(anonymous_0)
FNDA:0,truncate
FNDA:0,safeSerialize
FNDA:0,normalizeError
FNDA:0,buildFingerprint
FNDA:0,registerOccurrence
FNDA:0,reportError
FNDA:0,_reportError
FNDA:0,(anonymous_8)
FNDA:0,initErrorReporter
FNDA:0,handleError
FNDA:0,globalHandler
FNDA:0,(anonymous_12)
FNDA:0,onWindowError
FNDA:0,onUnhandledRejection
FNDA:0,(anonymous_15)
FNDA:0,(anonymous_16)
DA:28,0
DA:29,0
DA:31,0
DA:33,0
DA:34,0
DA:35,0
DA:38,0
DA:42,0
DA:43,0
DA:48,0
DA:51,0
DA:52,0
DA:53,0
DA:57,0
DA:58,0
DA:59,0
DA:61,0
DA:66,0
DA:67,0
DA:68,0
DA:76,0
DA:77,0
DA:80,0
DA:81,0
DA:82,0
DA:83,0
DA:84,0
DA:85,0
DA:88,0
DA:92,0
DA:93,0
DA:99,0
DA:100,0
DA:101,0
DA:102,0
DA:103,0
DA:104,0
DA:107,0
DA:110,0
DA:112,0
DA:114,0
DA:115,0
DA:116,0
DA:117,0
DA:123,0
DA:137,0
DA:138,0
DA:140,0
DA:141,0
DA:144,0
DA:151,0
DA:152,0
DA:154,0
DA:156,0
DA:158,0
DA:159,0
DA:160,0
DA:161,0
DA:163,0
DA:164,0
DA:173,0
DA:174,0
DA:176,0
DA:178,0
DA:182,0
DA:183,0
DA:184,0
DA:185,0
DA:186,0
DA:188,0
DA:193,0
DA:195,0
DA:196,0
DA:197,0
DA:198,0
DA:200,0
DA:206,0
DA:207,0
DA:208,0
DA:209,0
DA:211,0
DA:212,0
DA:215,0
DA:216,0
DA:218,0
DA:219,0
DA:220,0
DA:224,0
DA:225,0
DA:226,0
DA:227,0
DA:228,0
DA:230,0
LF:93
LH:0
BRDA:34,0,0,0
BRDA:34,0,1,0
BRDA:42,1,0,0
BRDA:42,1,1,0
BRDA:42,1,2,0
BRDA:42,2,0,0
BRDA:42,2,1,0
BRDA:42,3,0,0
BRDA:42,3,1,0
BRDA:43,4,0,0
BRDA:43,4,1,0
BRDA:43,5,0,0
BRDA:43,5,1,0
BRDA:44,6,0,0
BRDA:44,6,1,0
BRDA:44,7,0,0
BRDA:44,7,1,0
BRDA:44,7,2,0
BRDA:45,8,0,0
BRDA:45,8,1,0
BRDA:51,9,0,0
BRDA:51,9,1,0
BRDA:51,10,0,0
BRDA:51,10,1,0
BRDA:52,11,0,0
BRDA:53,12,0,0
BRDA:53,12,1,0
BRDA:57,13,0,0
BRDA:66,14,0,0
BRDA:70,15,0,0
BRDA:70,15,1,0
BRDA:71,16,0,0
BRDA:71,16,1,0
BRDA:72,17,0,0
BRDA:72,17,1,0
BRDA:72,18,0,0
BRDA:72,18,1,0
BRDA:72,19,0,0
BRDA:72,19,1,0
BRDA:76,20,0,0
BRDA:80,21,0,0
BRDA:80,22,0,0
BRDA:80,22,1,0
BRDA:82,23,0,0
BRDA:82,23,1,0
BRDA:83,24,0,0
BRDA:83,24,1,0
BRDA:84,25,0,0
BRDA:84,25,1,0
BRDA:92,26,0,0
BRDA:99,27,0,0
BRDA:99,27,1,0
BRDA:101,28,0,0
BRDA:103,29,0,0
BRDA:112,30,0,0
BRDA:112,30,1,0
BRDA:112,31,0,0
BRDA:112,31,1,0
BRDA:117,32,0,0
BRDA:117,32,1,0
BRDA:119,33,0,0
BRDA:119,33,1,0
BRDA:133,34,0,0
BRDA:133,34,1,0
BRDA:137,35,0,0
BRDA:137,36,0,0
BRDA:137,36,1,0
BRDA:140,37,0,0
BRDA:140,38,0,0
BRDA:140,38,1,0
BRDA:158,39,0,0
BRDA:158,39,1,0
BRDA:158,40,0,0
BRDA:158,40,1,0
BRDA:160,41,0,0
BRDA:160,41,1,0
BRDA:161,42,0,0
BRDA:161,42,1,0
BRDA:169,43,0,0
BRDA:169,43,1,0
BRDA:173,44,0,0
BRDA:173,44,1,0
BRDA:174,45,0,0
BRDA:174,45,1,0
BRDA:176,46,0,0
BRDA:176,47,0,0
BRDA:176,47,1,0
BRDA:178,48,0,0
BRDA:178,48,1,0
BRDA:184,49,0,0
BRDA:196,50,0,0
BRDA:197,51,0,0
BRDA:197,51,1,0
BRDA:206,52,0,0
BRDA:206,53,0,0
BRDA:206,53,1,0
BRDA:208,54,0,0
BRDA:208,54,1,0
BRDA:208,55,0,0
BRDA:208,55,1,0
BRDA:208,56,0,0
BRDA:208,56,1,0
BRDA:212,57,0,0
BRDA:212,57,1,0
BRDA:228,58,0,0
BRDA:228,58,1,0
BRF:106
BRH:0
end_of_record
TN:
SF:services\eventBus.ts
FN:24,ensureNode
FN:24,_ensureNode
FN:24,(anonymous_2)
FN:44,publish
FN:101,_publish
FN:44,(anonymous_5)
FN:60,(anonymous_6)
FN:103,track
FN:108,_track
FN:103,(anonymous_9)
FNF:10
FNH:0
FNDA:0,ensureNode
FNDA:0,_ensureNode
FNDA:0,(anonymous_2)
FNDA:0,publish
FNDA:0,_publish
FNDA:0,(anonymous_5)
FNDA:0,(anonymous_6)
FNDA:0,track
FNDA:0,_track
FNDA:0,(anonymous_9)
DA:11,0
DA:12,0
DA:14,0
DA:24,0
DA:25,0
DA:26,0
DA:27,0
DA:29,0
DA:31,0
DA:32,0
DA:33,0
DA:34,0
DA:35,0
DA:36,0
DA:38,0
DA:39,0
DA:40,0
DA:42,0
DA:44,0
DA:47,0
DA:48,0
DA:50,0
DA:51,0
DA:52,0
DA:53,0
DA:55,0
DA:56,0
DA:58,0
DA:61,0
DA:62,0
DA:63,0
DA:64,0
DA:65,0
DA:66,0
DA:67,0
DA:75,0
DA:76,0
DA:84,0
DA:88,0
DA:101,0
DA:103,0
DA:105,0
DA:107,0
DA:108,0
LF:44
LH:0
BRDA:25,0,0,0
BRDA:27,1,0,0
BRDA:27,2,0,0
BRDA:27,2,1,0
BRDA:33,3,0,0
BRDA:47,4,0,0
BRDA:47,4,1,0
BRDA:47,5,0,0
BRDA:47,5,1,0
BRDA:48,6,0,0
BRDA:48,6,1,0
BRDA:48,7,0,0
BRDA:48,7,1,0
BRDA:50,8,0,0
BRDA:50,8,1,0
BRDA:52,9,0,0
BRDA:55,10,0,0
BRDA:62,11,0,0
BRDA:70,12,0,0
BRDA:70,12,1,0
BRDA:75,13,0,0
BRDA:75,14,0,0
BRDA:75,14,1,0
BRDA:94,15,0,0
BRDA:94,15,1,0
BRDA:95,16,0,0
BRDA:95,16,1,0
BRDA:105,17,0,0
BRDA:105,17,1,0
BRDA:105,18,0,0
BRDA:105,18,1,0
BRF:31
BRH:0
end_of_record
TN:
SF:services\eventLog.ts
FN:31,ensureNode
FN:31,_ensureNode
FN:31,(anonymous_2)
FN:50,logOrderEvent
FN:65,_logOrderEvent
FN:50,(anonymous_5)
FNF:6
FNH:0
FNDA:0,ensureNode
FNDA:0,_ensureNode
FNDA:0,(anonymous_2)
FNDA:0,logOrderEvent
FNDA:0,_logOrderEvent
FNDA:0,(anonymous_5)
DA:28,0
DA:29,0
DA:31,0
DA:32,0
DA:33,0
DA:34,0
DA:35,0
DA:37,0
DA:38,0
DA:39,0
DA:40,0
DA:41,0
DA:42,0
DA:44,0
DA:45,0
DA:46,0
DA:48,0
DA:50,0
DA:53,0
DA:54,0
DA:55,0
DA:56,0
DA:57,0
DA:58,0
DA:59,0
DA:63,0
DA:65,0
LF:27
LH:0
BRDA:32,0,0,0
BRDA:34,1,0,0
BRDA:34,2,0,0
BRDA:34,2,1,0
BRDA:39,3,0,0
BRDA:54,4,0,0
BRF:6
BRH:0
end_of_record
TN:
SF:services\ipfsService.ts
FN:4,(anonymous_0)
FN:7,IpfsService
FN:7,(anonymous_2)
FN:16,(anonymous_3)
FN:16,pinFile
FN:16,(anonymous_5)
FN:20,(anonymous_6)
FN:20,pinJson
FN:9,getInstance
FNF:9
FNH:0
FNDA:0,(anonymous_0)
FNDA:0,IpfsService
FNDA:0,(anonymous_2)
FNDA:0,(anonymous_3)
FNDA:0,pinFile
FNDA:0,(anonymous_5)
FNDA:0,(anonymous_6)
FNDA:0,pinJson
FNDA:0,getInstance
DA:4,0
DA:7,0
DA:10,0
DA:11,0
DA:13,0
DA:16,0
DA:17,0
DA:20,0
DA:21,0
DA:22,0
LF:10
LH:0
BRDA:10,0,0,0
BRF:1
BRH:0
end_of_record
TN:
SF:services\kycReceipts.ts
FN:19,randomNonce
FN:23,receiptTopic
FN:30,persistReceipt
FN:30,_persistReceipt
FN:30,(anonymous_4)
FN:40,loadKycReceipt
FN:51,_loadKycReceipt
FN:40,(anonymous_7)
FN:53,issueKycReceipt
FN:76,_issueKycReceipt
FN:53,(anonymous_10)
FN:78,persistCallReceipt
FN:78,_persistCallReceipt
FN:78,(anonymous_13)
FN:88,issueKycCallReceipt
FN:111,_issueKycCallReceipt
FN:88,(anonymous_16)
FN:113,loadKycCallReceipt
FN:128,_loadKycCallReceipt
FN:113,(anonymous_19)
FN:136,subscribeToKycReceipts
FN:176,_subscribeToKycReceipts
FN:136,(anonymous_22)
FN:141,(anonymous_23)
FN:146,(anonymous_24)
FN:146,(anonymous_25)
FN:146,handleMessage
FN:157,(anonymous_27)
FN:165,(anonymous_28)
FN:171,(anonymous_29)
FN:178,getReceipt
FN:183,_getReceipt
FN:178,(anonymous_32)
FN:185,putReceipt
FN:188,_putReceipt
FN:185,(anonymous_35)
FN:190,revokeReceipt
FN:195,_revokeReceipt
FN:190,(anonymous_38)
FNF:39
FNH:0
FNDA:0,randomNonce
FNDA:0,receiptTopic
FNDA:0,persistReceipt
FNDA:0,_persistReceipt
FNDA:0,(anonymous_4)
FNDA:0,loadKycReceipt
FNDA:0,_loadKycReceipt
FNDA:0,(anonymous_7)
FNDA:0,issueKycReceipt
FNDA:0,_issueKycReceipt
FNDA:0,(anonymous_10)
FNDA:0,persistCallReceipt
FNDA:0,_persistCallReceipt
FNDA:0,(anonymous_13)
FNDA:0,issueKycCallReceipt
FNDA:0,_issueKycCallReceipt
FNDA:0,(anonymous_16)
FNDA:0,loadKycCallReceipt
FNDA:0,_loadKycCallReceipt
FNDA:0,(anonymous_19)
FNDA:0,subscribeToKycReceipts
FNDA:0,_subscribeToKycReceipts
FNDA:0,(anonymous_22)
FNDA:0,(anonymous_23)
FNDA:0,(anonymous_24)
FNDA:0,(anonymous_25)
FNDA:0,handleMessage
FNDA:0,(anonymous_27)
FNDA:0,(anonymous_28)
FNDA:0,(anonymous_29)
FNDA:0,getReceipt
FNDA:0,_getReceipt
FNDA:0,(anonymous_32)
FNDA:0,putReceipt
FNDA:0,_putReceipt
FNDA:0,(anonymous_35)
FNDA:0,revokeReceipt
FNDA:0,_revokeReceipt
FNDA:0,(anonymous_38)
DA:15,0
DA:16,0
DA:17,0
DA:19,0
DA:20,0
DA:24,0
DA:30,0
DA:34,0
DA:38,0
DA:40,0
DA:41,0
DA:42,0
DA:43,0
DA:44,0
DA:45,0
DA:46,0
DA:47,0
DA:49,0
DA:51,0
DA:53,0
DA:57,0
DA:58,0
DA:59,0
DA:60,0
DA:69,0
DA:73,0
DA:74,0
DA:75,0
DA:76,0
DA:78,0
DA:82,0
DA:86,0
DA:88,0
DA:92,0
DA:93,0
DA:94,0
DA:95,0
DA:104,0
DA:108,0
DA:109,0
DA:110,0
DA:111,0
DA:113,0
DA:116,0
DA:117,0
DA:118,0
DA:121,0
DA:122,0
DA:123,0
DA:124,0
DA:126,0
DA:128,0
DA:136,0
DA:138,0
DA:140,0
DA:141,0
DA:144,0
DA:146,0
DA:147,0
DA:148,0
DA:149,0
DA:150,0
DA:151,0
DA:153,0
DA:155,0
DA:156,0
DA:157,0
DA:159,0
DA:164,0
DA:165,0
DA:167,0
DA:168,0
DA:171,0
DA:172,0
DA:173,0
DA:176,0
DA:178,0
DA:180,0
DA:181,0
DA:182,0
DA:183,0
DA:185,0
DA:187,0
DA:188,0
DA:190,0
DA:192,0
DA:193,0
DA:194,0
DA:195,0
LF:89
LH:0
BRDA:19,0,0,0
BRDA:19,0,1,0
BRDA:19,1,0,0
BRDA:19,1,1,0
BRDA:41,2,0,0
BRDA:44,3,0,0
BRDA:116,4,0,0
BRDA:121,5,0,0
BRDA:138,6,0,0
BRDA:138,6,1,0
BRDA:138,7,0,0
BRDA:138,7,1,0
BRDA:140,8,0,0
BRDA:148,9,0,0
BRDA:151,10,0,0
BRDA:151,10,1,0
BRDA:155,11,0,0
BRDA:159,12,0,0
BRDA:159,12,1,0
BRDA:167,13,0,0
BRDA:167,13,1,0
BRDA:173,14,0,0
BRDA:173,14,1,0
BRF:23
BRH:0
end_of_record
TN:
SF:services\kycUpload.ts
FN:49,toFilePath
FN:53,readBinary
FN:53,_readBinary
FN:53,(anonymous_3)
FN:66,randomSuffix
FN:73,writeTemp
FN:73,_writeTemp
FN:73,(anonymous_7)
FN:93,removeFile
FN:93,_removeFile
FN:93,(anonymous_10)
FN:107,cleanupSource
FN:107,_cleanupSource
FN:107,(anonymous_13)
FN:136,ensureIpfs
FN:144,encryptForTenant
FN:289,_encryptForTenant
FN:144,(anonymous_17)
FN:196,(anonymous_18)
FN:197,(anonymous_19)
FN:213,(anonymous_20)
FN:235,(anonymous_21)
FN:236,(anonymous_22)
FN:251,(anonymous_23)
FN:269,(anonymous_24)
FNF:25
FNH:0
FNDA:0,toFilePath
FNDA:0,readBinary
FNDA:0,_readBinary
FNDA:0,(anonymous_3)
FNDA:0,randomSuffix
FNDA:0,writeTemp
FNDA:0,_writeTemp
FNDA:0,(anonymous_7)
FNDA:0,removeFile
FNDA:0,_removeFile
FNDA:0,(anonymous_10)
FNDA:0,cleanupSource
FNDA:0,_cleanupSource
FNDA:0,(anonymous_13)
FNDA:0,ensureIpfs
FNDA:0,encryptForTenant
FNDA:0,_encryptForTenant
FNDA:0,(anonymous_17)
FNDA:0,(anonymous_18)
FNDA:0,(anonymous_19)
FNDA:0,(anonymous_20)
FNDA:0,(anonymous_21)
FNDA:0,(anonymous_22)
FNDA:0,(anonymous_23)
FNDA:0,(anonymous_24)
DA:22,0
DA:47,0
DA:50,0
DA:53,0
DA:54,0
DA:55,0
DA:56,0
DA:59,0
DA:61,0
DA:62,0
DA:63,0
DA:64,0
DA:67,0
DA:68,0
DA:70,0
DA:73,0
DA:74,0
DA:78,0
DA:79,0
DA:80,0
DA:83,0
DA:85,0
DA:86,0
DA:87,0
DA:88,0
DA:89,0
DA:90,0
DA:91,0
DA:93,0
DA:94,0
DA:95,0
DA:96,0
DA:97,0
DA:98,0
DA:101,0
DA:102,0
DA:103,0
DA:105,0
DA:107,0
DA:108,0
DA:109,0
DA:114,0
DA:115,0
DA:119,0
DA:120,0
DA:123,0
DA:125,0
DA:126,0
DA:127,0
DA:128,0
DA:129,0
DA:130,0
DA:131,0
DA:134,0
DA:137,0
DA:138,0
DA:139,0
DA:141,0
DA:144,0
DA:148,0
DA:149,0
DA:151,0
DA:152,0
DA:155,0
DA:156,0
DA:157,0
DA:158,0
DA:160,0
DA:173,0
DA:174,0
DA:175,0
DA:176,0
DA:177,0
DA:178,0
DA:179,0
DA:180,0
DA:194,0
DA:196,0
DA:197,0
DA:206,0
DA:207,0
DA:209,0
DA:213,0
DA:226,0
DA:227,0
DA:229,0
DA:230,0
DA:231,0
DA:232,0
DA:233,0
DA:235,0
DA:236,0
DA:238,0
DA:241,0
DA:242,0
DA:244,0
DA:245,0
DA:246,0
DA:248,0
DA:251,0
DA:252,0
DA:253,0
DA:254,0
DA:255,0
DA:256,0
DA:266,0
DA:267,0
DA:268,0
DA:269,0
DA:279,0
DA:280,0
DA:282,0
DA:289,0
LF:113
LH:0
BRDA:50,0,0,0
BRDA:50,0,1,0
BRDA:54,1,0,0
BRDA:55,2,0,0
BRDA:55,2,1,0
BRDA:55,3,0,0
BRDA:55,3,1,0
BRDA:67,4,0,0
BRDA:67,5,0,0
BRDA:67,5,1,0
BRDA:74,6,0,0
BRDA:75,7,0,0
BRDA:75,7,1,0
BRDA:79,8,0,0
BRDA:79,8,1,0
BRDA:79,9,0,0
BRDA:79,9,1,0
BRDA:94,10,0,0
BRDA:95,11,0,0
BRDA:108,12,0,0
BRDA:109,13,0,0
BRDA:110,14,0,0
BRDA:110,14,1,0
BRDA:110,14,2,0
BRDA:115,15,0,0
BRDA:116,16,0,0
BRDA:116,16,1,0
BRDA:116,16,2,0
BRDA:116,16,3,0
BRDA:129,17,0,0
BRDA:137,18,0,0
BRDA:138,19,0,0
BRDA:138,20,0,0
BRDA:138,20,1,0
BRDA:138,20,2,0
BRDA:148,21,0,0
BRDA:151,22,0,0
BRDA:174,23,0,0
BRDA:174,23,1,0
BRDA:175,24,0,0
BRDA:175,24,1,0
BRDA:177,25,0,0
BRDA:177,25,1,0
BRDA:202,26,0,0
BRDA:202,26,1,0
BRDA:244,27,0,0
BRDA:244,27,1,0
BRDA:245,28,0,0
BRDA:245,28,1,0
BRDA:245,29,0,0
BRDA:245,29,1,0
BRDA:245,29,2,0
BRDA:274,30,0,0
BRDA:274,30,1,0
BRF:54
BRH:0
end_of_record
TN:
SF:services\localIdentity.ts
FN:8,getPrivateKeyHex
FN:8,_getPrivateKeyHex
FN:8,(anonymous_11)
FN:30,getEd25519KeyPair
FN:30,_getEd25519KeyPair
FN:30,(anonymous_14)
FN:40,getPublicKeyHex
FN:40,_getPublicKeyHex
FN:40,(anonymous_17)
FN:45,getPrivateKey
FN:45,_getPrivateKey
FN:45,(anonymous_20)
FNF:12
FNH:0
FNDA:0,getPrivateKeyHex
FNDA:0,_getPrivateKeyHex
FNDA:0,(anonymous_11)
FNDA:0,getEd25519KeyPair
FNDA:0,_getEd25519KeyPair
FNDA:0,(anonymous_14)
FNDA:0,getPublicKeyHex
FNDA:0,_getPublicKeyHex
FNDA:0,(anonymous_17)
FNDA:0,getPrivateKey
FNDA:0,_getPrivateKey
FNDA:0,(anonymous_20)
DA:1,1
DA:2,1
DA:3,1
DA:5,1
DA:6,1
DA:8,0
DA:9,0
DA:10,0
DA:11,0
DA:12,0
DA:13,0
DA:16,0
DA:18,0
DA:19,0
DA:20,0
DA:21,0
DA:22,0
DA:23,0
DA:27,0
DA:28,0
DA:30,1
DA:34,0
DA:35,0
DA:36,0
DA:37,0
DA:38,0
DA:40,1
DA:41,0
DA:42,0
DA:43,0
DA:45,1
DA:46,0
DA:47,0
DA:48,0
LF:34
LH:8
BRDA:11,0,0,0
BRDA:16,1,0,0
BRDA:18,2,0,0
BRF:3
BRH:0
end_of_record
TN:
SF:services\localIndex.ts
FN:10,normalizeSearchValue
FN:15,(anonymous_1)
FN:16,(anonymous_2)
FN:30,(anonymous_3)
FN:35,setProducts
FN:54,getFn
FN:59,(anonymous_7)
FN:61,(anonymous_8)
FN:79,(anonymous_9)
FN:61,query
FNF:10
FNH:0
FNDA:0,normalizeSearchValue
FNDA:0,(anonymous_1)
FNDA:0,(anonymous_2)
FNDA:0,(anonymous_3)
FNDA:0,setProducts
FNDA:0,getFn
FNDA:0,(anonymous_7)
FNDA:0,(anonymous_8)
FNDA:0,(anonymous_9)
FNDA:0,query
DA:10,0
DA:13,0
DA:14,0
DA:15,0
DA:16,0
DA:19,0
DA:20,0
DA:23,0
DA:24,0
DA:27,0
DA:30,0
DA:31,0
DA:33,0
DA:36,0
DA:37,0
DA:38,0
DA:39,0
DA:42,0
DA:55,0
DA:56,0
DA:59,0
DA:61,0
DA:62,0
DA:63,0
DA:64,0
DA:70,0
DA:71,0
DA:77,0
DA:78,0
DA:79,0
DA:81,0
DA:88,0
LF:32
LH:0
BRDA:13,0,0,0
BRDA:15,1,0,0
BRDA:15,1,1,0
BRDA:19,2,0,0
BRDA:23,3,0,0
BRDA:37,4,0,0
BRDA:63,5,0,0
BRDA:70,6,0,0
BRF:8
BRH:0
end_of_record
TN:
SF:services\media.ts
FN:5,(anonymous_0)
FN:8,MediaService
FN:8,(anonymous_2)
FN:20,(anonymous_3)
FN:20,isPinataConfigured
FN:20,(anonymous_5)
FN:29,(anonymous_6)
FN:29,uploadMedia
FN:29,(anonymous_8)
FN:47,(anonymous_9)
FN:47,validateCid
FN:47,(anonymous_11)
FN:56,(anonymous_12)
FN:56,resolveUri
FN:56,(anonymous_14)
FN:67,(anonymous_15)
FN:70,(anonymous_16)
FN:75,(anonymous_17)
FN:67,uploadMultipleFiles
FN:82,dataURLtoBlob
FN:99,getExtensionFromMimeType
FN:114,(anonymous_21)
FN:119,(anonymous_22)
FN:119,generateVideoThumbnail
FN:10,getInstance
FNF:25
FNH:0
FNDA:0,(anonymous_0)
FNDA:0,MediaService
FNDA:0,(anonymous_2)
FNDA:0,(anonymous_3)
FNDA:0,isPinataConfigured
FNDA:0,(anonymous_5)
FNDA:0,(anonymous_6)
FNDA:0,uploadMedia
FNDA:0,(anonymous_8)
FNDA:0,(anonymous_9)
FNDA:0,validateCid
FNDA:0,(anonymous_11)
FNDA:0,(anonymous_12)
FNDA:0,resolveUri
FNDA:0,(anonymous_14)
FNDA:0,(anonymous_15)
FNDA:0,(anonymous_16)
FNDA:0,(anonymous_17)
FNDA:0,uploadMultipleFiles
FNDA:0,dataURLtoBlob
FNDA:0,getExtensionFromMimeType
FNDA:0,(anonymous_21)
FNDA:0,(anonymous_22)
FNDA:0,generateVideoThumbnail
FNDA:0,getInstance
DA:5,0
DA:8,0
DA:11,0
DA:12,0
DA:14,0
DA:20,0
DA:21,0
DA:22,0
DA:29,0
DA:34,0
DA:35,0
DA:36,0
DA:38,0
DA:40,0
DA:47,0
DA:48,0
DA:49,0
DA:56,0
DA:57,0
DA:58,0
DA:59,0
DA:60,0
DA:61,0
DA:67,0
DA:68,0
DA:70,0
DA:71,0
DA:73,0
DA:75,0
DA:83,0
DA:84,0
DA:85,0
DA:86,0
DA:87,0
DA:89,0
DA:90,0
DA:93,0
DA:100,0
DA:113,0
DA:114,0
DA:119,0
DA:120,0
DA:121,0
DA:124,0
DA:126,0
DA:127,0
LF:46
LH:0
BRDA:58,0,0,0
BRDA:61,1,0,0
BRDA:61,1,1,0
BRDA:84,2,0,0
BRDA:84,2,1,0
BRDA:84,3,0,0
BRDA:84,3,1,0
BRDA:113,4,0,0
BRDA:113,4,1,0
BRDA:119,5,0,0
BRDA:119,5,1,0
BRDA:119,6,0,0
BRDA:119,6,1,0
BRDA:11,7,0,0
BRF:14
BRH:0
end_of_record
TN:
SF:services\monitoring.ts
FN:86,withMonitoring
FN:86,_withMonitoring
FN:86,(anonymous_3)
FNF:3
FNH:0
FNDA:0,withMonitoring
FNDA:0,_withMonitoring
FNDA:0,(anonymous_3)
DA:3,1
DA:4,1
DA:6,1
DA:7,1
DA:9,1
DA:16,1
DA:23,1
DA:28,1
DA:33,1
DA:39,1
DA:45,1
DA:51,1
DA:57,1
DA:63,1
DA:68,1
DA:73,1
DA:79,1
DA:86,1
DA:89,0
DA:91,0
DA:92,0
DA:93,0
DA:95,0
DA:96,0
DA:97,0
DA:99,0
DA:101,0
LF:27
LH:18
BRDA:89,0,0,0
BRDA:89,0,1,0
BRDA:89,1,0,0
BRDA:89,1,1,0
BRF:4
BRH:0
end_of_record
TN:
SF:services\nearContract.ts
FN:52,getOrderPaymentFactoryAddress
FN:60,_getOrderPaymentFactoryAddress
FN:52,(anonymous_2)
FN:62,sendNear
FN:62,_sendNear
FN:62,(anonymous_5)
FN:63,(anonymous_6)
FN:66,assertAdmin
FN:66,_assertAdmin
FN:66,(anonymous_9)
FN:73,deployEscrow
FN:138,_deployEscrow
FN:73,(anonymous_12)
FN:140,releasePayment
FN:157,_releasePayment
FN:140,(anonymous_15)
FN:159,refundPayment
FN:176,_refundPayment
FN:159,(anonymous_18)
FN:178,adminResolve
FN:200,_adminResolve
FN:178,(anonymous_21)
FNF:22
FNH:0
FNDA:0,getOrderPaymentFactoryAddress
FNDA:0,_getOrderPaymentFactoryAddress
FNDA:0,(anonymous_2)
FNDA:0,sendNear
FNDA:0,_sendNear
FNDA:0,(anonymous_5)
FNDA:0,(anonymous_6)
FNDA:0,assertAdmin
FNDA:0,_assertAdmin
FNDA:0,(anonymous_9)
FNDA:0,deployEscrow
FNDA:0,_deployEscrow
FNDA:0,(anonymous_12)
FNDA:0,releasePayment
FNDA:0,_releasePayment
FNDA:0,(anonymous_15)
FNDA:0,refundPayment
FNDA:0,_refundPayment
FNDA:0,(anonymous_18)
FNDA:0,adminResolve
FNDA:0,_adminResolve
FNDA:0,(anonymous_21)
DA:16,0
DA:18,0
DA:20,0
DA:21,0
DA:23,0
DA:52,0
DA:53,0
DA:54,0
DA:55,0
DA:59,0
DA:60,0
DA:62,0
DA:63,0
DA:64,0
DA:66,0
DA:67,0
DA:68,0
DA:69,0
DA:71,0
DA:73,0
DA:76,0
DA:77,0
DA:78,0
DA:80,0
DA:81,0
DA:84,0
DA:85,0
DA:86,0
DA:87,0
DA:91,0
DA:92,0
DA:95,0
DA:96,0
DA:99,0
DA:100,0
DA:103,0
DA:104,0
DA:107,0
DA:108,0
DA:109,0
DA:110,0
DA:113,0
DA:124,0
DA:131,0
DA:132,0
DA:133,0
DA:134,0
DA:136,0
DA:138,0
DA:140,0
DA:141,0
DA:142,0
DA:143,0
DA:144,0
DA:145,0
DA:146,0
DA:147,0
DA:149,0
DA:150,0
DA:151,0
DA:152,0
DA:153,0
DA:155,0
DA:157,0
DA:159,0
DA:160,0
DA:161,0
DA:162,0
DA:163,0
DA:164,0
DA:165,0
DA:166,0
DA:168,0
DA:169,0
DA:170,0
DA:171,0
DA:172,0
DA:174,0
DA:176,0
DA:178,0
DA:182,0
DA:183,0
DA:184,0
DA:185,0
DA:188,0
DA:189,0
DA:190,0
DA:192,0
DA:193,0
DA:194,0
DA:195,0
DA:196,0
DA:198,0
DA:200,0
LF:94
LH:0
BRDA:53,0,0,0
BRDA:56,1,0,0
BRDA:56,1,1,0
BRDA:56,1,2,0
BRDA:63,2,0,0
BRDA:63,2,1,0
BRDA:63,3,0,0
BRDA:63,3,1,0
BRDA:67,4,0,0
BRDA:76,5,0,0
BRDA:76,5,1,0
BRDA:77,6,0,0
BRDA:77,7,0,0
BRDA:77,7,1,0
BRDA:80,8,0,0
BRDA:80,9,0,0
BRDA:80,9,1,0
BRDA:84,10,0,0
BRDA:84,10,1,0
BRDA:85,11,0,0
BRDA:85,12,0,0
BRDA:85,12,1,0
BRDA:91,13,0,0
BRDA:95,14,0,0
BRDA:95,15,0,0
BRDA:95,15,1,0
BRDA:99,16,0,0
BRDA:99,17,0,0
BRDA:99,17,1,0
BRDA:99,17,2,0
BRDA:103,18,0,0
BRDA:186,19,0,0
BRDA:186,19,1,0
BRF:33
BRH:0
end_of_record
TN:
SF:services\nearKvStore.ts
FN:40,lsKey
FN:42,validateSegment
FN:52,ensureLake
FN:52,_ensureLake
FN:52,(anonymous_4)
FN:114,(anonymous_5)
FN:116,objectKey
FN:122,localFile
FN:128,streamToString
FN:128,_streamToString
FN:128,(anonymous_10)
FN:139,setValue
FN:168,_setValue
FN:139,(anonymous_13)
FN:155,(anonymous_14)
FN:163,(anonymous_15)
FN:170,removeValue
FN:184,_removeValue
FN:170,(anonymous_18)
FN:179,(anonymous_19)
FN:183,(anonymous_20)
FN:186,getValue
FN:207,_getValue
FN:186,(anonymous_23)
FN:209,listValues
FN:255,_listValues
FN:209,(anonymous_26)
FN:214,(anonymous_27)
FN:214,(anonymous_28)
FN:246,(anonymous_29)
FN:246,(anonymous_30)
FN:249,(anonymous_31)
FNF:32
FNH:0
FNDA:0,lsKey
FNDA:0,validateSegment
FNDA:0,ensureLake
FNDA:0,_ensureLake
FNDA:0,(anonymous_4)
FNDA:0,(anonymous_5)
FNDA:0,objectKey
FNDA:0,localFile
FNDA:0,streamToString
FNDA:0,_streamToString
FNDA:0,(anonymous_10)
FNDA:0,setValue
FNDA:0,_setValue
FNDA:0,(anonymous_13)
FNDA:0,(anonymous_14)
FNDA:0,(anonymous_15)
FNDA:0,removeValue
FNDA:0,_removeValue
FNDA:0,(anonymous_18)
FNDA:0,(anonymous_19)
FNDA:0,(anonymous_20)
FNDA:0,getValue
FNDA:0,_getValue
FNDA:0,(anonymous_23)
FNDA:0,listValues
FNDA:0,_listValues
FNDA:0,(anonymous_26)
FNDA:0,(anonymous_27)
FNDA:0,(anonymous_28)
FNDA:0,(anonymous_29)
FNDA:0,(anonymous_30)
FNDA:0,(anonymous_31)
DA:9,0
DA:10,0
DA:12,0
DA:15,0
DA:16,0
DA:19,0
DA:20,0
DA:21,0
DA:22,0
DA:23,0
DA:30,0
DA:34,0
DA:37,0
DA:39,0
DA:40,0
DA:44,0
DA:47,0
DA:48,0
DA:52,0
DA:53,0
DA:54,0
DA:55,0
DA:56,0
DA:57,0
DA:62,0
DA:63,0
DA:67,0
DA:68,0
DA:69,0
DA:70,0
DA:71,0
DA:73,0
DA:74,0
DA:76,0
DA:77,0
DA:78,0
DA:79,0
DA:80,0
DA:82,0
DA:83,0
DA:84,0
DA:86,0
DA:87,0
DA:88,0
DA:89,0
DA:90,0
DA:91,0
DA:92,0
DA:93,0
DA:94,0
DA:95,0
DA:96,0
DA:97,0
DA:98,0
DA:99,0
DA:105,0
DA:111,0
DA:112,0
DA:114,0
DA:117,0
DA:118,0
DA:119,0
DA:123,0
DA:124,0
DA:125,0
DA:128,0
DA:129,0
DA:130,0
DA:131,0
DA:132,0
DA:133,0
DA:134,0
DA:135,0
DA:136,0
DA:137,0
DA:139,0
DA:140,0
DA:141,0
DA:142,0
DA:143,0
DA:144,0
DA:145,0
DA:146,0
DA:147,0
DA:149,0
DA:150,0
DA:152,0
DA:153,0
DA:154,0
DA:155,0
DA:157,0
DA:159,0
DA:161,0
DA:162,0
DA:163,0
DA:165,0
DA:166,0
DA:168,0
DA:170,0
DA:171,0
DA:172,0
DA:173,0
DA:174,0
DA:175,0
DA:176,0
DA:178,0
DA:179,0
DA:180,0
DA:182,0
DA:183,0
DA:184,0
DA:186,0
DA:187,0
DA:188,0
DA:189,0
DA:190,0
DA:191,0
DA:193,0
DA:194,0
DA:195,0
DA:196,0
DA:198,0
DA:201,0
DA:202,0
DA:203,0
DA:205,0
DA:207,0
DA:209,0
DA:212,0
DA:213,0
DA:214,0
DA:215,0
DA:216,0
DA:217,0
DA:218,0
DA:219,0
DA:220,0
DA:221,0
DA:222,0
DA:223,0
DA:224,0
DA:225,0
DA:226,0
DA:227,0
DA:228,0
DA:229,0
DA:230,0
DA:232,0
DA:236,0
DA:240,0
DA:242,0
DA:243,0
DA:244,0
DA:245,0
DA:246,0
DA:249,0
DA:251,0
DA:253,0
DA:255,0
LF:159
LH:0
BRDA:15,0,0,0
BRDA:23,1,0,0
BRDA:23,1,1,0
BRDA:30,2,0,0
BRDA:30,2,1,0
BRDA:34,3,0,0
BRDA:34,3,1,0
BRDA:34,4,0,0
BRDA:34,4,1,0
BRDA:39,5,0,0
BRDA:39,5,1,0
BRDA:44,6,0,0
BRDA:44,6,1,0
BRDA:47,7,0,0
BRDA:47,8,0,0
BRDA:47,8,1,0
BRDA:47,8,2,0
BRDA:47,8,3,0
BRDA:53,9,0,0
BRDA:53,10,0,0
BRDA:53,10,1,0
BRDA:56,11,0,0
BRDA:60,12,0,0
BRDA:60,12,1,0
BRDA:67,13,0,0
BRDA:67,13,1,0
BRDA:70,14,0,0
BRDA:76,15,0,0
BRDA:76,15,1,0
BRDA:77,16,0,0
BRDA:77,16,1,0
BRDA:78,17,0,0
BRDA:78,18,0,0
BRDA:78,18,1,0
BRDA:82,19,0,0
BRDA:82,20,0,0
BRDA:82,20,1,0
BRDA:86,21,0,0
BRDA:89,22,0,0
BRDA:96,23,0,0
BRDA:97,24,0,0
BRDA:97,25,0,0
BRDA:97,25,1,0
BRDA:129,26,0,0
BRDA:130,27,0,0
BRDA:131,28,0,0
BRDA:135,29,0,0
BRDA:135,30,0,0
BRDA:135,30,1,0
BRDA:143,31,0,0
BRDA:145,32,0,0
BRDA:149,33,0,0
BRDA:149,33,1,0
BRDA:149,34,0,0
BRDA:149,35,0,0
BRDA:152,36,0,0
BRDA:152,37,0,0
BRDA:152,37,1,0
BRDA:154,38,0,0
BRDA:154,38,1,0
BRDA:162,39,0,0
BRDA:162,39,1,0
BRDA:174,40,0,0
BRDA:175,41,0,0
BRDA:175,41,1,0
BRDA:175,42,0,0
BRDA:178,43,0,0
BRDA:178,44,0,0
BRDA:178,44,1,0
BRDA:190,45,0,0
BRDA:191,46,0,0
BRDA:191,46,1,0
BRDA:191,47,0,0
BRDA:191,48,0,0
BRDA:191,49,0,0
BRDA:191,50,0,0
BRDA:193,51,0,0
BRDA:193,52,0,0
BRDA:193,52,1,0
BRDA:214,53,0,0
BRDA:214,54,0,0
BRDA:214,54,1,0
BRDA:214,55,0,0
BRDA:214,56,0,0
BRDA:214,57,0,0
BRDA:214,58,0,0
BRDA:215,59,0,0
BRDA:215,60,0,0
BRDA:215,60,1,0
BRDA:228,61,0,0
BRDA:236,62,0,0
BRDA:236,63,0,0
BRDA:236,63,1,0
BRF:93
BRH:0
end_of_record
TN:
SF:services\nearLake.ts
FN:18,initLake
FN:25,(anonymous_1)
FN:27,(anonymous_2)
FN:27,(anonymous_3)
FN:29,(anonymous_4)
FN:38,onLakeError
FN:40,(anonymous_6)
FNF:7
FNH:0
FNDA:0,initLake
FNDA:0,(anonymous_1)
FNDA:0,(anonymous_2)
FNDA:0,(anonymous_3)
FNDA:0,(anonymous_4)
FNDA:0,onLakeError
FNDA:0,(anonymous_6)
DA:1,1
DA:2,1
DA:12,1
DA:18,1
DA:19,0
DA:25,0
DA:26,0
DA:27,0
DA:28,0
DA:29,0
DA:31,0
DA:32,0
DA:33,0
DA:38,1
DA:39,0
DA:40,0
DA:43,1
DA:45,1
LF:18
LH:7
BRDA:28,0,0,0
BRDA:28,0,1,0
BRDA:33,1,0,0
BRDA:33,1,1,0
BRF:4
BRH:0
end_of_record
TN:
SF:services\nearNotifications.ts
FN:10,getNotification
FN:13,_getNotification
FN:10,(anonymous_2)
FN:15,setNotification
FN:17,_setNotification
FN:15,(anonymous_5)
FN:19,removeNotification
FN:21,_removeNotification
FN:19,(anonymous_8)
FN:23,listNotifications
FN:26,_listNotifications
FN:23,(anonymous_11)
FN:25,(anonymous_12)
FNF:13
FNH:0
FNDA:0,getNotification
FNDA:0,_getNotification
FNDA:0,(anonymous_2)
FNDA:0,setNotification
FNDA:0,_setNotification
FNDA:0,(anonymous_5)
FNDA:0,removeNotification
FNDA:0,_removeNotification
FNDA:0,(anonymous_8)
FNDA:0,listNotifications
FNDA:0,_listNotifications
FNDA:0,(anonymous_11)
FNDA:0,(anonymous_12)
DA:6,0
DA:8,0
DA:10,0
DA:11,0
DA:12,0
DA:13,0
DA:15,0
DA:16,0
DA:17,0
DA:19,0
DA:20,0
DA:21,0
DA:23,0
DA:24,0
DA:25,0
DA:26,0
LF:16
LH:0
BRDA:12,0,0,0
BRDA:12,0,1,0
BRF:2
BRH:0
end_of_record
TN:
SF:services\nearOrders.ts
FN:15,inferStoreId
FN:26,matchesStore
FN:31,normalizeAddress
FN:35,matchesBuyer
FN:44,hydrateOrderLake
FN:44,_hydrateOrderLake
FN:44,(anonymous_6)
FN:80,getById
FN:83,list
FN:86,subscribe
FN:92,mutate
FN:95,onSynced
FN:100,getOrder
FN:108,_getOrder
FN:100,(anonymous_14)
FN:110,setOrder
FN:113,_setOrder
FN:110,(anonymous_17)
FN:115,removeOrder
FN:118,_removeOrder
FN:115,(anonymous_20)
FN:119,listOrders
FN:129,_listOrders
FN:119,(anonymous_23)
FN:122,(anonymous_24)
FN:127,(anonymous_25)
FN:128,(anonymous_26)
FN:130,listOrdersBySeller
FN:146,_listOrdersBySeller
FN:130,(anonymous_29)
FN:137,(anonymous_30)
FN:143,(anonymous_31)
FN:144,(anonymous_32)
FN:145,(anonymous_33)
FN:148,listOrdersByBuyer
FN:168,_listOrdersByBuyer
FN:148,(anonymous_36)
FN:151,sortByCreatedAtDesc
FN:159,(anonymous_38)
FN:165,(anonymous_39)
FN:166,(anonymous_40)
FNF:41
FNH:0
FNDA:0,inferStoreId
FNDA:0,matchesStore
FNDA:0,normalizeAddress
FNDA:0,matchesBuyer
FNDA:0,hydrateOrderLake
FNDA:0,_hydrateOrderLake
FNDA:0,(anonymous_6)
FNDA:0,getById
FNDA:0,list
FNDA:0,subscribe
FNDA:0,mutate
FNDA:0,onSynced
FNDA:0,getOrder
FNDA:0,_getOrder
FNDA:0,(anonymous_14)
FNDA:0,setOrder
FNDA:0,_setOrder
FNDA:0,(anonymous_17)
FNDA:0,removeOrder
FNDA:0,_removeOrder
FNDA:0,(anonymous_20)
FNDA:0,listOrders
FNDA:0,_listOrders
FNDA:0,(anonymous_23)
FNDA:0,(anonymous_24)
FNDA:0,(anonymous_25)
FNDA:0,(anonymous_26)
FNDA:0,listOrdersBySeller
FNDA:0,_listOrdersBySeller
FNDA:0,(anonymous_29)
FNDA:0,(anonymous_30)
FNDA:0,(anonymous_31)
FNDA:0,(anonymous_32)
FNDA:0,(anonymous_33)
FNDA:0,listOrdersByBuyer
FNDA:0,_listOrdersByBuyer
FNDA:0,(anonymous_36)
FNDA:0,sortByCreatedAtDesc
FNDA:0,(anonymous_38)
FNDA:0,(anonymous_39)
FNDA:0,(anonymous_40)
DA:10,0
DA:12,0
DA:13,0
DA:16,0
DA:17,0
DA:18,0
DA:19,0
DA:20,0
DA:22,0
DA:27,0
DA:28,0
DA:32,0
DA:36,0
DA:37,0
DA:38,0
DA:39,0
DA:40,0
DA:41,0
DA:44,0
DA:45,0
DA:46,0
DA:47,0
DA:48,0
DA:49,0
DA:50,0
DA:51,0
DA:52,0
DA:53,0
DA:55,0
DA:58,0
DA:60,0
DA:63,0
DA:65,0
DA:68,0
DA:70,0
DA:71,0
DA:73,0
DA:75,0
DA:79,0
DA:81,0
DA:84,0
DA:90,0
DA:93,0
DA:96,0
DA:100,0
DA:101,0
DA:102,0
DA:103,0
DA:104,0
DA:106,0
DA:107,0
DA:108,0
DA:110,0
DA:111,0
DA:112,0
DA:113,0
DA:115,0
DA:116,0
DA:117,0
DA:118,0
DA:119,0
DA:120,0
DA:121,0
DA:122,0
DA:123,0
DA:125,0
DA:126,0
DA:127,0
DA:128,0
DA:129,0
DA:130,0
DA:134,0
DA:135,0
DA:136,0
DA:137,0
DA:139,0
DA:141,0
DA:142,0
DA:143,0
DA:144,0
DA:145,0
DA:146,0
DA:148,0
DA:149,0
DA:150,0
DA:151,0
DA:152,0
DA:153,0
DA:154,0
DA:156,0
DA:157,0
DA:159,0
DA:161,0
DA:163,0
DA:164,0
DA:165,0
DA:166,0
DA:168,0
LF:98
LH:0
BRDA:16,0,0,0
BRDA:16,1,0,0
BRDA:16,1,1,0
BRDA:16,1,2,0
BRDA:17,2,0,0
BRDA:17,2,1,0
BRDA:17,3,0,0
BRDA:17,3,1,0
BRDA:18,4,0,0
BRDA:28,5,0,0
BRDA:28,5,1,0
BRDA:32,6,0,0
BRDA:32,6,1,0
BRDA:36,7,0,0
BRDA:36,8,0,0
BRDA:36,8,1,0
BRDA:38,9,0,0
BRDA:41,10,0,0
BRDA:41,10,1,0
BRDA:52,11,0,0
BRDA:52,11,1,0
BRDA:52,11,2,0
BRDA:53,12,0,0
BRDA:55,13,0,0
BRDA:55,13,1,0
BRDA:55,13,2,0
BRDA:55,13,3,0
BRDA:55,13,4,0
BRDA:58,14,0,0
BRDA:58,14,1,0
BRDA:60,15,0,0
BRDA:60,15,1,0
BRDA:60,15,2,0
BRDA:60,15,3,0
BRDA:60,15,4,0
BRDA:104,16,0,0
BRDA:104,17,0,0
BRDA:104,17,1,0
BRDA:107,18,0,0
BRDA:107,18,1,0
BRDA:123,19,0,0
BRDA:137,20,0,0
BRDA:137,20,1,0
BRDA:139,21,0,0
BRDA:150,22,0,0
BRDA:152,23,0,0
BRDA:152,23,1,0
BRDA:153,24,0,0
BRDA:153,24,1,0
BRDA:161,25,0,0
BRF:50
BRH:0
end_of_record
TN:
SF:services\nearSettings.ts
FN:21,assertAdmin
FN:21,_assertAdmin
FN:21,(anonymous_2)
FN:55,getSetting
FN:57,_getSetting
FN:55,(anonymous_5)
FN:61,ensureNode
FN:61,_ensureNode
FN:61,(anonymous_8)
FN:80,emit
FN:80,_emit
FN:80,(anonymous_11)
FN:98,subscribeToSettingsWrites
FN:131,_subscribeToSettingsWrites
FN:98,(anonymous_14)
FN:102,(anonymous_15)
FN:105,(anonymous_16)
FN:105,(anonymous_17)
FN:105,handler
FN:124,(anonymous_19)
FN:133,setSetting
FN:148,_setSetting
FN:133,(anonymous_22)
FN:150,listSettings
FN:152,_listSettings
FN:150,(anonymous_25)
FN:154,fetchSettings
FN:201,_fetchSettings
FN:154,(anonymous_28)
FN:178,(anonymous_29)
FN:203,getFeeBps
FN:207,_getFeeBps
FN:203,(anonymous_32)
FN:209,setFeeBps
FN:211,_setFeeBps
FN:209,(anonymous_35)
FN:213,getAdmins
FN:220,_getAdmins
FN:213,(anonymous_38)
FN:222,getAdminScopes
FN:229,_getAdminScopes
FN:222,(anonymous_41)
FN:231,setAdminScopes
FN:236,_setAdminScopes
FN:231,(anonymous_44)
FN:238,setAdmins
FN:245,_setAdmins
FN:238,(anonymous_47)
FN:241,(anonymous_48)
FN:247,getAdminPublicKeys
FN:254,_getAdminPublicKeys
FN:247,(anonymous_51)
FN:256,setAdminPublicKeys
FN:261,_setAdminPublicKeys
FN:256,(anonymous_54)
FN:263,getPaymentFactoryAddress
FN:265,_getPaymentFactoryAddress
FN:263,(anonymous_57)
FN:267,setPaymentFactoryAddress
FN:272,_setPaymentFactoryAddress
FN:267,(anonymous_60)
FNF:61
FNH:0
FNDA:0,assertAdmin
FNDA:0,_assertAdmin
FNDA:0,(anonymous_2)
FNDA:0,getSetting
FNDA:0,_getSetting
FNDA:0,(anonymous_5)
FNDA:0,ensureNode
FNDA:0,_ensureNode
FNDA:0,(anonymous_8)
FNDA:0,emit
FNDA:0,_emit
FNDA:0,(anonymous_11)
FNDA:0,subscribeToSettingsWrites
FNDA:0,_subscribeToSettingsWrites
FNDA:0,(anonymous_14)
FNDA:0,(anonymous_15)
FNDA:0,(anonymous_16)
FNDA:0,(anonymous_17)
FNDA:0,handler
FNDA:0,(anonymous_19)
FNDA:0,setSetting
FNDA:0,_setSetting
FNDA:0,(anonymous_22)
FNDA:0,listSettings
FNDA:0,_listSettings
FNDA:0,(anonymous_25)
FNDA:0,fetchSettings
FNDA:0,_fetchSettings
FNDA:0,(anonymous_28)
FNDA:0,(anonymous_29)
FNDA:0,getFeeBps
FNDA:0,_getFeeBps
FNDA:0,(anonymous_32)
FNDA:0,setFeeBps
FNDA:0,_setFeeBps
FNDA:0,(anonymous_35)
FNDA:0,getAdmins
FNDA:0,_getAdmins
FNDA:0,(anonymous_38)
FNDA:0,getAdminScopes
FNDA:0,_getAdminScopes
FNDA:0,(anonymous_41)
FNDA:0,setAdminScopes
FNDA:0,_setAdminScopes
FNDA:0,(anonymous_44)
FNDA:0,setAdmins
FNDA:0,_setAdmins
FNDA:0,(anonymous_47)
FNDA:0,(anonymous_48)
FNDA:0,getAdminPublicKeys
FNDA:0,_getAdminPublicKeys
FNDA:0,(anonymous_51)
FNDA:0,setAdminPublicKeys
FNDA:0,_setAdminPublicKeys
FNDA:0,(anonymous_54)
FNDA:0,getPaymentFactoryAddress
FNDA:0,_getPaymentFactoryAddress
FNDA:0,(anonymous_57)
FNDA:0,setPaymentFactoryAddress
FNDA:0,_setPaymentFactoryAddress
FNDA:0,(anonymous_60)
DA:16,0
DA:18,0
DA:19,0
DA:21,0
DA:22,0
DA:23,0
DA:25,0
DA:26,0
DA:27,0
DA:29,0
DA:30,0
DA:32,0
DA:33,0
DA:34,0
DA:35,0
DA:37,0
DA:55,0
DA:56,0
DA:57,0
DA:59,0
DA:61,0
DA:62,0
DA:63,0
DA:64,0
DA:65,0
DA:67,0
DA:68,0
DA:69,0
DA:70,0
DA:71,0
DA:72,0
DA:74,0
DA:75,0
DA:76,0
DA:78,0
DA:80,0
DA:81,0
DA:82,0
DA:83,0
DA:84,0
DA:86,0
DA:87,0
DA:90,0
DA:94,0
DA:96,0
DA:98,0
DA:101,0
DA:102,0
DA:103,0
DA:104,0
DA:105,0
DA:106,0
DA:107,0
DA:108,0
DA:109,0
DA:113,0
DA:114,0
DA:115,0
DA:116,0
DA:118,0
DA:120,0
DA:121,0
DA:124,0
DA:125,0
DA:126,0
DA:128,0
DA:131,0
DA:133,0
DA:138,0
DA:139,0
DA:140,0
DA:147,0
DA:148,0
DA:150,0
DA:151,0
DA:152,0
DA:154,0
DA:155,0
DA:156,0
DA:157,0
DA:158,0
DA:160,0
DA:161,0
DA:162,0
DA:164,0
DA:165,0
DA:166,0
DA:167,0
DA:168,0
DA:172,0
DA:175,0
DA:176,0
DA:177,0
DA:178,0
DA:179,0
DA:182,0
DA:201,0
DA:203,0
DA:204,0
DA:205,0
DA:206,0
DA:207,0
DA:209,0
DA:210,0
DA:211,0
DA:213,0
DA:214,0
DA:215,0
DA:216,0
DA:218,0
DA:220,0
DA:222,0
DA:223,0
DA:224,0
DA:225,0
DA:227,0
DA:229,0
DA:231,0
DA:235,0
DA:236,0
DA:238,0
DA:239,0
DA:240,0
DA:241,0
DA:242,0
DA:244,0
DA:245,0
DA:247,0
DA:248,0
DA:249,0
DA:250,0
DA:252,0
DA:254,0
DA:256,0
DA:260,0
DA:261,0
DA:263,0
DA:264,0
DA:265,0
DA:267,0
DA:271,0
DA:272,0
LF:142
LH:0
BRDA:22,0,0,0
BRDA:26,1,0,0
BRDA:29,2,0,0
BRDA:33,3,0,0
BRDA:33,3,1,0
BRDA:34,4,0,0
BRDA:34,5,0,0
BRDA:34,5,1,0
BRDA:62,6,0,0
BRDA:64,7,0,0
BRDA:64,8,0,0
BRDA:64,8,1,0
BRDA:69,9,0,0
BRDA:82,10,0,0
BRDA:102,11,0,0
BRDA:106,12,0,0
BRDA:115,13,0,0
BRDA:125,14,0,0
BRDA:125,14,1,0
BRDA:128,15,0,0
BRDA:128,15,1,0
BRDA:128,15,2,0
BRDA:161,16,0,0
BRDA:165,17,0,0
BRDA:167,18,0,0
BRDA:167,18,1,0
BRDA:175,19,0,0
BRDA:175,19,1,0
BRDA:176,20,0,0
BRDA:176,20,1,0
BRDA:177,21,0,0
BRDA:177,22,0,0
BRDA:177,22,1,0
BRDA:183,23,0,0
BRDA:183,23,1,0
BRDA:184,24,0,0
BRDA:184,24,1,0
BRDA:185,25,0,0
BRDA:185,25,1,0
BRDA:186,26,0,0
BRDA:186,26,1,0
BRDA:188,27,0,0
BRDA:188,27,1,0
BRDA:192,28,0,0
BRDA:192,28,1,0
BRDA:195,29,0,0
BRDA:195,29,1,0
BRDA:196,30,0,0
BRDA:196,30,1,0
BRDA:199,31,0,0
BRDA:199,31,1,0
BRDA:206,32,0,0
BRDA:206,32,1,0
BRDA:216,33,0,0
BRDA:216,33,1,0
BRDA:225,34,0,0
BRDA:225,34,1,0
BRDA:250,35,0,0
BRDA:250,35,1,0
BRDA:264,36,0,0
BRDA:264,36,1,0
BRF:61
BRH:0
end_of_record
TN:
SF:services\nearStoreContract.ts
FN:14,getProvider
FN:19,getContractId
FN:23,parseResult
FN:27,getStore
FN:52,_getStore
FN:27,(anonymous_5)
FN:54,listStores
FN:77,_listStores
FN:54,(anonymous_8)
FN:66,(anonymous_9)
FN:79,mintStore
FN:111,_mintStore
FN:79,(anonymous_12)
FNF:13
FNH:0
FNDA:0,getProvider
FNDA:0,getContractId
FNDA:0,parseResult
FNDA:0,getStore
FNDA:0,_getStore
FNDA:0,(anonymous_5)
FNDA:0,listStores
FNDA:0,_listStores
FNDA:0,(anonymous_8)
FNDA:0,(anonymous_9)
FNDA:0,mintStore
FNDA:0,_mintStore
FNDA:0,(anonymous_12)
DA:15,0
DA:16,0
DA:20,0
DA:24,0
DA:27,0
DA:28,0
DA:29,0
DA:30,0
DA:37,0
DA:38,0
DA:39,0
DA:50,0
DA:52,0
DA:54,0
DA:55,0
DA:56,0
DA:57,0
DA:64,0
DA:65,0
DA:66,0
DA:75,0
DA:77,0
DA:79,0
DA:80,0
DA:81,0
DA:82,0
DA:83,0
DA:84,0
DA:86,0
DA:87,0
DA:107,0
DA:109,0
DA:111,0
LF:33
LH:0
BRDA:38,0,0,0
BRDA:40,1,0,0
BRDA:40,1,1,0
BRDA:40,2,0,0
BRDA:40,2,1,0
BRDA:41,3,0,0
BRDA:41,3,1,0
BRDA:42,4,0,0
BRDA:42,4,1,0
BRDA:42,5,0,0
BRDA:42,5,1,0
BRDA:43,6,0,0
BRDA:43,6,1,0
BRDA:45,7,0,0
BRDA:45,7,1,0
BRDA:50,8,0,0
BRDA:50,8,1,0
BRDA:65,9,0,0
BRDA:67,10,0,0
BRDA:67,10,1,0
BRDA:67,11,0,0
BRDA:67,11,1,0
BRDA:68,12,0,0
BRDA:68,12,1,0
BRDA:69,13,0,0
BRDA:69,13,1,0
BRDA:69,14,0,0
BRDA:69,14,1,0
BRDA:70,15,0,0
BRDA:70,15,1,0
BRDA:72,16,0,0
BRDA:72,16,1,0
BRDA:75,17,0,0
BRDA:75,17,1,0
BRDA:83,18,0,0
BRDA:83,19,0,0
BRDA:83,19,1,0
BRDA:107,20,0,0
BRDA:107,20,1,0
BRDA:107,21,0,0
BRDA:107,21,1,0
BRDA:109,22,0,0
BRDA:109,22,1,0
BRF:43
BRH:0
end_of_record
TN:
SF:services\nearStoreLake.ts
FN:7,toStore
FN:15,startNearStoreLake
FN:24,(anonymous_2)
FN:24,(anonymous_3)
FN:24,onBlock
FNF:5
FNH:0
FNDA:0,toStore
FNDA:0,startNearStoreLake
FNDA:0,(anonymous_2)
FNDA:0,(anonymous_3)
FNDA:0,onBlock
DA:5,0
DA:8,0
DA:9,0
DA:10,0
DA:11,0
DA:12,0
DA:16,0
DA:17,0
DA:18,0
DA:19,0
DA:20,0
DA:24,0
DA:25,0
DA:26,0
DA:27,0
DA:28,0
DA:29,0
DA:30,0
DA:31,0
DA:32,0
DA:33,0
DA:34,0
DA:35,0
DA:46,0
LF:24
LH:0
BRDA:8,0,0,0
BRDA:8,0,1,0
BRDA:8,0,2,0
BRDA:9,1,0,0
BRDA:9,1,1,0
BRDA:10,2,0,0
BRDA:10,2,1,0
BRDA:11,3,0,0
BRDA:11,4,0,0
BRDA:11,4,1,0
BRDA:16,5,0,0
BRDA:18,6,0,0
BRDA:18,6,1,0
BRDA:18,6,2,0
BRDA:19,7,0,0
BRDA:22,8,0,0
BRDA:22,8,1,0
BRDA:23,9,0,0
BRDA:23,9,1,0
BRDA:27,10,0,0
BRDA:27,10,1,0
BRDA:31,11,0,0
BRDA:31,12,0,0
BRDA:31,12,1,0
BRDA:33,13,0,0
BRF:25
BRH:0
end_of_record
TN:
SF:services\notification.ts
FN:10,(anonymous_0)
FN:15,NotificationService
FN:17,localize
FN:19,(anonymous_3)
FN:28,(anonymous_4)
FN:36,(anonymous_5)
FN:37,(anonymous_6)
FN:38,(anonymous_7)
FN:28,getNotifications
FN:28,(anonymous_9)
FN:45,(anonymous_10)
FN:45,markAsRead
FN:45,(anonymous_12)
FN:58,(anonymous_13)
FN:61,(anonymous_14)
FN:58,markAllAsRead
FN:58,(anonymous_16)
FN:74,(anonymous_17)
FN:74,deleteNotification
FN:74,(anonymous_19)
FN:84,(anonymous_20)
FN:84,addNotification
FN:84,(anonymous_22)
FN:110,(anonymous_23)
FN:117,(anonymous_24)
FN:110,getUnreadCount
FN:126,subscribeToUserNotifications
FN:127,handler
FN:143,unsubscribeFromNotifications
FN:147,setLastOpenedNotificationId
FN:151,getLastOpenedNotificationId
FN:21,getInstance
FNF:32
FNH:0
FNDA:0,(anonymous_0)
FNDA:0,NotificationService
FNDA:0,localize
FNDA:0,(anonymous_3)
FNDA:0,(anonymous_4)
FNDA:0,(anonymous_5)
FNDA:0,(anonymous_6)
FNDA:0,(anonymous_7)
FNDA:0,getNotifications
FNDA:0,(anonymous_9)
FNDA:0,(anonymous_10)
FNDA:0,markAsRead
FNDA:0,(anonymous_12)
FNDA:0,(anonymous_13)
FNDA:0,(anonymous_14)
FNDA:0,markAllAsRead
FNDA:0,(anonymous_16)
FNDA:0,(anonymous_17)
FNDA:0,deleteNotification
FNDA:0,(anonymous_19)
FNDA:0,(anonymous_20)
FNDA:0,addNotification
FNDA:0,(anonymous_22)
FNDA:0,(anonymous_23)
FNDA:0,(anonymous_24)
FNDA:0,getUnreadCount
FNDA:0,subscribeToUserNotifications
FNDA:0,handler
FNDA:0,unsubscribeFromNotifications
FNDA:0,setLastOpenedNotificationId
FNDA:0,getLastOpenedNotificationId
FNDA:0,getInstance
DA:10,0
DA:15,0
DA:18,0
DA:19,0
DA:22,0
DA:23,0
DA:25,0
DA:28,0
DA:29,0
DA:30,0
DA:31,0
DA:32,0
DA:34,0
DA:35,0
DA:36,0
DA:37,0
DA:38,0
DA:40,0
DA:41,0
DA:45,0
DA:46,0
DA:47,0
DA:48,0
DA:49,0
DA:50,0
DA:51,0
DA:53,0
DA:54,0
DA:58,0
DA:59,0
DA:60,0
DA:61,0
DA:63,0
DA:64,0
DA:65,0
DA:67,0
DA:69,0
DA:70,0
DA:74,0
DA:75,0
DA:76,0
DA:77,0
DA:79,0
DA:80,0
DA:84,0
DA:91,0
DA:92,0
DA:102,0
DA:103,0
DA:105,0
DA:106,0
DA:110,0
DA:111,0
DA:112,0
DA:113,0
DA:114,0
DA:116,0
DA:117,0
DA:120,0
DA:121,0
DA:126,0
DA:127,0
DA:128,0
DA:129,0
DA:135,0
DA:138,0
DA:139,0
DA:144,0
DA:148,0
DA:152,0
LF:70
LH:0
BRDA:30,0,0,0
BRDA:48,1,0,0
BRDA:61,2,0,0
BRDA:61,2,1,0
BRDA:112,3,0,0
BRDA:117,4,0,0
BRDA:117,4,1,0
BRDA:128,5,0,0
BRDA:22,6,0,0
BRF:9
BRH:0
end_of_record
TN:
SF:services\orders.ts
FN:53,deployOrderPayment
FN:57,_deployOrderPayment
FN:53,(anonymous_2)
FN:60,verifyKycReceipt
FN:66,_verifyKycReceipt
FN:60,(anonymous_5)
FN:78,deriveOrderId
FN:85,recordOrderStageDuration
FN:103,recordStageForOrders
FN:141,emitOrderEvents
FN:226,_emitOrderEvents
FN:141,(anonymous_11)
FN:147,parseDeterministicTimestamp
FN:183,(anonymous_13)
FN:183,(anonymous_14)
FN:183,publishWithContext
FN:228,(anonymous_16)
FN:234,OrderService
FN:235,(anonymous_18)
FN:245,notifyListeners
FN:246,(anonymous_20)
FN:249,addListener
FN:253,storeRequiresKyc
FN:264,(anonymous_23)
FN:266,(anonymous_24)
FN:266,loadBuyerKycReceipt
FN:296,reserveCheckoutNonce
FN:314,releaseCheckoutNonce
FN:321,(anonymous_28)
FN:323,(anonymous_29)
FN:323,verifyKycReceipt
FN:323,(anonymous_31)
FN:430,(anonymous_32)
FN:430,verifyKycReceiptWithLedger
FN:440,pruneKycReceiptReplayGuards
FN:447,(anonymous_35)
FN:449,(anonymous_36)
FN:449,deployEscrow
FN:449,(anonymous_38)
FN:498,(anonymous_39)
FN:498,deployEscrowViaWrapper
FN:520,getTrackingSteps
FN:522,(anonymous_42)
FN:524,(anonymous_43)
FN:542,(anonymous_44)
FN:524,createOrder
FN:524,(anonymous_46)
FN:623,(anonymous_47)
FN:623,createOrdersFromCart
FN:623,(anonymous_49)
FN:776,(anonymous_50)
FN:776,decrementProductStock
FN:776,(anonymous_52)
FN:810,(anonymous_53)
FN:810,applyCheckoutRiskRules
FN:810,(anonymous_55)
FN:816,(anonymous_56)
FN:816,trackOrderAnalytics
FN:816,(anonymous_58)
FN:822,(anonymous_59)
FN:822,dispatchDeliveryHook
FN:822,(anonymous_61)
FN:827,(anonymous_62)
FN:827,dispatchRefundHook
FN:832,simulateOrderProgress
FN:839,_loop
FN:841,(anonymous_66)
FN:845,(anonymous_67)
FN:846,(anonymous_68)
FN:846,getOrder
FN:846,(anonymous_70)
FN:850,(anonymous_71)
FN:852,(anonymous_72)
FN:850,getUserOrders
FN:850,(anonymous_74)
FN:855,(anonymous_75)
FN:855,getUserOrderCount
FN:855,(anonymous_77)
FN:859,(anonymous_78)
FN:859,updateOrderStatus
FN:859,(anonymous_80)
FN:875,(anonymous_81)
FN:875,resolveDispute
FN:238,getInstance
FNF:84
FNH:0
FNDA:0,deployOrderPayment
FNDA:0,_deployOrderPayment
FNDA:0,(anonymous_2)
FNDA:0,verifyKycReceipt
FNDA:0,_verifyKycReceipt
FNDA:0,(anonymous_5)
FNDA:0,deriveOrderId
FNDA:0,recordOrderStageDuration
FNDA:0,recordStageForOrders
FNDA:0,emitOrderEvents
FNDA:0,_emitOrderEvents
FNDA:0,(anonymous_11)
FNDA:0,parseDeterministicTimestamp
FNDA:0,(anonymous_13)
FNDA:0,(anonymous_14)
FNDA:0,publishWithContext
FNDA:0,(anonymous_16)
FNDA:0,OrderService
FNDA:0,(anonymous_18)
FNDA:0,notifyListeners
FNDA:0,(anonymous_20)
FNDA:0,addListener
FNDA:0,storeRequiresKyc
FNDA:0,(anonymous_23)
FNDA:0,(anonymous_24)
FNDA:0,loadBuyerKycReceipt
FNDA:0,reserveCheckoutNonce
FNDA:0,releaseCheckoutNonce
FNDA:0,(anonymous_28)
FNDA:0,(anonymous_29)
FNDA:0,verifyKycReceipt
FNDA:0,(anonymous_31)
FNDA:0,(anonymous_32)
FNDA:0,verifyKycReceiptWithLedger
FNDA:0,pruneKycReceiptReplayGuards
FNDA:0,(anonymous_35)
FNDA:0,(anonymous_36)
FNDA:0,deployEscrow
FNDA:0,(anonymous_38)
FNDA:0,(anonymous_39)
FNDA:0,deployEscrowViaWrapper
FNDA:0,getTrackingSteps
FNDA:0,(anonymous_42)
FNDA:0,(anonymous_43)
FNDA:0,(anonymous_44)
FNDA:0,createOrder
FNDA:0,(anonymous_46)
FNDA:0,(anonymous_47)
FNDA:0,createOrdersFromCart
FNDA:0,(anonymous_49)
FNDA:0,(anonymous_50)
FNDA:0,decrementProductStock
FNDA:0,(anonymous_52)
FNDA:0,(anonymous_53)
FNDA:0,applyCheckoutRiskRules
FNDA:0,(anonymous_55)
FNDA:0,(anonymous_56)
FNDA:0,trackOrderAnalytics
FNDA:0,(anonymous_58)
FNDA:0,(anonymous_59)
FNDA:0,dispatchDeliveryHook
FNDA:0,(anonymous_61)
FNDA:0,(anonymous_62)
FNDA:0,dispatchRefundHook
FNDA:0,simulateOrderProgress
FNDA:0,_loop
FNDA:0,(anonymous_66)
FNDA:0,(anonymous_67)
FNDA:0,(anonymous_68)
FNDA:0,getOrder
FNDA:0,(anonymous_70)
FNDA:0,(anonymous_71)
FNDA:0,(anonymous_72)
FNDA:0,getUserOrders
FNDA:0,(anonymous_74)
FNDA:0,(anonymous_75)
FNDA:0,getUserOrderCount
FNDA:0,(anonymous_77)
FNDA:0,(anonymous_78)
FNDA:0,updateOrderStatus
FNDA:0,(anonymous_80)
FNDA:0,(anonymous_81)
FNDA:0,resolveDispute
FNDA:0,getInstance
DA:53,0
DA:56,0
DA:57,0
DA:60,0
DA:63,0
DA:64,0
DA:65,0
DA:66,0
DA:68,0
DA:69,0
DA:70,0
DA:71,0
DA:72,0
DA:73,0
DA:74,0
DA:75,0
DA:76,0
DA:79,0
DA:82,0
DA:92,0
DA:109,0
DA:110,0
DA:141,0
DA:147,0
DA:148,0
DA:149,0
DA:150,0
DA:151,0
DA:152,0
DA:153,0
DA:156,0
DA:159,0
DA:162,0
DA:164,0
DA:166,0
DA:183,0
DA:188,0
DA:193,0
DA:194,0
DA:195,0
DA:200,0
DA:201,0
DA:202,0
DA:203,0
DA:204,0
DA:205,0
DA:206,0
DA:212,0
DA:218,0
DA:226,0
DA:228,0
DA:230,0
DA:231,0
DA:234,0
DA:235,0
DA:236,0
DA:239,0
DA:240,0
DA:242,0
DA:246,0
DA:250,0
DA:254,0
DA:255,0
DA:256,0
DA:257,0
DA:258,0
DA:259,0
DA:260,0
DA:263,0
DA:264,0
DA:266,0
DA:270,0
DA:271,0
DA:273,0
DA:274,0
DA:275,0
DA:277,0
DA:280,0
DA:281,0
DA:282,0
DA:283,0
DA:284,0
DA:287,0
DA:292,0
DA:297,0
DA:298,0
DA:300,0
DA:301,0
DA:302,0
DA:304,0
DA:305,0
DA:306,0
DA:308,0
DA:309,0
DA:311,0
DA:315,0
DA:316,0
DA:317,0
DA:318,0
DA:319,0
DA:321,0
DA:323,0
DA:327,0
DA:328,0
DA:331,0
DA:332,0
DA:333,0
DA:334,0
DA:336,0
DA:340,0
DA:341,0
DA:342,0
DA:344,0
DA:347,0
DA:348,0
DA:349,0
DA:350,0
DA:352,0
DA:353,0
DA:354,0
DA:356,0
DA:357,0
DA:358,0
DA:359,0
DA:361,0
DA:362,0
DA:364,0
DA:365,0
DA:369,0
DA:370,0
DA:371,0
DA:373,0
DA:374,0
DA:376,0
DA:377,0
DA:379,0
DA:380,0
DA:382,0
DA:383,0
DA:385,0
DA:386,0
DA:387,0
DA:388,0
DA:390,0
DA:391,0
DA:393,0
DA:394,0
DA:395,0
DA:397,0
DA:398,0
DA:400,0
DA:401,0
DA:402,0
DA:404,0
DA:405,0
DA:406,0
DA:408,0
DA:409,0
DA:410,0
DA:411,0
DA:414,0
DA:416,0
DA:417,0
DA:418,0
DA:419,0
DA:422,0
DA:430,0
DA:435,0
DA:436,0
DA:437,0
DA:441,0
DA:442,0
DA:443,0
DA:446,0
DA:447,0
DA:449,0
DA:452,0
DA:453,0
DA:459,0
DA:466,0
DA:468,0
DA:469,0
DA:474,0
DA:483,0
DA:485,0
DA:492,0
DA:494,0
DA:498,0
DA:499,0
DA:500,0
DA:501,0
DA:508,0
DA:521,0
DA:522,0
DA:524,0
DA:542,0
DA:543,0
DA:547,0
DA:548,0
DA:549,0
DA:550,0
DA:552,0
DA:553,0
DA:555,0
DA:565,0
DA:566,0
DA:569,0
DA:570,0
DA:573,0
DA:574,0
DA:580,0
DA:582,0
DA:584,0
DA:609,0
DA:610,0
DA:611,0
DA:617,0
DA:618,0
DA:619,0
DA:620,0
DA:623,0
DA:627,0
DA:628,0
DA:629,0
DA:632,0
DA:633,0
DA:634,0
DA:635,0
DA:636,0
DA:638,0
DA:639,0
DA:640,0
DA:642,0
DA:644,0
DA:645,0
DA:646,0
DA:647,0
DA:648,0
DA:649,0
DA:655,0
DA:656,0
DA:657,0
DA:664,0
DA:669,0
DA:670,0
DA:672,0
DA:673,0
DA:674,0
DA:675,0
DA:676,0
DA:677,0
DA:678,0
DA:679,0
DA:681,0
DA:682,0
DA:683,0
DA:690,0
DA:691,0
DA:692,0
DA:700,0
DA:706,0
DA:708,0
DA:711,0
DA:712,0
DA:713,0
DA:714,0
DA:716,0
DA:733,0
DA:743,0
DA:744,0
DA:746,0
DA:751,0
DA:752,0
DA:756,0
DA:758,0
DA:763,0
DA:764,0
DA:770,0
DA:772,0
DA:776,0
DA:777,0
DA:778,0
DA:779,0
DA:780,0
DA:781,0
DA:782,0
DA:784,0
DA:785,0
DA:790,0
DA:792,0
DA:793,0
DA:794,0
DA:795,0
DA:799,0
DA:805,0
DA:810,0
DA:812,0
DA:813,0
DA:816,0
DA:818,0
DA:819,0
DA:822,0
DA:824,0
DA:827,0
DA:829,0
DA:832,0
DA:833,0
DA:839,0
DA:840,0
DA:841,0
DA:842,0
DA:845,0
DA:846,0
DA:847,0
DA:850,0
DA:851,0
DA:852,0
DA:855,0
DA:856,0
DA:859,0
DA:860,0
DA:861,0
DA:862,0
DA:863,0
DA:864,0
DA:865,0
DA:866,0
DA:867,0
DA:868,0
DA:869,0
DA:870,0
DA:871,0
DA:875,0
DA:876,0
DA:877,0
DA:878,0
DA:879,0
DA:880,0
DA:882,0
DA:886,0
DA:887,0
DA:889,0
DA:890,0
LF:343
LH:0
BRDA:56,0,0,0
BRDA:56,0,1,0
BRDA:150,1,0,0
BRDA:152,2,0,0
BRDA:203,3,0,0
BRDA:222,4,0,0
BRDA:222,4,1,0
BRDA:223,5,0,0
BRDA:223,5,1,0
BRDA:254,6,0,0
BRDA:254,7,0,0
BRDA:254,7,1,0
BRDA:255,8,0,0
BRDA:256,9,0,0
BRDA:256,9,1,0
BRDA:256,9,2,0
BRDA:257,10,0,0
BRDA:257,11,0,0
BRDA:257,11,1,0
BRDA:258,12,0,0
BRDA:259,13,0,0
BRDA:259,14,0,0
BRDA:259,14,1,0
BRDA:260,15,0,0
BRDA:270,16,0,0
BRDA:270,17,0,0
BRDA:270,17,1,0
BRDA:270,17,2,0
BRDA:273,18,0,0
BRDA:280,19,0,0
BRDA:283,20,0,0
BRDA:297,21,0,0
BRDA:301,22,0,0
BRDA:305,23,0,0
BRDA:305,24,0,0
BRDA:305,24,1,0
BRDA:305,24,2,0
BRDA:316,25,0,0
BRDA:332,26,0,0
BRDA:342,27,0,0
BRDA:342,27,1,0
BRDA:348,28,0,0
BRDA:348,28,1,0
BRDA:348,29,0,0
BRDA:348,29,1,0
BRDA:349,30,0,0
BRDA:349,30,1,0
BRDA:349,31,0,0
BRDA:349,31,1,0
BRDA:350,32,0,0
BRDA:350,32,1,0
BRDA:350,33,0,0
BRDA:350,33,1,0
BRDA:352,34,0,0
BRDA:352,34,1,0
BRDA:352,35,0,0
BRDA:352,35,1,0
BRDA:353,36,0,0
BRDA:353,36,1,0
BRDA:353,37,0,0
BRDA:353,37,1,0
BRDA:353,38,0,0
BRDA:353,38,1,0
BRDA:354,39,0,0
BRDA:354,39,1,0
BRDA:354,40,0,0
BRDA:354,40,1,0
BRDA:354,41,0,0
BRDA:354,41,1,0
BRDA:357,42,0,0
BRDA:358,43,0,0
BRDA:361,44,0,0
BRDA:364,45,0,0
BRDA:369,46,0,0
BRDA:370,47,0,0
BRDA:370,48,0,0
BRDA:370,48,1,0
BRDA:373,49,0,0
BRDA:373,50,0,0
BRDA:373,50,1,0
BRDA:376,51,0,0
BRDA:379,52,0,0
BRDA:379,53,0,0
BRDA:379,53,1,0
BRDA:382,54,0,0
BRDA:385,55,0,0
BRDA:385,55,1,0
BRDA:386,56,0,0
BRDA:386,56,1,0
BRDA:387,57,0,0
BRDA:390,58,0,0
BRDA:394,59,0,0
BRDA:394,60,0,0
BRDA:394,60,1,0
BRDA:397,61,0,0
BRDA:397,62,0,0
BRDA:397,62,1,0
BRDA:401,63,0,0
BRDA:404,64,0,0
BRDA:404,64,1,0
BRDA:405,65,0,0
BRDA:410,66,0,0
BRDA:410,66,1,0
BRDA:411,67,0,0
BRDA:426,68,0,0
BRDA:426,68,1,0
BRDA:442,69,0,0
BRDA:489,70,0,0
BRDA:489,70,1,0
BRDA:490,71,0,0
BRDA:490,71,1,0
BRDA:548,72,0,0
BRDA:548,73,0,0
BRDA:548,73,1,0
BRDA:548,73,2,0
BRDA:548,74,0,0
BRDA:548,74,1,0
BRDA:549,75,0,0
BRDA:552,76,0,0
BRDA:561,77,0,0
BRDA:561,77,1,0
BRDA:562,78,0,0
BRDA:562,78,1,0
BRDA:569,79,0,0
BRDA:569,80,0,0
BRDA:569,80,1,0
BRDA:570,81,0,0
BRDA:570,81,1,0
BRDA:582,82,0,0
BRDA:582,82,1,0
BRDA:582,83,0,0
BRDA:582,83,1,0
BRDA:592,84,0,0
BRDA:592,84,1,0
BRDA:592,85,0,0
BRDA:592,85,1,0
BRDA:593,86,0,0
BRDA:593,86,1,0
BRDA:594,87,0,0
BRDA:594,87,1,0
BRDA:596,88,0,0
BRDA:596,88,1,0
BRDA:597,89,0,0
BRDA:597,89,1,0
BRDA:598,90,0,0
BRDA:598,90,1,0
BRDA:602,91,0,0
BRDA:602,91,1,0
BRDA:603,92,0,0
BRDA:603,92,1,0
BRDA:605,93,0,0
BRDA:605,93,1,0
BRDA:627,94,0,0
BRDA:627,94,1,0
BRDA:627,95,0,0
BRDA:627,95,1,0
BRDA:628,96,0,0
BRDA:628,96,1,0
BRDA:629,97,0,0
BRDA:629,97,1,0
BRDA:635,98,0,0
BRDA:661,99,0,0
BRDA:661,99,1,0
BRDA:662,100,0,0
BRDA:662,100,1,0
BRDA:697,101,0,0
BRDA:697,101,1,0
BRDA:698,102,0,0
BRDA:698,102,1,0
BRDA:700,103,0,0
BRDA:701,104,0,0
BRDA:701,104,1,0
BRDA:701,104,2,0
BRDA:701,104,3,0
BRDA:713,105,0,0
BRDA:713,105,1,0
BRDA:716,106,0,0
BRDA:716,106,1,0
BRDA:719,107,0,0
BRDA:719,107,1,0
BRDA:720,108,0,0
BRDA:720,108,1,0
BRDA:722,109,0,0
BRDA:722,109,1,0
BRDA:725,110,0,0
BRDA:725,110,1,0
BRDA:726,111,0,0
BRDA:726,111,1,0
BRDA:730,112,0,0
BRDA:730,112,1,0
BRDA:731,113,0,0
BRDA:731,113,1,0
BRDA:767,114,0,0
BRDA:767,114,1,0
BRDA:768,115,0,0
BRDA:768,115,1,0
BRDA:780,116,0,0
BRDA:784,117,0,0
BRDA:794,118,0,0
BRDA:847,119,0,0
BRDA:847,119,1,0
BRDA:861,120,0,0
BRDA:868,121,0,0
BRDA:868,121,1,0
BRDA:870,122,0,0
BRDA:877,123,0,0
BRDA:877,124,0,0
BRDA:877,124,1,0
BRDA:878,125,0,0
BRDA:878,125,1,0
BRDA:879,126,0,0
BRDA:886,127,0,0
BRDA:890,128,0,0
BRDA:890,128,1,0
BRDA:239,129,0,0
BRF:215
BRH:0
end_of_record
TN:
SF:services\pinata.ts
FN:13,(anonymous_0)
FN:16,PinataService
FN:28,isCidOrUrl
FN:30,(anonymous_3)
FN:37,(anonymous_4)
FN:37,uploadFile
FN:37,(anonymous_6)
FN:93,(anonymous_7)
FN:93,getEncryptionKey
FN:93,(anonymous_9)
FN:106,(anonymous_10)
FN:106,secureDelete
FN:106,(anonymous_12)
FN:123,(anonymous_13)
FN:123,validateCid
FN:123,(anonymous_15)
FN:157,(anonymous_16)
FN:157,isPinataConfigured
FN:18,getInstance
FNF:19
FNH:0
FNDA:0,(anonymous_0)
FNDA:0,PinataService
FNDA:0,isCidOrUrl
FNDA:0,(anonymous_3)
FNDA:0,(anonymous_4)
FNDA:0,uploadFile
FNDA:0,(anonymous_6)
FNDA:0,(anonymous_7)
FNDA:0,getEncryptionKey
FNDA:0,(anonymous_9)
FNDA:0,(anonymous_10)
FNDA:0,secureDelete
FNDA:0,(anonymous_12)
FNDA:0,(anonymous_13)
FNDA:0,validateCid
FNDA:0,(anonymous_15)
FNDA:0,(anonymous_16)
FNDA:0,isPinataConfigured
FNDA:0,getInstance
DA:13,0
DA:16,0
DA:19,0
DA:20,0
DA:22,0
DA:29,0
DA:30,0
DA:37,0
DA:42,0
DA:43,0
DA:46,0
DA:47,0
DA:48,0
DA:51,0
DA:52,0
DA:53,0
DA:55,0
DA:57,0
DA:58,0
DA:59,0
DA:60,0
DA:61,0
DA:62,0
DA:63,0
DA:65,0
DA:68,0
DA:69,0
DA:70,0
DA:71,0
DA:72,0
DA:73,0
DA:76,0
DA:77,0
DA:85,0
DA:86,0
DA:88,0
DA:89,0
DA:90,0
DA:93,0
DA:94,0
DA:95,0
DA:96,0
DA:97,0
DA:106,0
DA:107,0
DA:108,0
DA:109,0
DA:110,0
DA:111,0
DA:112,0
DA:114,0
DA:115,0
DA:123,0
DA:124,0
DA:125,0
DA:127,0
DA:129,0
DA:132,0
DA:133,0
DA:134,0
DA:136,0
DA:137,0
DA:138,0
DA:139,0
DA:140,0
DA:141,0
DA:144,0
DA:145,0
DA:149,0
DA:150,0
DA:151,0
DA:153,0
DA:157,0
DA:158,0
DA:159,0
DA:160,0
DA:161,0
LF:77
LH:0
BRDA:42,0,0,0
BRDA:46,1,0,0
BRDA:57,2,0,0
BRDA:57,2,1,0
BRDA:59,3,0,0
BRDA:59,3,1,0
BRDA:69,4,0,0
BRDA:69,4,1,0
BRDA:71,5,0,0
BRDA:71,6,0,0
BRDA:71,6,1,0
BRDA:76,7,0,0
BRDA:76,7,1,0
BRDA:85,8,0,0
BRDA:89,9,0,0
BRDA:89,9,1,0
BRDA:125,10,0,0
BRDA:127,11,0,0
BRDA:137,12,0,0
BRDA:137,12,1,0
BRDA:139,13,0,0
BRDA:139,14,0,0
BRDA:139,14,1,0
BRDA:149,15,0,0
BRDA:151,16,0,0
BRDA:151,16,1,0
BRDA:161,17,0,0
BRDA:161,17,1,0
BRDA:161,17,2,0
BRDA:19,18,0,0
BRF:30
BRH:0
end_of_record
TN:
SF:services\productEvents.ts
FN:9,randomNonce
FN:13,publishProductUpdated
FN:32,_publishProductUpdated
FN:13,(anonymous_3)
FN:34,publishProductDeleted
FN:51,_publishProductDeleted
FN:34,(anonymous_6)
FNF:7
FNH:0
FNDA:0,randomNonce
FNDA:0,publishProductUpdated
FNDA:0,_publishProductUpdated
FNDA:0,(anonymous_3)
FNDA:0,publishProductDeleted
FNDA:0,_publishProductDeleted
FNDA:0,(anonymous_6)
DA:7,0
DA:9,0
DA:10,0
DA:13,0
DA:14,0
DA:18,0
DA:19,0
DA:20,0
DA:30,0
DA:31,0
DA:32,0
DA:34,0
DA:35,0
DA:36,0
DA:37,0
DA:49,0
DA:50,0
DA:51,0
LF:18
LH:0
BRDA:9,0,0,0
BRDA:9,0,1,0
BRDA:9,1,0,0
BRDA:9,1,1,0
BRF:4
BRH:0
end_of_record
TN:
SF:services\recoveryService.ts
FN:14,codeKey
FN:18,normalizeRecord
FN:37,randomCode
FN:41,saveRecoveryCode
FN:41,_saveRecoveryCode
FN:41,(anonymous_6)
FN:46,getRecoveryCode
FN:46,_getRecoveryCode
FN:46,(anonymous_9)
FN:57,removeRecoveryCode
FN:57,_removeRecoveryCode
FN:57,(anonymous_12)
FN:61,generateRecoveryCode
FN:61,_generateRecoveryCode
FN:61,(anonymous_15)
FNF:15
FNH:0
FNDA:0,codeKey
FNDA:0,normalizeRecord
FNDA:0,randomCode
FNDA:0,saveRecoveryCode
FNDA:0,_saveRecoveryCode
FNDA:0,(anonymous_6)
FNDA:0,getRecoveryCode
FNDA:0,_getRecoveryCode
FNDA:0,(anonymous_9)
FNDA:0,removeRecoveryCode
FNDA:0,_removeRecoveryCode
FNDA:0,(anonymous_12)
FNDA:0,generateRecoveryCode
FNDA:0,_generateRecoveryCode
FNDA:0,(anonymous_15)
DA:1,1
DA:2,1
DA:4,1
DA:5,1
DA:6,1
DA:8,1
DA:9,1
DA:10,1
DA:11,1
DA:12,1
DA:15,0
DA:19,0
DA:38,0
DA:41,1
DA:42,0
DA:43,0
DA:44,0
DA:46,1
DA:47,0
DA:48,0
DA:49,0
DA:50,0
DA:51,0
DA:53,0
DA:55,0
DA:57,1
DA:58,0
DA:59,0
DA:61,1
DA:64,0
DA:65,0
DA:66,0
DA:67,0
DA:71,0
DA:72,0
DA:85,0
DA:86,0
DA:87,0
LF:38
LH:14
BRDA:22,0,0,0
BRDA:22,0,1,0
BRDA:48,1,0,0
BRDA:64,2,0,0
BRDA:64,2,1,0
BRDA:65,3,0,0
BRDA:65,3,1,0
BRDA:66,4,0,0
BRDA:66,4,1,0
BRDA:68,5,0,0
BRDA:68,5,1,0
BRDA:71,6,0,0
BRDA:71,6,1,0
BRF:13
BRH:0
end_of_record
TN:
SF:services\roadmap.ts
FN:3,(anonymous_0)
FN:15,addRoadmap
FN:22,setActiveRoadmap
FN:31,getActiveRoadmap
FN:36,getRoadmap
FN:40,addTask
FN:47,completeTask
FN:50,(anonymous_8)
FN:54,getTasks
FN:58,getNextPendingTask
FN:61,(anonymous_11)
FN:62,(anonymous_12)
FN:65,getProgress
FN:68,(anonymous_14)
FN:8,getInstance
FNF:15
FNH:0
FNDA:0,(anonymous_0)
FNDA:0,addRoadmap
FNDA:0,setActiveRoadmap
FNDA:0,getActiveRoadmap
FNDA:0,getRoadmap
FNDA:0,addTask
FNDA:0,completeTask
FNDA:0,(anonymous_8)
FNDA:0,getTasks
FNDA:0,getNextPendingTask
FNDA:0,(anonymous_11)
FNDA:0,(anonymous_12)
FNDA:0,getProgress
FNDA:0,(anonymous_14)
FNDA:0,getInstance
DA:3,0
DA:5,0
DA:6,0
DA:9,0
DA:10,0
DA:12,0
DA:16,0
DA:17,0
DA:18,0
DA:23,0
DA:25,0
DA:26,0
DA:27,0
DA:32,0
DA:33,0
DA:37,0
DA:41,0
DA:42,0
DA:43,0
DA:44,0
DA:48,0
DA:49,0
DA:50,0
DA:51,0
DA:55,0
DA:59,0
DA:60,0
DA:61,0
DA:62,0
DA:66,0
DA:67,0
DA:68,0
DA:69,0
LF:33
LH:0
BRDA:17,0,0,0
BRDA:32,1,0,0
BRDA:33,2,0,0
BRDA:33,2,1,0
BRDA:37,3,0,0
BRDA:37,3,1,0
BRDA:42,4,0,0
BRDA:49,5,0,0
BRDA:51,6,0,0
BRDA:55,7,0,0
BRDA:55,7,1,0
BRDA:55,8,0,0
BRDA:55,8,1,0
BRDA:60,9,0,0
BRDA:62,10,0,0
BRDA:62,10,1,0
BRDA:67,11,0,0
BRDA:67,12,0,0
BRDA:67,12,1,0
BRDA:9,13,0,0
BRF:20
BRH:0
end_of_record
TN:
SF:services\session.ts
FN:19,loadChainAdapter
FN:19,_loadChainAdapter
FN:19,(anonymous_2)
FN:30,getAccountId
FN:72,isPromise
FN:80,assertRateLimit
FN:92,isAdminScope
FN:96,assertScopePolicy
FN:115,ensureAdminScopes
FN:115,_ensureAdminScopes
FN:115,(anonymous_10)
FN:127,(anonymous_11)
FN:127,(anonymous_12)
FN:133,(anonymous_13)
FN:137,validateScopes
FN:143,getCheckoutRequestScopes
FN:159,requestScopes
FN:168,issueToken
FN:174,persist
FN:197,(anonymous_19)
FN:203,(anonymous_20)
FN:212,purgeExpiredSessions
FN:222,initSessionTokens
FN:243,_initSessionTokens
FN:222,(anonymous_24)
FN:245,validateToken
FN:261,(anonymous_26)
FN:265,assertCheckoutScope
FN:293,refreshToken
FN:312,handleNext
FN:331,requestTokenWithConsent
FN:346,_requestTokenWithConsent
FN:331,(anonymous_32)
FN:348,getSession
FN:352,listSessions
FN:353,(anonymous_35)
FN:368,setSessionCheckoutNonce
FN:382,getSessionCheckoutNonce
FN:386,revokeToken
FN:390,_revokeToken
FN:386,(anonymous_40)
FN:392,sweepExpiredTokens
FNF:42
FNH:0
FNDA:0,loadChainAdapter
FNDA:0,_loadChainAdapter
FNDA:0,(anonymous_2)
FNDA:0,getAccountId
FNDA:0,isPromise
FNDA:0,assertRateLimit
FNDA:0,isAdminScope
FNDA:0,assertScopePolicy
FNDA:0,ensureAdminScopes
FNDA:0,_ensureAdminScopes
FNDA:0,(anonymous_10)
FNDA:0,(anonymous_11)
FNDA:0,(anonymous_12)
FNDA:0,(anonymous_13)
FNDA:0,validateScopes
FNDA:0,getCheckoutRequestScopes
FNDA:0,requestScopes
FNDA:0,issueToken
FNDA:0,persist
FNDA:0,(anonymous_19)
FNDA:0,(anonymous_20)
FNDA:0,purgeExpiredSessions
FNDA:0,initSessionTokens
FNDA:0,_initSessionTokens
FNDA:0,(anonymous_24)
FNDA:0,validateToken
FNDA:0,(anonymous_26)
FNDA:0,assertCheckoutScope
FNDA:0,refreshToken
FNDA:0,handleNext
FNDA:0,requestTokenWithConsent
FNDA:0,_requestTokenWithConsent
FNDA:0,(anonymous_32)
FNDA:0,getSession
FNDA:0,listSessions
FNDA:0,(anonymous_35)
FNDA:0,setSessionCheckoutNonce
FNDA:0,getSessionCheckoutNonce
FNDA:0,revokeToken
FNDA:0,_revokeToken
FNDA:0,(anonymous_40)
FNDA:0,sweepExpiredTokens
DA:16,0
DA:17,0
DA:19,0
DA:20,0
DA:21,0
DA:22,0
DA:28,0
DA:30,0
DA:31,0
DA:32,0
DA:33,0
DA:37,0
DA:38,0
DA:40,0
DA:41,0
DA:42,0
DA:45,0
DA:73,0
DA:76,0
DA:77,0
DA:78,0
DA:81,0
DA:82,0
DA:83,0
DA:85,0
DA:86,0
DA:87,0
DA:89,0
DA:93,0
DA:97,0
DA:98,0
DA:99,0
DA:100,0
DA:101,0
DA:102,0
DA:103,0
DA:104,0
DA:106,0
DA:107,0
DA:109,0
DA:110,0
DA:112,0
DA:115,0
DA:116,0
DA:117,0
DA:118,0
DA:119,0
DA:120,0
DA:121,0
DA:122,0
DA:123,0
DA:125,0
DA:126,0
DA:127,0
DA:128,0
DA:129,0
DA:130,0
DA:131,0
DA:133,0
DA:135,0
DA:138,0
DA:139,0
DA:140,0
DA:144,0
DA:162,0
DA:163,0
DA:165,0
DA:166,0
DA:168,0
DA:169,0
DA:170,0
DA:171,0
DA:172,0
DA:174,0
DA:175,0
DA:177,0
DA:179,0
DA:183,0
DA:186,0
DA:189,0
DA:190,0
DA:191,0
DA:192,0
DA:195,0
DA:196,0
DA:197,0
DA:199,0
DA:202,0
DA:203,0
DA:205,0
DA:208,0
DA:209,0
DA:210,0
DA:212,0
DA:213,0
DA:214,0
DA:215,0
DA:216,0
DA:217,0
DA:222,0
DA:223,0
DA:224,0
DA:225,0
DA:226,0
DA:227,0
DA:228,0
DA:230,0
DA:231,0
DA:232,0
DA:234,0
DA:235,0
DA:237,0
DA:238,0
DA:239,0
DA:240,0
DA:243,0
DA:246,0
DA:247,0
DA:248,0
DA:249,0
DA:250,0
DA:251,0
DA:253,0
DA:254,0
DA:255,0
DA:256,0
DA:257,0
DA:258,0
DA:260,0
DA:261,0
DA:262,0
DA:266,0
DA:267,0
DA:269,0
DA:274,0
DA:275,0
DA:277,0
DA:296,0
DA:297,0
DA:299,0
DA:300,0
DA:301,0
DA:302,0
DA:303,0
DA:305,0
DA:306,0
DA:307,0
DA:308,0
DA:309,0
DA:312,0
DA:313,0
DA:314,0
DA:315,0
DA:316,0
DA:319,0
DA:325,0
DA:326,0
DA:328,0
DA:331,0
DA:334,0
DA:335,0
DA:337,0
DA:338,0
DA:339,0
DA:345,0
DA:346,0
DA:349,0
DA:353,0
DA:354,0
DA:361,0
DA:362,0
DA:364,0
DA:372,0
DA:373,0
DA:374,0
DA:375,0
DA:376,0
DA:377,0
DA:379,0
DA:383,0
DA:386,0
DA:387,0
DA:388,0
DA:389,0
DA:390,0
DA:392,0
DA:393,0
LF:187
LH:0
BRDA:20,0,0,0
BRDA:22,1,0,0
BRDA:22,1,1,0
BRDA:22,2,0,0
BRDA:22,2,1,0
BRDA:22,3,0,0
BRDA:22,3,1,0
BRDA:23,4,0,0
BRDA:23,4,1,0
BRDA:24,5,0,0
BRDA:24,5,1,0
BRDA:24,5,2,0
BRDA:25,6,0,0
BRDA:25,6,1,0
BRDA:28,7,0,0
BRDA:28,7,1,0
BRDA:28,8,0,0
BRDA:28,8,1,0
BRDA:73,9,0,0
BRDA:73,9,1,0
BRDA:73,9,2,0
BRDA:82,10,0,0
BRDA:82,10,1,0
BRDA:85,11,0,0
BRDA:100,12,0,0
BRDA:101,13,0,0
BRDA:102,14,0,0
BRDA:116,15,0,0
BRDA:120,16,0,0
BRDA:120,16,1,0
BRDA:121,17,0,0
BRDA:129,18,0,0
BRDA:139,19,0,0
BRDA:144,20,0,0
BRDA:144,20,1,0
BRDA:162,21,0,0
BRDA:162,21,1,0
BRDA:162,22,0,0
BRDA:162,22,1,0
BRDA:163,23,0,0
BRDA:163,23,1,0
BRDA:163,24,0,0
BRDA:163,24,1,0
BRDA:170,25,0,0
BRDA:170,25,1,0
BRDA:175,26,0,0
BRDA:175,26,1,0
BRDA:177,27,0,0
BRDA:177,27,1,0
BRDA:179,28,0,0
BRDA:179,28,1,0
BRDA:179,29,0,0
BRDA:179,29,1,0
BRDA:183,30,0,0
BRDA:183,30,1,0
BRDA:183,31,0,0
BRDA:183,31,1,0
BRDA:186,32,0,0
BRDA:186,32,1,0
BRDA:196,33,0,0
BRDA:202,34,0,0
BRDA:212,35,0,0
BRDA:212,35,1,0
BRDA:212,36,0,0
BRDA:212,36,1,0
BRDA:214,37,0,0
BRDA:226,38,0,0
BRDA:226,39,0,0
BRDA:226,39,1,0
BRDA:230,40,0,0
BRDA:237,41,0,0
BRDA:239,42,0,0
BRDA:247,43,0,0
BRDA:248,44,0,0
BRDA:254,45,0,0
BRDA:262,46,0,0
BRDA:269,47,0,0
BRDA:270,48,0,0
BRDA:270,48,1,0
BRDA:270,48,2,0
BRDA:296,49,0,0
BRDA:296,49,1,0
BRDA:296,50,0,0
BRDA:296,50,1,0
BRDA:297,51,0,0
BRDA:297,51,1,0
BRDA:297,52,0,0
BRDA:297,52,1,0
BRDA:300,53,0,0
BRDA:301,54,0,0
BRDA:306,55,0,0
BRDA:325,56,0,0
BRDA:334,57,0,0
BRDA:334,57,1,0
BRDA:334,58,0,0
BRDA:334,58,1,0
BRDA:335,59,0,0
BRDA:335,59,1,0
BRDA:335,60,0,0
BRDA:335,60,1,0
BRDA:338,61,0,0
BRDA:359,62,0,0
BRDA:359,62,1,0
BRDA:361,63,0,0
BRDA:373,64,0,0
BRDA:374,65,0,0
BRDA:374,65,1,0
BRDA:374,66,0,0
BRDA:374,66,1,0
BRDA:376,67,0,0
BRDA:383,68,0,0
BRDA:383,68,1,0
BRDA:392,69,0,0
BRDA:392,69,1,0
BRDA:392,70,0,0
BRDA:392,70,1,0
BRF:116
BRH:0
end_of_record
TN:
SF:services\tokenCache.ts
FN:6,readIndex
FN:6,_readIndex
FN:6,(anonymous_2)
FN:15,writeIndex
FN:15,_writeIndex
FN:15,(anonymous_5)
FN:21,saveSession
FN:41,_saveSession
FN:21,(anonymous_8)
FN:43,loadSessions
FN:105,_loadSessions
FN:43,(anonymous_11)
FN:64,(anonymous_12)
FN:107,removeSession
FN:114,_removeSession
FN:107,(anonymous_15)
FN:111,(anonymous_16)
FNF:17
FNH:0
FNDA:0,readIndex
FNDA:0,_readIndex
FNDA:0,(anonymous_2)
FNDA:0,writeIndex
FNDA:0,_writeIndex
FNDA:0,(anonymous_5)
FNDA:0,saveSession
FNDA:0,_saveSession
FNDA:0,(anonymous_8)
FNDA:0,loadSessions
FNDA:0,_loadSessions
FNDA:0,(anonymous_11)
FNDA:0,(anonymous_12)
FNDA:0,removeSession
FNDA:0,_removeSession
FNDA:0,(anonymous_15)
FNDA:0,(anonymous_16)
DA:4,0
DA:6,0
DA:7,0
DA:8,0
DA:9,0
DA:11,0
DA:13,0
DA:15,0
DA:16,0
DA:17,0
DA:19,0
DA:21,0
DA:22,0
DA:23,0
DA:31,0
DA:35,0
DA:36,0
DA:37,0
DA:38,0
DA:41,0
DA:43,0
DA:44,0
DA:45,0
DA:46,0
DA:47,0
DA:48,0
DA:49,0
DA:50,0
DA:58,0
DA:64,0
DA:67,0
DA:68,0
DA:78,0
DA:81,0
DA:84,0
DA:100,0
DA:104,0
DA:105,0
DA:107,0
DA:108,0
DA:109,0
DA:110,0
DA:111,0
DA:112,0
DA:114,0
LF:45
LH:0
BRDA:9,0,0,0
BRDA:9,0,1,0
BRDA:28,1,0,0
BRDA:28,1,1,0
BRDA:29,2,0,0
BRDA:29,2,1,0
BRDA:36,3,0,0
BRDA:49,4,0,0
BRDA:58,5,0,0
BRDA:59,6,0,0
BRDA:59,6,1,0
BRDA:59,6,2,0
BRDA:59,6,3,0
BRDA:59,6,4,0
BRDA:59,6,5,0
BRDA:59,6,6,0
BRDA:68,7,0,0
BRDA:69,8,0,0
BRDA:69,8,1,0
BRDA:69,8,2,0
BRDA:69,8,3,0
BRDA:69,8,4,0
BRDA:69,8,5,0
BRDA:81,9,0,0
BRDA:81,9,1,0
BRDA:81,10,0,0
BRDA:81,10,1,0
BRDA:84,11,0,0
BRDA:84,11,1,0
BRDA:91,12,0,0
BRDA:91,12,1,0
BRDA:98,13,0,0
BRDA:98,13,1,0
BRF:33
BRH:0
end_of_record
TN:
SF:services\waku.ts
FN:33,info
FN:34,warn
FN:35,error
FN:42,isWakuDisabled
FN:66,randomHex
FN:73,persistStore
FN:73,_persistStore
FN:73,(anonymous_17)
FN:76,(anonymous_18)
FN:90,computeKeyEpoch
FN:95,enrichEnvelope
FN:109,getPublisherKey
FN:120,(anonymous_22)
FN:131,startNode
FN:131,_startNode
FN:131,(anonymous_25)
FN:144,(anonymous_26)
FN:151,(anonymous_27)
FN:151,(anonymous_28)
FN:154,(anonymous_29)
FN:172,scheduleReconnect
FN:175,(anonymous_31)
FN:186,ensureNode
FN:186,_ensureNode
FN:186,(anonymous_34)
FN:230,sendAck
FN:230,_sendAck
FN:230,(anonymous_37)
FN:242,publish
FN:242,_publish
FN:242,(anonymous_40)
FN:262,(anonymous_41)
FN:273,(anonymous_42)
FN:274,(anonymous_43)
FN:294,subscribeWithAck
FN:294,_subscribeWithAck
FN:294,(anonymous_46)
FN:299,(anonymous_47)
FN:302,(anonymous_48)
FN:302,(anonymous_49)
FN:302,handler
FN:329,(anonymous_51)
FN:338,fetchHistory
FN:338,_fetchHistory
FN:338,(anonymous_54)
FN:378,dedupeKey
FN:382,handleLakeBlock
FN:382,_handleLakeBlock
FN:382,(anonymous_58)
FNF:49
FNH:0
FNDA:0,info
FNDA:0,warn
FNDA:0,error
FNDA:0,isWakuDisabled
FNDA:0,randomHex
FNDA:0,persistStore
FNDA:0,_persistStore
FNDA:0,(anonymous_17)
FNDA:0,(anonymous_18)
FNDA:0,computeKeyEpoch
FNDA:0,enrichEnvelope
FNDA:0,getPublisherKey
FNDA:0,(anonymous_22)
FNDA:0,startNode
FNDA:0,_startNode
FNDA:0,(anonymous_25)
FNDA:0,(anonymous_26)
FNDA:0,(anonymous_27)
FNDA:0,(anonymous_28)
FNDA:0,(anonymous_29)
FNDA:0,scheduleReconnect
FNDA:0,(anonymous_31)
FNDA:0,ensureNode
FNDA:0,_ensureNode
FNDA:0,(anonymous_34)
FNDA:0,sendAck
FNDA:0,_sendAck
FNDA:0,(anonymous_37)
FNDA:0,publish
FNDA:0,_publish
FNDA:0,(anonymous_40)
FNDA:0,(anonymous_41)
FNDA:0,(anonymous_42)
FNDA:0,(anonymous_43)
FNDA:0,subscribeWithAck
FNDA:0,_subscribeWithAck
FNDA:0,(anonymous_46)
FNDA:0,(anonymous_47)
FNDA:0,(anonymous_48)
FNDA:0,(anonymous_49)
FNDA:0,handler
FNDA:0,(anonymous_51)
FNDA:0,fetchHistory
FNDA:0,_fetchHistory
FNDA:0,(anonymous_54)
FNDA:0,dedupeKey
FNDA:0,handleLakeBlock
FNDA:0,_handleLakeBlock
FNDA:0,(anonymous_58)
DA:6,1
DA:7,1
DA:8,1
DA:9,1
DA:10,1
DA:11,1
DA:12,1
DA:13,1
DA:20,1
DA:21,1
DA:22,1
DA:23,1
DA:24,1
DA:25,1
DA:26,1
DA:32,1
DA:33,0
DA:34,0
DA:35,0
DA:37,1
DA:40,1
DA:41,1
DA:42,1
DA:44,0
DA:45,0
DA:52,1
DA:56,1
DA:57,1
DA:58,1
DA:59,1
DA:61,1
DA:62,1
DA:63,1
DA:64,1
DA:66,0
DA:67,0
DA:71,1
DA:73,0
DA:74,0
DA:75,0
DA:76,0
DA:77,0
DA:79,0
DA:80,0
DA:83,0
DA:84,0
DA:86,0
DA:88,0
DA:91,0
DA:92,0
DA:96,0
DA:97,0
DA:98,0
DA:99,0
DA:100,0
DA:102,0
DA:103,0
DA:105,0
DA:106,0
DA:110,0
DA:111,0
DA:112,0
DA:114,0
DA:120,0
DA:125,0
DA:127,0
DA:131,0
DA:132,0
DA:133,0
DA:134,0
DA:135,0
DA:137,0
DA:139,0
DA:140,0
DA:141,0
DA:143,0
DA:144,0
DA:145,0
DA:146,0
DA:148,0
DA:149,0
DA:150,0
DA:151,0
DA:152,0
DA:153,0
DA:154,0
DA:155,0
DA:156,0
DA:157,0
DA:158,0
DA:164,0
DA:166,0
DA:169,0
DA:170,0
DA:172,0
DA:173,0
DA:174,0
DA:175,0
DA:176,0
DA:177,0
DA:178,0
DA:180,0
DA:181,0
DA:186,1
DA:187,0
DA:188,0
DA:189,0
DA:190,0
DA:191,0
DA:192,0
DA:193,0
DA:194,0
DA:195,0
DA:197,0
DA:200,0
DA:201,0
DA:202,0
DA:203,0
DA:206,0
DA:208,0
DA:209,0
DA:212,0
DA:213,0
DA:214,0
DA:217,0
DA:218,0
DA:219,0
DA:220,0
DA:222,0
DA:223,0
DA:224,0
DA:226,0
DA:228,0
DA:230,0
DA:231,0
DA:232,0
DA:233,0
DA:234,0
DA:237,0
DA:240,0
DA:242,1
DA:243,0
DA:244,0
DA:245,0
DA:247,0
DA:250,0
DA:251,0
DA:252,0
DA:253,0
DA:254,0
DA:256,0
DA:257,0
DA:261,0
DA:262,0
DA:264,0
DA:265,0
DA:266,0
DA:267,0
DA:268,0
DA:269,0
DA:270,0
DA:271,0
DA:273,0
DA:274,0
DA:277,0
DA:279,0
DA:286,0
DA:287,0
DA:288,0
DA:291,0
DA:292,0
DA:294,1
DA:298,0
DA:299,0
DA:300,0
DA:301,0
DA:302,0
DA:303,0
DA:304,0
DA:305,0
DA:306,0
DA:308,0
DA:309,0
DA:311,0
DA:312,0
DA:314,0
DA:315,0
DA:316,0
DA:317,0
DA:319,0
DA:320,0
DA:322,0
DA:325,0
DA:326,0
DA:329,0
DA:330,0
DA:331,0
DA:333,0
DA:336,0
DA:338,1
DA:342,0
DA:343,0
DA:344,0
DA:345,0
DA:346,0
DA:348,0
DA:349,0
DA:350,0
DA:351,0
DA:352,0
DA:353,0
DA:354,0
DA:355,0
DA:356,0
DA:357,0
DA:358,0
DA:360,0
DA:363,0
DA:364,0
DA:366,0
DA:370,0
DA:371,0
DA:373,0
DA:375,1
DA:376,1
DA:379,0
DA:382,0
DA:383,0
DA:384,0
DA:385,0
DA:386,0
DA:387,0
DA:388,0
DA:389,0
DA:390,0
DA:391,0
DA:392,0
DA:393,0
DA:394,0
DA:395,0
DA:396,0
DA:397,0
DA:398,0
DA:399,0
DA:411,0
DA:412,0
DA:413,0
DA:414,0
DA:415,0
DA:416,0
DA:417,0
DA:418,0
DA:419,0
DA:420,0
DA:421,0
DA:428,0
DA:429,0
DA:433,0
DA:440,0
DA:443,1
LF:260
LH:37
BRDA:37,0,0,0
BRDA:37,0,1,1
BRDA:41,1,0,1
BRDA:41,1,1,1
BRDA:41,2,0,0
BRDA:41,2,1,1
BRDA:44,3,0,0
BRDA:46,4,0,0
BRDA:46,4,1,0
BRDA:52,5,0,1
BRDA:52,5,1,1
BRDA:52,5,2,1
BRDA:66,6,0,0
BRDA:66,6,1,0
BRDA:66,7,0,0
BRDA:66,7,1,0
BRDA:74,8,0,0
BRDA:84,9,0,0
BRDA:84,9,1,0
BRDA:91,10,0,0
BRDA:97,11,0,0
BRDA:97,11,1,0
BRDA:97,12,0,0
BRDA:97,12,1,0
BRDA:97,12,2,0
BRDA:99,13,0,0
BRDA:102,14,0,0
BRDA:102,14,1,0
BRDA:103,15,0,0
BRDA:103,15,1,0
BRDA:105,16,0,0
BRDA:105,16,1,0
BRDA:110,17,0,0
BRDA:111,18,0,0
BRDA:114,19,0,0
BRDA:114,19,1,0
BRDA:115,20,0,0
BRDA:115,20,1,0
BRDA:139,21,0,0
BRDA:139,21,1,0
BRDA:140,22,0,0
BRDA:140,23,0,0
BRDA:140,23,1,0
BRDA:143,24,0,0
BRDA:156,25,0,0
BRDA:156,26,0,0
BRDA:156,26,1,0
BRDA:160,27,0,0
BRDA:160,27,1,0
BRDA:161,28,0,0
BRDA:161,28,1,0
BRDA:172,29,0,0
BRDA:172,29,1,0
BRDA:172,30,0,0
BRDA:172,30,1,0
BRDA:178,31,0,0
BRDA:187,32,0,0
BRDA:188,33,0,0
BRDA:191,34,0,0
BRDA:191,34,1,0
BRDA:201,35,0,0
BRDA:201,35,1,0
BRDA:202,36,0,0
BRDA:202,37,0,0
BRDA:202,37,1,0
BRDA:206,38,0,0
BRDA:206,38,1,0
BRDA:218,39,0,0
BRDA:218,39,1,0
BRDA:219,40,0,0
BRDA:219,41,0,0
BRDA:219,41,1,0
BRDA:232,42,0,0
BRDA:244,43,0,0
BRDA:244,43,1,0
BRDA:244,44,0,0
BRDA:244,44,1,0
BRDA:247,45,0,0
BRDA:247,45,1,0
BRDA:247,46,0,0
BRDA:247,46,1,0
BRDA:253,47,0,0
BRDA:261,48,0,0
BRDA:261,48,1,0
BRDA:266,49,0,0
BRDA:286,50,0,0
[...]
FN:201,(anonymous_9)
FN:219,(anonymous_10)
FN:225,(anonymous_11)
FN:241,getById
FN:250,list
FN:254,(anonymous_14)
FN:260,values
FN:263,subscribe
FN:264,handler
FN:268,(anonymous_18)
FN:270,onSynced
FN:272,handler
FN:274,(anonymous_21)
FN:276,mutate
FN:289,registerReconciler
FN:292,(anonymous_24)
FN:298,getCacheHitRatio
FNF:26
FNH:0
FNDA:0,getDefaultLagThreshold
FNDA:0,getClockSkewGuardMs
FNDA:0,getHitStats
FNDA:0,normalizeMessage
FNDA:0,createWarmCache
FNDA:0,isValidDiff
FNDA:0,apply
FNDA:0,(anonymous_7)
FNDA:0,(anonymous_8)
FNDA:0,(anonymous_9)
FNDA:0,(anonymous_10)
FNDA:0,(anonymous_11)
FNDA:0,getById
FNDA:0,list
FNDA:0,(anonymous_14)
FNDA:0,values
FNDA:0,subscribe
FNDA:0,handler
FNDA:0,(anonymous_18)
FNDA:0,onSynced
FNDA:0,handler
FNDA:0,(anonymous_21)
FNDA:0,mutate
FNDA:0,registerReconciler
FNDA:0,(anonymous_24)
FNDA:0,getCacheHitRatio
DA:54,0
DA:58,0
DA:63,0
DA:64,0
DA:66,0
DA:70,0
DA:71,0
DA:72,0
DA:73,0
DA:75,0
DA:80,0
DA:82,0
DA:83,0
DA:84,0
DA:85,0
DA:86,0
DA:87,0
DA:88,0
DA:89,0
DA:90,0
DA:91,0
DA:92,0
DA:93,0
DA:94,0
DA:95,0
DA:96,0
DA:99,0
DA:100,0
DA:101,0
DA:102,0
DA:103,0
DA:107,0
DA:108,0
DA:109,0
DA:110,0
DA:111,0
DA:112,0
DA:113,0
DA:114,0
DA:115,0
DA:116,0
DA:123,0
DA:125,0
DA:126,0
DA:127,0
DA:128,0
DA:135,0
DA:138,0
DA:139,0
DA:140,0
DA:146,0
DA:148,0
DA:150,0
DA:151,0
DA:152,0
DA:153,0
DA:155,0
DA:158,0
DA:162,0
DA:163,0
DA:164,0
DA:165,0
DA:166,0
DA:168,0
DA:170,0
DA:172,0
DA:173,0
DA:174,0
DA:175,0
DA:176,0
DA:177,0
DA:178,0
DA:180,0
DA:181,0
DA:182,0
DA:183,0
DA:184,0
DA:185,0
DA:187,0
DA:188,0
DA:190,0
DA:191,0
DA:192,0
DA:193,0
DA:195,0
DA:198,0
DA:199,0
DA:200,0
DA:201,0
DA:202,0
DA:203,0
DA:204,0
DA:205,0
DA:206,0
DA:208,0
DA:209,0
DA:210,0
DA:211,0
DA:212,0
DA:215,0
DA:218,0
DA:219,0
DA:220,0
DA:223,0
DA:225,0
DA:226,0
DA:227,0
DA:228,0
DA:229,0
DA:230,0
DA:231,0
DA:233,0
DA:234,0
DA:235,0
DA:236,0
DA:240,0
DA:242,0
DA:243,0
DA:244,0
DA:245,0
DA:246,0
DA:247,0
DA:248,0
DA:251,0
DA:252,0
DA:253,0
DA:254,0
DA:255,0
DA:256,0
DA:258,0
DA:261,0
DA:264,0
DA:265,0
DA:267,0
DA:268,0
DA:271,0
DA:272,0
DA:273,0
DA:274,0
DA:277,0
DA:278,0
DA:279,0
DA:280,0
DA:281,0
DA:290,0
DA:291,0
DA:292,0
DA:299,0
DA:300,0
DA:301,0
LF:150
LH:0
BRDA:63,0,0,0
BRDA:71,1,0,0
BRDA:71,1,1,0
BRDA:72,2,0,0
BRDA:72,3,0,0
BRDA:72,3,1,0
BRDA:72,3,2,0
BRDA:80,4,0,0
BRDA:80,4,1,0
BRDA:80,5,0,0
BRDA:80,5,1,0
BRDA:94,6,0,0
BRDA:94,6,1,0
BRDA:99,7,0,0
BRDA:99,8,0,0
BRDA:99,8,1,0
BRDA:100,9,0,0
BRDA:100,10,0,0
BRDA:100,10,1,0
BRDA:101,11,0,0
BRDA:101,12,0,0
BRDA:101,12,1,0
BRDA:102,13,0,0
BRDA:102,14,0,0
BRDA:102,14,1,0
BRDA:102,14,2,0
BRDA:107,15,0,0
BRDA:109,16,0,0
BRDA:110,17,0,0
BRDA:110,17,1,0
BRDA:111,18,0,0
BRDA:111,18,1,0
BRDA:112,19,0,0
BRDA:113,20,0,0
BRDA:114,21,0,0
BRDA:125,22,0,0
BRDA:126,23,0,0
BRDA:138,24,0,0
BRDA:138,25,0,0
BRDA:138,25,1,0
BRDA:150,26,0,0
BRDA:150,26,1,0
BRDA:152,27,0,0
BRDA:152,27,1,0
BRDA:153,28,0,0
BRDA:153,28,1,0
BRDA:155,29,0,0
BRDA:155,29,1,0
BRDA:155,30,0,0
BRDA:155,30,1,0
BRDA:159,31,0,0
BRDA:159,31,1,0
BRDA:159,32,0,0
BRDA:159,32,1,0
BRDA:164,33,0,0
BRDA:168,34,0,0
BRDA:168,35,0,0
BRDA:168,35,1,0
BRDA:172,36,0,0
BRDA:172,36,1,0
BRDA:172,37,0,0
BRDA:172,37,1,0
BRDA:174,38,0,0
BRDA:174,38,1,0
BRDA:176,39,0,0
BRDA:176,39,1,0
BRDA:177,40,0,0
BRDA:177,41,0,0
BRDA:177,41,1,0
BRDA:183,42,0,0
BRDA:187,43,0,0
BRDA:187,44,0,0
BRDA:187,44,1,0
BRDA:190,45,0,0
BRDA:190,45,1,0
BRDA:193,46,0,0
BRDA:202,47,0,0
BRDA:204,48,0,0
BRDA:205,49,0,0
BRDA:205,49,1,0
BRDA:208,50,0,0
BRDA:212,51,0,0
BRDA:212,51,1,0
BRDA:231,52,0,0
BRDA:236,53,0,0
BRDA:236,53,1,0
BRDA:242,54,0,0
BRDA:242,55,0,0
BRDA:242,55,1,0
BRDA:243,56,0,0
BRDA:244,57,0,0
BRDA:244,57,1,0
BRDA:246,58,0,0
BRDA:247,59,0,0
BRDA:247,59,1,0
BRDA:251,60,0,0
BRDA:251,61,0,0
BRDA:251,61,1,0
BRDA:252,62,0,0
BRDA:255,63,0,0
BRDA:256,64,0,0
BRDA:256,65,0,0
BRDA:256,65,1,0
BRDA:265,66,0,0
BRDA:271,67,0,0
BRDA:277,68,0,0
BRDA:277,69,0,0
BRDA:277,69,1,0
BRDA:278,70,0,0
BRDA:278,70,1,0
BRDA:279,71,0,0
BRDA:279,71,1,0
BRDA:280,72,0,0
BRDA:280,72,1,0
BRDA:280,73,0,0
BRDA:280,73,1,0
BRDA:300,74,0,0
BRDA:300,75,0,0
BRDA:300,75,1,0
BRF:119
BRH:0
end_of_record
TN:
SF:services\cache\index.ts
FN:29,filePath
FN:34,ensureDir
FN:34,_ensureDir
FN:34,(anonymous_3)
FN:39,hashBuffer
FN:51,saveSnapshot
FN:71,_saveSnapshot
FN:51,(anonymous_7)
FN:73,loadSnapshot
FN:114,_loadSnapshot
FN:73,(anonymous_10)
FN:116,getValidatedSnapshot
FN:123,_getValidatedSnapshot
FN:116,(anonymous_13)
FNF:14
FNH:0
FNDA:0,filePath
FNDA:0,ensureDir
FNDA:0,_ensureDir
FNDA:0,(anonymous_3)
FNDA:0,hashBuffer
FNDA:0,saveSnapshot
FNDA:0,_saveSnapshot
FNDA:0,(anonymous_7)
FNDA:0,loadSnapshot
FNDA:0,_loadSnapshot
FNDA:0,(anonymous_10)
FNDA:0,getValidatedSnapshot
FNDA:0,_getValidatedSnapshot
FNDA:0,(anonymous_13)
DA:8,0
DA:9,0
DA:11,0
DA:12,0
DA:13,0
DA:15,0
DA:16,0
DA:17,0
DA:18,0
DA:21,0
DA:23,0
DA:26,0
DA:27,0
DA:30,0
DA:31,0
DA:34,0
DA:35,0
DA:36,0
DA:37,0
DA:40,0
DA:41,0
DA:44,0
DA:45,0
DA:46,0
DA:48,0
DA:51,0
DA:56,0
DA:57,0
DA:58,0
DA:59,0
DA:60,0
DA:62,0
DA:63,0
DA:64,0
DA:65,0
DA:66,0
DA:67,0
DA:68,0
DA:69,0
DA:70,0
DA:71,0
DA:73,0
DA:78,0
DA:79,0
DA:80,0
DA:81,0
DA:82,0
DA:84,0
DA:86,0
DA:87,0
DA:88,0
DA:89,0
DA:90,0
DA:91,0
DA:92,0
DA:93,0
DA:94,0
DA:95,0
DA:96,0
DA:100,0
DA:104,0
DA:105,0
DA:109,0
DA:111,0
DA:112,0
DA:114,0
DA:116,0
DA:121,0
DA:122,0
DA:123,0
LF:70
LH:0
BRDA:9,0,0,0
BRDA:9,0,1,0
BRDA:9,0,2,0
BRDA:9,1,0,0
BRDA:9,1,1,0
BRDA:15,2,0,0
BRDA:23,3,0,0
BRDA:23,3,1,0
BRDA:23,4,0,0
BRDA:23,4,1,0
BRDA:23,4,2,0
BRDA:24,5,0,0
BRDA:24,5,1,0
BRDA:26,6,0,0
BRDA:26,6,1,0
BRDA:27,7,0,0
BRDA:27,7,1,0
BRDA:30,8,0,0
BRDA:35,9,0,0
BRDA:40,10,0,0
BRDA:57,11,0,0
BRDA:57,12,0,0
BRDA:57,12,1,0
BRDA:57,12,2,0
BRDA:57,12,3,0
BRDA:78,13,0,0
BRDA:78,14,0,0
BRDA:78,14,1,0
BRDA:78,14,2,0
BRDA:78,14,3,0
BRDA:80,15,0,0
BRDA:81,16,0,0
BRDA:81,17,0,0
BRDA:81,17,1,0
BRDA:95,18,0,0
BRDA:104,19,0,0
BRDA:111,20,0,0
BRF:37
BRH:0
end_of_record
TN:
SF:services\storage\index.ts
FN:38,warnIfLowStorage
FN:53,_warnIfLowStorage
FN:38,(anonymous_2)
FN:55,ensureS3
FN:55,_ensureS
FN:55,(anonymous_5)
FN:80,encryptNode
FN:89,decryptNode
FN:100,streamToBuffer
FN:100,_streamToBuffer
FN:100,(anonymous_10)
FN:111,setLocalMemory
FN:122,getLocalMemory
FN:134,removeLocalMemory
FN:145,setItem
FN:160,_setItem
FN:145,(anonymous_16)
FN:162,getItem
FN:183,_getItem
FN:162,(anonymous_19)
FN:185,removeItem
FN:197,_removeItem
FN:185,(anonymous_22)
FN:192,(anonymous_23)
FN:196,(anonymous_24)
FNF:25
FNH:0
FNDA:0,warnIfLowStorage
FNDA:0,_warnIfLowStorage
FNDA:0,(anonymous_2)
FNDA:0,ensureS3
FNDA:0,_ensureS
FNDA:0,(anonymous_5)
FNDA:0,encryptNode
FNDA:0,decryptNode
FNDA:0,streamToBuffer
FNDA:0,_streamToBuffer
FNDA:0,(anonymous_10)
FNDA:0,setLocalMemory
FNDA:0,getLocalMemory
FNDA:0,removeLocalMemory
FNDA:0,setItem
FNDA:0,_setItem
FNDA:0,(anonymous_16)
FNDA:0,getItem
FNDA:0,_getItem
FNDA:0,(anonymous_19)
FNDA:0,removeItem
FNDA:0,_removeItem
FNDA:0,(anonymous_22)
FNDA:0,(anonymous_23)
FNDA:0,(anonymous_24)
DA:9,0
DA:10,0
DA:12,0
DA:13,0
DA:14,0
DA:15,0
DA:17,0
DA:18,0
DA:19,0
DA:20,0
DA:21,0
DA:24,0
DA:25,0
DA:26,0
DA:27,0
DA:28,0
DA:29,0
DA:33,0
DA:34,0
DA:36,0
DA:38,0
DA:39,0
DA:40,0
DA:41,0
DA:42,0
DA:43,0
DA:44,0
DA:45,0
DA:46,0
DA:47,0
DA:48,0
DA:53,0
DA:55,0
DA:56,0
DA:57,0
DA:58,0
DA:59,0
DA:60,0
DA:61,0
DA:62,0
DA:63,0
DA:64,0
DA:66,0
DA:67,0
DA:69,0
DA:70,0
DA:71,0
DA:73,0
DA:74,0
DA:75,0
DA:77,0
DA:78,0
DA:81,0
DA:82,0
DA:83,0
DA:84,0
DA:85,0
DA:86,0
DA:90,0
DA:91,0
DA:92,0
DA:93,0
DA:94,0
DA:95,0
DA:96,0
DA:97,0
DA:100,0
DA:101,0
DA:102,0
DA:103,0
DA:104,0
DA:105,0
DA:106,0
DA:107,0
DA:108,0
DA:109,0
DA:112,0
DA:113,0
DA:114,0
DA:115,0
DA:123,0
DA:124,0
DA:125,0
DA:126,0
DA:127,0
DA:128,0
DA:131,0
DA:135,0
DA:136,0
DA:137,0
DA:138,0
DA:145,0
DA:146,0
DA:147,0
DA:148,0
DA:150,0
DA:151,0
DA:152,0
DA:153,0
DA:154,0
DA:156,0
DA:157,0
DA:158,0
DA:159,0
DA:160,0
DA:162,0
DA:163,0
DA:164,0
DA:166,0
DA:167,0
DA:168,0
DA:169,0
DA:170,0
DA:171,0
DA:173,0
DA:176,0
DA:177,0
DA:178,0
DA:179,0
DA:181,0
DA:183,0
DA:185,0
DA:186,0
DA:187,0
DA:188,0
DA:190,0
DA:191,0
DA:192,0
DA:193,0
DA:195,0
DA:196,0
DA:197,0
LF:132
LH:0
BRDA:10,0,0,0
BRDA:10,0,1,0
BRDA:10,0,2,0
BRDA:10,1,0,0
BRDA:10,1,1,0
BRDA:17,2,0,0
BRDA:26,3,0,0
BRDA:26,3,1,0
BRDA:27,4,0,0
BRDA:27,4,1,0
BRDA:27,5,0,0
BRDA:27,5,1,0
BRDA:28,6,0,0
BRDA:28,6,1,0
BRDA:28,7,0,0
BRDA:28,7,1,0
BRDA:29,8,0,0
BRDA:29,8,1,0
BRDA:29,9,0,0
BRDA:29,9,1,0
BRDA:29,9,2,0
BRDA:30,10,0,0
BRDA:30,10,1,0
BRDA:36,11,0,0
BRDA:36,11,1,0
BRDA:38,12,0,0
BRDA:38,12,1,0
BRDA:38,13,0,0
BRDA:38,13,1,0
BRDA:39,14,0,0
BRDA:39,15,0,0
BRDA:39,15,1,0
BRDA:41,16,0,0
BRDA:46,17,0,0
BRDA:56,18,0,0
BRDA:56,19,0,0
BRDA:56,19,1,0
BRDA:57,20,0,0
BRDA:60,21,0,0
BRDA:60,21,1,0
BRDA:63,22,0,0
BRDA:69,23,0,0
BRDA:69,24,0,0
BRDA:69,24,1,0
BRDA:73,25,0,0
BRDA:81,26,0,0
BRDA:81,27,0,0
BRDA:81,27,1,0
BRDA:90,28,0,0
BRDA:90,29,0,0
BRDA:90,29,1,0
BRDA:101,30,0,0
BRDA:102,31,0,0
BRDA:103,32,0,0
BRDA:107,33,0,0
BRDA:107,34,0,0
BRDA:107,34,1,0
BRDA:113,35,0,0
BRDA:123,36,0,0
BRDA:123,37,0,0
BRDA:123,37,1,0
BRDA:124,38,0,0
BRDA:126,39,0,0
BRDA:136,40,0,0
BRDA:146,41,0,0
BRDA:146,42,0,0
BRDA:146,42,1,0
BRDA:146,42,2,0
BRDA:152,43,0,0
BRDA:152,44,0,0
BRDA:152,44,1,0
BRDA:163,45,0,0
BRDA:163,46,0,0
BRDA:163,46,1,0
BRDA:163,46,2,0
BRDA:167,47,0,0
BRDA:167,48,0,0
BRDA:167,48,1,0
BRDA:186,49,0,0
BRDA:186,50,0,0
BRDA:186,50,1,0
BRDA:186,50,2,0
BRDA:191,51,0,0
BRDA:191,52,0,0
BRDA:191,52,1,0
BRF:85
BRH:0
end_of_record
TN:
SF:services\wallet\keyRecovery.ts
FN:13,recoverKey
FN:22,_recoverKey
FN:13,(anonymous_2)
FNF:3
FNH:0
FNDA:0,recoverKey
FNDA:0,_recoverKey
FNDA:0,(anonymous_2)
DA:13,0
DA:14,0
DA:15,0
DA:17,0
DA:18,0
DA:19,0
DA:21,0
DA:22,0
LF:8
LH:0
BRDA:14,0,0,0
BRDA:17,1,0,0
BRF:2
BRH:0
end_of_record
TN:
SF:services\wallet\keyRotation.ts
FN:8,rotateKey
FN:35,_rotateKey
FN:8,(anonymous_2)
FNF:3
FNH:0
FNDA:0,rotateKey
FNDA:0,_rotateKey
FNDA:0,(anonymous_2)
DA:8,0
DA:12,0
DA:14,0
DA:17,0
DA:18,0
DA:23,0
DA:24,0
DA:25,0
DA:26,0
DA:27,0
DA:28,0
DA:33,0
DA:34,0
DA:35,0
LF:14
LH:0
BRDA:12,0,0,0
BRDA:12,0,1,0
BRDA:14,1,0,0
BRDA:14,1,1,0
BRDA:26,2,0,0
BRF:5
BRH:0
end_of_record
TN:
SF:services\wallet\mfa.ts
FN:6,withAdminMFA
FN:17,_withAdminMFA
FN:6,(anonymous_2)
FNF:3
FNH:0
FNDA:0,withAdminMFA
FNDA:0,_withAdminMFA
FNDA:0,(anonymous_2)
DA:6,0
DA:10,0
DA:11,0
DA:12,0
DA:13,0
DA:16,0
DA:17,0
LF:7
LH:0
BRDA:10,0,0,0
BRDA:12,1,0,0
BRF:2
BRH:0
end_of_record
TN:
SF:src\ui\ThemeProvider.tsx
FN:39,(anonymous_0)
FN:39,(anonymous_1)
FN:39,setTheme
FN:40,(anonymous_3)
FN:40,(anonymous_4)
FN:40,toggleTheme
FN:43,useTheme
FN:47,(anonymous_7)
FN:48,(anonymous_8)
FN:53,(anonymous_9)
FN:56,(anonymous_10)
FN:65,ThemeProvider
FN:70,(anonymous_12)
FN:74,(anonymous_13)
FN:78,(anonymous_14)
FN:78,(anonymous_15)
FN:78,loadStoredTheme
FN:89,applyTheme
FN:91,(anonymous_18)
FN:121,(anonymous_19)
FN:122,(anonymous_20)
FN:130,(anonymous_21)
FN:134,(anonymous_22)
FN:140,(anonymous_23)
FN:168,(anonymous_24)
FN:168,(anonymous_25)
FN:168,setLanguage
FN:173,useLanguage
FN:181,LanguageProvider
FN:186,(anonymous_29)
FN:190,(anonymous_30)
FN:194,(anonymous_31)
FN:194,(anonymous_32)
FN:194,loadStoredLanguage
FN:206,(anonymous_34)
FN:206,(anonymous_35)
FN:206,setLanguage
FN:235,getValue
FN:247,translate
FN:268,(anonymous_39)
FNF:40
FNH:0
FNDA:0,(anonymous_0)
FNDA:0,(anonymous_1)
FNDA:0,setTheme
FNDA:0,(anonymous_3)
FNDA:0,(anonymous_4)
FNDA:0,toggleTheme
FNDA:0,useTheme
FNDA:0,(anonymous_7)
FNDA:0,(anonymous_8)
FNDA:0,(anonymous_9)
FNDA:0,(anonymous_10)
FNDA:0,ThemeProvider
FNDA:0,(anonymous_12)
FNDA:0,(anonymous_13)
FNDA:0,(anonymous_14)
FNDA:0,(anonymous_15)
FNDA:0,loadStoredTheme
FNDA:0,applyTheme
FNDA:0,(anonymous_18)
FNDA:0,(anonymous_19)
FNDA:0,(anonymous_20)
FNDA:0,(anonymous_21)
FNDA:0,(anonymous_22)
FNDA:0,(anonymous_23)
FNDA:0,(anonymous_24)
FNDA:0,(anonymous_25)
FNDA:0,setLanguage
FNDA:0,useLanguage
FNDA:0,LanguageProvider
FNDA:0,(anonymous_29)
FNDA:0,(anonymous_30)
FNDA:0,(anonymous_31)
FNDA:0,(anonymous_32)
FNDA:0,loadStoredLanguage
FNDA:0,(anonymous_34)
FNDA:0,(anonymous_35)
FNDA:0,setLanguage
FNDA:0,getValue
FNDA:0,translate
FNDA:0,(anonymous_39)
DA:23,0
DA:35,0
DA:39,0
DA:40,0
DA:43,0
DA:44,0
DA:46,0
DA:48,0
DA:53,0
DA:55,0
DA:56,0
DA:65,0
DA:66,0
DA:67,0
DA:68,0
DA:70,0
DA:71,0
DA:74,0
DA:75,0
DA:78,0
DA:79,0
DA:80,0
DA:81,0
DA:82,0
DA:85,0
DA:87,0
DA:89,0
DA:90,0
DA:91,0
DA:92,0
DA:110,0
DA:111,0
DA:117,0
DA:121,0
DA:123,0
DA:124,0
DA:125,0
DA:126,0
DA:128,0
DA:130,0
DA:134,0
DA:135,0
DA:136,0
DA:139,0
DA:140,0
DA:150,0
DA:166,0
DA:168,0
DA:173,0
DA:179,0
DA:181,0
DA:182,0
DA:183,0
DA:184,0
DA:186,0
DA:187,0
DA:190,0
DA:191,0
DA:194,0
DA:195,0
DA:196,0
DA:197,0
DA:198,0
DA:201,0
DA:202,0
DA:204,0
DA:206,0
DA:207,0
DA:208,0
DA:212,0
DA:213,0
DA:215,0
DA:216,0
DA:217,0
DA:218,0
DA:219,0
DA:220,0
DA:224,0
DA:225,0
DA:226,0
DA:227,0
DA:228,0
DA:229,0
DA:230,0
DA:231,0
DA:233,0
DA:235,0
DA:236,0
DA:237,0
DA:238,0
DA:239,0
DA:241,0
DA:244,0
DA:247,0
DA:251,0
DA:255,0
DA:256,0
DA:257,0
DA:258,0
DA:261,0
DA:262,0
DA:263,0
DA:266,0
DA:267,0
DA:268,0
DA:270,0
DA:273,0
DA:274,0
DA:277,0
DA:279,0
LF:110
LH:0
BRDA:48,0,0,0
BRDA:48,0,1,0
BRDA:81,1,0,0
BRDA:81,2,0,0
BRDA:81,2,1,0
BRDA:81,2,2,0
BRDA:90,3,0,0
BRDA:90,3,1,0
BRDA:110,4,0,0
BRDA:135,5,0,0
BRDA:135,5,1,0
BRDA:197,6,0,0
BRDA:197,7,0,0
BRDA:197,7,1,0
BRDA:197,7,2,0
BRDA:212,8,0,0
BRDA:212,8,1,0
BRDA:238,9,0,0
BRDA:238,9,1,0
BRDA:238,10,0,0
BRDA:238,10,1,0
BRDA:238,10,2,0
BRDA:255,11,0,0
BRDA:255,11,1,0
BRDA:257,12,0,0
BRDA:262,13,0,0
BRDA:266,14,0,0
BRDA:267,15,0,0
BRDA:268,16,0,0
BRDA:268,16,1,0
BRDA:268,17,0,0
BRDA:268,17,1,0
BRDA:274,18,0,0
BRDA:274,18,1,0
BRF:34
BRH:0
end_of_record
TN:
SF:src\ui\form\Field.tsx
FN:10,Field
FNF:1
FNH:0
FNDA:0,Field
DA:10,0
DA:11,0
LF:2
LH:0
BRF:0
BRH:0
end_of_record
TN:
SF:src\ui\form\Form.tsx
FN:9,Form
FNF:1
FNH:0
FNDA:0,Form
DA:9,0
DA:10,0
LF:2
LH:0
BRF:0
BRH:0
end_of_record
TN:
SF:src\ui\form\HelperText.tsx
FN:12,HelperText
FNF:1
FNH:0
FNDA:0,HelperText
DA:12,0
DA:13,0
DA:14,0
LF:3
LH:0
BRDA:17,0,0,0
BRDA:17,0,1,0
BRF:2
BRH:0
end_of_record
TN:
SF:src\ui\form\Label.tsx
FN:11,Label
FNF:1
FNH:0
FNDA:0,Label
DA:11,0
DA:12,0
DA:13,0
LF:3
LH:0
BRF:0
BRH:0
end_of_record
TN:
SF:src\ui\layout\Container.tsx
FN:10,Container
FNF:1
FNH:0
FNDA:0,Container
DA:11,0
DA:12,0
DA:13,0
DA:14,0
DA:15,0
DA:17,0
DA:19,0
DA:21,0
LF:8
LH:0
BRDA:19,0,0,0
BRDA:19,0,1,0
BRDA:31,1,0,0
BRDA:31,1,1,0
BRDA:32,2,0,0
BRDA:32,2,1,0
BRF:6
BRH:0
end_of_record
TN:
SF:src\ui\layout\Grid.tsx
FN:9,Grid
FNF:1
FNH:0
FNDA:0,Grid
DA:9,0
DA:10,0
LF:2
LH:0
BRDA:13,0,0,0
BRDA:13,0,1,0
BRF:2
BRH:0
end_of_record
TN:
SF:src\ui\layout\Screen.tsx
FN:5,Screen
FNF:1
FNH:0
FNDA:0,Screen
DA:5,0
DA:6,0
DA:7,0
LF:3
LH:0
BRF:0
BRH:0
end_of_record
TN:
SF:src\ui\layout\ScrollArea.tsx
FN:10,ScrollArea
FNF:1
FNH:0
FNDA:0,ScrollArea
DA:11,0
DA:12,0
DA:13,0
DA:14,0
DA:15,0
DA:16,0
DA:18,0
LF:7
LH:0
BRDA:20,0,0,0
BRDA:20,0,1,0
BRDA:23,1,0,0
BRDA:23,1,1,0
BRF:4
BRH:0
end_of_record
TN:
SF:src\ui\layout\Spacer.tsx
FN:10,Spacer
FNF:1
FNH:0
FNDA:0,Spacer
DA:10,0
DA:11,0
DA:12,0
LF:3
LH:0
BRDA:10,0,0,0
BRDA:10,0,1,0
BRDA:12,1,0,0
BRDA:12,1,1,0
BRF:4
BRH:0
end_of_record
TN:
SF:src\ui\layout\Stack.tsx
FN:22,Stack
FNF:1
FNH:0
FNDA:0,Stack
DA:23,0
DA:24,0
DA:25,0
DA:26,0
DA:27,0
DA:28,0
DA:29,0
DA:30,0
DA:31,0
LF:9
LH:0
BRDA:23,0,0,0
BRDA:23,0,1,0
BRDA:35,1,0,0
BRDA:35,1,1,0
BRDA:36,2,0,0
BRDA:36,2,1,0
BRF:6
BRH:0
end_of_record
TN:
SF:src\ui\primitives\Avatar.tsx
FN:21,Avatar
FNF:1
FNH:0
FNDA:0,Avatar
DA:22,0
DA:23,0
DA:24,0
DA:25,0
DA:26,0
DA:27,0
DA:29,0
DA:31,0
LF:8
LH:0
BRDA:24,0,0,0
BRDA:24,0,1,0
BRDA:29,1,0,0
BRDA:29,1,1,0
BRDA:47,2,0,0
BRDA:47,2,1,0
BRDA:49,3,0,0
BRDA:49,3,1,0
BRF:8
BRH:0
end_of_record
TN:
SF:src\ui\primitives\Badge.tsx
FN:12,Badge
FNF:1
FNH:0
FNDA:0,Badge
DA:12,0
DA:13,0
DA:14,0
LF:3
LH:0
BRF:0
BRH:0
end_of_record
TN:
SF:src\ui\primitives\Button.tsx
FN:28,(anonymous_0)
FN:45,handlePressIn
FN:53,handlePressOut
FN:62,combinedStyle
FN:113,button
FN:122,label
FN:128,focused
FNF:7
FNH:0
FNDA:0,(anonymous_0)
FNDA:0,handlePressIn
FNDA:0,handlePressOut
FNDA:0,combinedStyle
FNDA:0,button
FNDA:0,label
FNDA:0,focused
DA:27,0
DA:30,0
DA:31,0
DA:32,0
DA:33,0
DA:34,0
DA:35,0
DA:36,0
DA:37,0
DA:41,0
DA:42,0
DA:43,0
DA:45,0
DA:46,0
DA:47,0
DA:53,0
DA:54,0
DA:55,0
DA:61,0
DA:62,0
DA:63,0
DA:69,0
DA:70,0
DA:71,0
DA:72,0
DA:74,0
DA:77,0
DA:78,0
DA:79,0
DA:80,0
DA:81,0
DA:82,0
DA:84,0
DA:87,0
DA:90,0
DA:108,0
DA:112,0
DA:113,0
DA:122,0
DA:128,0
LF:40
LH:0
BRDA:34,0,0,0
BRDA:34,0,1,0
BRDA:46,1,0,0
BRDA:54,2,0,0
BRDA:61,3,0,0
BRDA:61,3,1,0
BRDA:65,4,0,0
BRDA:65,4,1,0
BRDA:66,5,0,0
BRDA:66,5,1,0
BRDA:67,6,0,0
BRDA:67,6,1,0
BRDA:69,7,0,0
BRDA:69,7,1,0
BRDA:71,8,0,0
BRDA:78,9,0,0
BRDA:78,9,1,0
BRDA:80,10,0,0
BRDA:80,10,1,0
BRDA:80,11,0,0
BRDA:80,11,1,0
BRDA:81,12,0,0
BRDA:81,12,1,0
BRDA:81,13,0,0
BRDA:81,13,1,0
BRDA:98,14,0,0
BRDA:98,14,1,0
BRDA:98,15,0,0
BRDA:98,15,1,0
BRF:29
BRH:0
end_of_record
TN:
SF:src\ui\primitives\Card.tsx
FN:14,Card
FNF:1
FNH:0
FNDA:0,Card
DA:15,0
DA:16,0
DA:17,0
DA:18,0
DA:20,0
DA:21,0
LF:6
LH:0
BRF:0
BRH:0
end_of_record
TN:
SF:src\ui\primitives\Chip.tsx
FN:14,Chip
FN:23,onFocus
FN:24,onBlur
FNF:3
FNH:0
FNDA:0,Chip
FNDA:0,onFocus
FNDA:0,onBlur
DA:14,0
DA:15,0
DA:16,0
DA:17,0
DA:23,0
DA:24,0
LF:6
LH:0
BRDA:37,0,0,0
BRDA:37,0,1,0
BRF:2
BRH:0
end_of_record
TN:
SF:src\ui\primitives\Divider.tsx
FN:10,Divider
FNF:1
FNH:0
FNDA:0,Divider
DA:10,0
DA:11,0
DA:12,0
LF:3
LH:0
BRF:0
BRH:0
end_of_record
TN:
SF:src\ui\primitives\Heading.tsx
FN:13,Heading
FNF:1
FNH:0
FNDA:0,Heading
DA:14,0
DA:15,0
DA:16,0
DA:17,0
DA:18,0
LF:5
LH:0
BRDA:14,0,0,0
BRDA:14,0,1,0
BRDA:15,1,0,0
BRDA:15,1,1,0
BRF:4
BRH:0
end_of_record
TN:
SF:src\ui\primitives\Menu.tsx
FN:22,Menu
FN:28,(anonymous_1)
FN:31,handleKeyDown
FN:35,handleFocus
FN:45,(anonymous_4)
FN:63,onPress
FN:79,(anonymous_6)
FN:85,onFocus
FN:86,onBlur
FN:95,onPress
FNF:10
FNH:0
FNDA:0,Menu
FNDA:0,(anonymous_1)
FNDA:0,handleKeyDown
FNDA:0,handleFocus
FNDA:0,(anonymous_4)
FNDA:0,onPress
FNDA:0,(anonymous_6)
FNDA:0,onFocus
FNDA:0,onBlur
FNDA:0,onPress
DA:22,0
DA:23,0
DA:24,0
DA:25,0
DA:26,0
DA:28,0
DA:29,0
DA:31,0
DA:32,0
DA:35,0
DA:36,0
DA:37,0
DA:38,0
DA:42,0
DA:43,0
DA:45,0
DA:46,0
DA:47,0
DA:51,0
DA:63,0
DA:79,0
DA:85,0
DA:86,0
DA:96,0
DA:97,0
DA:124,0
LF:26
LH:0
BRDA:29,0,0,0
BRDA:29,1,0,0
BRDA:29,1,1,0
BRDA:32,2,0,0
BRDA:37,3,0,0
BRDA:37,4,0,0
BRDA:37,4,1,0
BRDA:54,5,0,0
BRDA:54,5,1,0
BRDA:59,6,0,0
BRDA:59,6,1,0
BRDA:76,7,0,0
BRDA:76,7,1,0
BRDA:89,8,0,0
BRDA:89,8,1,0
BRDA:90,9,0,0
BRDA:90,9,1,0
BRDA:105,10,0,0
BRDA:105,10,1,0
BRDA:109,11,0,0
BRDA:109,11,1,0
BRF:21
BRH:0
end_of_record
TN:
SF:src\ui\primitives\Overlay.tsx
FN:8,Overlay
FNF:1
FNH:0
FNDA:0,Overlay
DA:8,0
DA:9,0
LF:2
LH:0
BRF:0
BRH:0
end_of_record
TN:
SF:src\ui\primitives\Portal.tsx
FN:9,Portal
FNF:1
FNH:0
FNDA:0,Portal
DA:9,0
DA:10,0
DA:15,0
DA:23,0
LF:4
LH:0
BRDA:10,0,0,0
BRF:1
BRH:0
end_of_record
TN:
SF:src\ui\primitives\Skeleton.tsx
FN:23,Skeleton
FN:34,(anonymous_1)
FN:44,(anonymous_2)
FNF:3
FNH:0
FNDA:0,Skeleton
FNDA:0,(anonymous_1)
FNDA:0,(anonymous_2)
DA:24,0
DA:25,0
DA:26,0
DA:27,0
DA:28,0
DA:29,0
DA:30,0
DA:31,0
DA:32,0
DA:34,0
DA:35,0
DA:36,0
DA:43,0
DA:44,0
DA:47,0
DA:54,0
LF:16
LH:0
BRDA:24,0,0,0
BRDA:24,0,1,0
BRDA:25,1,0,0
BRDA:25,1,1,0
BRDA:27,2,0,0
BRDA:27,2,1,0
BRDA:35,3,0,0
BRDA:47,4,0,0
BRDA:47,4,1,0
BRDA:68,5,0,0
BRDA:68,5,1,0
BRF:11
BRH:0
end_of_record
TN:
SF:src\ui\primitives\Spinner.tsx
FN:5,Spinner
FNF:1
FNH:0
FNDA:0,Spinner
DA:5,0
DA:6,0
DA:7,0
LF:3
LH:0
BRDA:7,0,0,0
BRDA:7,0,1,0
BRF:2
BRH:0
end_of_record
TN:
SF:src\ui\primitives\Text.tsx
FN:13,Text
FNF:1
FNH:0
FNDA:0,Text
DA:14,0
DA:15,0
DA:16,0
DA:17,0
DA:18,0
DA:19,0
DA:20,0
DA:22,0
DA:26,0
LF:9
LH:0
BRDA:14,0,0,0
BRDA:14,0,1,0
BRDA:15,1,0,0
BRDA:15,1,1,0
BRDA:22,2,0,0
BRDA:22,2,1,0
BRDA:22,3,0,0
BRDA:22,3,1,0
BRDA:24,4,0,0
BRDA:24,4,1,0
BRDA:24,5,0,0
BRDA:24,5,1,0
BRDA:24,5,2,0
BRF:13
BRH:0
end_of_record
TN:
SF:src\ui\primitives\TextField.tsx
FN:11,TextField
FNF:1
FNH:0
FNDA:0,TextField
DA:12,0
DA:13,0
DA:14,0
DA:15,0
DA:16,0
DA:17,0
DA:18,0
DA:19,0
DA:20,0
DA:22,0
DA:25,0
DA:32,0
LF:12
LH:0
BRDA:19,0,0,0
BRDA:19,0,1,0
BRDA:25,1,0,0
BRDA:25,1,1,0
BRF:4
BRH:0
end_of_record
