TN:
SF:services\chain.ts
FN:3,assertNearChain
FNF:1
FNH:1
FNDA:1,assertNearChain
DA:1,1
DA:3,1
DA:4,1
DA:5,0
DA:9,1
LF:5
LH:4
BRDA:4,0,0,0
BRF:1
BRH:0
end_of_record
TN:
SF:services\chatConfig.ts
FN:9,isChatConfigured
FN:13,_isChatConfigured
FN:9,(anonymous_2)
FNF:3
FNH:0
FNDA:0,isChatConfigured
FNDA:0,_isChatConfigured
FNDA:0,(anonymous_2)
DA:5,0
DA:6,0
DA:9,0
DA:10,0
DA:11,0
DA:12,0
DA:13,0
LF:7
LH:0
BRDA:5,0,0,0
BRDA:10,1,0,0
BRF:2
BRH:0
end_of_record
TN:
SF:services\database.ts
FN:49,(anonymous_0)
FN:70,DatabaseService
FN:70,(anonymous_2)
FN:77,(anonymous_3)
FN:77,getEncryptionKey
FN:77,(anonymous_5)
FN:92,(anonymous_6)
FN:92,loadWishlist
FN:92,(anonymous_8)
FN:112,(anonymous_9)
FN:112,persistWishlist
FN:112,(anonymous_11)
FN:126,(anonymous_12)
FN:126,cacheChatMessages
FN:126,(anonymous_14)
FN:148,(anonymous_15)
FN:148,getUserProfile
FN:148,(anonymous_17)
FN:152,(anonymous_18)
FN:152,updateUserRole
FN:152,(anonymous_20)
FN:162,(anonymous_21)
FN:162,getCategories
FN:162,(anonymous_23)
FN:166,(anonymous_24)
FN:166,addCategory
FN:166,(anonymous_26)
FN:177,(anonymous_27)
FN:177,updateCategory
FN:177,(anonymous_29)
FN:183,(anonymous_30)
FN:183,deleteCategory
FN:183,(anonymous_32)
FN:187,(anonymous_33)
FN:187,getSetting
FN:187,(anonymous_35)
FN:192,(anonymous_36)
FN:192,updateSetting
FN:192,(anonymous_38)
FN:197,(anonymous_39)
FN:197,getProducts
FN:197,(anonymous_41)
FN:201,(anonymous_42)
FN:201,getProduct
FN:201,(anonymous_44)
FN:205,(anonymous_45)
FN:205,addProduct
FN:205,(anonymous_47)
FN:212,(anonymous_48)
FN:212,updateProduct
FN:212,(anonymous_50)
FN:218,(anonymous_51)
FN:218,deleteProduct
FN:218,(anonymous_53)
FN:223,(anonymous_54)
FN:223,addSubcategory
FN:223,(anonymous_56)
FN:231,(anonymous_57)
FN:237,(anonymous_58)
FN:231,updateSubcategory
FN:231,(anonymous_60)
FN:246,(anonymous_61)
FN:250,(anonymous_62)
FN:246,deleteSubcategory
FN:246,(anonymous_64)
FN:259,(anonymous_65)
FN:259,getPricingTiers
FN:259,(anonymous_67)
FN:263,(anonymous_68)
FN:263,getPricingTier
FN:263,(anonymous_70)
FN:267,(anonymous_71)
FN:267,addPricingTier
FN:267,(anonymous_73)
FN:271,(anonymous_74)
FN:271,updatePricingTier
FN:271,(anonymous_76)
FN:280,(anonymous_77)
FN:280,deletePricingTier
FN:280,(anonymous_79)
FN:284,(anonymous_80)
FN:284,getMixGroup
FN:284,(anonymous_82)
FN:289,(anonymous_83)
FN:289,getHeroBanners
FN:289,(anonymous_85)
FN:293,(anonymous_86)
FN:293,addHeroBanner
FN:293,(anonymous_88)
FN:303,(anonymous_89)
FN:303,updateHeroBanner
FN:303,(anonymous_91)
FN:313,(anonymous_92)
FN:313,deleteHeroBanner
FN:313,(anonymous_94)
FN:318,(anonymous_95)
FN:321,(anonymous_96)
FN:318,getReviews
FN:318,(anonymous_98)
FN:326,(anonymous_99)
FN:326,addReview
FN:326,(anonymous_101)
FN:331,(anonymous_102)
FN:331,updateReview
FN:331,(anonymous_104)
FN:337,(anonymous_105)
FN:337,deleteReview
FN:337,(anonymous_107)
FN:342,(anonymous_108)
FN:343,(anonymous_109)
FN:342,getUserOrders
FN:342,(anonymous_111)
FN:346,(anonymous_112)
FN:346,getAllUserProfiles
FN:346,(anonymous_114)
FN:350,(anonymous_115)
FN:355,(anonymous_116)
FN:358,(anonymous_117)
FN:350,searchUserProfiles
FN:350,(anonymous_119)
FN:366,(anonymous_120)
FN:366,updateUserCustomerTier
FN:366,(anonymous_122)
FN:376,(anonymous_123)
FN:376,updateUserKycStatus
FN:376,(anonymous_125)
FN:389,(anonymous_126)
FN:390,(anonymous_127)
FN:389,getPendingKycRequests
FN:389,(anonymous_129)
FN:394,(anonymous_130)
FN:394,getChatRooms
FN:394,(anonymous_132)
FN:398,(anonymous_133)
FN:398,getOrCreateChatRoom
FN:398,(anonymous_135)
FN:426,(anonymous_136)
FN:426,markChatRoomRead
FN:426,(anonymous_138)
FN:434,(anonymous_139)
FN:434,getChatMessages
FN:434,(anonymous_141)
FN:454,(anonymous_142)
FN:454,sendChatMessage
FN:454,(anonymous_144)
FN:467,(anonymous_145)
FN:472,(anonymous_146)
FN:467,updateMessageReactions
FN:467,(anonymous_148)
FN:482,(anonymous_149)
FN:482,getWishlistItems
FN:482,(anonymous_151)
FN:486,(anonymous_152)
FN:488,(anonymous_153)
FN:486,addWishlistItem
FN:486,(anonymous_155)
FN:501,(anonymous_156)
FN:503,(anonymous_157)
FN:501,removeWishlistItem
FN:501,(anonymous_159)
FN:508,(anonymous_160)
FN:508,getAllDeliveryJobs
FN:508,(anonymous_162)
FN:512,(anonymous_163)
FN:514,(anonymous_164)
FN:512,getDeliveryJobsForDriver
FN:512,(anonymous_166)
FN:518,(anonymous_167)
FN:518,createDeliveryJob
FN:518,(anonymous_169)
FN:532,(anonymous_170)
FN:532,updateDeliveryJobStatus
FN:532,(anonymous_172)
FN:543,(anonymous_173)
FN:543,updateDeliveryJobProof
FN:141,getInstance
FNF:176
FNH:0
FNDA:0,(anonymous_0)
FNDA:0,DatabaseService
FNDA:0,(anonymous_2)
FNDA:0,(anonymous_3)
FNDA:0,getEncryptionKey
FNDA:0,(anonymous_5)
FNDA:0,(anonymous_6)
FNDA:0,loadWishlist
FNDA:0,(anonymous_8)
FNDA:0,(anonymous_9)
FNDA:0,persistWishlist
FNDA:0,(anonymous_11)
FNDA:0,(anonymous_12)
FNDA:0,cacheChatMessages
FNDA:0,(anonymous_14)
FNDA:0,(anonymous_15)
FNDA:0,getUserProfile
FNDA:0,(anonymous_17)
FNDA:0,(anonymous_18)
FNDA:0,updateUserRole
FNDA:0,(anonymous_20)
FNDA:0,(anonymous_21)
FNDA:0,getCategories
FNDA:0,(anonymous_23)
FNDA:0,(anonymous_24)
FNDA:0,addCategory
FNDA:0,(anonymous_26)
FNDA:0,(anonymous_27)
FNDA:0,updateCategory
FNDA:0,(anonymous_29)
FNDA:0,(anonymous_30)
FNDA:0,deleteCategory
FNDA:0,(anonymous_32)
FNDA:0,(anonymous_33)
FNDA:0,getSetting
FNDA:0,(anonymous_35)
FNDA:0,(anonymous_36)
FNDA:0,updateSetting
FNDA:0,(anonymous_38)
FNDA:0,(anonymous_39)
FNDA:0,getProducts
FNDA:0,(anonymous_41)
FNDA:0,(anonymous_42)
FNDA:0,getProduct
FNDA:0,(anonymous_44)
FNDA:0,(anonymous_45)
FNDA:0,addProduct
FNDA:0,(anonymous_47)
FNDA:0,(anonymous_48)
FNDA:0,updateProduct
FNDA:0,(anonymous_50)
FNDA:0,(anonymous_51)
FNDA:0,deleteProduct
FNDA:0,(anonymous_53)
FNDA:0,(anonymous_54)
FNDA:0,addSubcategory
FNDA:0,(anonymous_56)
FNDA:0,(anonymous_57)
FNDA:0,(anonymous_58)
FNDA:0,updateSubcategory
FNDA:0,(anonymous_60)
FNDA:0,(anonymous_61)
FNDA:0,(anonymous_62)
FNDA:0,deleteSubcategory
FNDA:0,(anonymous_64)
FNDA:0,(anonymous_65)
FNDA:0,getPricingTiers
FNDA:0,(anonymous_67)
FNDA:0,(anonymous_68)
FNDA:0,getPricingTier
FNDA:0,(anonymous_70)
FNDA:0,(anonymous_71)
FNDA:0,addPricingTier
FNDA:0,(anonymous_73)
FNDA:0,(anonymous_74)
FNDA:0,updatePricingTier
FNDA:0,(anonymous_76)
FNDA:0,(anonymous_77)
FNDA:0,deletePricingTier
FNDA:0,(anonymous_79)
FNDA:0,(anonymous_80)
FNDA:0,getMixGroup
FNDA:0,(anonymous_82)
FNDA:0,(anonymous_83)
FNDA:0,getHeroBanners
FNDA:0,(anonymous_85)
FNDA:0,(anonymous_86)
FNDA:0,addHeroBanner
FNDA:0,(anonymous_88)
FNDA:0,(anonymous_89)
FNDA:0,updateHeroBanner
FNDA:0,(anonymous_91)
FNDA:0,(anonymous_92)
FNDA:0,deleteHeroBanner
FNDA:0,(anonymous_94)
FNDA:0,(anonymous_95)
FNDA:0,(anonymous_96)
FNDA:0,getReviews
FNDA:0,(anonymous_98)
FNDA:0,(anonymous_99)
FNDA:0,addReview
FNDA:0,(anonymous_101)
FNDA:0,(anonymous_102)
FNDA:0,updateReview
FNDA:0,(anonymous_104)
FNDA:0,(anonymous_105)
FNDA:0,deleteReview
FNDA:0,(anonymous_107)
FNDA:0,(anonymous_108)
FNDA:0,(anonymous_109)
FNDA:0,getUserOrders
FNDA:0,(anonymous_111)
FNDA:0,(anonymous_112)
FNDA:0,getAllUserProfiles
FNDA:0,(anonymous_114)
FNDA:0,(anonymous_115)
FNDA:0,(anonymous_116)
FNDA:0,(anonymous_117)
FNDA:0,searchUserProfiles
FNDA:0,(anonymous_119)
FNDA:0,(anonymous_120)
FNDA:0,updateUserCustomerTier
FNDA:0,(anonymous_122)
FNDA:0,(anonymous_123)
FNDA:0,updateUserKycStatus
FNDA:0,(anonymous_125)
FNDA:0,(anonymous_126)
FNDA:0,(anonymous_127)
FNDA:0,getPendingKycRequests
FNDA:0,(anonymous_129)
FNDA:0,(anonymous_130)
FNDA:0,getChatRooms
FNDA:0,(anonymous_132)
FNDA:0,(anonymous_133)
FNDA:0,getOrCreateChatRoom
FNDA:0,(anonymous_135)
FNDA:0,(anonymous_136)
FNDA:0,markChatRoomRead
FNDA:0,(anonymous_138)
FNDA:0,(anonymous_139)
FNDA:0,getChatMessages
FNDA:0,(anonymous_141)
FNDA:0,(anonymous_142)
FNDA:0,sendChatMessage
FNDA:0,(anonymous_144)
FNDA:0,(anonymous_145)
FNDA:0,(anonymous_146)
FNDA:0,updateMessageReactions
FNDA:0,(anonymous_148)
FNDA:0,(anonymous_149)
FNDA:0,getWishlistItems
FNDA:0,(anonymous_151)
FNDA:0,(anonymous_152)
FNDA:0,(anonymous_153)
FNDA:0,addWishlistItem
FNDA:0,(anonymous_155)
FNDA:0,(anonymous_156)
FNDA:0,(anonymous_157)
FNDA:0,removeWishlistItem
FNDA:0,(anonymous_159)
FNDA:0,(anonymous_160)
FNDA:0,getAllDeliveryJobs
FNDA:0,(anonymous_162)
FNDA:0,(anonymous_163)
FNDA:0,(anonymous_164)
FNDA:0,getDeliveryJobsForDriver
FNDA:0,(anonymous_166)
FNDA:0,(anonymous_167)
FNDA:0,createDeliveryJob
FNDA:0,(anonymous_169)
FNDA:0,(anonymous_170)
FNDA:0,updateDeliveryJobStatus
FNDA:0,(anonymous_172)
FNDA:0,(anonymous_173)
FNDA:0,updateDeliveryJobProof
FNDA:0,getInstance
DA:23,0
DA:24,0
DA:45,0
DA:46,0
DA:47,0
DA:49,0
DA:52,0
DA:56,0
DA:57,0
DA:58,0
DA:59,0
DA:63,0
DA:64,0
DA:70,0
DA:77,0
DA:78,0
DA:79,0
DA:80,0
DA:83,0
DA:92,0
DA:93,0
DA:94,0
DA:95,0
DA:98,0
DA:99,0
DA:100,0
DA:101,0
DA:103,0
DA:106,0
DA:109,0
DA:112,0
DA:113,0
DA:114,0
DA:115,0
DA:116,0
DA:117,0
DA:122,0
DA:126,0
DA:130,0
DA:131,0
DA:132,0
DA:133,0
DA:134,0
DA:135,0
DA:137,0
DA:142,0
DA:143,0
DA:145,0
DA:148,0
DA:149,0
DA:152,0
DA:156,0
DA:157,0
DA:158,0
DA:159,0
DA:162,0
DA:163,0
DA:166,0
DA:171,0
DA:177,0
DA:178,0
DA:179,0
DA:180,0
DA:183,0
DA:184,0
DA:187,0
DA:188,0
DA:189,0
DA:192,0
DA:193,0
DA:197,0
DA:198,0
DA:201,0
DA:202,0
DA:205,0
DA:206,0
DA:207,0
DA:208,0
DA:209,0
DA:212,0
DA:213,0
DA:214,0
DA:215,0
DA:218,0
DA:219,0
DA:223,0
DA:224,0
DA:225,0
DA:226,0
DA:227,0
DA:228,0
DA:231,0
DA:235,0
DA:236,0
DA:237,0
DA:238,0
DA:239,0
DA:240,0
DA:241,0
DA:246,0
DA:247,0
DA:248,0
DA:249,0
DA:250,0
DA:251,0
DA:252,0
DA:253,0
DA:259,0
DA:260,0
DA:263,0
DA:264,0
DA:267,0
DA:268,0
DA:271,0
DA:275,0
DA:276,0
DA:277,0
DA:280,0
DA:281,0
DA:284,0
DA:285,0
DA:289,0
DA:290,0
DA:293,0
DA:296,0
DA:297,0
DA:298,0
DA:299,0
DA:300,0
DA:303,0
DA:304,0
DA:305,0
DA:306,0
DA:313,0
DA:314,0
DA:318,0
DA:319,0
DA:320,0
DA:321,0
DA:323,0
DA:326,0
DA:327,0
DA:328,0
DA:331,0
DA:332,0
DA:333,0
DA:334,0
DA:337,0
DA:338,0
DA:342,0
DA:343,0
DA:346,0
DA:347,0
DA:350,0
DA:353,0
DA:355,0
DA:358,0
DA:366,0
DA:370,0
DA:371,0
DA:372,0
DA:373,0
DA:376,0
DA:381,0
DA:382,0
DA:383,0
DA:384,0
DA:385,0
DA:386,0
DA:389,0
DA:390,0
DA:394,0
DA:395,0
DA:398,0
DA:404,0
DA:405,0
DA:409,0
DA:410,0
DA:413,0
DA:414,0
DA:423,0
DA:426,0
DA:427,0
DA:428,0
DA:429,0
DA:430,0
DA:434,0
DA:435,0
DA:436,0
DA:437,0
DA:438,0
DA:439,0
DA:440,0
DA:441,0
DA:442,0
DA:444,0
DA:447,0
DA:449,0
DA:451,0
DA:454,0
DA:455,0
DA:456,0
DA:457,0
DA:458,0
DA:459,0
DA:460,0
DA:461,0
DA:462,0
DA:463,0
DA:467,0
DA:471,0
DA:472,0
DA:473,0
DA:474,0
DA:475,0
DA:476,0
DA:482,0
DA:483,0
DA:486,0
DA:487,0
DA:488,0
DA:489,0
DA:490,0
DA:491,0
DA:497,0
DA:498,0
DA:501,0
DA:502,0
DA:503,0
DA:504,0
DA:508,0
DA:509,0
DA:512,0
DA:513,0
DA:514,0
DA:518,0
DA:519,0
DA:520,0
DA:521,0
DA:529,0
DA:532,0
DA:536,0
DA:537,0
DA:538,0
DA:539,0
DA:540,0
DA:543,0
DA:544,0
DA:545,0
DA:546,0
DA:547,0
DA:548,0
LF:252
LH:0
BRDA:23,0,0,0
BRDA:79,1,0,0
BRDA:79,1,1,0
BRDA:79,1,2,0
BRDA:93,2,0,0
BRDA:98,3,0,0
BRDA:98,3,1,0
BRDA:113,4,0,0
BRDA:113,4,1,0
BRDA:149,5,0,0
BRDA:149,5,1,0
BRDA:157,6,0,0
BRDA:179,7,0,0
BRDA:189,8,0,0
BRDA:189,8,1,0
BRDA:214,9,0,0
BRDA:225,10,0,0
BRDA:226,11,0,0
BRDA:226,11,1,0
BRDA:237,12,0,0
BRDA:237,12,1,0
BRDA:237,13,0,0
BRDA:237,13,1,0
BRDA:238,14,0,0
BRDA:238,15,0,0
BRDA:238,15,1,0
BRDA:249,16,0,0
BRDA:249,16,1,0
BRDA:249,17,0,0
BRDA:249,17,1,0
BRDA:250,18,0,0
BRDA:250,18,1,0
BRDA:251,19,0,0
BRDA:251,20,0,0
BRDA:251,20,1,0
BRDA:251,21,0,0
BRDA:251,21,1,0
BRDA:264,22,0,0
BRDA:264,22,1,0
BRDA:276,23,0,0
BRDA:285,24,0,0
BRDA:285,24,1,0
BRDA:305,25,0,0
BRDA:319,26,0,0
BRDA:319,27,0,0
BRDA:319,27,1,0
BRDA:333,28,0,0
BRDA:355,29,0,0
BRDA:355,29,1,0
BRDA:371,30,0,0
BRDA:382,31,0,0
BRDA:405,32,0,0
BRDA:406,33,0,0
BRDA:406,33,1,0
BRDA:406,33,2,0
BRDA:406,33,3,0
BRDA:409,34,0,0
BRDA:413,35,0,0
BRDA:413,35,1,0
BRDA:428,36,0,0
BRDA:436,37,0,0
BRDA:439,38,0,0
BRDA:439,38,1,0
BRDA:455,39,0,0
BRDA:455,39,1,0
BRDA:459,40,0,0
BRDA:473,41,0,0
BRDA:488,42,0,0
BRDA:490,43,0,0
BRDA:537,44,0,0
BRDA:545,45,0,0
BRDA:142,46,0,0
BRF:72
BRH:0
end_of_record
TN:
SF:services\eventBus.ts
FN:22,ensureNode
FN:22,_ensureNode
FN:22,(anonymous_2)
FN:45,publish
FN:72,_publish
FN:45,(anonymous_5)
FN:50,(anonymous_6)
FN:74,track
FN:79,_track
FN:74,(anonymous_9)
FNF:10
FNH:0
FNDA:0,ensureNode
FNDA:0,_ensureNode
FNDA:0,(anonymous_2)
FNDA:0,publish
FNDA:0,_publish
FNDA:0,(anonymous_5)
FNDA:0,(anonymous_6)
FNDA:0,track
FNDA:0,_track
FNDA:0,(anonymous_9)
DA:12,0
DA:17,0
DA:18,0
DA:20,0
DA:22,0
DA:23,0
DA:24,0
DA:25,0
DA:27,0
DA:29,0
DA:30,0
DA:31,0
DA:32,0
DA:33,0
DA:34,0
DA:35,0
DA:36,0
DA:37,0
DA:39,0
DA:40,0
DA:41,0
DA:43,0
DA:45,0
DA:48,0
DA:50,0
DA:51,0
DA:52,0
DA:53,0
DA:54,0
DA:55,0
DA:56,0
DA:57,0
DA:65,0
DA:69,0
DA:72,0
DA:74,0
DA:76,0
DA:78,0
DA:79,0
LF:39
LH:0
BRDA:23,0,0,0
BRDA:25,1,0,0
BRDA:25,2,0,0
BRDA:25,2,1,0
BRDA:30,3,0,0
BRDA:31,4,0,0
BRDA:34,5,0,0
BRDA:48,6,0,0
BRDA:48,6,1,0
BRDA:48,7,0,0
BRDA:48,7,1,0
BRDA:52,8,0,0
BRDA:60,9,0,0
BRDA:60,9,1,0
BRDA:76,10,0,0
BRDA:76,10,1,0
BRDA:76,11,0,0
BRDA:76,11,1,0
BRF:18
BRH:0
end_of_record
TN:
SF:services\eventLog.ts
FN:32,ensureNode
FN:32,_ensureNode
FN:32,(anonymous_2)
FN:53,logOrderEvent
FN:68,_logOrderEvent
FN:53,(anonymous_5)
FNF:6
FNH:0
FNDA:0,ensureNode
FNDA:0,_ensureNode
FNDA:0,(anonymous_2)
FNDA:0,logOrderEvent
FNDA:0,_logOrderEvent
FNDA:0,(anonymous_5)
DA:29,0
DA:30,0
DA:32,0
DA:33,0
DA:34,0
DA:35,0
DA:36,0
DA:38,0
DA:39,0
DA:40,0
DA:41,0
DA:42,0
DA:43,0
DA:44,0
DA:45,0
DA:47,0
DA:48,0
DA:49,0
DA:51,0
DA:53,0
DA:56,0
DA:57,0
DA:58,0
DA:59,0
DA:60,0
DA:61,0
DA:62,0
DA:66,0
DA:68,0
LF:29
LH:0
BRDA:33,0,0,0
BRDA:35,1,0,0
BRDA:35,2,0,0
BRDA:35,2,1,0
BRDA:39,3,0,0
BRDA:42,4,0,0
BRDA:57,5,0,0
BRF:7
BRH:0
end_of_record
TN:
SF:services\ipfsService.ts
FN:4,(anonymous_0)
FN:7,IpfsService
FN:7,(anonymous_2)
FN:16,(anonymous_3)
FN:16,pinFile
FN:16,(anonymous_5)
FN:20,(anonymous_6)
FN:20,pinJson
FN:9,getInstance
FNF:9
FNH:0
FNDA:0,(anonymous_0)
FNDA:0,IpfsService
FNDA:0,(anonymous_2)
FNDA:0,(anonymous_3)
FNDA:0,pinFile
FNDA:0,(anonymous_5)
FNDA:0,(anonymous_6)
FNDA:0,pinJson
FNDA:0,getInstance
DA:4,0
DA:7,0
DA:10,0
DA:11,0
DA:13,0
DA:16,0
DA:17,0
DA:20,0
DA:21,0
DA:22,0
LF:10
LH:0
BRDA:10,0,0,0
BRF:1
BRH:0
end_of_record
TN:
SF:services\localIdentity.ts
FN:7,getPrivateKeyHex
FN:7,_getPrivateKeyHex
FN:7,(anonymous_2)
FN:24,getEd25519KeyPair
FN:32,_getEd25519KeyPair
FN:24,(anonymous_5)
FN:34,getPublicKeyHex
FN:37,_getPublicKeyHex
FN:34,(anonymous_8)
FN:39,getPrivateKey
FN:42,_getPrivateKey
FN:39,(anonymous_11)
FNF:12
FNH:0
FNDA:0,getPrivateKeyHex
FNDA:0,_getPrivateKeyHex
FNDA:0,(anonymous_2)
FNDA:0,getEd25519KeyPair
FNDA:0,_getEd25519KeyPair
FNDA:0,(anonymous_5)
FNDA:0,getPublicKeyHex
FNDA:0,_getPublicKeyHex
FNDA:0,(anonymous_8)
FNDA:0,getPrivateKey
FNDA:0,_getPrivateKey
FNDA:0,(anonymous_11)
DA:4,0
DA:5,0
DA:7,0
DA:8,0
DA:9,0
DA:10,0
DA:12,0
DA:14,0
DA:15,0
DA:16,0
DA:17,0
DA:19,0
DA:21,0
DA:22,0
DA:24,0
DA:28,0
DA:29,0
DA:30,0
DA:31,0
DA:32,0
DA:34,0
DA:35,0
DA:36,0
DA:37,0
DA:39,0
DA:40,0
DA:41,0
DA:42,0
LF:28
LH:0
BRDA:10,0,0,0
BRDA:12,1,0,0
BRF:2
BRH:0
end_of_record
TN:
SF:services\media.ts
FN:5,(anonymous_0)
FN:8,MediaService
FN:8,(anonymous_2)
FN:20,(anonymous_3)
FN:20,isPinataConfigured
FN:20,(anonymous_5)
FN:29,(anonymous_6)
FN:29,uploadMedia
FN:29,(anonymous_8)
FN:47,(anonymous_9)
FN:47,validateCid
FN:47,(anonymous_11)
FN:56,(anonymous_12)
FN:56,resolveUri
FN:56,(anonymous_14)
FN:67,(anonymous_15)
FN:70,(anonymous_16)
FN:75,(anonymous_17)
FN:67,uploadMultipleFiles
FN:82,dataURLtoBlob
FN:99,getExtensionFromMimeType
FN:114,(anonymous_21)
FN:119,(anonymous_22)
FN:119,generateVideoThumbnail
FN:10,getInstance
FNF:25
FNH:0
FNDA:0,(anonymous_0)
FNDA:0,MediaService
FNDA:0,(anonymous_2)
FNDA:0,(anonymous_3)
FNDA:0,isPinataConfigured
FNDA:0,(anonymous_5)
FNDA:0,(anonymous_6)
FNDA:0,uploadMedia
FNDA:0,(anonymous_8)
FNDA:0,(anonymous_9)
FNDA:0,validateCid
FNDA:0,(anonymous_11)
FNDA:0,(anonymous_12)
FNDA:0,resolveUri
FNDA:0,(anonymous_14)
FNDA:0,(anonymous_15)
FNDA:0,(anonymous_16)
FNDA:0,(anonymous_17)
FNDA:0,uploadMultipleFiles
FNDA:0,dataURLtoBlob
FNDA:0,getExtensionFromMimeType
FNDA:0,(anonymous_21)
FNDA:0,(anonymous_22)
FNDA:0,generateVideoThumbnail
FNDA:0,getInstance
DA:5,0
DA:8,0
DA:11,0
DA:12,0
DA:14,0
DA:20,0
DA:21,0
DA:22,0
DA:29,0
DA:34,0
DA:35,0
DA:36,0
DA:38,0
DA:40,0
DA:47,0
DA:48,0
DA:49,0
DA:56,0
DA:57,0
DA:58,0
DA:59,0
DA:60,0
DA:61,0
DA:67,0
DA:68,0
DA:70,0
DA:71,0
DA:73,0
DA:75,0
DA:83,0
DA:84,0
DA:85,0
DA:86,0
DA:87,0
DA:89,0
DA:90,0
DA:93,0
DA:100,0
DA:113,0
DA:114,0
DA:119,0
DA:120,0
DA:121,0
DA:124,0
DA:126,0
DA:127,0
LF:46
LH:0
BRDA:58,0,0,0
BRDA:61,1,0,0
BRDA:61,1,1,0
BRDA:84,2,0,0
BRDA:84,2,1,0
BRDA:84,3,0,0
BRDA:84,3,1,0
BRDA:113,4,0,0
BRDA:113,4,1,0
BRDA:119,5,0,0
BRDA:119,5,1,0
BRDA:119,6,0,0
BRDA:119,6,1,0
BRDA:11,7,0,0
BRF:14
BRH:0
end_of_record
TN:
SF:services\monitoring.ts
FN:20,(anonymous_0)
FN:21,startTimer
FN:22,(anonymous_3)
FN:24,inc
FN:26,(anonymous_5)
FN:27,(anonymous_7)
FN:28,Registry
FN:48,withMonitoring
FN:62,_withMonitoring
FN:48,(anonymous_12)
FNF:10
FNH:0
FNDA:0,(anonymous_0)
FNDA:0,startTimer
FNDA:0,(anonymous_3)
FNDA:0,inc
FNDA:0,(anonymous_5)
FNDA:0,(anonymous_7)
FNDA:0,Registry
FNDA:0,withMonitoring
FNDA:0,_withMonitoring
FNDA:0,(anonymous_12)
DA:10,0
DA:15,0
DA:16,0
DA:17,0
DA:18,0
DA:20,0
DA:22,0
DA:26,0
DA:27,0
DA:28,0
DA:31,0
DA:32,0
DA:34,0
DA:41,0
DA:48,0
DA:52,0
DA:53,0
DA:54,0
DA:56,0
DA:57,0
DA:58,0
DA:60,0
DA:62,0
LF:23
LH:0
BRDA:10,0,0,0
BRDA:10,0,1,0
BRDA:11,1,0,0
BRDA:11,1,1,0
BRF:4
BRH:0
end_of_record
TN:
SF:services\nearContract.ts
FN:13,getOrderPaymentFactoryAddress
FN:21,_getOrderPaymentFactoryAddress
FN:13,(anonymous_2)
FN:23,sendNear
FN:23,_sendNear
FN:23,(anonymous_5)
FN:24,(anonymous_6)
FN:27,deployOrderPayment
FN:49,_deployOrderPayment
FN:27,(anonymous_9)
FN:51,releasePayment
FN:65,_releasePayment
FN:51,(anonymous_12)
FN:67,refundPayment
FN:81,_refundPayment
FN:67,(anonymous_15)
FN:83,adminResolve
FN:102,_adminResolve
FN:83,(anonymous_18)
FNF:19
FNH:0
FNDA:0,getOrderPaymentFactoryAddress
FNDA:0,_getOrderPaymentFactoryAddress
FNDA:0,(anonymous_2)
FNDA:0,sendNear
FNDA:0,_sendNear
FNDA:0,(anonymous_5)
FNDA:0,(anonymous_6)
FNDA:0,deployOrderPayment
FNDA:0,_deployOrderPayment
FNDA:0,(anonymous_9)
FNDA:0,releasePayment
FNDA:0,_releasePayment
FNDA:0,(anonymous_12)
FNDA:0,refundPayment
FNDA:0,_refundPayment
FNDA:0,(anonymous_15)
FNDA:0,adminResolve
FNDA:0,_adminResolve
FNDA:0,(anonymous_18)
DA:9,0
DA:11,0
DA:13,0
DA:14,0
DA:15,0
DA:16,0
DA:20,0
DA:21,0
DA:23,0
DA:24,0
DA:25,0
DA:27,0
DA:30,0
DA:31,0
DA:32,0
DA:33,0
DA:34,0
DA:35,0
DA:36,0
DA:39,0
DA:40,0
DA:42,0
DA:43,0
DA:44,0
DA:45,0
DA:47,0
DA:49,0
DA:51,0
DA:52,0
DA:53,0
DA:54,0
DA:55,0
DA:56,0
DA:58,0
DA:59,0
DA:60,0
DA:61,0
DA:63,0
DA:65,0
DA:67,0
DA:68,0
DA:69,0
DA:70,0
DA:71,0
DA:72,0
DA:74,0
DA:75,0
DA:76,0
DA:77,0
DA:79,0
DA:81,0
DA:83,0
DA:87,0
DA:88,0
DA:89,0
DA:92,0
DA:93,0
DA:95,0
DA:96,0
DA:97,0
DA:98,0
DA:100,0
DA:102,0
LF:63
LH:0
BRDA:14,0,0,0
BRDA:17,1,0,0
BRDA:17,1,1,0
BRDA:17,1,2,0
BRDA:24,2,0,0
BRDA:24,2,1,0
BRDA:24,3,0,0
BRDA:24,3,1,0
BRDA:34,4,0,0
BRDA:34,4,1,0
BRDA:35,5,0,0
BRDA:35,5,1,0
BRDA:90,6,0,0
BRDA:90,6,1,0
BRF:14
BRH:0
end_of_record
TN:
SF:services\nearKvStore.ts
FN:40,lsKey
FN:42,validateSegment
FN:52,ensureLake
FN:52,_ensureLake
FN:52,(anonymous_4)
FN:95,objectKey
FN:101,localFile
FN:107,streamToString
FN:107,_streamToString
FN:107,(anonymous_9)
FN:118,setValue
FN:147,_setValue
FN:118,(anonymous_12)
FN:134,(anonymous_13)
FN:142,(anonymous_14)
FN:149,removeValue
FN:163,_removeValue
FN:149,(anonymous_17)
FN:158,(anonymous_18)
FN:162,(anonymous_19)
FN:165,getValue
FN:186,_getValue
FN:165,(anonymous_22)
FN:188,listValues
FN:223,_listValues
FN:188,(anonymous_25)
FN:193,(anonymous_26)
FN:193,(anonymous_27)
FN:214,(anonymous_28)
FN:214,(anonymous_29)
FN:217,(anonymous_30)
FNF:31
FNH:0
FNDA:0,lsKey
FNDA:0,validateSegment
FNDA:0,ensureLake
FNDA:0,_ensureLake
FNDA:0,(anonymous_4)
FNDA:0,objectKey
FNDA:0,localFile
FNDA:0,streamToString
FNDA:0,_streamToString
FNDA:0,(anonymous_9)
FNDA:0,setValue
FNDA:0,_setValue
FNDA:0,(anonymous_12)
FNDA:0,(anonymous_13)
FNDA:0,(anonymous_14)
FNDA:0,removeValue
FNDA:0,_removeValue
FNDA:0,(anonymous_17)
FNDA:0,(anonymous_18)
FNDA:0,(anonymous_19)
FNDA:0,getValue
FNDA:0,_getValue
FNDA:0,(anonymous_22)
FNDA:0,listValues
FNDA:0,_listValues
FNDA:0,(anonymous_25)
FNDA:0,(anonymous_26)
FNDA:0,(anonymous_27)
FNDA:0,(anonymous_28)
FNDA:0,(anonymous_29)
FNDA:0,(anonymous_30)
DA:9,0
DA:10,0
DA:12,0
DA:15,0
DA:16,0
DA:19,0
DA:20,0
DA:21,0
DA:22,0
DA:23,0
DA:30,0
DA:34,0
DA:37,0
DA:39,0
DA:40,0
DA:44,0
DA:47,0
DA:48,0
DA:52,0
DA:53,0
DA:54,0
DA:55,0
DA:56,0
DA:57,0
DA:62,0
DA:63,0
DA:67,0
DA:68,0
DA:69,0
DA:70,0
DA:71,0
DA:73,0
DA:74,0
DA:76,0
DA:77,0
DA:78,0
DA:80,0
DA:81,0
DA:82,0
DA:84,0
DA:85,0
DA:92,0
DA:93,0
DA:96,0
DA:97,0
DA:98,0
DA:102,0
DA:103,0
DA:104,0
DA:107,0
DA:108,0
DA:109,0
DA:110,0
DA:111,0
DA:112,0
DA:113,0
DA:114,0
DA:115,0
DA:116,0
DA:118,0
DA:119,0
DA:120,0
DA:121,0
DA:122,0
DA:123,0
DA:124,0
DA:125,0
DA:126,0
DA:128,0
DA:129,0
DA:131,0
DA:132,0
DA:133,0
DA:134,0
DA:136,0
DA:138,0
DA:140,0
DA:141,0
DA:142,0
DA:144,0
DA:145,0
DA:147,0
DA:149,0
DA:150,0
DA:151,0
DA:152,0
DA:153,0
DA:154,0
DA:155,0
DA:157,0
DA:158,0
DA:159,0
DA:161,0
DA:162,0
DA:163,0
DA:165,0
DA:166,0
DA:167,0
DA:168,0
DA:169,0
DA:170,0
DA:172,0
DA:173,0
DA:174,0
DA:175,0
DA:177,0
DA:180,0
DA:181,0
DA:182,0
DA:184,0
DA:186,0
DA:188,0
DA:191,0
DA:192,0
DA:193,0
DA:194,0
DA:195,0
DA:196,0
DA:197,0
DA:198,0
DA:199,0
DA:200,0
DA:201,0
DA:202,0
DA:203,0
DA:204,0
DA:208,0
DA:210,0
DA:211,0
DA:212,0
DA:213,0
DA:214,0
DA:217,0
DA:219,0
DA:221,0
DA:223,0
LF:136
LH:0
BRDA:15,0,0,0
BRDA:23,1,0,0
BRDA:23,1,1,0
BRDA:30,2,0,0
BRDA:30,2,1,0
BRDA:34,3,0,0
BRDA:34,3,1,0
BRDA:34,4,0,0
BRDA:34,4,1,0
BRDA:39,5,0,0
BRDA:39,5,1,0
BRDA:44,6,0,0
BRDA:44,6,1,0
BRDA:47,7,0,0
BRDA:47,8,0,0
BRDA:47,8,1,0
BRDA:47,8,2,0
BRDA:47,8,3,0
BRDA:53,9,0,0
BRDA:53,10,0,0
BRDA:53,10,1,0
BRDA:56,11,0,0
BRDA:60,12,0,0
BRDA:60,12,1,0
BRDA:67,13,0,0
BRDA:67,13,1,0
BRDA:70,14,0,0
BRDA:76,15,0,0
BRDA:76,16,0,0
BRDA:76,16,1,0
BRDA:80,17,0,0
BRDA:80,18,0,0
BRDA:80,18,1,0
BRDA:84,19,0,0
BRDA:108,20,0,0
BRDA:109,21,0,0
BRDA:110,22,0,0
BRDA:114,23,0,0
BRDA:114,24,0,0
BRDA:114,24,1,0
BRDA:122,25,0,0
BRDA:124,26,0,0
BRDA:128,27,0,0
BRDA:128,27,1,0
BRDA:128,28,0,0
BRDA:128,29,0,0
BRDA:131,30,0,0
BRDA:131,31,0,0
BRDA:131,31,1,0
BRDA:133,32,0,0
BRDA:133,32,1,0
BRDA:141,33,0,0
BRDA:141,33,1,0
BRDA:153,34,0,0
BRDA:154,35,0,0
BRDA:154,35,1,0
BRDA:154,36,0,0
BRDA:157,37,0,0
BRDA:157,38,0,0
BRDA:157,38,1,0
BRDA:169,39,0,0
BRDA:170,40,0,0
BRDA:170,40,1,0
BRDA:170,41,0,0
BRDA:170,42,0,0
BRDA:170,43,0,0
BRDA:170,44,0,0
BRDA:172,45,0,0
BRDA:172,46,0,0
BRDA:172,46,1,0
BRDA:193,47,0,0
BRDA:193,48,0,0
BRDA:193,48,1,0
BRDA:193,49,0,0
BRDA:193,50,0,0
BRDA:193,51,0,0
BRDA:193,52,0,0
BRDA:194,53,0,0
BRDA:194,54,0,0
BRDA:194,54,1,0
BRDA:203,55,0,0
BRDA:204,56,0,0
BRDA:204,57,0,0
BRDA:204,57,1,0
BRF:84
BRH:0
end_of_record
TN:
SF:services\nearLake.ts
FN:18,initLake
FN:25,(anonymous_1)
FN:27,(anonymous_2)
FN:27,(anonymous_3)
FN:29,(anonymous_4)
FN:38,onLakeError
FN:40,(anonymous_6)
FNF:7
FNH:0
FNDA:0,initLake
FNDA:0,(anonymous_1)
FNDA:0,(anonymous_2)
FNDA:0,(anonymous_3)
FNDA:0,(anonymous_4)
FNDA:0,onLakeError
FNDA:0,(anonymous_6)
DA:12,0
DA:19,0
DA:25,0
DA:26,0
DA:27,0
DA:28,0
DA:29,0
DA:31,0
DA:32,0
DA:33,0
DA:39,0
DA:40,0
LF:12
LH:0
BRDA:28,0,0,0
BRDA:28,0,1,0
BRDA:33,1,0,0
BRDA:33,1,1,0
BRF:4
BRH:0
end_of_record
TN:
SF:services\nearNotifications.ts
FN:10,getNotification
FN:13,_getNotification
FN:10,(anonymous_2)
FN:15,setNotification
FN:17,_setNotification
FN:15,(anonymous_5)
FN:19,removeNotification
FN:21,_removeNotification
FN:19,(anonymous_8)
FN:23,listNotifications
FN:26,_listNotifications
FN:23,(anonymous_11)
FN:25,(anonymous_12)
FNF:13
FNH:0
FNDA:0,getNotification
FNDA:0,_getNotification
FNDA:0,(anonymous_2)
FNDA:0,setNotification
FNDA:0,_setNotification
FNDA:0,(anonymous_5)
FNDA:0,removeNotification
FNDA:0,_removeNotification
FNDA:0,(anonymous_8)
FNDA:0,listNotifications
FNDA:0,_listNotifications
FNDA:0,(anonymous_11)
FNDA:0,(anonymous_12)
DA:6,0
DA:8,0
DA:10,0
DA:11,0
DA:12,0
DA:13,0
DA:15,0
DA:16,0
DA:17,0
DA:19,0
DA:20,0
DA:21,0
DA:23,0
DA:24,0
DA:25,0
DA:26,0
LF:16
LH:0
BRDA:12,0,0,0
BRDA:12,0,1,0
BRF:2
BRH:0
end_of_record
TN:
SF:services\nearOrders.ts
FN:11,getOrder
FN:11,_getOrder
FN:11,(anonymous_2)
FN:17,setOrder
FN:17,_setOrder
FN:17,(anonymous_5)
FN:22,removeOrder
FN:22,_removeOrder
FN:22,(anonymous_8)
FN:26,listOrders
FN:26,_listOrders
FN:26,(anonymous_11)
FN:30,(anonymous_12)
FN:31,(anonymous_13)
FN:33,listOrdersBySeller
FN:33,_listOrdersBySeller
FN:33,(anonymous_16)
FN:40,(anonymous_17)
FN:41,(anonymous_18)
FN:42,(anonymous_19)
FNF:20
FNH:0
FNDA:0,getOrder
FNDA:0,_getOrder
FNDA:0,(anonymous_2)
FNDA:0,setOrder
FNDA:0,_setOrder
FNDA:0,(anonymous_5)
FNDA:0,removeOrder
FNDA:0,_removeOrder
FNDA:0,(anonymous_8)
FNDA:0,listOrders
FNDA:0,_listOrders
FNDA:0,(anonymous_11)
FNDA:0,(anonymous_12)
FNDA:0,(anonymous_13)
FNDA:0,listOrdersBySeller
FNDA:0,_listOrdersBySeller
FNDA:0,(anonymous_16)
FNDA:0,(anonymous_17)
FNDA:0,(anonymous_18)
FNDA:0,(anonymous_19)
DA:1,1
DA:3,1
DA:4,1
DA:5,1
DA:7,1
DA:9,1
DA:11,1
DA:12,0
DA:13,0
DA:14,0
DA:15,0
DA:17,1
DA:18,0
DA:19,0
DA:20,0
DA:22,1
DA:23,0
DA:24,0
DA:25,0
DA:26,1
DA:27,0
DA:28,0
DA:29,0
DA:30,0
DA:31,0
DA:32,0
DA:33,1
DA:37,0
DA:38,0
DA:39,0
DA:40,0
DA:41,0
DA:42,0
DA:43,0
LF:34
LH:11
BRDA:14,0,0,0
BRDA:14,0,1,0
BRF:2
BRH:0
end_of_record
TN:
SF:services\nearSettings.ts
FN:32,assertAdmin
FN:57,getSetting
FN:59,_getSetting
FN:57,(anonymous_3)
FN:63,ensureNode
FN:63,_ensureNode
FN:63,(anonymous_6)
FN:86,emit
FN:86,_emit
FN:86,(anonymous_9)
FN:118,subscribeToSettingsWrites
FN:151,_subscribeToSettingsWrites
FN:118,(anonymous_12)
FN:122,(anonymous_13)
FN:125,(anonymous_14)
FN:125,(anonymous_15)
FN:125,handler
FN:144,(anonymous_17)
FN:153,setSetting
FN:168,_setSetting
FN:153,(anonymous_20)
FN:170,listSettings
FN:172,_listSettings
FN:170,(anonymous_23)
FN:174,fetchSettings
FN:218,_fetchSettings
FN:174,(anonymous_26)
FN:220,getFeeBps
FN:224,_getFeeBps
FN:220,(anonymous_29)
FN:226,setFeeBps
FN:228,_setFeeBps
FN:226,(anonymous_32)
FN:230,getAdmins
FN:237,_getAdmins
FN:230,(anonymous_35)
FN:239,setAdmins
FN:241,_setAdmins
FN:239,(anonymous_38)
FN:243,getAdminPublicKeys
FN:250,_getAdminPublicKeys
FN:243,(anonymous_41)
FN:252,setAdminPublicKeys
FN:257,_setAdminPublicKeys
FN:252,(anonymous_44)
FN:259,getPaymentFactoryAddress
FN:261,_getPaymentFactoryAddress
FN:259,(anonymous_47)
FN:263,setPaymentFactoryAddress
FN:268,_setPaymentFactoryAddress
FN:263,(anonymous_50)
FNF:51
FNH:0
FNDA:0,assertAdmin
FNDA:0,getSetting
FNDA:0,_getSetting
FNDA:0,(anonymous_3)
FNDA:0,ensureNode
FNDA:0,_ensureNode
FNDA:0,(anonymous_6)
FNDA:0,emit
FNDA:0,_emit
FNDA:0,(anonymous_9)
FNDA:0,subscribeToSettingsWrites
FNDA:0,_subscribeToSettingsWrites
FNDA:0,(anonymous_12)
FNDA:0,(anonymous_13)
FNDA:0,(anonymous_14)
FNDA:0,(anonymous_15)
FNDA:0,handler
FNDA:0,(anonymous_17)
FNDA:0,setSetting
FNDA:0,_setSetting
FNDA:0,(anonymous_20)
FNDA:0,listSettings
FNDA:0,_listSettings
FNDA:0,(anonymous_23)
FNDA:0,fetchSettings
FNDA:0,_fetchSettings
FNDA:0,(anonymous_26)
FNDA:0,getFeeBps
FNDA:0,_getFeeBps
FNDA:0,(anonymous_29)
FNDA:0,setFeeBps
FNDA:0,_setFeeBps
FNDA:0,(anonymous_32)
FNDA:0,getAdmins
FNDA:0,_getAdmins
FNDA:0,(anonymous_35)
FNDA:0,setAdmins
FNDA:0,_setAdmins
FNDA:0,(anonymous_38)
FNDA:0,getAdminPublicKeys
FNDA:0,_getAdminPublicKeys
FNDA:0,(anonymous_41)
FNDA:0,setAdminPublicKeys
FNDA:0,_setAdminPublicKeys
FNDA:0,(anonymous_44)
FNDA:0,getPaymentFactoryAddress
FNDA:0,_getPaymentFactoryAddress
FNDA:0,(anonymous_47)
FNDA:0,setPaymentFactoryAddress
FNDA:0,_setPaymentFactoryAddress
FNDA:0,(anonymous_50)
DA:16,0
DA:18,0
DA:20,0
DA:21,0
DA:22,0
DA:23,0
DA:26,0
DA:28,0
DA:33,0
DA:34,0
DA:36,0
DA:37,0
DA:57,0
DA:58,0
DA:59,0
DA:61,0
DA:63,0
DA:64,0
DA:65,0
DA:66,0
DA:67,0
DA:69,0
DA:70,0
DA:71,0
DA:73,0
DA:74,0
DA:75,0
DA:76,0
DA:77,0
DA:78,0
DA:80,0
DA:81,0
DA:82,0
DA:84,0
DA:86,0
DA:87,0
DA:88,0
DA:89,0
DA:90,0
DA:91,0
DA:92,0
DA:98,0
DA:105,0
DA:106,0
DA:108,0
DA:109,0
DA:110,0
DA:114,0
DA:116,0
DA:118,0
DA:121,0
DA:122,0
DA:123,0
DA:124,0
DA:125,0
DA:126,0
DA:127,0
DA:128,0
DA:129,0
DA:133,0
DA:134,0
DA:135,0
DA:136,0
DA:138,0
DA:140,0
DA:141,0
DA:144,0
DA:145,0
DA:146,0
DA:148,0
DA:151,0
DA:153,0
DA:158,0
DA:159,0
DA:160,0
DA:167,0
DA:168,0
DA:170,0
DA:171,0
DA:172,0
DA:174,0
DA:175,0
DA:176,0
DA:177,0
DA:178,0
DA:180,0
DA:181,0
DA:182,0
DA:184,0
DA:185,0
DA:186,0
DA:187,0
DA:188,0
DA:192,0
DA:195,0
DA:196,0
DA:197,0
DA:218,0
DA:220,0
DA:221,0
DA:222,0
DA:223,0
DA:224,0
DA:226,0
DA:227,0
DA:228,0
DA:230,0
DA:231,0
DA:232,0
DA:233,0
DA:235,0
DA:237,0
DA:239,0
DA:240,0
DA:241,0
DA:243,0
DA:244,0
DA:245,0
DA:246,0
DA:248,0
DA:250,0
DA:252,0
DA:256,0
DA:257,0
DA:259,0
DA:260,0
DA:261,0
DA:263,0
DA:267,0
DA:268,0
LF:130
LH:0
BRDA:21,0,0,0
BRDA:21,0,1,0
BRDA:22,1,0,0
BRDA:22,1,1,0
BRDA:23,2,0,0
BRDA:23,2,1,0
BRDA:26,3,0,0
BRDA:26,3,1,0
BRDA:26,3,2,0
BRDA:28,4,0,0
BRDA:28,4,1,0
BRDA:29,5,0,0
BRDA:29,5,1,0
BRDA:29,6,0,0
BRDA:29,6,1,0
BRDA:30,7,0,0
BRDA:30,7,1,0
BRDA:30,8,0,0
BRDA:30,8,1,0
BRDA:33,9,0,0
BRDA:36,10,0,0
BRDA:64,11,0,0
BRDA:66,12,0,0
BRDA:66,13,0,0
BRDA:66,13,1,0
BRDA:70,14,0,0
BRDA:75,15,0,0
BRDA:88,16,0,0
BRDA:122,17,0,0
BRDA:126,18,0,0
BRDA:135,19,0,0
BRDA:145,20,0,0
BRDA:145,20,1,0
BRDA:148,21,0,0
BRDA:148,21,1,0
BRDA:148,21,2,0
BRDA:181,22,0,0
BRDA:185,23,0,0
BRDA:187,24,0,0
BRDA:187,24,1,0
BRDA:195,25,0,0
BRDA:195,25,1,0
BRDA:196,26,0,0
BRDA:196,26,1,0
BRDA:198,27,0,0
BRDA:198,27,1,0
BRDA:199,28,0,0
BRDA:199,28,1,0
BRDA:200,29,0,0
BRDA:200,29,1,0
BRDA:201,30,0,0
BRDA:201,30,1,0
BRDA:203,31,0,0
BRDA:203,31,1,0
BRDA:206,32,0,0
BRDA:206,32,1,0
BRDA:209,33,0,0
BRDA:209,33,1,0
BRDA:210,34,0,0
BRDA:210,34,1,0
BRDA:213,35,0,0
BRDA:213,35,1,0
BRDA:216,36,0,0
BRDA:216,36,1,0
BRDA:223,37,0,0
BRDA:223,37,1,0
BRDA:233,38,0,0
BRDA:233,38,1,0
BRDA:246,39,0,0
BRDA:246,39,1,0
BRDA:260,40,0,0
BRDA:260,40,1,0
BRF:72
BRH:0
end_of_record
TN:
SF:services\nearStoreContract.ts
FN:14,getProvider
FN:19,getContractId
FN:23,parseResult
FN:27,getStore
FN:52,_getStore
FN:27,(anonymous_5)
FN:54,listStores
FN:77,_listStores
FN:54,(anonymous_8)
FN:66,(anonymous_9)
FN:79,mintStore
FN:111,_mintStore
FN:79,(anonymous_12)
FNF:13
FNH:0
FNDA:0,getProvider
FNDA:0,getContractId
FNDA:0,parseResult
FNDA:0,getStore
FNDA:0,_getStore
FNDA:0,(anonymous_5)
FNDA:0,listStores
FNDA:0,_listStores
FNDA:0,(anonymous_8)
FNDA:0,(anonymous_9)
FNDA:0,mintStore
FNDA:0,_mintStore
FNDA:0,(anonymous_12)
DA:15,0
DA:16,0
DA:20,0
DA:24,0
DA:27,0
DA:28,0
DA:29,0
DA:30,0
DA:37,0
DA:38,0
DA:39,0
DA:50,0
DA:52,0
DA:54,0
DA:55,0
DA:56,0
DA:57,0
DA:64,0
DA:65,0
DA:66,0
DA:75,0
DA:77,0
DA:79,0
DA:80,0
DA:81,0
DA:82,0
DA:83,0
DA:84,0
DA:86,0
DA:87,0
DA:107,0
DA:109,0
DA:111,0
LF:33
LH:0
BRDA:38,0,0,0
BRDA:40,1,0,0
BRDA:40,1,1,0
BRDA:40,2,0,0
BRDA:40,2,1,0
BRDA:41,3,0,0
BRDA:41,3,1,0
BRDA:42,4,0,0
BRDA:42,4,1,0
BRDA:42,5,0,0
BRDA:42,5,1,0
BRDA:43,6,0,0
BRDA:43,6,1,0
BRDA:45,7,0,0
BRDA:45,7,1,0
BRDA:50,8,0,0
BRDA:50,8,1,0
BRDA:65,9,0,0
BRDA:67,10,0,0
BRDA:67,10,1,0
BRDA:67,11,0,0
BRDA:67,11,1,0
BRDA:68,12,0,0
BRDA:68,12,1,0
BRDA:69,13,0,0
BRDA:69,13,1,0
BRDA:69,14,0,0
BRDA:69,14,1,0
BRDA:70,15,0,0
BRDA:70,15,1,0
BRDA:72,16,0,0
BRDA:72,16,1,0
BRDA:75,17,0,0
BRDA:75,17,1,0
BRDA:83,18,0,0
BRDA:83,19,0,0
BRDA:83,19,1,0
BRDA:107,20,0,0
BRDA:107,20,1,0
BRDA:107,21,0,0
BRDA:107,21,1,0
BRDA:109,22,0,0
BRDA:109,22,1,0
BRF:43
BRH:0
end_of_record
TN:
SF:services\nearStoreLake.ts
FN:7,toStore
FN:15,startNearStoreLake
FN:24,(anonymous_2)
FN:24,(anonymous_3)
FN:24,onBlock
FNF:5
FNH:0
FNDA:0,toStore
FNDA:0,startNearStoreLake
FNDA:0,(anonymous_2)
FNDA:0,(anonymous_3)
FNDA:0,onBlock
DA:5,0
DA:8,0
DA:9,0
DA:10,0
DA:11,0
DA:12,0
DA:16,0
DA:17,0
DA:18,0
DA:19,0
DA:20,0
DA:24,0
DA:25,0
DA:26,0
DA:27,0
DA:28,0
DA:29,0
DA:30,0
DA:31,0
DA:32,0
DA:33,0
DA:34,0
DA:35,0
DA:46,0
LF:24
LH:0
BRDA:8,0,0,0
BRDA:8,0,1,0
BRDA:8,0,2,0
BRDA:9,1,0,0
BRDA:9,1,1,0
BRDA:10,2,0,0
BRDA:10,2,1,0
BRDA:11,3,0,0
BRDA:11,4,0,0
BRDA:11,4,1,0
BRDA:16,5,0,0
BRDA:18,6,0,0
BRDA:18,6,1,0
BRDA:18,6,2,0
BRDA:19,7,0,0
BRDA:22,8,0,0
BRDA:22,8,1,0
BRDA:23,9,0,0
BRDA:23,9,1,0
BRDA:27,10,0,0
BRDA:27,10,1,0
BRDA:31,11,0,0
BRDA:31,12,0,0
BRDA:31,12,1,0
BRDA:33,13,0,0
BRF:25
BRH:0
end_of_record
TN:
SF:services\notification.ts
FN:8,(anonymous_0)
FN:11,NotificationService
FN:11,(anonymous_2)
FN:20,(anonymous_3)
FN:28,(anonymous_4)
FN:29,(anonymous_5)
FN:20,getNotifications
FN:20,(anonymous_7)
FN:36,(anonymous_8)
FN:36,markAsRead
FN:36,(anonymous_10)
FN:49,(anonymous_11)
FN:52,(anonymous_12)
FN:49,markAllAsRead
FN:49,(anonymous_14)
FN:65,(anonymous_15)
FN:65,deleteNotification
FN:65,(anonymous_17)
FN:75,(anonymous_18)
FN:75,addNotification
FN:75,(anonymous_20)
FN:99,(anonymous_21)
FN:106,(anonymous_22)
FN:99,getUnreadCount
FN:115,subscribeToUserNotifications
FN:116,handler
FN:124,unsubscribeFromNotifications
FN:13,getInstance
FNF:28
FNH:0
FNDA:0,(anonymous_0)
FNDA:0,NotificationService
FNDA:0,(anonymous_2)
FNDA:0,(anonymous_3)
FNDA:0,(anonymous_4)
FNDA:0,(anonymous_5)
FNDA:0,getNotifications
FNDA:0,(anonymous_7)
FNDA:0,(anonymous_8)
FNDA:0,markAsRead
FNDA:0,(anonymous_10)
FNDA:0,(anonymous_11)
FNDA:0,(anonymous_12)
FNDA:0,markAllAsRead
FNDA:0,(anonymous_14)
FNDA:0,(anonymous_15)
FNDA:0,deleteNotification
FNDA:0,(anonymous_17)
FNDA:0,(anonymous_18)
FNDA:0,addNotification
FNDA:0,(anonymous_20)
FNDA:0,(anonymous_21)
FNDA:0,(anonymous_22)
FNDA:0,getUnreadCount
FNDA:0,subscribeToUserNotifications
FNDA:0,handler
FNDA:0,unsubscribeFromNotifications
FNDA:0,getInstance
DA:8,0
DA:11,0
DA:14,0
DA:15,0
DA:17,0
DA:20,0
DA:21,0
DA:22,0
DA:23,0
DA:24,0
DA:26,0
DA:27,0
DA:28,0
DA:29,0
DA:31,0
DA:32,0
DA:36,0
DA:37,0
DA:38,0
DA:39,0
DA:40,0
DA:41,0
DA:42,0
DA:44,0
DA:45,0
DA:49,0
DA:50,0
DA:51,0
DA:52,0
DA:54,0
DA:55,0
DA:56,0
DA:58,0
DA:60,0
DA:61,0
DA:65,0
DA:66,0
DA:67,0
DA:68,0
DA:70,0
DA:71,0
DA:75,0
DA:81,0
DA:82,0
DA:91,0
DA:92,0
DA:94,0
DA:95,0
DA:99,0
DA:100,0
DA:101,0
DA:102,0
DA:103,0
DA:105,0
DA:106,0
DA:109,0
DA:110,0
DA:116,0
DA:117,0
DA:119,0
DA:120,0
DA:125,0
LF:62
LH:0
BRDA:22,0,0,0
BRDA:39,1,0,0
BRDA:52,2,0,0
BRDA:52,2,1,0
BRDA:101,3,0,0
BRDA:106,4,0,0
BRDA:106,4,1,0
BRDA:117,5,0,0
BRDA:14,6,0,0
BRF:9
BRH:0
end_of_record
TN:
SF:services\orders.ts
FN:26,emitOrderEvents
FN:53,_emitOrderEvents
FN:26,(anonymous_2)
FN:55,(anonymous_3)
FN:59,OrderService
FN:60,(anonymous_5)
FN:70,notifyListeners
FN:71,(anonymous_7)
FN:74,addListener
FN:78,removeListener
FN:82,getTrackingSteps
FN:109,(anonymous_11)
FN:111,(anonymous_12)
FN:123,(anonymous_13)
FN:111,createOrder
FN:111,(anonymous_15)
FN:176,(anonymous_16)
FN:176,createOrdersFromCart
FN:176,(anonymous_18)
FN:222,(anonymous_19)
FN:222,decrementProductStock
FN:256,simulateOrderProgress
FN:263,_loop
FN:265,(anonymous_23)
FN:269,(anonymous_24)
FN:270,(anonymous_25)
FN:270,getOrder
FN:270,(anonymous_27)
FN:274,(anonymous_28)
FN:276,(anonymous_29)
FN:274,getUserOrders
FN:274,(anonymous_31)
FN:279,(anonymous_32)
FN:279,getUserOrderCount
FN:279,(anonymous_34)
FN:283,(anonymous_35)
FN:283,updateOrderStatus
FN:283,(anonymous_37)
FN:293,(anonymous_38)
FN:293,resolveDispute
FN:63,getInstance
FNF:41
FNH:0
FNDA:0,emitOrderEvents
FNDA:0,_emitOrderEvents
FNDA:0,(anonymous_2)
FNDA:0,(anonymous_3)
FNDA:0,OrderService
FNDA:0,(anonymous_5)
FNDA:0,notifyListeners
FNDA:0,(anonymous_7)
FNDA:0,addListener
FNDA:0,removeListener
FNDA:0,getTrackingSteps
FNDA:0,(anonymous_11)
FNDA:0,(anonymous_12)
FNDA:0,(anonymous_13)
FNDA:0,createOrder
FNDA:0,(anonymous_15)
FNDA:0,(anonymous_16)
FNDA:0,createOrdersFromCart
FNDA:0,(anonymous_18)
FNDA:0,(anonymous_19)
FNDA:0,decrementProductStock
FNDA:0,simulateOrderProgress
FNDA:0,_loop
FNDA:0,(anonymous_23)
FNDA:0,(anonymous_24)
FNDA:0,(anonymous_25)
FNDA:0,getOrder
FNDA:0,(anonymous_27)
FNDA:0,(anonymous_28)
FNDA:0,(anonymous_29)
FNDA:0,getUserOrders
FNDA:0,(anonymous_31)
FNDA:0,(anonymous_32)
FNDA:0,getUserOrderCount
FNDA:0,(anonymous_34)
FNDA:0,(anonymous_35)
FNDA:0,updateOrderStatus
FNDA:0,(anonymous_37)
FNDA:0,(anonymous_38)
FNDA:0,resolveDispute
FNDA:0,getInstance
DA:22,0
DA:23,0
DA:24,0
DA:26,0
DA:27,0
DA:40,0
DA:41,0
DA:44,0
DA:45,0
DA:51,0
DA:53,0
DA:55,0
DA:59,0
DA:60,0
DA:61,0
DA:64,0
DA:65,0
DA:67,0
DA:71,0
DA:75,0
DA:79,0
DA:83,0
DA:91,0
DA:99,0
DA:100,0
DA:101,0
DA:102,0
DA:103,0
DA:104,0
DA:105,0
DA:108,0
DA:109,0
DA:111,0
DA:123,0
DA:124,0
DA:125,0
DA:128,0
DA:129,0
DA:130,0
DA:131,0
DA:133,0
DA:134,0
DA:137,0
DA:138,0
DA:141,0
DA:142,0
DA:143,0
DA:147,0
DA:149,0
DA:170,0
DA:171,0
DA:172,0
DA:173,0
DA:176,0
DA:180,0
DA:182,0
DA:183,0
DA:184,0
DA:185,0
DA:186,0
DA:189,0
DA:190,0
DA:191,0
DA:193,0
DA:210,0
DA:216,0
DA:217,0
DA:219,0
DA:222,0
DA:223,0
DA:224,0
DA:225,0
DA:226,0
DA:227,0
DA:228,0
DA:230,0
DA:231,0
DA:236,0
DA:238,0
DA:239,0
DA:240,0
DA:241,0
DA:245,0
DA:251,0
DA:256,0
DA:257,0
DA:263,0
DA:264,0
DA:265,0
DA:266,0
DA:269,0
DA:270,0
DA:271,0
DA:274,0
DA:275,0
DA:276,0
DA:279,0
DA:280,0
DA:283,0
DA:284,0
DA:285,0
DA:286,0
DA:287,0
DA:288,0
DA:289,0
DA:290,0
DA:293,0
DA:294,0
DA:295,0
DA:296,0
DA:297,0
DA:298,0
DA:300,0
DA:303,0
DA:304,0
DA:306,0
DA:307,0
LF:117
LH:0
BRDA:44,0,0,0
BRDA:102,1,0,0
BRDA:124,2,0,0
BRDA:124,2,1,0
BRDA:129,3,0,0
BRDA:129,4,0,0
BRDA:129,4,1,0
BRDA:129,4,2,0
BRDA:129,5,0,0
BRDA:129,5,1,0
BRDA:130,6,0,0
BRDA:137,7,0,0
BRDA:137,8,0,0
BRDA:137,8,1,0
BRDA:138,9,0,0
BRDA:138,9,1,0
BRDA:147,10,0,0
BRDA:147,10,1,0
BRDA:147,11,0,0
BRDA:147,11,1,0
BRDA:157,12,0,0
BRDA:157,12,1,0
BRDA:157,13,0,0
BRDA:157,13,1,0
BRDA:158,14,0,0
BRDA:158,14,1,0
BRDA:159,15,0,0
BRDA:159,15,1,0
BRDA:160,16,0,0
BRDA:160,16,1,0
BRDA:161,17,0,0
BRDA:161,17,1,0
BRDA:162,18,0,0
BRDA:162,18,1,0
BRDA:166,19,0,0
BRDA:166,19,1,0
BRDA:167,20,0,0
BRDA:167,20,1,0
BRDA:180,21,0,0
BRDA:180,21,1,0
BRDA:180,22,0,0
BRDA:180,22,1,0
BRDA:185,23,0,0
BRDA:193,24,0,0
BRDA:193,24,1,0
BRDA:196,25,0,0
BRDA:196,25,1,0
BRDA:197,26,0,0
BRDA:197,26,1,0
BRDA:199,27,0,0
BRDA:199,27,1,0
BRDA:202,28,0,0
BRDA:202,28,1,0
BRDA:203,29,0,0
BRDA:203,29,1,0
BRDA:207,30,0,0
BRDA:207,30,1,0
BRDA:208,31,0,0
BRDA:208,31,1,0
BRDA:226,32,0,0
BRDA:230,33,0,0
BRDA:240,34,0,0
BRDA:271,35,0,0
BRDA:271,35,1,0
BRDA:285,36,0,0
BRDA:295,37,0,0
BRDA:295,38,0,0
BRDA:295,38,1,0
BRDA:297,39,0,0
BRDA:297,39,1,0
BRDA:298,40,0,0
BRDA:298,40,1,0
BRDA:300,41,0,0
BRDA:300,41,1,0
BRDA:301,42,0,0
BRDA:301,42,1,0
BRDA:302,43,0,0
BRDA:302,43,1,0
BRDA:303,44,0,0
BRDA:303,45,0,0
BRDA:303,45,1,0
BRDA:303,45,2,0
BRDA:307,46,0,0
BRDA:307,46,1,0
BRDA:64,47,0,0
BRF:85
BRH:0
end_of_record
TN:
SF:services\pinata.ts
FN:13,(anonymous_0)
FN:16,PinataService
FN:28,isCidOrUrl
FN:30,(anonymous_3)
FN:37,(anonymous_4)
FN:37,uploadFile
FN:37,(anonymous_6)
FN:93,(anonymous_7)
FN:93,getEncryptionKey
FN:93,(anonymous_9)
FN:106,(anonymous_10)
FN:106,secureDelete
FN:106,(anonymous_12)
FN:123,(anonymous_13)
FN:123,validateCid
FN:123,(anonymous_15)
FN:157,(anonymous_16)
FN:157,isPinataConfigured
FN:18,getInstance
FNF:19
FNH:0
FNDA:0,(anonymous_0)
FNDA:0,PinataService
FNDA:0,isCidOrUrl
FNDA:0,(anonymous_3)
FNDA:0,(anonymous_4)
FNDA:0,uploadFile
FNDA:0,(anonymous_6)
FNDA:0,(anonymous_7)
FNDA:0,getEncryptionKey
FNDA:0,(anonymous_9)
FNDA:0,(anonymous_10)
FNDA:0,secureDelete
FNDA:0,(anonymous_12)
FNDA:0,(anonymous_13)
FNDA:0,validateCid
FNDA:0,(anonymous_15)
FNDA:0,(anonymous_16)
FNDA:0,isPinataConfigured
FNDA:0,getInstance
DA:13,0
DA:16,0
DA:19,0
DA:20,0
DA:22,0
DA:29,0
DA:30,0
DA:37,0
DA:42,0
DA:43,0
DA:46,0
DA:47,0
DA:48,0
DA:51,0
DA:52,0
DA:53,0
DA:55,0
DA:57,0
DA:58,0
DA:59,0
DA:60,0
DA:61,0
DA:62,0
DA:63,0
DA:65,0
DA:68,0
DA:69,0
DA:70,0
DA:71,0
DA:72,0
DA:73,0
DA:76,0
DA:77,0
DA:85,0
DA:86,0
DA:88,0
DA:89,0
DA:90,0
DA:93,0
DA:94,0
DA:95,0
DA:96,0
DA:97,0
DA:106,0
DA:107,0
DA:108,0
DA:109,0
DA:110,0
DA:111,0
DA:112,0
DA:114,0
DA:115,0
DA:123,0
DA:124,0
DA:125,0
DA:127,0
DA:129,0
DA:132,0
DA:133,0
DA:134,0
DA:136,0
DA:137,0
DA:138,0
DA:139,0
DA:140,0
DA:141,0
DA:144,0
DA:145,0
DA:149,0
DA:150,0
DA:151,0
DA:153,0
DA:157,0
DA:158,0
DA:159,0
DA:160,0
DA:161,0
LF:77
LH:0
BRDA:42,0,0,0
BRDA:46,1,0,0
BRDA:57,2,0,0
BRDA:57,2,1,0
BRDA:59,3,0,0
BRDA:59,3,1,0
BRDA:69,4,0,0
BRDA:69,4,1,0
BRDA:71,5,0,0
BRDA:71,6,0,0
BRDA:71,6,1,0
BRDA:76,7,0,0
BRDA:76,7,1,0
BRDA:85,8,0,0
BRDA:89,9,0,0
BRDA:89,9,1,0
BRDA:125,10,0,0
BRDA:127,11,0,0
BRDA:137,12,0,0
BRDA:137,12,1,0
BRDA:139,13,0,0
BRDA:139,14,0,0
BRDA:139,14,1,0
BRDA:149,15,0,0
BRDA:151,16,0,0
BRDA:151,16,1,0
BRDA:161,17,0,0
BRDA:161,17,1,0
BRDA:161,17,2,0
BRDA:19,18,0,0
BRF:30
BRH:0
end_of_record
TN:
SF:services\roadmap.ts
FN:3,(anonymous_0)
FN:15,addRoadmap
FN:22,setActiveRoadmap
FN:31,getActiveRoadmap
FN:36,getRoadmap
FN:40,addTask
FN:47,completeTask
FN:50,(anonymous_8)
FN:54,getTasks
FN:58,getNextPendingTask
FN:61,(anonymous_11)
FN:62,(anonymous_12)
FN:65,getProgress
FN:68,(anonymous_14)
FN:8,getInstance
FNF:15
FNH:0
FNDA:0,(anonymous_0)
FNDA:0,addRoadmap
FNDA:0,setActiveRoadmap
FNDA:0,getActiveRoadmap
FNDA:0,getRoadmap
FNDA:0,addTask
FNDA:0,completeTask
FNDA:0,(anonymous_8)
FNDA:0,getTasks
FNDA:0,getNextPendingTask
FNDA:0,(anonymous_11)
FNDA:0,(anonymous_12)
FNDA:0,getProgress
FNDA:0,(anonymous_14)
FNDA:0,getInstance
DA:3,0
DA:5,0
DA:6,0
DA:9,0
DA:10,0
DA:12,0
DA:16,0
DA:17,0
DA:18,0
DA:23,0
DA:25,0
DA:26,0
DA:27,0
DA:32,0
DA:33,0
DA:37,0
DA:41,0
DA:42,0
DA:43,0
DA:44,0
DA:48,0
DA:49,0
DA:50,0
DA:51,0
DA:55,0
DA:59,0
DA:60,0
DA:61,0
DA:62,0
DA:66,0
DA:67,0
DA:68,0
DA:69,0
LF:33
LH:0
BRDA:17,0,0,0
BRDA:32,1,0,0
BRDA:33,2,0,0
BRDA:33,2,1,0
BRDA:37,3,0,0
BRDA:37,3,1,0
BRDA:42,4,0,0
BRDA:49,5,0,0
BRDA:51,6,0,0
BRDA:55,7,0,0
BRDA:55,7,1,0
BRDA:55,8,0,0
BRDA:55,8,1,0
BRDA:60,9,0,0
BRDA:62,10,0,0
BRDA:62,10,1,0
BRDA:67,11,0,0
BRDA:67,12,0,0
BRDA:67,12,1,0
BRDA:9,13,0,0
BRF:20
BRH:0
end_of_record
TN:
SF:services\waku.ts
FN:20,isWakuDisabled
FN:39,(anonymous_1)
FN:51,getPublisherKey
FN:62,(anonymous_3)
FN:73,getBootstraps
FN:84,startNode
FN:84,_startNode
FN:84,(anonymous_7)
FN:103,(anonymous_8)
FN:110,(anonymous_9)
FN:110,(anonymous_10)
FN:113,(anonymous_11)
FN:131,scheduleReconnect
FN:134,(anonymous_13)
FN:145,ensureNode
FN:187,_ensureNode
FN:145,(anonymous_16)
FN:189,sendAck
FN:189,_sendAck
FN:189,(anonymous_19)
FN:199,publish
FN:213,_publish
FN:199,(anonymous_22)
FN:215,subscribeWithAck
FN:246,_subscribeWithAck
FN:215,(anonymous_25)
FN:220,(anonymous_26)
FN:223,(anonymous_27)
FN:223,(anonymous_28)
FN:223,handler
FN:239,(anonymous_30)
FN:248,fetchHistory
FN:274,_fetchHistory
FN:248,(anonymous_33)
FN:279,dedupeKey
FN:283,handleLakeBlock
FN:283,_handleLakeBlock
FN:283,(anonymous_37)
FNF:38
FNH:0
FNDA:0,isWakuDisabled
FNDA:0,(anonymous_1)
FNDA:0,getPublisherKey
FNDA:0,(anonymous_3)
FNDA:0,getBootstraps
FNDA:0,startNode
FNDA:0,_startNode
FNDA:0,(anonymous_7)
FNDA:0,(anonymous_8)
FNDA:0,(anonymous_9)
FNDA:0,(anonymous_10)
FNDA:0,(anonymous_11)
FNDA:0,scheduleReconnect
FNDA:0,(anonymous_13)
FNDA:0,ensureNode
FNDA:0,_ensureNode
FNDA:0,(anonymous_16)
FNDA:0,sendAck
FNDA:0,_sendAck
FNDA:0,(anonymous_19)
FNDA:0,publish
FNDA:0,_publish
FNDA:0,(anonymous_22)
FNDA:0,subscribeWithAck
FNDA:0,_subscribeWithAck
FNDA:0,(anonymous_25)
FNDA:0,(anonymous_26)
FNDA:0,(anonymous_27)
FNDA:0,(anonymous_28)
FNDA:0,handler
FNDA:0,(anonymous_30)
FNDA:0,fetchHistory
FNDA:0,_fetchHistory
FNDA:0,(anonymous_33)
FNDA:0,dedupeKey
FNDA:0,handleLakeBlock
FNDA:0,_handleLakeBlock
FNDA:0,(anonymous_37)
DA:18,0
DA:19,0
DA:22,0
DA:23,0
DA:30,0
DA:33,0
DA:39,0
DA:42,0
DA:46,0
DA:47,0
DA:48,0
DA:49,0
DA:52,0
DA:53,0
DA:54,0
DA:56,0
DA:62,0
DA:67,0
DA:69,0
DA:74,0
DA:75,0
DA:79,0
DA:81,0
DA:84,0
DA:85,0
DA:86,0
DA:87,0
DA:88,0
DA:89,0
DA:90,0
DA:92,0
DA:93,0
DA:94,0
DA:95,0
DA:96,0
DA:98,0
DA:99,0
DA:100,0
DA:102,0
DA:103,0
DA:104,0
DA:105,0
DA:107,0
DA:108,0
DA:109,0
DA:110,0
DA:111,0
DA:112,0
DA:113,0
DA:114,0
DA:115,0
DA:116,0
DA:117,0
DA:123,0
DA:125,0
DA:128,0
DA:129,0
DA:131,0
DA:132,0
DA:133,0
DA:134,0
DA:135,0
DA:136,0
DA:137,0
DA:139,0
DA:140,0
DA:145,0
DA:146,0
DA:147,0
DA:148,0
DA:149,0
DA:150,0
DA:151,0
DA:152,0
DA:153,0
DA:154,0
DA:156,0
DA:159,0
DA:160,0
DA:161,0
DA:162,0
DA:165,0
DA:167,0
DA:168,0
DA:171,0
DA:172,0
DA:173,0
DA:176,0
DA:177,0
DA:178,0
DA:179,0
DA:181,0
DA:182,0
DA:183,0
DA:185,0
DA:187,0
DA:189,0
DA:190,0
DA:191,0
DA:192,0
DA:193,0
DA:194,0
DA:197,0
DA:199,0
DA:200,0
DA:201,0
DA:202,0
DA:203,0
DA:204,0
DA:205,0
DA:206,0
DA:207,0
DA:208,0
DA:210,0
DA:212,0
DA:213,0
DA:215,0
DA:219,0
DA:220,0
DA:221,0
DA:222,0
DA:223,0
DA:224,0
DA:225,0
DA:226,0
DA:227,0
DA:228,0
DA:229,0
DA:230,0
DA:231,0
DA:235,0
DA:236,0
DA:239,0
DA:240,0
DA:241,0
DA:243,0
DA:246,0
DA:248,0
DA:252,0
DA:253,0
DA:254,0
DA:255,0
DA:256,0
DA:258,0
DA:259,0
DA:260,0
DA:261,0
DA:262,0
DA:263,0
DA:264,0
DA:265,0
DA:266,0
DA:271,0
DA:272,0
DA:274,0
DA:276,0
DA:277,0
DA:280,0
DA:283,0
DA:284,0
DA:285,0
DA:286,0
DA:287,0
DA:288,0
DA:289,0
DA:290,0
DA:291,0
DA:292,0
DA:293,0
DA:294,0
DA:295,0
DA:296,0
DA:297,0
DA:298,0
DA:299,0
DA:300,0
DA:312,0
DA:313,0
DA:314,0
DA:315,0
DA:316,0
DA:317,0
DA:318,0
DA:319,0
DA:320,0
DA:321,0
DA:322,0
DA:323,0
DA:324,0
DA:328,0
DA:335,0
DA:338,0
LF:192
LH:0
BRDA:19,0,0,0
BRDA:19,0,1,0
BRDA:19,1,0,0
BRDA:19,1,1,0
BRDA:22,2,0,0
BRDA:24,3,0,0
BRDA:24,3,1,0
BRDA:30,4,0,0
BRDA:30,4,1,0
BRDA:30,4,2,0
BRDA:34,5,0,0
BRDA:34,5,1,0
BRDA:34,5,2,0
BRDA:52,6,0,0
BRDA:53,7,0,0
BRDA:56,8,0,0
BRDA:56,8,1,0
BRDA:57,9,0,0
BRDA:57,9,1,0
BRDA:74,10,0,0
BRDA:75,11,0,0
BRDA:76,12,0,0
BRDA:76,12,1,0
BRDA:76,12,2,0
BRDA:86,13,0,0
BRDA:86,14,0,0
BRDA:86,14,1,0
BRDA:98,15,0,0
BRDA:98,15,1,0
BRDA:99,16,0,0
BRDA:99,17,0,0
BRDA:99,17,1,0
BRDA:102,18,0,0
BRDA:115,19,0,0
BRDA:115,20,0,0
BRDA:115,20,1,0
BRDA:119,21,0,0
BRDA:119,21,1,0
BRDA:120,22,0,0
BRDA:120,22,1,0
BRDA:131,23,0,0
BRDA:131,23,1,0
BRDA:131,24,0,0
BRDA:131,24,1,0
BRDA:137,25,0,0
BRDA:146,26,0,0
BRDA:147,27,0,0
BRDA:150,28,0,0
BRDA:150,28,1,0
BRDA:160,29,0,0
BRDA:160,29,1,0
BRDA:161,30,0,0
BRDA:161,31,0,0
BRDA:161,31,1,0
BRDA:165,32,0,0
BRDA:165,32,1,0
BRDA:177,33,0,0
BRDA:177,33,1,0
BRDA:178,34,0,0
BRDA:178,35,0,0
BRDA:178,35,1,0
BRDA:191,36,0,0
BRDA:201,37,0,0
BRDA:201,37,1,0
BRDA:201,38,0,0
BRDA:201,38,1,0
BRDA:206,39,0,0
BRDA:220,40,0,0
BRDA:224,41,0,0
BRDA:228,42,0,0
BRDA:228,43,0,0
BRDA:228,43,1,0
BRDA:229,44,0,0
BRDA:231,45,0,0
BRDA:240,46,0,0
BRDA:240,46,1,0
BRDA:243,47,0,0
BRDA:243,47,1,0
BRDA:243,47,2,0
BRDA:253,48,0,0
BRDA:260,49,0,0
BRDA:260,49,1,0
BRDA:262,50,0,0
BRDA:271,51,0,0
BRDA:284,52,0,0
BRDA:284,52,1,0
BRDA:287,53,0,0
BRDA:291,54,0,0
BRDA:291,55,0,0
BRDA:291,55,1,0
BRDA:291,56,0,0
BRDA:291,56,1,0
BRDA:293,57,0,0
BRDA:293,57,1,0
BRDA:296,58,0,0
BRDA:299,59,0,0
BRDA:299,60,0,0
BRDA:299,60,1,0
BRDA:299,61,0,0
BRDA:299,61,1,0
BRDA:306,62,0,0
BRDA:306,62,1,0
BRDA:307,63,0,0
BRDA:307,63,1,0
BRDA:312,64,0,0
BRDA:312,64,1,0
BRDA:314,65,0,0
BRDA:314,65,1,0
BRDA:316,66,0,0
BRDA:318,67,0,0
BRDA:318,67,1,0
BRDA:320,68,0,0
BRDA:320,68,1,0
BRDA:321,69,0,0
BRDA:321,70,0,0
BRDA:321,70,1,0
BRF:116
BRH:0
end_of_record
TN:
SF:services\walletSelector.ts
FN:21,init
FN:21,_init
FN:21,(anonymous_11)
FN:45,signIn
FN:45,_signIn
FN:45,(anonymous_14)
FN:58,signOut
FN:58,_signOut
FN:58,(anonymous_17)
FN:65,signMessage
FN:65,_signMessage
FN:65,(anonymous_20)
FN:75,useAccount
FN:77,(anonymous_22)
FN:79,(anonymous_23)
FN:81,update
FN:87,(anonymous_25)
FN:94,getAccountId
FN:98,getPublicKey
FN:102,getSelector
FNF:20
FNH:0
FNDA:0,init
FNDA:0,_init
FNDA:0,(anonymous_11)
FNDA:0,signIn
FNDA:0,_signIn
FNDA:0,(anonymous_14)
FNDA:0,signOut
FNDA:0,_signOut
FNDA:0,(anonymous_17)
FNDA:0,signMessage
FNDA:0,_signMessage
FNDA:0,(anonymous_20)
FNDA:0,useAccount
FNDA:0,(anonymous_22)
FNDA:0,(anonymous_23)
FNDA:0,update
FNDA:0,(anonymous_25)
FNDA:0,getAccountId
FNDA:0,getPublicKey
FNDA:0,getSelector
DA:2,1
DA:3,1
DA:4,1
DA:5,1
DA:6,1
DA:7,1
DA:8,1
DA:11,1
DA:12,1
DA:13,0
DA:18,1
DA:19,1
DA:21,0
DA:22,0
DA:23,0
DA:25,0
DA:26,0
DA:27,0
DA:28,0
DA:30,0
DA:40,0
DA:42,0
DA:43,0
DA:45,0
DA:46,0
DA:47,0
DA:48,0
DA:49,0
DA:50,0
DA:51,0
DA:56,0
DA:58,0
DA:59,0
DA:60,0
DA:61,0
DA:62,0
DA:63,0
DA:65,0
DA:66,0
DA:67,0
DA:68,0
DA:69,0
DA:72,0
DA:73,0
DA:76,0
DA:77,0
DA:79,0
DA:80,0
DA:81,0
DA:82,0
DA:84,0
DA:85,0
DA:87,0
DA:89,0
DA:92,1
DA:95,0
DA:99,0
DA:103,0
DA:107,1
DA:108,1
DA:109,1
DA:110,1
DA:111,1
DA:112,1
DA:113,1
DA:114,1
DA:115,1
DA:118,1
LF:68
LH:22
BRDA:12,0,0,0
BRDA:12,1,0,1
BRDA:12,1,1,1
BRDA:14,2,0,0
BRDA:14,2,1,0
BRDA:14,3,0,0
BRDA:14,3,1,0
BRDA:22,4,0,0
BRDA:22,5,0,0
BRDA:22,5,1,0
BRDA:23,6,0,0
BRDA:23,6,1,0
BRDA:27,7,0,0
BRDA:27,8,0,0
BRDA:27,8,1,0
BRDA:40,9,0,0
BRDA:40,9,1,0
BRDA:42,10,0,0
BRDA:42,10,1,0
BRDA:47,11,0,0
BRDA:47,12,0,0
BRDA:47,12,1,0
BRDA:50,13,0,0
BRDA:54,14,0,0
BRDA:54,14,1,0
BRDA:60,15,0,0
BRDA:60,16,0,0
BRDA:60,16,1,0
BRDA:67,17,0,0
BRDA:67,18,0,0
BRDA:67,18,1,0
BRDA:70,19,0,0
BRDA:70,19,1,0
BRDA:80,20,0,0
BRDA:82,21,0,0
BRDA:82,21,1,0
BRDA:82,22,0,0
BRDA:82,22,1,0
BRDA:87,23,0,0
BRDA:87,23,1,0
BRDA:95,24,0,0
BRDA:95,24,1,0
BRDA:95,25,0,0
BRDA:95,25,1,0
BRDA:95,26,0,0
BRDA:95,26,1,0
BRDA:99,27,0,0
BRDA:99,27,1,0
BRDA:99,28,0,0
BRDA:99,28,1,0
BRDA:99,29,0,0
BRDA:99,29,1,0
BRF:52
BRH:2
end_of_record
TN:
SF:services\cache\index.ts
FN:10,filePath
FN:14,ensureDir
FN:14,_ensureDir
FN:14,(anonymous_3)
FN:18,saveSnapshot
FN:28,_saveSnapshot
FN:18,(anonymous_6)
FN:30,loadSnapshot
FN:45,_loadSnapshot
FN:30,(anonymous_9)
FN:47,getValidatedSnapshot
FN:53,_getValidatedSnapshot
FN:47,(anonymous_12)
FNF:13
FNH:0
FNDA:0,filePath
FNDA:0,ensureDir
FNDA:0,_ensureDir
FNDA:0,(anonymous_3)
FNDA:0,saveSnapshot
FNDA:0,_saveSnapshot
FNDA:0,(anonymous_6)
FNDA:0,loadSnapshot
FNDA:0,_loadSnapshot
FNDA:0,(anonymous_9)
FNDA:0,getValidatedSnapshot
FNDA:0,_getValidatedSnapshot
FNDA:0,(anonymous_12)
DA:6,0
DA:7,0
DA:8,0
DA:11,0
DA:14,0
DA:15,0
DA:16,0
DA:18,0
DA:19,0
DA:20,0
DA:21,0
DA:22,0
DA:23,0
DA:24,0
DA:25,0
DA:26,0
DA:27,0
DA:28,0
DA:30,0
DA:31,0
DA:32,0
DA:33,0
DA:34,0
DA:35,0
DA:36,0
DA:37,0
DA:38,0
DA:39,0
DA:40,0
DA:41,0
DA:43,0
DA:45,0
DA:47,0
DA:51,0
DA:52,0
DA:53,0
LF:36
LH:0
BRDA:6,0,0,0
BRDA:6,0,1,0
BRDA:7,1,0,0
BRDA:7,1,1,0
BRDA:40,2,0,0
BRF:5
BRH:0
end_of_record
TN:
SF:services\storage\index.ts
FN:15,ensureS3
FN:15,_ensureS
FN:15,(anonymous_2)
FN:39,encrypt
FN:47,decrypt
FN:57,streamToBuffer
FN:57,_streamToBuffer
FN:57,(anonymous_7)
FN:67,setItem
FN:77,_setItem
FN:67,(anonymous_10)
FN:79,getItem
FN:97,_getItem
FN:79,(anonymous_13)
FN:99,removeItem
FN:107,_removeItem
FN:99,(anonymous_16)
FN:102,(anonymous_17)
FN:106,(anonymous_18)
FNF:19
FNH:0
FNDA:0,ensureS3
FNDA:0,_ensureS
FNDA:0,(anonymous_2)
FNDA:0,encrypt
FNDA:0,decrypt
FNDA:0,streamToBuffer
FNDA:0,_streamToBuffer
FNDA:0,(anonymous_7)
FNDA:0,setItem
FNDA:0,_setItem
FNDA:0,(anonymous_10)
FNDA:0,getItem
FNDA:0,_getItem
FNDA:0,(anonymous_13)
FNDA:0,removeItem
FNDA:0,_removeItem
FNDA:0,(anonymous_16)
FNDA:0,(anonymous_17)
FNDA:0,(anonymous_18)
DA:6,0
DA:7,0
DA:8,0
DA:9,0
DA:10,0
DA:11,0
DA:13,0
DA:15,0
DA:16,0
DA:17,0
DA:18,0
DA:19,0
DA:20,0
DA:21,0
DA:22,0
DA:23,0
DA:25,0
DA:26,0
DA:28,0
DA:29,0
DA:30,0
DA:32,0
DA:33,0
DA:34,0
DA:36,0
DA:37,0
DA:40,0
DA:41,0
DA:42,0
DA:43,0
DA:44,0
DA:48,0
DA:49,0
DA:50,0
DA:51,0
DA:52,0
DA:53,0
DA:54,0
DA:57,0
DA:58,0
DA:59,0
DA:60,0
DA:61,0
DA:62,0
DA:63,0
DA:64,0
DA:65,0
DA:67,0
DA:68,0
DA:69,0
DA:70,0
DA:71,0
DA:72,0
DA:74,0
DA:75,0
DA:76,0
DA:77,0
DA:79,0
DA:80,0
DA:81,0
DA:82,0
DA:83,0
DA:84,0
DA:85,0
DA:87,0
DA:90,0
DA:91,0
DA:92,0
DA:93,0
DA:95,0
DA:97,0
DA:99,0
DA:100,0
DA:101,0
DA:102,0
DA:103,0
DA:105,0
DA:106,0
DA:107,0
LF:79
LH:0
BRDA:9,0,0,0
BRDA:9,0,1,0
BRDA:10,1,0,0
BRDA:10,1,1,0
BRDA:11,2,0,0
BRDA:11,2,1,0
BRDA:16,3,0,0
BRDA:16,4,0,0
BRDA:16,4,1,0
BRDA:19,5,0,0
BRDA:19,5,1,0
BRDA:22,6,0,0
BRDA:28,7,0,0
BRDA:28,8,0,0
BRDA:28,8,1,0
BRDA:32,9,0,0
BRDA:58,10,0,0
BRDA:59,11,0,0
BRDA:63,12,0,0
BRDA:63,13,0,0
BRDA:63,13,1,0
BRDA:70,14,0,0
BRDA:70,15,0,0
BRDA:70,15,1,0
BRDA:81,16,0,0
BRDA:81,17,0,0
BRDA:81,17,1,0
BRDA:101,18,0,0
BRDA:101,19,0,0
BRDA:101,19,1,0
BRF:30
BRH:0
end_of_record
TN:
SF:services\wallet\index.ts
FN:1,get
FN:2,get
FN:3,get
FNF:3
FNH:1
FNDA:0,get
FNDA:0,get
FNDA:2,get
DA:1,1
DA:2,1
DA:3,3
LF:3
LH:3
BRF:0
BRH:0
end_of_record
TN:
SF:services\wallet\keyRecovery.ts
FN:13,recoverKey
FN:13,_recoverKey
FN:13,(anonymous_2)
FNF:3
FNH:3
FNDA:2,recoverKey
FNDA:1,_recoverKey
FNDA:2,(anonymous_2)
DA:1,1
DA:13,2
DA:14,2
DA:15,1
DA:17,1
DA:18,1
DA:19,1
DA:21,0
DA:22,1
DA:24,1
LF:10
LH:9
BRDA:14,0,0,1
BRDA:17,1,0,1
BRF:2
BRH:2
end_of_record
TN:
SF:services\wallet\keyRotation.ts
FN:8,rotateKey
FN:8,_rotateKey
FN:8,(anonymous_2)
FNF:3
FNH:0
FNDA:0,rotateKey
FNDA:0,_rotateKey
FNDA:0,(anonymous_2)
DA:1,1
DA:2,1
DA:8,1
DA:12,0
DA:14,0
DA:17,0
DA:18,0
DA:23,0
DA:24,0
DA:25,0
DA:26,0
DA:27,0
DA:28,0
DA:33,0
DA:34,0
DA:35,0
DA:37,1
LF:17
LH:4
BRDA:12,0,0,0
BRDA:12,0,1,0
BRDA:14,1,0,0
BRDA:14,1,1,0
BRDA:26,2,0,0
BRF:5
BRH:0
end_of_record
TN:
SF:services\wallet\mfa.ts
FN:6,withAdminMFA
FN:6,_withAdminMFA
FN:6,(anonymous_2)
FNF:3
FNH:0
FNDA:0,withAdminMFA
FNDA:0,_withAdminMFA
FNDA:0,(anonymous_2)
DA:6,1
DA:10,0
DA:11,0
DA:12,0
DA:13,0
DA:16,0
DA:17,0
DA:19,1
LF:8
LH:2
BRDA:10,0,0,0
BRDA:12,1,0,0
BRF:2
BRH:0
end_of_record
TN:
SF:src\ui\ThemeProvider.tsx
FN:39,(anonymous_0)
FN:39,(anonymous_1)
FN:39,setTheme
FN:40,(anonymous_3)
FN:40,(anonymous_4)
FN:40,toggleTheme
FN:43,useTheme
FN:47,(anonymous_7)
FN:48,(anonymous_8)
FN:53,(anonymous_9)
FN:56,(anonymous_10)
FN:65,ThemeProvider
FN:70,(anonymous_12)
FN:74,(anonymous_13)
FN:78,(anonymous_14)
FN:78,(anonymous_15)
FN:78,loadStoredTheme
FN:89,applyTheme
FN:91,(anonymous_18)
FN:121,(anonymous_19)
FN:122,(anonymous_20)
FN:130,(anonymous_21)
FN:134,(anonymous_22)
FN:140,(anonymous_23)
FN:168,(anonymous_24)
FN:168,(anonymous_25)
FN:168,setLanguage
FN:173,useLanguage
FN:181,LanguageProvider
FN:186,(anonymous_29)
FN:190,(anonymous_30)
FN:194,(anonymous_31)
FN:194,(anonymous_32)
FN:194,loadStoredLanguage
FN:206,(anonymous_34)
FN:206,(anonymous_35)
FN:206,setLanguage
FN:235,getValue
FN:247,translate
FN:268,(anonymous_39)
FNF:40
FNH:0
FNDA:0,(anonymous_0)
FNDA:0,(anonymous_1)
FNDA:0,setTheme
FNDA:0,(anonymous_3)
FNDA:0,(anonymous_4)
FNDA:0,toggleTheme
FNDA:0,useTheme
FNDA:0,(anonymous_7)
FNDA:0,(anonymous_8)
FNDA:0,(anonymous_9)
FNDA:0,(anonymous_10)
FNDA:0,ThemeProvider
FNDA:0,(anonymous_12)
FNDA:0,(anonymous_13)
FNDA:0,(anonymous_14)
FNDA:0,(anonymous_15)
FNDA:0,loadStoredTheme
FNDA:0,applyTheme
FNDA:0,(anonymous_18)
FNDA:0,(anonymous_19)
FNDA:0,(anonymous_20)
FNDA:0,(anonymous_21)
FNDA:0,(anonymous_22)
FNDA:0,(anonymous_23)
FNDA:0,(anonymous_24)
FNDA:0,(anonymous_25)
FNDA:0,setLanguage
FNDA:0,useLanguage
FNDA:0,LanguageProvider
FNDA:0,(anonymous_29)
FNDA:0,(anonymous_30)
FNDA:0,(anonymous_31)
FNDA:0,(anonymous_32)
FNDA:0,loadStoredLanguage
FNDA:0,(anonymous_34)
FNDA:0,(anonymous_35)
FNDA:0,setLanguage
FNDA:0,getValue
FNDA:0,translate
FNDA:0,(anonymous_39)
DA:23,0
DA:35,0
DA:39,0
DA:40,0
DA:43,0
DA:44,0
DA:46,0
DA:48,0
DA:53,0
DA:55,0
DA:56,0
DA:65,0
DA:66,0
DA:67,0
DA:68,0
DA:70,0
DA:71,0
DA:74,0
DA:75,0
DA:78,0
DA:79,0
DA:80,0
DA:81,0
DA:82,0
DA:85,0
DA:87,0
DA:89,0
DA:90,0
DA:91,0
DA:92,0
DA:110,0
DA:111,0
DA:117,0
DA:121,0
DA:123,0
DA:124,0
DA:125,0
DA:126,0
DA:128,0
DA:130,0
DA:134,0
DA:135,0
DA:136,0
DA:139,0
DA:140,0
DA:150,0
DA:166,0
DA:168,0
DA:173,0
DA:179,0
DA:181,0
DA:182,0
DA:183,0
DA:184,0
DA:186,0
DA:187,0
DA:190,0
DA:191,0
DA:194,0
DA:195,0
DA:196,0
DA:197,0
DA:198,0
DA:201,0
DA:202,0
DA:204,0
DA:206,0
DA:207,0
DA:208,0
DA:212,0
DA:213,0
DA:215,0
DA:216,0
DA:217,0
DA:218,0
DA:219,0
DA:220,0
DA:224,0
DA:225,0
DA:226,0
DA:227,0
DA:228,0
DA:229,0
DA:230,0
DA:231,0
DA:233,0
DA:235,0
DA:236,0
DA:237,0
DA:238,0
DA:239,0
DA:241,0
DA:244,0
DA:247,0
DA:251,0
DA:255,0
DA:256,0
DA:257,0
DA:258,0
DA:261,0
DA:262,0
DA:263,0
DA:266,0
DA:267,0
DA:268,0
DA:270,0
DA:273,0
DA:274,0
DA:277,0
DA:279,0
LF:110
LH:0
BRDA:48,0,0,0
BRDA:48,0,1,0
BRDA:81,1,0,0
BRDA:81,2,0,0
BRDA:81,2,1,0
BRDA:81,2,2,0
BRDA:90,3,0,0
BRDA:90,3,1,0
BRDA:110,4,0,0
BRDA:135,5,0,0
BRDA:135,5,1,0
BRDA:197,6,0,0
BRDA:197,7,0,0
BRDA:197,7,1,0
BRDA:197,7,2,0
BRDA:212,8,0,0
BRDA:212,8,1,0
BRDA:238,9,0,0
BRDA:238,9,1,0
BRDA:238,10,0,0
BRDA:238,10,1,0
BRDA:238,10,2,0
BRDA:255,11,0,0
BRDA:255,11,1,0
BRDA:257,12,0,0
BRDA:262,13,0,0
BRDA:266,14,0,0
BRDA:267,15,0,0
BRDA:268,16,0,0
BRDA:268,16,1,0
BRDA:268,17,0,0
BRDA:268,17,1,0
BRDA:274,18,0,0
BRDA:274,18,1,0
BRF:34
BRH:0
end_of_record
TN:
SF:src\ui\form\Field.tsx
FN:10,Field
FNF:1
FNH:0
FNDA:0,Field
DA:10,0
DA:11,0
LF:2
LH:0
BRF:0
BRH:0
end_of_record
TN:
SF:src\ui\form\Form.tsx
FN:9,Form
FNF:1
FNH:0
FNDA:0,Form
DA:9,0
DA:10,0
LF:2
LH:0
BRF:0
BRH:0
end_of_record
TN:
SF:src\ui\form\HelperText.tsx
FN:12,HelperText
FNF:1
FNH:0
FNDA:0,HelperText
DA:12,0
DA:13,0
DA:14,0
LF:3
LH:0
BRDA:17,0,0,0
BRDA:17,0,1,0
BRF:2
BRH:0
end_of_record
TN:
SF:src\ui\form\Label.tsx
FN:11,Label
FNF:1
FNH:0
FNDA:0,Label
DA:11,0
DA:12,0
DA:13,0
LF:3
LH:0
BRF:0
BRH:0
end_of_record
TN:
SF:src\ui\layout\Container.tsx
FN:10,Container
FNF:1
FNH:0
FNDA:0,Container
DA:11,0
DA:12,0
DA:13,0
DA:14,0
DA:15,0
DA:17,0
DA:19,0
DA:21,0
LF:8
LH:0
BRDA:19,0,0,0
BRDA:19,0,1,0
BRDA:31,1,0,0
BRDA:31,1,1,0
BRDA:32,2,0,0
BRDA:32,2,1,0
BRF:6
BRH:0
end_of_record
TN:
SF:src\ui\layout\Grid.tsx
FN:9,Grid
FNF:1
FNH:0
FNDA:0,Grid
DA:9,0
DA:10,0
LF:2
LH:0
BRDA:13,0,0,0
BRDA:13,0,1,0
BRF:2
BRH:0
end_of_record
TN:
SF:src\ui\layout\Screen.tsx
FN:5,Screen
FNF:1
FNH:0
FNDA:0,Screen
DA:5,0
DA:6,0
DA:7,0
LF:3
LH:0
BRF:0
BRH:0
end_of_record
TN:
SF:src\ui\layout\ScrollArea.tsx
FN:10,ScrollArea
FNF:1
FNH:0
FNDA:0,ScrollArea
DA:11,0
DA:12,0
DA:13,0
DA:14,0
DA:15,0
DA:16,0
DA:18,0
LF:7
LH:0
BRDA:20,0,0,0
BRDA:20,0,1,0
BRDA:23,1,0,0
BRDA:23,1,1,0
BRF:4
BRH:0
end_of_record
TN:
SF:src\ui\layout\Spacer.tsx
FN:10,Spacer
FNF:1
FNH:0
FNDA:0,Spacer
DA:10,0
DA:11,0
DA:12,0
LF:3
LH:0
BRDA:10,0,0,0
BRDA:10,0,1,0
BRDA:12,1,0,0
BRDA:12,1,1,0
BRF:4
BRH:0
end_of_record
TN:
SF:src\ui\layout\Stack.tsx
FN:14,Stack
FNF:1
FNH:0
FNDA:0,Stack
DA:15,0
DA:16,0
DA:17,0
DA:18,0
DA:19,0
DA:20,0
DA:21,0
DA:22,0
LF:8
LH:0
BRDA:15,0,0,0
BRDA:15,0,1,0
BRDA:26,1,0,0
BRDA:26,1,1,0
BRDA:27,2,0,0
BRDA:27,2,1,0
BRF:6
BRH:0
end_of_record
TN:
SF:src\ui\primitives\Avatar.tsx
FN:21,Avatar
FNF:1
FNH:0
FNDA:0,Avatar
DA:22,0
DA:23,0
DA:24,0
DA:25,0
DA:26,0
DA:27,0
DA:29,0
DA:31,0
LF:8
LH:0
BRDA:24,0,0,0
BRDA:24,0,1,0
BRDA:29,1,0,0
BRDA:29,1,1,0
BRDA:47,2,0,0
BRDA:47,2,1,0
BRDA:49,3,0,0
BRDA:49,3,1,0
BRF:8
BRH:0
end_of_record
TN:
SF:src\ui\primitives\Badge.tsx
FN:12,Badge
FNF:1
FNH:0
FNDA:0,Badge
DA:12,0
DA:13,0
DA:14,0
LF:3
LH:0
BRF:0
BRH:0
end_of_record
TN:
SF:src\ui\primitives\Button.tsx
FN:28,(anonymous_0)
FN:45,handlePressIn
FN:53,handlePressOut
FN:62,combinedStyle
FN:113,button
FN:122,label
FN:128,focused
FNF:7
FNH:0
FNDA:0,(anonymous_0)
FNDA:0,handlePressIn
FNDA:0,handlePressOut
FNDA:0,combinedStyle
FNDA:0,button
FNDA:0,label
FNDA:0,focused
DA:27,0
DA:30,0
DA:31,0
DA:32,0
DA:33,0
DA:34,0
DA:35,0
DA:36,0
DA:37,0
DA:41,0
DA:42,0
DA:43,0
DA:45,0
DA:46,0
DA:47,0
DA:53,0
DA:54,0
DA:55,0
DA:61,0
DA:62,0
DA:63,0
DA:69,0
DA:70,0
DA:71,0
DA:72,0
DA:74,0
DA:77,0
DA:78,0
DA:79,0
DA:80,0
DA:81,0
DA:82,0
DA:84,0
DA:87,0
DA:90,0
DA:108,0
DA:112,0
DA:113,0
DA:122,0
DA:128,0
LF:40
LH:0
BRDA:34,0,0,0
BRDA:34,0,1,0
BRDA:46,1,0,0
BRDA:54,2,0,0
BRDA:61,3,0,0
BRDA:61,3,1,0
BRDA:65,4,0,0
BRDA:65,4,1,0
BRDA:66,5,0,0
BRDA:66,5,1,0
BRDA:67,6,0,0
BRDA:67,6,1,0
BRDA:69,7,0,0
BRDA:69,7,1,0
BRDA:71,8,0,0
BRDA:78,9,0,0
BRDA:78,9,1,0
BRDA:80,10,0,0
BRDA:80,10,1,0
BRDA:80,11,0,0
BRDA:80,11,1,0
BRDA:81,12,0,0
BRDA:81,12,1,0
BRDA:81,13,0,0
BRDA:81,13,1,0
BRDA:98,14,0,0
BRDA:98,14,1,0
BRDA:98,15,0,0
BRDA:98,15,1,0
BRF:29
BRH:0
end_of_record
TN:
SF:src\ui\primitives\Card.tsx
FN:11,Card
FNF:1
FNH:0
FNDA:0,Card
DA:11,0
DA:12,0
DA:13,0
LF:3
LH:0
BRF:0
BRH:0
end_of_record
TN:
SF:src\ui\primitives\Chip.tsx
FN:14,Chip
FN:23,onFocus
FN:24,onBlur
FNF:3
FNH:0
FNDA:0,Chip
FNDA:0,onFocus
FNDA:0,onBlur
DA:14,0
DA:15,0
DA:16,0
DA:17,0
DA:23,0
DA:24,0
LF:6
LH:0
BRDA:37,0,0,0
BRDA:37,0,1,0
BRF:2
BRH:0
end_of_record
TN:
SF:src\ui\primitives\Divider.tsx
FN:10,Divider
FNF:1
FNH:0
FNDA:0,Divider
DA:10,0
DA:11,0
DA:12,0
LF:3
LH:0
BRF:0
BRH:0
end_of_record
TN:
SF:src\ui\primitives\Heading.tsx
FN:13,Heading
FNF:1
FNH:0
FNDA:0,Heading
DA:14,0
DA:15,0
DA:16,0
DA:17,0
DA:18,0
LF:5
LH:0
BRDA:14,0,0,0
BRDA:14,0,1,0
BRDA:15,1,0,0
BRDA:15,1,1,0
BRF:4
BRH:0
end_of_record
TN:
SF:src\ui\primitives\Menu.tsx
FN:22,Menu
FN:28,(anonymous_1)
FN:31,handleKeyDown
FN:35,handleFocus
FN:45,(anonymous_4)
FN:63,onPress
FN:79,(anonymous_6)
FN:85,onFocus
FN:86,onBlur
FN:95,onPress
FNF:10
FNH:0
FNDA:0,Menu
FNDA:0,(anonymous_1)
FNDA:0,handleKeyDown
FNDA:0,handleFocus
FNDA:0,(anonymous_4)
FNDA:0,onPress
FNDA:0,(anonymous_6)
FNDA:0,onFocus
FNDA:0,onBlur
FNDA:0,onPress
DA:22,0
DA:23,0
DA:24,0
DA:25,0
DA:26,0
DA:28,0
DA:29,0
DA:31,0
DA:32,0
DA:35,0
DA:36,0
DA:37,0
DA:38,0
DA:42,0
DA:43,0
DA:45,0
DA:46,0
DA:47,0
DA:51,0
DA:63,0
DA:79,0
DA:85,0
DA:86,0
DA:96,0
DA:97,0
DA:124,0
LF:26
LH:0
BRDA:29,0,0,0
BRDA:29,1,0,0
BRDA:29,1,1,0
BRDA:32,2,0,0
BRDA:37,3,0,0
BRDA:37,4,0,0
BRDA:37,4,1,0
BRDA:54,5,0,0
BRDA:54,5,1,0
BRDA:59,6,0,0
BRDA:59,6,1,0
BRDA:76,7,0,0
BRDA:76,7,1,0
BRDA:89,8,0,0
BRDA:89,8,1,0
BRDA:90,9,0,0
BRDA:90,9,1,0
BRDA:105,10,0,0
BRDA:105,10,1,0
BRDA:109,11,0,0
BRDA:109,11,1,0
BRF:21
BRH:0
end_of_record
TN:
SF:src\ui\primitives\Overlay.tsx
FN:8,Overlay
FNF:1
FNH:0
FNDA:0,Overlay
DA:8,0
DA:9,0
LF:2
LH:0
BRF:0
BRH:0
end_of_record
TN:
SF:src\ui\primitives\Portal.tsx
FN:9,Portal
FNF:1
FNH:0
FNDA:0,Portal
DA:9,0
DA:10,0
DA:15,0
DA:23,0
LF:4
LH:0
BRDA:10,0,0,0
BRF:1
BRH:0
end_of_record
TN:
SF:src\ui\primitives\Skeleton.tsx
FN:15,Skeleton
FN:25,(anonymous_1)
FN:35,(anonymous_2)
FNF:3
FNH:0
FNDA:0,Skeleton
FNDA:0,(anonymous_1)
FNDA:0,(anonymous_2)
DA:16,0
DA:17,0
DA:18,0
DA:19,0
DA:20,0
DA:21,0
DA:22,0
DA:23,0
DA:25,0
DA:26,0
DA:27,0
DA:34,0
DA:35,0
DA:38,0
DA:45,0
LF:15
LH:0
BRDA:16,0,0,0
BRDA:16,0,1,0
BRDA:17,1,0,0
BRDA:17,1,1,0
BRDA:19,2,0,0
BRDA:19,2,1,0
BRDA:26,3,0,0
BRDA:38,4,0,0
BRDA:38,4,1,0
BRDA:58,5,0,0
BRDA:58,5,1,0
BRF:11
BRH:0
end_of_record
TN:
SF:src\ui\primitives\Spinner.tsx
FN:5,Spinner
FNF:1
FNH:0
FNDA:0,Spinner
DA:5,0
DA:6,0
DA:7,0
LF:3
LH:0
BRDA:7,0,0,0
BRDA:7,0,1,0
BRF:2
BRH:0
end_of_record
TN:
SF:src\ui\primitives\Text.tsx
FN:13,Text
FNF:1
FNH:0
FNDA:0,Text
DA:14,0
DA:15,0
DA:16,0
DA:17,0
DA:18,0
DA:19,0
DA:20,0
DA:22,0
DA:26,0
LF:9
LH:0
BRDA:14,0,0,0
BRDA:14,0,1,0
BRDA:15,1,0,0
BRDA:15,1,1,0
BRDA:22,2,0,0
BRDA:22,2,1,0
BRDA:22,3,0,0
BRDA:22,3,1,0
BRDA:24,4,0,0
BRDA:24,4,1,0
BRDA:24,5,0,0
BRDA:24,5,1,0
BRDA:24,5,2,0
BRF:13
BRH:0
end_of_record
TN:
SF:src\ui\primitives\TextField.tsx
FN:16,TextField
FNF:1
FNH:0
FNDA:0,TextField
DA:16,0
DA:17,0
DA:18,0
LF:3
LH:0
BRF:0
BRH:0
end_of_record
